[Fri Nov 11 22:59:40.986 2016] 399, 723, 1256, 2362
[Fri Nov 11 22:59:40.992 2016] 398, 722, 1253, 2359
[Fri Nov 11 22:59:40.992 2016] 399, 723, 1255, 2361
[Fri Nov 11 22:59:40.992 2016] 398, 722, 1255, 2360
[Fri Nov 11 22:59:40.992 2016] 398, 722, 1254, 2359
[Fri Nov 11 22:59:40.992 2016] 399, 723, 1256, 2362
[Fri Nov 11 22:59:40.992 2016] 398, 722, 1254, 2359
[Fri Nov 11 22:59:40.992 2016] 398, 722, 1255, 2360
[Fri Nov 11 22:59:40.992 2016] 398, 723, 1255, 2361
[Fri Nov 11 22:59:40.992 2016] 398, 722, 1253, 2358
[Fri Nov 11 22:59:40.992 2016] 399, 723, 1256, 2362
[Fri Nov 11 22:59:40.992 2016] 398, 722, 1254, 2359
[Fri Nov 11 22:59:40.992 2016] 398, 722, 1254, 2359
[Fri Nov 11 22:59:40.992 2016] 399, 723, 1256, 2362
[Fri Nov 11 22:59:40.992 2016] 398, 721, 1253, 2358
[Fri Nov 11 22:59:40.992 2016] 398, 723, 1255, 2361
[Fri Nov 11 22:59:40.992 2016] 398, 722, 1254, 2360
[Fri Nov 11 22:59:40.992 2016] 398, 722, 1253, 2358
[Fri Nov 11 22:59:40.992 2016] 399, 723, 1256, 2362
[Fri Nov 11 22:59:40.992 2016] 398, 722, 1253, 2359
[Fri Nov 11 22:59:40.992 2016] 398, 723, 1255, 2361
[Fri Nov 11 22:59:40.992 2016] 398, 722, 1255, 2360
[Fri Nov 11 22:59:40.992 2016] 398, 722, 1254, 2359
[Fri Nov 11 22:59:40.992 2016] 399, 723, 1256, 2362
[Fri Nov 11 22:59:40.992 2016] 398, 722, 1254, 2359
[Fri Nov 11 22:59:40.992 2016] 398, 722, 1255, 2360
[Fri Nov 11 22:59:40.992 2016] 399, 723, 1255, 2361
[Fri Nov 11 22:59:40.992 2016] 398, 722, 1254, 2359
[Fri Nov 11 22:59:40.992 2016] 399, 723, 1256, 2362
[Fri Nov 11 22:59:40.992 2016] 398, 722, 1254, 2360
[Fri Nov 11 22:59:40.992 2016] 398, 723, 1255, 2361
[Fri Nov 11 22:59:40.992 2016] 399, 723, 1255, 2361
[Fri Nov 11 22:59:40.992 2016] 398, 722, 1254, 2360
[Fri Nov 11 22:59:40.992 2016] 399, 723, 1255, 2361
[Fri Nov 11 22:59:40.992 2016] 398, 723, 1255, 2361
[Fri Nov 11 22:59:40.992 2016] 398, 723, 1255, 2361
[Fri Nov 11 22:59:40.992 2016] 399, 723, 1255, 2361
[Fri Nov 11 22:59:40.992 2016] 398, 723, 1255, 2361
[Fri Nov 11 22:59:40.992 2016] 398, 723, 1255, 2361
[Fri Nov 11 22:59:40.992 2016] 398, 723, 1255, 2360
[Fri Nov 11 22:59:40.992 2016] 399, 723, 1255, 2361
[Fri Nov 11 22:59:40.992 2016] 398, 722, 1255, 2360
[Fri Nov 11 22:59:40.992 2016] 399, 723, 1255, 2361
[Fri Nov 11 22:59:40.992 2016] 398, 723, 1255, 2361
[Fri Nov 11 22:59:40.992 2016] 398, 722, 1255, 2360
[Fri Nov 11 22:59:40.992 2016] 399, 723, 1256, 2362
[Fri Nov 11 22:59:40.992 2016] 399, 723, 1256, 2362
[Fri Nov 11 22:59:40.992 2016] 399, 723, 1256, 2363
[Fri Nov 11 22:59:40.992 2016] 399, 724, 1257, 2364
[Fri Nov 11 22:59:40.992 2016] 399, 723, 1256, 2363
[Fri Nov 11 22:59:40.998 2016] 399, 723, 1256, 2362
[Fri Nov 11 22:59:40.998 2016] 399, 723, 1256, 2363
[Fri Nov 11 22:59:40.998 2016] 399, 723, 1256, 2363
[Fri Nov 11 22:59:40.998 2016] 398, 722, 1255, 2361
[Fri Nov 11 22:59:40.998 2016] 399, 723, 1256, 2363
[Fri Nov 11 22:59:40.998 2016] 398, 723, 1255, 2361
[Fri Nov 11 22:59:40.998 2016] 398, 723, 1255, 2361
[Fri Nov 11 22:59:40.998 2016] 398, 723, 1255, 2361
[Fri Nov 11 22:59:40.998 2016] 398, 723, 1255, 2361
[Fri Nov 11 22:59:40.998 2016] 398, 723, 1255, 2361
[Fri Nov 11 22:59:40.998 2016] 398, 723, 1255, 2361
[Fri Nov 11 22:59:40.998 2016] 398, 723, 1255, 2361
[Fri Nov 11 22:59:40.998 2016] 399, 723, 1255, 2362
[Fri Nov 11 22:59:40.998 2016] 398, 722, 1254, 2360
[Fri Nov 11 22:59:40.998 2016] 398, 722, 1255, 2360
[Fri Nov 11 22:59:40.998 2016] 398, 722, 1254, 2359
[Fri Nov 11 22:59:40.998 2016] 397, 720, 1251, 2354
[Fri Nov 11 22:59:40.998 2016] 398, 722, 1254, 2358
[Fri Nov 11 22:59:40.998 2016] 396, 718, 1248, 2349
[Fri Nov 11 22:59:40.998 2016] 399, 723, 1255, 2360
[Fri Nov 11 22:59:40.998 2016] 397, 719, 1250, 2353
[Fri Nov 11 22:59:40.998 2016] 398, 723, 1255, 2360
[Fri Nov 11 22:59:40.998 2016] 398, 722, 1253, 2358
[Fri Nov 11 22:59:40.998 2016] 398, 722, 1254, 2358
[Fri Nov 11 22:59:40.998 2016] 399, 723, 1255, 2361
[Fri Nov 11 22:59:40.998 2016] 398, 722, 1253, 2358
[Fri Nov 11 22:59:40.998 2016] 398, 723, 1255, 2360
[Fri Nov 11 22:59:40.998 2016] 398, 722, 1254, 2360
[Fri Nov 11 22:59:40.998 2016] 398, 722, 1254, 2359
[Fri Nov 11 22:59:40.998 2016] 398, 723, 1255, 2361
[Fri Nov 11 22:59:40.998 2016] 398, 722, 1254, 2359
[Fri Nov 11 22:59:40.998 2016] 398, 723, 1255, 2360
[Fri Nov 11 22:59:40.998 2016] 398, 723, 1255, 2360
[Fri Nov 11 22:59:40.998 2016] 398, 723, 1255, 2361
[Fri Nov 11 22:59:40.998 2016] 398, 723, 1255, 2360
[Fri Nov 11 22:59:40.998 2016] 398, 723, 1255, 2360
[Fri Nov 11 22:59:40.998 2016] 398, 723, 1255, 2360
[Fri Nov 11 22:59:40.998 2016] 398, 723, 1255, 2360
[Fri Nov 11 22:59:40.998 2016] 398, 723, 1255, 2360
[Fri Nov 11 22:59:40.998 2016] 398, 723, 1255, 2360
[Fri Nov 11 22:59:40.998 2016] 398, 723, 1255, 2360
[Fri Nov 11 22:59:40.998 2016] 398, 723, 1255, 2361
[Fri Nov 11 22:59:40.998 2016] 398, 723, 1255, 2360
[Fri Nov 11 22:59:40.998 2016] 398, 723, 1255, 2361
[Fri Nov 11 22:59:40.998 2016] 398, 723, 1255, 2360
[Fri Nov 11 22:59:40.998 2016] 398, 723, 1255, 2360
[Fri Nov 11 22:59:40.998 2016] 398, 723, 1255, 2361
[Fri Nov 11 22:59:40.998 2016] 398, 723, 1255, 2360
[Fri Nov 11 22:59:40.999 2016] 398, 723, 1255, 2361
[Fri Nov 11 22:59:40.999 2016] 398, 723, 1255, 2360
[Fri Nov 11 22:59:40.999 2016] 398, 723, 1255, 2360
[Fri Nov 11 22:59:40.999 2016] 398, 723, 1255, 2360
[Fri Nov 11 22:59:40.999 2016] 398, 723, 1255, 2361
[Fri Nov 11 22:59:40.999 2016] 398, 723, 1255, 2361
[Fri Nov 11 22:59:40.999 2016] 398, 723, 1255, 2360
[Fri Nov 11 22:59:40.999 2016] 398, 723, 1255, 2360
[Fri Nov 11 22:59:40.999 2016] 398, 723, 1255, 2360
[Fri Nov 11 22:59:41.089 2016] 398, 723, 1255, 2360
[Fri Nov 11 22:59:41.192 2016] 398, 723, 1255, 2360
[Fri Nov 11 22:59:41.296 2016] 398, 723, 1255, 2360
[Fri Nov 11 22:59:41.401 2016] 398, 723, 1255, 2360
[Fri Nov 11 22:59:41.505 2016] 398, 723, 1255, 2360
[Fri Nov 11 22:59:41.608 2016] 398, 723, 1255, 2361
[Fri Nov 11 22:59:41.710 2016] 398, 722, 1255, 2360
[Fri Nov 11 22:59:41.815 2016] 398, 723, 1255, 2361
[Fri Nov 11 22:59:41.918 2016] 398, 723, 1255, 2361
[Fri Nov 11 22:59:42.021 2016] 398, 723, 1255, 2361
[Fri Nov 11 22:59:42.123 2016] 398, 723, 1255, 2361
[Fri Nov 11 22:59:42.228 2016] 399, 723, 1256, 2362
[Fri Nov 11 22:59:42.331 2016] 399, 723, 1256, 2362
[Fri Nov 11 22:59:42.435 2016] 398, 723, 1255, 2361
[Fri Nov 11 22:59:42.538 2016] 398, 723, 1256, 2362
[Fri Nov 11 22:59:42.643 2016] 398, 723, 1255, 2362
[Fri Nov 11 22:59:42.745 2016] 398, 723, 1255, 2361
[Fri Nov 11 22:59:42.845 2016] 398, 723, 1255, 2361
[Fri Nov 11 22:59:42.949 2016] 398, 723, 1255, 2361
[Fri Nov 11 22:59:43.054 2016] 399, 723, 1256, 2362
[Fri Nov 11 22:59:43.157 2016] 398, 723, 1255, 2361
[Fri Nov 11 22:59:43.261 2016] 398, 723, 1255, 2361
[Fri Nov 11 22:59:43.364 2016] 399, 723, 1256, 2362
[Fri Nov 11 22:59:43.467 2016] 398, 723, 1255, 2362
[Fri Nov 11 22:59:43.571 2016] 398, 723, 1255, 2362
[Fri Nov 11 22:59:43.674 2016] 399, 723, 1256, 2362
[Fri Nov 11 22:59:43.778 2016] 398, 723, 1255, 2361
[Fri Nov 11 22:59:43.880 2016] 398, 723, 1255, 2361
[Fri Nov 11 22:59:43.985 2016] 399, 723, 1256, 2361
[Fri Nov 11 22:59:44.086 2016] 399, 723, 1256, 2362
[Fri Nov 11 22:59:44.188 2016] 398, 723, 1255, 2361
[Fri Nov 11 22:59:44.292 2016] 398, 723, 1255, 2361
[Fri Nov 11 22:59:44.395 2016] 399, 723, 1256, 2362
[Fri Nov 11 22:59:44.501 2016] 399, 723, 1256, 2362
[Fri Nov 11 22:59:44.606 2016] 398, 723, 1255, 2361
[Fri Nov 11 22:59:44.706 2016] 399, 723, 1256, 2362
[Fri Nov 11 22:59:44.810 2016] 399, 723, 1256, 2362
[Fri Nov 11 22:59:44.916 2016] 399, 723, 1256, 2362
[Fri Nov 11 22:59:45.016 2016] 399, 723, 1256, 2362
[Fri Nov 11 22:59:45.121 2016] 399, 723, 1256, 2362
[Fri Nov 11 22:59:45.224 2016] 399, 723, 1256, 2362
[Fri Nov 11 22:59:45.328 2016] 399, 723, 1256, 2362
[Fri Nov 11 22:59:45.433 2016] 399, 723, 1256, 2362
[Fri Nov 11 22:59:45.534 2016] 399, 723, 1256, 2362
[Fri Nov 11 22:59:45.638 2016] 399, 723, 1256, 2362
[Fri Nov 11 22:59:45.739 2016] 399, 723, 1256, 2362
[Fri Nov 11 22:59:45.843 2016] 399, 723, 1256, 2362
[Fri Nov 11 22:59:45.946 2016] 399, 723, 1256, 2362
[Fri Nov 11 22:59:46.052 2016] 399, 723, 1256, 2362
[Fri Nov 11 22:59:46.154 2016] 399, 723, 1256, 2362
[Fri Nov 11 22:59:46.259 2016] 399, 723, 1256, 2362
[Fri Nov 11 22:59:46.362 2016] 399, 723, 1256, 2362
[Fri Nov 11 22:59:46.465 2016] 399, 723, 1256, 2362
[Fri Nov 11 22:59:46.568 2016] 399, 723, 1256, 2362
[Fri Nov 11 22:59:46.672 2016] 399, 723, 1256, 2362
[Fri Nov 11 22:59:46.775 2016] 399, 723, 1256, 2362
[Fri Nov 11 22:59:46.878 2016] 399, 723, 1256, 2362
[Fri Nov 11 22:59:46.981 2016] 399, 723, 1256, 2362
[Fri Nov 11 22:59:47.083 2016] 399, 724, 1256, 2363
[Fri Nov 11 22:59:47.186 2016] 399, 723, 1256, 2363
[Fri Nov 11 22:59:47.290 2016] 399, 724, 1257, 2364
[Fri Nov 11 22:59:47.393 2016] 398, 723, 1255, 2362
[Fri Nov 11 22:59:47.498 2016] 399, 723, 1256, 2363
[Fri Nov 11 22:59:47.602 2016] 399, 723, 1256, 2362
[Fri Nov 11 22:59:47.706 2016] 398, 722, 1254, 2360
[Fri Nov 11 22:59:47.809 2016] 399, 724, 1256, 2363
[Fri Nov 11 22:59:47.913 2016] 398, 723, 1255, 2362
[Fri Nov 11 22:59:48.018 2016] 398, 723, 1256, 2362
[Fri Nov 11 22:59:48.117 2016] 399, 724, 1257, 2364
[Fri Nov 11 22:59:48.221 2016] 398, 723, 1256, 2362
[Fri Nov 11 22:59:48.325 2016] 399, 723, 1256, 2363
[Fri Nov 11 22:59:48.428 2016] 399, 723, 1256, 2363
[Fri Nov 11 22:59:48.531 2016] 399, 723, 1256, 2363
[Fri Nov 11 22:59:48.635 2016] 399, 723, 1256, 2363
[Fri Nov 11 22:59:48.738 2016] 399, 724, 1256, 2363
[Fri Nov 11 22:59:48.839 2016] 399, 723, 1256, 2362
[Fri Nov 11 22:59:48.943 2016] 399, 723, 1256, 2363
[Fri Nov 11 22:59:49.048 2016] 399, 724, 1256, 2363
[Fri Nov 11 22:59:49.152 2016] 399, 724, 1256, 2363
[Fri Nov 11 22:59:49.255 2016] 398, 723, 1256, 2362
[Fri Nov 11 22:59:49.358 2016] 399, 723, 1256, 2363
[Fri Nov 11 22:59:49.462 2016] 399, 723, 1256, 2363
[Fri Nov 11 22:59:49.565 2016] 399, 723, 1256, 2362
[Fri Nov 11 22:59:49.668 2016] 399, 723, 1256, 2363
[Fri Nov 11 22:59:49.770 2016] 399, 724, 1256, 2363
[Fri Nov 11 22:59:49.877 2016] 399, 723, 1256, 2362
[Fri Nov 11 22:59:49.978 2016] 399, 723, 1256, 2363
[Fri Nov 11 22:59:50.081 2016] 399, 723, 1256, 2362
[Fri Nov 11 22:59:50.183 2016] 399, 723, 1256, 2362
[Fri Nov 11 22:59:50.286 2016] 399, 723, 1256, 2362
[Fri Nov 11 22:59:50.390 2016] 399, 723, 1256, 2362
[Fri Nov 11 22:59:50.496 2016] 399, 723, 1256, 2363
[Fri Nov 11 22:59:50.599 2016] 399, 723, 1256, 2362
[Fri Nov 11 22:59:50.701 2016] 399, 723, 1256, 2362
[Fri Nov 11 22:59:50.804 2016] 399, 724, 1257, 2364
[Fri Nov 11 22:59:50.908 2016] 399, 723, 1256, 2362
[Fri Nov 11 22:59:51.011 2016] 399, 723, 1256, 2362
[Fri Nov 11 22:59:51.113 2016] 399, 723, 1256, 2363
[Fri Nov 11 22:59:51.218 2016] 399, 723, 1256, 2362
[Fri Nov 11 22:59:51.322 2016] 399, 723, 1256, 2363
[Fri Nov 11 22:59:51.425 2016] 399, 723, 1256, 2362
[Fri Nov 11 22:59:51.529 2016] 399, 723, 1256, 2363
[Fri Nov 11 22:59:51.632 2016] 399, 723, 1256, 2362
[Fri Nov 11 22:59:51.735 2016] 399, 723, 1256, 2362
[Fri Nov 11 22:59:51.837 2016] 399, 724, 1257, 2363
[Fri Nov 11 22:59:51.939 2016] 399, 723, 1256, 2362
[Fri Nov 11 22:59:52.043 2016] 399, 723, 1256, 2363
[Fri Nov 11 22:59:52.147 2016] 399, 723, 1256, 2363
[Fri Nov 11 22:59:52.252 2016] 399, 723, 1256, 2362
[Fri Nov 11 22:59:52.355 2016] 399, 723, 1256, 2363
[Fri Nov 11 22:59:52.458 2016] 399, 723, 1256, 2363
[Fri Nov 11 22:59:52.562 2016] 399, 723, 1256, 2363
[Fri Nov 11 22:59:52.666 2016] 399, 723, 1256, 2363
[Fri Nov 11 22:59:52.769 2016] 399, 723, 1256, 2363
[Fri Nov 11 22:59:52.872 2016] 399, 723, 1256, 2363
[Fri Nov 11 22:59:52.975 2016] 399, 723, 1256, 2363
[Fri Nov 11 22:59:53.077 2016] 399, 723, 1256, 2363
[Fri Nov 11 22:59:53.179 2016] 399, 723, 1256, 2363
[Fri Nov 11 22:59:53.282 2016] 399, 723, 1256, 2363
[Fri Nov 11 22:59:53.386 2016] 399, 723, 1256, 2363
[Fri Nov 11 22:59:53.491 2016] 399, 723, 1256, 2363
[Fri Nov 11 22:59:53.595 2016] 399, 724, 1256, 2363
[Fri Nov 11 22:59:53.699 2016] 399, 723, 1256, 2363
[Fri Nov 11 22:59:53.802 2016] 399, 723, 1256, 2363
[Fri Nov 11 22:59:53.905 2016] 399, 724, 1256, 2363
[Fri Nov 11 22:59:54.009 2016] 399, 723, 1256, 2363
[Fri Nov 11 22:59:54.112 2016] 399, 723, 1256, 2363
[Fri Nov 11 22:59:54.214 2016] 399, 723, 1256, 2363
[Fri Nov 11 22:59:54.319 2016] 399, 723, 1256, 2363
[Fri Nov 11 22:59:54.422 2016] 399, 723, 1256, 2363
[Fri Nov 11 22:59:54.524 2016] 399, 723, 1256, 2363
[Fri Nov 11 22:59:54.628 2016] 399, 723, 1256, 2363
[Fri Nov 11 22:59:54.732 2016] 399, 724, 1257, 2364
[Fri Nov 11 22:59:54.833 2016] 399, 724, 1257, 2364
[Fri Nov 11 22:59:54.936 2016] 399, 724, 1257, 2365
[Fri Nov 11 22:59:55.039 2016] 399, 724, 1257, 2364
[Fri Nov 11 22:59:55.145 2016] 399, 724, 1257, 2364
[Fri Nov 11 22:59:55.248 2016] 399, 724, 1257, 2364
[Fri Nov 11 22:59:55.352 2016] 399, 724, 1257, 2365
[Fri Nov 11 22:59:55.454 2016] 399, 724, 1257, 2364
[Fri Nov 11 22:59:55.558 2016] 399, 724, 1257, 2364
[Fri Nov 11 22:59:55.661 2016] 399, 724, 1257, 2364
[Fri Nov 11 22:59:55.765 2016] 399, 723, 1256, 2364
[Fri Nov 11 22:59:55.868 2016] 399, 724, 1257, 2364
[Fri Nov 11 22:59:55.972 2016] 399, 724, 1257, 2364
[Fri Nov 11 22:59:56.073 2016] 399, 724, 1257, 2364
[Fri Nov 11 22:59:56.176 2016] 399, 724, 1257, 2364
[Fri Nov 11 22:59:56.279 2016] 399, 723, 1256, 2363
[Fri Nov 11 22:59:56.382 2016] 399, 724, 1257, 2364
[Fri Nov 11 22:59:56.488 2016] 399, 724, 1257, 2364
[Fri Nov 11 22:59:56.591 2016] 399, 724, 1257, 2364
[Fri Nov 11 22:59:56.694 2016] 399, 724, 1257, 2364
[Fri Nov 11 22:59:56.798 2016] 399, 724, 1257, 2364
[Fri Nov 11 22:59:56.901 2016] 399, 724, 1256, 2364
[Fri Nov 11 22:59:57.002 2016] 399, 724, 1257, 2364
[Fri Nov 11 22:59:57.108 2016] 399, 724, 1257, 2364
[Fri Nov 11 22:59:57.211 2016] 399, 724, 1257, 2364
[Fri Nov 11 22:59:57.314 2016] 399, 724, 1256, 2364
[Fri Nov 11 22:59:57.417 2016] 399, 724, 1257, 2364
[Fri Nov 11 22:59:57.521 2016] 399, 724, 1256, 2364
[Fri Nov 11 22:59:57.624 2016] 399, 724, 1257, 2364
[Fri Nov 11 22:59:57.727 2016] 399, 724, 1257, 2364
[Fri Nov 11 22:59:57.828 2016] 399, 724, 1256, 2364
[Fri Nov 11 22:59:57.932 2016] 399, 724, 1257, 2364
[Fri Nov 11 22:59:58.037 2016] 399, 724, 1256, 2364
[Fri Nov 11 22:59:58.141 2016] 399, 724, 1256, 2364
[Fri Nov 11 22:59:58.244 2016] 399, 724, 1257, 2364
[Fri Nov 11 22:59:58.347 2016] 399, 724, 1257, 2364
[Fri Nov 11 22:59:58.449 2016] 399, 724, 1257, 2364
[Fri Nov 11 22:59:58.555 2016] 399, 724, 1257, 2364
[Fri Nov 11 22:59:58.657 2016] 399, 724, 1257, 2364
[Fri Nov 11 22:59:58.760 2016] 399, 724, 1256, 2364
[Fri Nov 11 22:59:58.864 2016] 399, 724, 1257, 2364
[Fri Nov 11 22:59:58.967 2016] 399, 724, 1257, 2364
[Fri Nov 11 22:59:59.072 2016] 399, 724, 1256, 2363
[Fri Nov 11 22:59:59.174 2016] 399, 724, 1257, 2363
[Fri Nov 11 22:59:59.277 2016] 399, 724, 1257, 2364
[Fri Nov 11 22:59:59.380 2016] 399, 724, 1257, 2364
[Fri Nov 11 22:59:59.484 2016] 398, 723, 1256, 2363
[Fri Nov 11 22:59:59.591 2016] 399, 724, 1257, 2365
[Fri Nov 11 22:59:59.692 2016] 399, 724, 1256, 2363
[Fri Nov 11 22:59:59.796 2016] 399, 724, 1257, 2365
[Fri Nov 11 22:59:59.898 2016] 398, 722, 1254, 2359
[Fri Nov 11 23:00:00.002 2016] 398, 723, 1255, 2360
[Fri Nov 11 23:00:00.104 2016] 398, 723, 1255, 2360
[Fri Nov 11 23:00:00.209 2016] 392, 711, 1235, 2325
[Fri Nov 11 23:00:00.314 2016] 392, 711, 1233, 2318
[Fri Nov 11 23:00:00.416 2016] 387, 701, 1217, 2292
[Fri Nov 11 23:00:00.519 2016] 393, 711, 1233, 2319
[Fri Nov 11 23:00:00.623 2016] 391, 707, 1229, 2314
[Fri Nov 11 23:00:00.726 2016] 395, 716, 1243, 2338
[Fri Nov 11 23:00:00.827 2016] 393, 712, 1236, 2327
[Fri Nov 11 23:00:00.930 2016] 395, 716, 1242, 2337
[Fri Nov 11 23:00:01.035 2016] 393, 713, 1238, 2330
[Fri Nov 11 23:00:01.139 2016] 392, 710, 1233, 2321
[Fri Nov 11 23:00:01.242 2016] 396, 717, 1244, 2340
[Fri Nov 11 23:00:01.346 2016] 393, 712, 1237, 2329
[Fri Nov 11 23:00:01.449 2016] 397, 721, 1250, 2351
[Fri Nov 11 23:00:01.552 2016] 394, 714, 1240, 2335
[Fri Nov 11 23:00:01.655 2016] 398, 722, 1253, 2355
[Fri Nov 11 23:00:01.759 2016] 395, 716, 1244, 2343
[Fri Nov 11 23:00:01.863 2016] 399, 723, 1256, 2361
[Fri Nov 11 23:00:01.965 2016] 397, 719, 1249, 2352
[Fri Nov 11 23:00:02.067 2016] 399, 724, 1257, 2364
[Fri Nov 11 23:00:02.170 2016] 397, 720, 1251, 2355
[Fri Nov 11 23:00:02.273 2016] 399, 724, 1257, 2363
[Fri Nov 11 23:00:02.377 2016] 398, 723, 1255, 2362
[Fri Nov 11 23:00:02.483 2016] 398, 723, 1256, 2362
[Fri Nov 11 23:00:02.585 2016] 399, 724, 1257, 2364
[Fri Nov 11 23:00:02.689 2016] 399, 724, 1257, 2364
[Fri Nov 11 23:00:02.792 2016] 399, 724, 1257, 2364
[Fri Nov 11 23:00:02.896 2016] 399, 724, 1257, 2364
[Fri Nov 11 23:00:02.998 2016] 399, 724, 1257, 2364
[Fri Nov 11 23:00:03.101 2016] 399, 724, 1257, 2365
[Fri Nov 11 23:00:03.205 2016] 399, 724, 1257, 2365
[Fri Nov 11 23:00:03.309 2016] 399, 724, 1257, 2365
[Fri Nov 11 23:00:03.412 2016] 399, 724, 1257, 2365
[Fri Nov 11 23:00:03.514 2016] 398, 723, 1257, 2364
[Fri Nov 11 23:00:03.619 2016] 398, 724, 1258, 2365
[Fri Nov 11 23:00:03.722 2016] 398, 723, 1256, 2364
[Fri Nov 11 23:00:03.823 2016] 398, 724, 1257, 2365
[Fri Nov 11 23:00:03.928 2016] 398, 723, 1256, 2363
[Fri Nov 11 23:00:04.032 2016] 398, 723, 1256, 2363
[Fri Nov 11 23:00:04.134 2016] 398, 724, 1257, 2364
[Fri Nov 11 23:00:04.239 2016] 398, 724, 1257, 2364
[Fri Nov 11 23:00:04.342 2016] 398, 723, 1256, 2363
[Fri Nov 11 23:00:04.445 2016] 398, 723, 1256, 2362
[Fri Nov 11 23:00:04.549 2016] 398, 723, 1257, 2363
[Fri Nov 11 23:00:04.652 2016] 398, 723, 1256, 2362
[Fri Nov 11 23:00:04.755 2016] 398, 723, 1256, 2362
[Fri Nov 11 23:00:04.859 2016] 398, 723, 1256, 2363
[Fri Nov 11 23:00:04.961 2016] 398, 723, 1255, 2362
[Fri Nov 11 23:00:05.064 2016] 398, 723, 1256, 2363
[Fri Nov 11 23:00:05.167 2016] 398, 723, 1256, 2362
[Fri Nov 11 23:00:05.270 2016] 398, 723, 1256, 2362
[Fri Nov 11 23:00:05.374 2016] 398, 723, 1256, 2362
[Fri Nov 11 23:00:05.479 2016] 398, 723, 1255, 2361
[Fri Nov 11 23:00:05.583 2016] 398, 723, 1256, 2361
[Fri Nov 11 23:00:05.686 2016] 398, 723, 1255, 2361
[Fri Nov 11 23:00:05.789 2016] 398, 723, 1255, 2361
[Fri Nov 11 23:00:05.894 2016] 398, 723, 1256, 2362
[Fri Nov 11 23:00:05.995 2016] 398, 722, 1255, 2360
[Fri Nov 11 23:00:06.099 2016] 398, 723, 1255, 2361
[Fri Nov 11 23:00:06.202 2016] 398, 723, 1256, 2362
[Fri Nov 11 23:00:06.306 2016] 398, 723, 1255, 2361
[Fri Nov 11 23:00:06.409 2016] 398, 723, 1255, 2361
[Fri Nov 11 23:00:06.512 2016] 398, 723, 1256, 2362
[Fri Nov 11 23:00:06.615 2016] 398, 723, 1256, 2362
[Fri Nov 11 23:00:06.718 2016] 398, 723, 1256, 2362
[Fri Nov 11 23:00:06.821 2016] 399, 724, 1257, 2363
[Fri Nov 11 23:00:06.924 2016] 398, 723, 1256, 2362
[Fri Nov 11 23:00:07.027 2016] 398, 723, 1255, 2361
[Fri Nov 11 23:00:07.133 2016] 398, 723, 1256, 2362
[Fri Nov 11 23:00:07.236 2016] 398, 723, 1256, 2362
[Fri Nov 11 23:00:07.339 2016] 398, 723, 1256, 2362
[Fri Nov 11 23:00:07.443 2016] 398, 723, 1255, 2361
[Fri Nov 11 23:00:07.547 2016] 398, 722, 1254, 2360
[Fri Nov 11 23:00:07.649 2016] 399, 724, 1257, 2363
[Fri Nov 11 23:00:07.753 2016] 398, 722, 1255, 2360
[Fri Nov 11 23:00:07.856 2016] 398, 723, 1255, 2360
[Fri Nov 11 23:00:07.957 2016] 399, 724, 1257, 2363
[Fri Nov 11 23:00:08.061 2016] 399, 723, 1256, 2362
[Fri Nov 11 23:00:08.163 2016] 398, 723, 1255, 2361
[Fri Nov 11 23:00:08.267 2016] 399, 723, 1256, 2362
[Fri Nov 11 23:00:08.370 2016] 399, 723, 1256, 2362
[Fri Nov 11 23:00:08.475 2016] 398, 723, 1255, 2361
[Fri Nov 11 23:00:08.577 2016] 398, 723, 1255, 2360
[Fri Nov 11 23:00:08.682 2016] 398, 723, 1255, 2359
[Fri Nov 11 23:00:08.786 2016] 398, 722, 1253, 2354
[Fri Nov 11 23:00:08.890 2016] 398, 719, 1245, 2343
[Fri Nov 11 23:00:08.992 2016] 376, 656, 1119, 2124
[Fri Nov 11 23:00:09.095 2016] 375, 649, 1100, 2095
[Fri Nov 11 23:00:09.199 2016] 375, 669, 1152, 2095
[Fri Nov 11 23:00:09.302 2016] 380, 669, 1152, 2177
[Fri Nov 11 23:00:09.405 2016] 379, 672, 1160, 2188
[Fri Nov 11 23:00:09.507 2016] 376, 667, 1156, 2178
[Fri Nov 11 23:00:09.612 2016] 375, 664, 1150, 2170
[Fri Nov 11 23:00:09.716 2016] 381, 678, 1174, 2213
[Fri Nov 11 23:00:09.817 2016] 381, 678, 1175, 2217
[Fri Nov 11 23:00:09.920 2016] 387, 688, 1188, 2248
[Fri Nov 11 23:00:10.024 2016] 384, 682, 1177, 2229
[Fri Nov 11 23:00:10.129 2016] 374, 661, 1142, 2165
[Fri Nov 11 23:00:10.232 2016] 368, 650, 1122, 2130
[Fri Nov 11 23:00:10.336 2016] 368, 650, 1123, 2132
[Fri Nov 11 23:00:10.438 2016] 377, 669, 1156, 2192
[Fri Nov 11 23:00:10.542 2016] 406, 734, 1271, 2397
[Fri Nov 11 23:00:10.645 2016] 405, 732, 1267, 2389
[Fri Nov 11 23:00:10.748 2016] 404, 731, 1265, 2387
[Fri Nov 11 23:00:10.852 2016] 406, 734, 1269, 2394
[Fri Nov 11 23:00:10.955 2016] 406, 734, 1270, 2396
[Fri Nov 11 23:00:11.057 2016] 407, 734, 1269, 2397
[Fri Nov 11 23:00:11.161 2016] 405, 728, 1257, 2380
[Fri Nov 11 23:00:11.264 2016] 403, 724, 1251, 2370
[Fri Nov 11 23:00:11.367 2016] 404, 727, 1255, 2377
[Fri Nov 11 23:00:11.473 2016] 403, 724, 1251, 2369
[Fri Nov 11 23:00:11.576 2016] 401, 721, 1245, 2358
[Fri Nov 11 23:00:11.678 2016] 400, 719, 1242, 2353
[Fri Nov 11 23:00:11.783 2016] 399, 717, 1239, 2347
[Fri Nov 11 23:00:11.887 2016] 400, 718, 1241, 2352
[Fri Nov 11 23:00:11.989 2016] 399, 717, 1238, 2346
[Fri Nov 11 23:00:12.093 2016] 399, 716, 1238, 2345
[Fri Nov 11 23:00:12.196 2016] 399, 717, 1238, 2347
[Fri Nov 11 23:00:12.299 2016] 399, 717, 1238, 2346
[Fri Nov 11 23:00:12.402 2016] 399, 717, 1238, 2346
[Fri Nov 11 23:00:12.506 2016] 399, 716, 1237, 2345
[Fri Nov 11 23:00:12.609 2016] 398, 716, 1236, 2342
[Fri Nov 11 23:00:12.712 2016] 399, 717, 1239, 2348
[Fri Nov 11 23:00:12.814 2016] 399, 717, 1238, 2347
[Fri Nov 11 23:00:12.917 2016] 398, 715, 1234, 2339
[Fri Nov 11 23:00:13.020 2016] 399, 717, 1238, 2346
[Fri Nov 11 23:00:13.126 2016] 399, 716, 1237, 2345
[Fri Nov 11 23:00:13.230 2016] 399, 717, 1238, 2346
[Fri Nov 11 23:00:13.332 2016] 397, 714, 1232, 2336
[Fri Nov 11 23:00:13.436 2016] 388, 697, 1204, 2283
[Fri Nov 11 23:00:13.541 2016] 392, 703, 1215, 2303
[Fri Nov 11 23:00:13.643 2016] 397, 713, 1232, 2335
[Fri Nov 11 23:00:13.745 2016] 402, 722, 1247, 2363
[Fri Nov 11 23:00:13.849 2016] 402, 722, 1247, 2363
[Fri Nov 11 23:00:13.953 2016] 400, 719, 1242, 2354
[Fri Nov 11 23:00:14.055 2016] 396, 710, 1227, 2326
[Fri Nov 11 23:00:14.158 2016] 398, 714, 1233, 2338
[Fri Nov 11 23:00:14.261 2016] 398, 713, 1231, 2338
[Fri Nov 11 23:00:14.364 2016] 397, 713, 1231, 2333
[Fri Nov 11 23:00:14.467 2016] 397, 714, 1233, 2336
[Fri Nov 11 23:00:14.573 2016] 396, 711, 1228, 2328
[Fri Nov 11 23:00:14.676 2016] 400, 718, 1240, 2349
[Fri Nov 11 23:00:14.779 2016] 394, 708, 1222, 2317
[Fri Nov 11 23:00:14.882 2016] 399, 718, 1241, 2350
[Fri Nov 11 23:00:14.987 2016] 392, 704, 1216, 2305
[Fri Nov 11 23:00:15.087 2016] 401, 722, 1246, 2361
[Fri Nov 11 23:00:15.192 2016] 392, 704, 1216, 2306
[Fri Nov 11 23:00:15.296 2016] 401, 721, 1245, 2360
[Fri Nov 11 23:00:15.399 2016] 393, 706, 1220, 2313
[Fri Nov 11 23:00:15.502 2016] 399, 716, 1237, 2345
[Fri Nov 11 23:00:15.604 2016] 396, 712, 1229, 2330
[Fri Nov 11 23:00:15.708 2016] 396, 711, 1228, 2327
[Fri Nov 11 23:00:15.810 2016] 398, 716, 1237, 2344
[Fri Nov 11 23:00:15.913 2016] 396, 711, 1228, 2327
[Fri Nov 11 23:00:16.018 2016] 398, 716, 1237, 2344
[Fri Nov 11 23:00:16.123 2016] 396, 712, 1230, 2332
[Fri Nov 11 23:00:16.226 2016] 398, 715, 1235, 2341
[Fri Nov 11 23:00:16.329 2016] 397, 713, 1232, 2335
[Fri Nov 11 23:00:16.433 2016] 398, 715, 1235, 2340
[Fri Nov 11 23:00:16.536 2016] 397, 713, 1232, 2336
[Fri Nov 11 23:00:16.640 2016] 397, 714, 1233, 2337
[Fri Nov 11 23:00:16.743 2016] 398, 715, 1235, 2341
[Fri Nov 11 23:00:16.847 2016] 397, 714, 1233, 2337
[Fri Nov 11 23:00:16.950 2016] 397, 713, 1232, 2335
[Fri Nov 11 23:00:17.051 2016] 397, 713, 1232, 2336
[Fri Nov 11 23:00:17.155 2016] 397, 714, 1233, 2337
[Fri Nov 11 23:00:17.257 2016] 398, 715, 1235, 2342
[Fri Nov 11 23:00:17.361 2016] 396, 712, 1230, 2332
[Fri Nov 11 23:00:17.466 2016] 397, 714, 1233, 2337
[Fri Nov 11 23:00:17.571 2016] 398, 716, 1237, 2344
[Fri Nov 11 23:00:17.674 2016] 396, 711, 1228, 2328
[Fri Nov 11 23:00:17.777 2016] 399, 716, 1237, 2345
[Fri Nov 11 23:00:17.880 2016] 396, 712, 1230, 2332
[Fri Nov 11 23:00:17.983 2016] 398, 715, 1235, 2341
[Fri Nov 11 23:00:18.085 2016] 397, 714, 1234, 2338
[Fri Nov 11 23:00:18.190 2016] 396, 712, 1230, 2331
[Fri Nov 11 23:00:18.293 2016] 398, 716, 1237, 2344
[Fri Nov 11 23:00:18.396 2016] 396, 712, 1230, 2331
[Fri Nov 11 23:00:18.500 2016] 398, 715, 1235, 2341
[Fri Nov 11 23:00:18.603 2016] 397, 714, 1233, 2337
[Fri Nov 11 23:00:18.707 2016] 397, 712, 1231, 2333
[Fri Nov 11 23:00:18.808 2016] 398, 715, 1236, 2342
[Fri Nov 11 23:00:18.911 2016] 396, 712, 1230, 2332
[Fri Nov 11 23:00:19.015 2016] 398, 715, 1235, 2341
[Fri Nov 11 23:00:19.121 2016] 397, 713, 1231, 2334
[Fri Nov 11 23:00:19.224 2016] 397, 713, 1231, 2334
[Fri Nov 11 23:00:19.326 2016] 397, 713, 1236, 2334
[Fri Nov 11 23:00:19.430 2016] 398, 716, 1236, 2343
[Fri Nov 11 23:00:19.532 2016] 396, 712, 1230, 2331
[Fri Nov 11 23:00:19.636 2016] 397, 713, 1232, 2335
[Fri Nov 11 23:00:19.740 2016] 398, 715, 1235, 2341
[Fri Nov 11 23:00:19.843 2016] 396, 712, 1231, 2333
[Fri Nov 11 23:00:19.946 2016] 397, 714, 1233, 2338
[Fri Nov 11 23:00:20.050 2016] 398, 715, 1234, 2340
[Fri Nov 11 23:00:20.151 2016] 397, 713, 1233, 2336
[Fri Nov 11 23:00:20.255 2016] 397, 714, 1234, 2338
[Fri Nov 11 23:00:20.358 2016] 397, 714, 1233, 2338
[Fri Nov 11 23:00:20.463 2016] 397, 714, 1234, 2338
[Fri Nov 11 23:00:20.567 2016] 397, 714, 1234, 2338
[Fri Nov 11 23:00:20.670 2016] 397, 713, 1232, 2336
[Fri Nov 11 23:00:20.776 2016] 398, 715, 1235, 2340
[Fri Nov 11 23:00:20.877 2016] 397, 713, 1233, 2336
[Fri Nov 11 23:00:20.980 2016] 397, 714, 1233, 2337
[Fri Nov 11 23:00:21.083 2016] 397, 714, 1234, 2339
[Fri Nov 11 23:00:21.187 2016] 397, 713, 1233, 2336
[Fri Nov 11 23:00:21.290 2016] 397, 714, 1234, 2338
[Fri Nov 11 23:00:21.393 2016] 397, 714, 1233, 2337
[Fri Nov 11 23:00:21.497 2016] 397, 714, 1233, 2337
[Fri Nov 11 23:00:21.600 2016] 397, 714, 1234, 2339
[Fri Nov 11 23:00:21.703 2016] 397, 713, 1232, 2336
[Fri Nov 11 23:00:21.805 2016] 397, 714, 1233, 2337
[Fri Nov 11 23:00:21.908 2016] 398, 715, 1235, 2340
[Fri Nov 11 23:00:22.011 2016] 397, 713, 1232, 2336
[Fri Nov 11 23:00:22.114 2016] 397, 714, 1233, 2337
[Fri Nov 11 23:00:22.220 2016] 397, 714, 1234, 2339
[Fri Nov 11 23:00:22.323 2016] 397, 714, 1233, 2337
[Fri Nov 11 23:00:22.426 2016] 397, 713, 1233, 2336
[Fri Nov 11 23:00:22.530 2016] 397, 714, 1233, 2337
[Fri Nov 11 23:00:22.633 2016] 397, 714, 1234, 2338
[Fri Nov 11 23:00:22.736 2016] 397, 714, 1234, 2338
[Fri Nov 11 23:00:22.840 2016] 397, 713, 1232, 2336
[Fri Nov 11 23:00:22.943 2016] 398, 714, 1234, 2340
[Fri Nov 11 23:00:23.045 2016] 397, 713, 1233, 2336
[Fri Nov 11 23:00:23.147 2016] 397, 714, 1233, 2337
[Fri Nov 11 23:00:23.251 2016] 397, 714, 1234, 2339
[Fri Nov 11 23:00:23.354 2016] 397, 713, 1232, 2336
[Fri Nov 11 23:00:23.460 2016] 397, 714, 1233, 2337
[Fri Nov 11 23:00:23.563 2016] 397, 714, 1233, 2338
[Fri Nov 11 23:00:23.664 2016] 397, 714, 1234, 2338
[Fri Nov 11 23:00:23.767 2016] 397, 714, 1233, 2337
[Fri Nov 11 23:00:23.871 2016] 397, 714, 1233, 2338
[Fri Nov 11 23:00:23.977 2016] 397, 714, 1233, 2337
[Fri Nov 11 23:00:24.079 2016] 397, 714, 1233, 2338
[Fri Nov 11 23:00:24.183 2016] 397, 714, 1234, 2339
[Fri Nov 11 23:00:24.286 2016] 397, 714, 1233, 2339
[Fri Nov 11 23:00:24.390 2016] 397, 714, 1233, 2337
[Fri Nov 11 23:00:24.493 2016] 397, 714, 1233, 2338
[Fri Nov 11 23:00:24.595 2016] 397, 714, 1233, 2338
[Fri Nov 11 23:00:24.700 2016] 397, 714, 1233, 2337
[Fri Nov 11 23:00:24.802 2016] 397, 714, 1234, 2339
[Fri Nov 11 23:00:24.904 2016] 397, 714, 1234, 2339
[Fri Nov 11 23:00:25.008 2016] 397, 713, 1233, 2336
[Fri Nov 11 23:00:25.113 2016] 397, 714, 1234, 2339
[Fri Nov 11 23:00:25.215 2016] 397, 714, 1234, 2339
[Fri Nov 11 23:00:25.321 2016] 397, 713, 1233, 2337
[Fri Nov 11 23:00:25.423 2016] 397, 714, 1234, 2339
[Fri Nov 11 23:00:25.527 2016] 397, 714, 1233, 2338
[Fri Nov 11 23:00:25.628 2016] 397, 713, 1233, 2336
[Fri Nov 11 23:00:25.733 2016] 398, 715, 1235, 2340
[Fri Nov 11 23:00:25.838 2016] 397, 714, 1233, 2338
[Fri Nov 11 23:00:25.940 2016] 397, 713, 1232, 2335
[Fri Nov 11 23:00:26.044 2016] 398, 714, 1234, 2340
[Fri Nov 11 23:00:26.148 2016] 397, 714, 1234, 2339
[Fri Nov 11 23:00:26.248 2016] 397, 713, 1232, 2335
[Fri Nov 11 23:00:26.352 2016] 398, 715, 1235, 2341
[Fri Nov 11 23:00:26.455 2016] 397, 714, 1234, 2338
[Fri Nov 11 23:00:26.563 2016] 397, 713, 1232, 2335
[Fri Nov 11 23:00:26.664 2016] 398, 715, 1235, 2340
[Fri Nov 11 23:00:26.767 2016] 397, 714, 1234, 2338
[Fri Nov 11 23:00:26.871 2016] 397, 714, 1233, 2337
[Fri Nov 11 23:00:26.974 2016] 397, 714, 1234, 2339
[Fri Nov 11 23:00:27.075 2016] 397, 714, 1234, 2338
[Fri Nov 11 23:00:27.180 2016] 397, 714, 1233, 2338
[Fri Nov 11 23:00:27.284 2016] 397, 714, 1234, 2339
[Fri Nov 11 23:00:27.387 2016] 397, 714, 1234, 2339
[Fri Nov 11 23:00:27.491 2016] 397, 714, 1234, 2338
[Fri Nov 11 23:00:27.594 2016] 397, 714, 1234, 2339
[Fri Nov 11 23:00:27.697 2016] 397, 714, 1234, 2338
[Fri Nov 11 23:00:27.799 2016] 397, 714, 1234, 2339
[Fri Nov 11 23:00:27.902 2016] 397, 714, 1234, 2339
[Fri Nov 11 23:00:28.007 2016] 397, 714, 1234, 2339
[Fri Nov 11 23:00:28.108 2016] 397, 714, 1234, 2339
[Fri Nov 11 23:00:28.214 2016] 397, 713, 1232, 2335
[Fri Nov 11 23:00:28.317 2016] 399, 717, 1239, 2347
[Fri Nov 11 23:00:28.421 2016] 395, 709, 1226, 2324
[Fri Nov 11 23:00:28.524 2016] 399, 717, 1239, 2348
[Fri Nov 11 23:00:28.628 2016] 396, 711, 1229, 2329
[Fri Nov 11 23:00:28.730 2016] 397, 713, 1232, 2335
[Fri Nov 11 23:00:28.834 2016] 399, 717, 1238, 2346
[Fri Nov 11 23:00:28.937 2016] 395, 709, 1225, 2323
[Fri Nov 11 23:00:29.039 2016] 398, 716, 1237, 2345
[Fri Nov 11 23:00:29.144 2016] 397, 713, 1232, 2335
[Fri Nov 11 23:00:29.245 2016] 396, 712, 1230, 2331
[Fri Nov 11 23:00:29.348 2016] 398, 715, 1236, 2342
[Fri Nov 11 23:00:29.452 2016] 398, 715, 1236, 2342
[Fri Nov 11 23:00:29.557 2016] 397, 714, 1234, 2339
[Fri Nov 11 23:00:29.658 2016] 397, 713, 1232, 2336
[Fri Nov 11 23:00:29.764 2016] 398, 715, 1236, 2343
[Fri Nov 11 23:00:29.868 2016] 397, 713, 1233, 2336
[Fri Nov 11 23:00:29.969 2016] 398, 715, 1235, 2341
[Fri Nov 11 23:00:30.073 2016] 397, 714, 1234, 2339
[Fri Nov 11 23:00:30.178 2016] 397, 713, 1232, 2336
[Fri Nov 11 23:00:30.279 2016] 398, 716, 1236, 2344
[Fri Nov 11 23:00:30.387 2016] 397, 714, 1233, 2337
[Fri Nov 11 23:00:30.487 2016] 397, 714, 1233, 2337
[Fri Nov 11 23:00:30.591 2016] 398, 716, 1237, 2344
[Fri Nov 11 23:00:30.695 2016] 397, 713, 1233, 2336
[Fri Nov 11 23:00:30.797 2016] 397, 714, 1233, 2337
[Fri Nov 11 23:00:30.898 2016] 398, 716, 1237, 2344
[Fri Nov 11 23:00:31.002 2016] 397, 713, 1232, 2335
[Fri Nov 11 23:00:31.107 2016] 398, 715, 1234, 2340
