[Fri Nov 11 23:04:33.589 2016] 494, 1304, 735, 2555
[Fri Nov 11 23:04:33.595 2016] 494, 1304, 735, 2556
[Fri Nov 11 23:04:33.595 2016] 494, 1304, 735, 2556
[Fri Nov 11 23:04:33.595 2016] 494, 1304, 735, 2556
[Fri Nov 11 23:04:33.595 2016] 494, 1304, 735, 2556
[Fri Nov 11 23:04:33.595 2016] 494, 1304, 735, 2556
[Fri Nov 11 23:04:33.595 2016] 494, 1304, 735, 2556
[Fri Nov 11 23:04:33.595 2016] 494, 1304, 735, 2556
[Fri Nov 11 23:04:33.595 2016] 494, 1304, 735, 2556
[Fri Nov 11 23:04:33.595 2016] 494, 1304, 735, 2555
[Fri Nov 11 23:04:33.595 2016] 494, 1304, 735, 2556
[Fri Nov 11 23:04:33.595 2016] 494, 1304, 735, 2556
[Fri Nov 11 23:04:33.595 2016] 494, 1304, 735, 2556
[Fri Nov 11 23:04:33.595 2016] 494, 1304, 735, 2556
[Fri Nov 11 23:04:33.595 2016] 494, 1304, 735, 2556
[Fri Nov 11 23:04:33.595 2016] 494, 1304, 735, 2555
[Fri Nov 11 23:04:33.595 2016] 494, 1304, 735, 2556
[Fri Nov 11 23:04:33.595 2016] 494, 1304, 735, 2556
[Fri Nov 11 23:04:33.595 2016] 494, 1304, 735, 2556
[Fri Nov 11 23:04:33.595 2016] 494, 1304, 735, 2556
[Fri Nov 11 23:04:33.595 2016] 494, 1304, 735, 2556
[Fri Nov 11 23:04:33.595 2016] 494, 1304, 735, 2556
[Fri Nov 11 23:04:33.595 2016] 494, 1304, 735, 2556
[Fri Nov 11 23:04:33.595 2016] 494, 1304, 735, 2556
[Fri Nov 11 23:04:33.595 2016] 494, 1304, 735, 2556
[Fri Nov 11 23:04:33.595 2016] 494, 1304, 735, 2556
[Fri Nov 11 23:04:33.595 2016] 494, 1304, 735, 2556
[Fri Nov 11 23:04:33.595 2016] 494, 1304, 735, 2556
[Fri Nov 11 23:04:33.595 2016] 494, 1304, 735, 2556
[Fri Nov 11 23:04:33.595 2016] 494, 1304, 735, 2556
[Fri Nov 11 23:04:33.595 2016] 494, 1304, 735, 2556
[Fri Nov 11 23:04:33.595 2016] 494, 1304, 735, 2556
[Fri Nov 11 23:04:33.595 2016] 494, 1304, 735, 2556
[Fri Nov 11 23:04:33.595 2016] 494, 1304, 735, 2556
[Fri Nov 11 23:04:33.595 2016] 494, 1304, 735, 2556
[Fri Nov 11 23:04:33.595 2016] 494, 1304, 735, 2556
[Fri Nov 11 23:04:33.595 2016] 494, 1304, 735, 2556
[Fri Nov 11 23:04:33.595 2016] 494, 1304, 735, 2556
[Fri Nov 11 23:04:33.595 2016] 494, 1304, 735, 2556
[Fri Nov 11 23:04:33.595 2016] 494, 1304, 735, 2556
[Fri Nov 11 23:04:33.595 2016] 494, 1304, 735, 2556
[Fri Nov 11 23:04:33.595 2016] 494, 1304, 735, 2556
[Fri Nov 11 23:04:33.595 2016] 494, 1304, 735, 2556
[Fri Nov 11 23:04:33.595 2016] 494, 1304, 735, 2556
[Fri Nov 11 23:04:33.595 2016] 494, 1304, 735, 2556
[Fri Nov 11 23:04:33.595 2016] 494, 1304, 735, 2556
[Fri Nov 11 23:04:33.595 2016] 494, 1304, 735, 2556
[Fri Nov 11 23:04:33.595 2016] 494, 1304, 735, 2556
[Fri Nov 11 23:04:33.595 2016] 494, 1304, 735, 2556
[Fri Nov 11 23:04:33.595 2016] 494, 1304, 735, 2556
[Fri Nov 11 23:04:33.601 2016] 494, 1304, 735, 2556
[Fri Nov 11 23:04:33.601 2016] 494, 1304, 735, 2556
[Fri Nov 11 23:04:33.601 2016] 494, 1304, 735, 2556
[Fri Nov 11 23:04:33.601 2016] 494, 1304, 735, 2555
[Fri Nov 11 23:04:33.601 2016] 494, 1304, 735, 2555
[Fri Nov 11 23:04:33.601 2016] 494, 1304, 735, 2555
[Fri Nov 11 23:04:33.601 2016] 494, 1304, 735, 2556
[Fri Nov 11 23:04:33.601 2016] 494, 1304, 735, 2556
[Fri Nov 11 23:04:33.601 2016] 494, 1304, 735, 2556
[Fri Nov 11 23:04:33.601 2016] 494, 1304, 735, 2556
[Fri Nov 11 23:04:33.601 2016] 494, 1304, 735, 2556
[Fri Nov 11 23:04:33.601 2016] 494, 1304, 735, 2556
[Fri Nov 11 23:04:33.601 2016] 494, 1304, 735, 2556
[Fri Nov 11 23:04:33.601 2016] 494, 1304, 735, 2556
[Fri Nov 11 23:04:33.601 2016] 494, 1304, 735, 2556
[Fri Nov 11 23:04:33.601 2016] 494, 1304, 735, 2556
[Fri Nov 11 23:04:33.601 2016] 494, 1304, 735, 2556
[Fri Nov 11 23:04:33.601 2016] 494, 1303, 735, 2555
[Fri Nov 11 23:04:33.601 2016] 494, 1304, 735, 2555
[Fri Nov 11 23:04:33.601 2016] 494, 1304, 735, 2556
[Fri Nov 11 23:04:33.601 2016] 494, 1304, 735, 2555
[Fri Nov 11 23:04:33.601 2016] 494, 1304, 735, 2555
[Fri Nov 11 23:04:33.601 2016] 494, 1304, 735, 2555
[Fri Nov 11 23:04:33.601 2016] 494, 1304, 735, 2555
[Fri Nov 11 23:04:33.601 2016] 494, 1304, 735, 2555
[Fri Nov 11 23:04:33.601 2016] 494, 1304, 735, 2555
[Fri Nov 11 23:04:33.601 2016] 494, 1303, 735, 2555
[Fri Nov 11 23:04:33.601 2016] 494, 1304, 735, 2555
[Fri Nov 11 23:04:33.601 2016] 494, 1303, 735, 2555
[Fri Nov 11 23:04:33.601 2016] 494, 1303, 735, 2555
[Fri Nov 11 23:04:33.601 2016] 494, 1304, 735, 2555
[Fri Nov 11 23:04:33.601 2016] 494, 1304, 735, 2555
[Fri Nov 11 23:04:33.601 2016] 494, 1303, 735, 2555
[Fri Nov 11 23:04:33.601 2016] 494, 1303, 735, 2554
[Fri Nov 11 23:04:33.601 2016] 494, 1303, 735, 2554
[Fri Nov 11 23:04:33.601 2016] 494, 1303, 735, 2555
[Fri Nov 11 23:04:33.601 2016] 494, 1303, 735, 2555
[Fri Nov 11 23:04:33.601 2016] 494, 1303, 735, 2555
[Fri Nov 11 23:04:33.601 2016] 494, 1303, 735, 2555
[Fri Nov 11 23:04:33.601 2016] 494, 1304, 735, 2556
[Fri Nov 11 23:04:33.601 2016] 494, 1304, 735, 2555
[Fri Nov 11 23:04:33.601 2016] 494, 1304, 735, 2555
[Fri Nov 11 23:04:33.601 2016] 494, 1304, 735, 2555
[Fri Nov 11 23:04:33.601 2016] 494, 1304, 735, 2555
[Fri Nov 11 23:04:33.601 2016] 494, 1304, 735, 2555
[Fri Nov 11 23:04:33.601 2016] 494, 1304, 735, 2555
[Fri Nov 11 23:04:33.601 2016] 494, 1304, 735, 2555
[Fri Nov 11 23:04:33.601 2016] 494, 1304, 735, 2556
[Fri Nov 11 23:04:33.606 2016] 494, 1304, 735, 2555
[Fri Nov 11 23:04:33.606 2016] 494, 1304, 735, 2556
[Fri Nov 11 23:04:33.606 2016] 494, 1304, 735, 2556
[Fri Nov 11 23:04:33.606 2016] 494, 1304, 735, 2556
[Fri Nov 11 23:04:33.606 2016] 494, 1304, 735, 2556
[Fri Nov 11 23:04:33.606 2016] 494, 1304, 735, 2556
[Fri Nov 11 23:04:33.606 2016] 494, 1304, 735, 2556
[Fri Nov 11 23:04:33.606 2016] 494, 1304, 735, 2557
[Fri Nov 11 23:04:33.606 2016] 494, 1304, 735, 2557
[Fri Nov 11 23:04:33.606 2016] 494, 1304, 735, 2557
[Fri Nov 11 23:04:33.606 2016] 494, 1304, 735, 2556
[Fri Nov 11 23:04:33.606 2016] 494, 1304, 735, 2556
[Fri Nov 11 23:04:33.606 2016] 494, 1304, 735, 2556
[Fri Nov 11 23:04:33.606 2016] 494, 1304, 735, 2556
[Fri Nov 11 23:04:33.606 2016] 494, 1304, 735, 2557
[Fri Nov 11 23:04:33.606 2016] 494, 1304, 735, 2556
[Fri Nov 11 23:04:33.606 2016] 494, 1304, 735, 2556
[Fri Nov 11 23:04:33.606 2016] 494, 1304, 735, 2556
[Fri Nov 11 23:04:33.606 2016] 494, 1304, 735, 2556
[Fri Nov 11 23:04:33.606 2016] 494, 1304, 735, 2556
[Fri Nov 11 23:04:33.606 2016] 494, 1304, 735, 2556
[Fri Nov 11 23:04:33.606 2016] 494, 1304, 735, 2556
[Fri Nov 11 23:04:33.606 2016] 494, 1304, 735, 2556
[Fri Nov 11 23:04:33.606 2016] 494, 1304, 735, 2556
[Fri Nov 11 23:04:33.681 2016] 494, 1304, 735, 2556
[Fri Nov 11 23:04:33.784 2016] 494, 1304, 735, 2556
[Fri Nov 11 23:04:33.888 2016] 494, 1304, 735, 2556
[Fri Nov 11 23:04:33.991 2016] 494, 1304, 735, 2555
[Fri Nov 11 23:04:34.094 2016] 494, 1304, 735, 2555
[Fri Nov 11 23:04:34.198 2016] 494, 1304, 735, 2555
[Fri Nov 11 23:04:34.304 2016] 494, 1304, 735, 2556
[Fri Nov 11 23:04:34.408 2016] 494, 1304, 735, 2556
[Fri Nov 11 23:04:34.510 2016] 494, 1304, 735, 2556
[Fri Nov 11 23:04:34.613 2016] 494, 1304, 735, 2556
[Fri Nov 11 23:04:34.717 2016] 494, 1304, 735, 2556
[Fri Nov 11 23:04:34.820 2016] 494, 1304, 735, 2556
[Fri Nov 11 23:04:34.924 2016] 494, 1304, 735, 2556
[Fri Nov 11 23:04:35.028 2016] 494, 1304, 735, 2555
[Fri Nov 11 23:04:35.129 2016] 494, 1304, 735, 2555
[Fri Nov 11 23:04:35.234 2016] 494, 1304, 735, 2556
[Fri Nov 11 23:04:35.337 2016] 494, 1304, 735, 2556
[Fri Nov 11 23:04:35.443 2016] 494, 1304, 735, 2556
[Fri Nov 11 23:04:35.546 2016] 494, 1304, 735, 2556
[Fri Nov 11 23:04:35.648 2016] 494, 1304, 735, 2557
[Fri Nov 11 23:04:35.749 2016] 494, 1304, 735, 2557
[Fri Nov 11 23:04:35.856 2016] 494, 1305, 735, 2557
[Fri Nov 11 23:04:35.956 2016] 494, 1305, 736, 2557
[Fri Nov 11 23:04:36.061 2016] 494, 1305, 736, 2557
[Fri Nov 11 23:04:36.162 2016] 494, 1304, 735, 2557
[Fri Nov 11 23:04:36.266 2016] 494, 1304, 735, 2557
[Fri Nov 11 23:04:36.369 2016] 494, 1304, 735, 2557
[Fri Nov 11 23:04:36.474 2016] 494, 1305, 735, 2557
[Fri Nov 11 23:04:36.580 2016] 494, 1305, 736, 2557
[Fri Nov 11 23:04:36.681 2016] 494, 1305, 736, 2558
[Fri Nov 11 23:04:36.790 2016] 494, 1305, 736, 2557
[Fri Nov 11 23:04:36.887 2016] 494, 1305, 735, 2557
[Fri Nov 11 23:04:36.992 2016] 494, 1305, 735, 2557
[Fri Nov 11 23:04:37.092 2016] 494, 1305, 736, 2558
[Fri Nov 11 23:04:37.195 2016] 494, 1305, 736, 2557
[Fri Nov 11 23:04:37.300 2016] 494, 1305, 736, 2557
[Fri Nov 11 23:04:37.402 2016] 494, 1305, 736, 2557
[Fri Nov 11 23:04:37.506 2016] 494, 1305, 735, 2557
[Fri Nov 11 23:04:37.609 2016] 494, 1305, 735, 2557
[Fri Nov 11 23:04:37.711 2016] 494, 1305, 736, 2558
[Fri Nov 11 23:04:37.815 2016] 494, 1305, 736, 2558
[Fri Nov 11 23:04:37.920 2016] 494, 1306, 736, 2559
[Fri Nov 11 23:04:38.024 2016] 494, 1305, 735, 2557
[Fri Nov 11 23:04:38.128 2016] 494, 1305, 735, 2557
[Fri Nov 11 23:04:38.231 2016] 494, 1305, 735, 2557
[Fri Nov 11 23:04:38.334 2016] 494, 1305, 735, 2557
[Fri Nov 11 23:04:38.438 2016] 494, 1305, 735, 2557
[Fri Nov 11 23:04:38.541 2016] 494, 1305, 735, 2557
[Fri Nov 11 23:04:38.644 2016] 494, 1305, 735, 2557
[Fri Nov 11 23:04:38.748 2016] 494, 1305, 735, 2557
[Fri Nov 11 23:04:38.851 2016] 494, 1305, 735, 2557
[Fri Nov 11 23:04:38.956 2016] 494, 1305, 735, 2557
[Fri Nov 11 23:04:39.057 2016] 494, 1305, 736, 2557
[Fri Nov 11 23:04:39.159 2016] 494, 1305, 735, 2557
[Fri Nov 11 23:04:39.263 2016] 494, 1305, 735, 2557
[Fri Nov 11 23:04:39.369 2016] 494, 1305, 735, 2557
[Fri Nov 11 23:04:39.471 2016] 494, 1305, 735, 2557
[Fri Nov 11 23:04:39.573 2016] 494, 1305, 735, 2557
[Fri Nov 11 23:04:39.677 2016] 494, 1304, 735, 2557
[Fri Nov 11 23:04:39.780 2016] 494, 1304, 735, 2557
[Fri Nov 11 23:04:39.883 2016] 494, 1305, 735, 2557
[Fri Nov 11 23:04:39.987 2016] 494, 1305, 736, 2557
[Fri Nov 11 23:04:40.093 2016] 494, 1305, 735, 2557
[Fri Nov 11 23:04:40.193 2016] 494, 1305, 736, 2557
[Fri Nov 11 23:04:40.300 2016] 494, 1305, 736, 2557
[Fri Nov 11 23:04:40.402 2016] 494, 1305, 736, 2557
[Fri Nov 11 23:04:40.508 2016] 494, 1305, 736, 2557
[Fri Nov 11 23:04:40.608 2016] 494, 1305, 735, 2557
[Fri Nov 11 23:04:40.713 2016] 494, 1305, 735, 2557
[Fri Nov 11 23:04:40.816 2016] 494, 1305, 735, 2557
[Fri Nov 11 23:04:40.919 2016] 494, 1305, 736, 2557
[Fri Nov 11 23:04:41.021 2016] 494, 1305, 736, 2557
[Fri Nov 11 23:04:41.124 2016] 494, 1305, 736, 2557
[Fri Nov 11 23:04:41.230 2016] 494, 1305, 736, 2558
[Fri Nov 11 23:04:41.331 2016] 494, 1305, 736, 2557
[Fri Nov 11 23:04:41.433 2016] 494, 1305, 736, 2557
[Fri Nov 11 23:04:41.539 2016] 494, 1305, 736, 2557
[Fri Nov 11 23:04:41.640 2016] 494, 1305, 736, 2557
[Fri Nov 11 23:04:41.744 2016] 494, 1305, 735, 2557
[Fri Nov 11 23:04:41.849 2016] 494, 1305, 736, 2558
[Fri Nov 11 23:04:41.949 2016] 494, 1305, 736, 2558
[Fri Nov 11 23:04:42.053 2016] 494, 1305, 736, 2558
[Fri Nov 11 23:04:42.157 2016] 494, 1305, 736, 2558
[Fri Nov 11 23:04:42.260 2016] 494, 1305, 736, 2558
[Fri Nov 11 23:04:42.363 2016] 494, 1305, 736, 2558
[Fri Nov 11 23:04:42.466 2016] 494, 1305, 736, 2558
[Fri Nov 11 23:04:42.570 2016] 494, 1305, 736, 2558
[Fri Nov 11 23:04:42.674 2016] 494, 1305, 736, 2558
[Fri Nov 11 23:04:42.776 2016] 494, 1305, 736, 2557
[Fri Nov 11 23:04:42.879 2016] 494, 1305, 736, 2558
[Fri Nov 11 23:04:42.983 2016] 494, 1305, 736, 2558
[Fri Nov 11 23:04:43.086 2016] 494, 1305, 736, 2558
[Fri Nov 11 23:04:43.189 2016] 494, 1305, 736, 2557
[Fri Nov 11 23:04:43.295 2016] 494, 1305, 736, 2558
[Fri Nov 11 23:04:43.396 2016] 494, 1305, 736, 2558
[Fri Nov 11 23:04:43.501 2016] 494, 1305, 736, 2558
[Fri Nov 11 23:04:43.603 2016] 494, 1305, 736, 2557
[Fri Nov 11 23:04:43.708 2016] 494, 1305, 736, 2558
[Fri Nov 11 23:04:43.811 2016] 494, 1305, 736, 2558
[Fri Nov 11 23:04:43.913 2016] 494, 1305, 736, 2557
[Fri Nov 11 23:04:44.019 2016] 494, 1305, 736, 2558
[Fri Nov 11 23:04:44.121 2016] 494, 1305, 736, 2558
[Fri Nov 11 23:04:44.224 2016] 494, 1305, 736, 2558
[Fri Nov 11 23:04:44.328 2016] 494, 1305, 736, 2557
[Fri Nov 11 23:04:44.431 2016] 494, 1305, 736, 2557
[Fri Nov 11 23:04:44.535 2016] 494, 1305, 736, 2558
[Fri Nov 11 23:04:44.638 2016] 494, 1305, 735, 2557
[Fri Nov 11 23:04:44.742 2016] 494, 1305, 735, 2557
[Fri Nov 11 23:04:44.845 2016] 494, 1305, 736, 2557
[Fri Nov 11 23:04:44.947 2016] 494, 1305, 735, 2557
[Fri Nov 11 23:04:45.049 2016] 494, 1305, 736, 2557
[Fri Nov 11 23:04:45.155 2016] 494, 1305, 736, 2558
[Fri Nov 11 23:04:45.258 2016] 494, 1305, 736, 2557
[Fri Nov 11 23:04:45.362 2016] 494, 1305, 736, 2557
[Fri Nov 11 23:04:45.465 2016] 494, 1305, 736, 2558
[Fri Nov 11 23:04:45.567 2016] 494, 1305, 736, 2557
[Fri Nov 11 23:04:45.671 2016] 494, 1305, 736, 2558
[Fri Nov 11 23:04:45.774 2016] 494, 1305, 736, 2558
[Fri Nov 11 23:04:45.879 2016] 494, 1305, 736, 2558
[Fri Nov 11 23:04:45.981 2016] 494, 1305, 736, 2558
[Fri Nov 11 23:04:46.086 2016] 494, 1305, 736, 2558
[Fri Nov 11 23:04:46.189 2016] 494, 1305, 736, 2558
[Fri Nov 11 23:04:46.290 2016] 494, 1305, 736, 2558
[Fri Nov 11 23:04:46.394 2016] 494, 1305, 736, 2558
[Fri Nov 11 23:04:46.496 2016] 494, 1305, 736, 2558
[Fri Nov 11 23:04:46.602 2016] 494, 1305, 736, 2558
[Fri Nov 11 23:04:46.703 2016] 494, 1305, 736, 2558
[Fri Nov 11 23:04:46.807 2016] 494, 1305, 736, 2558
[Fri Nov 11 23:04:46.913 2016] 494, 1305, 736, 2558
[Fri Nov 11 23:04:47.014 2016] 494, 1305, 736, 2558
[Fri Nov 11 23:04:47.118 2016] 494, 1305, 736, 2558
[Fri Nov 11 23:04:47.222 2016] 494, 1305, 736, 2558
[Fri Nov 11 23:04:47.324 2016] 494, 1305, 736, 2558
[Fri Nov 11 23:04:47.427 2016] 494, 1305, 736, 2558
[Fri Nov 11 23:04:47.529 2016] 494, 1305, 736, 2558
[Fri Nov 11 23:04:47.634 2016] 494, 1305, 736, 2558
[Fri Nov 11 23:04:47.736 2016] 494, 1305, 736, 2558
[Fri Nov 11 23:04:47.840 2016] 494, 1305, 736, 2558
[Fri Nov 11 23:04:47.943 2016] 494, 1305, 736, 2558
[Fri Nov 11 23:04:48.047 2016] 494, 1305, 736, 2558
[Fri Nov 11 23:04:48.151 2016] 494, 1305, 736, 2558
[Fri Nov 11 23:04:48.254 2016] 494, 1305, 736, 2558
[Fri Nov 11 23:04:48.358 2016] 494, 1305, 736, 2558
[Fri Nov 11 23:04:48.462 2016] 494, 1305, 736, 2558
[Fri Nov 11 23:04:48.563 2016] 494, 1305, 736, 2558
[Fri Nov 11 23:04:48.668 2016] 494, 1305, 736, 2557
[Fri Nov 11 23:04:48.770 2016] 494, 1305, 736, 2557
[Fri Nov 11 23:04:48.873 2016] 494, 1305, 736, 2557
[Fri Nov 11 23:04:48.979 2016] 494, 1305, 736, 2558
[Fri Nov 11 23:04:49.081 2016] 494, 1305, 736, 2557
[Fri Nov 11 23:04:49.183 2016] 494, 1305, 736, 2557
[Fri Nov 11 23:04:49.286 2016] 494, 1305, 736, 2557
[Fri Nov 11 23:04:49.390 2016] 494, 1305, 736, 2558
[Fri Nov 11 23:04:49.493 2016] 494, 1305, 736, 2558
[Fri Nov 11 23:04:49.596 2016] 494, 1305, 736, 2558
[Fri Nov 11 23:04:49.699 2016] 494, 1305, 736, 2558
[Fri Nov 11 23:04:49.803 2016] 494, 1305, 736, 2558
[Fri Nov 11 23:04:49.906 2016] 494, 1305, 736, 2558
[Fri Nov 11 23:04:50.011 2016] 494, 1305, 736, 2558
[Fri Nov 11 23:04:50.114 2016] 494, 1305, 736, 2558
[Fri Nov 11 23:04:50.217 2016] 494, 1305, 736, 2558
[Fri Nov 11 23:04:50.320 2016] 494, 1305, 736, 2558
[Fri Nov 11 23:04:50.425 2016] 494, 1305, 736, 2558
[Fri Nov 11 23:04:50.529 2016] 494, 1305, 736, 2558
[Fri Nov 11 23:04:50.631 2016] 494, 1305, 736, 2558
[Fri Nov 11 23:04:50.734 2016] 494, 1305, 736, 2558
[Fri Nov 11 23:04:50.836 2016] 494, 1305, 736, 2558
[Fri Nov 11 23:04:50.939 2016] 494, 1305, 736, 2558
[Fri Nov 11 23:04:51.045 2016] 494, 1305, 736, 2558
[Fri Nov 11 23:04:51.148 2016] 494, 1305, 736, 2558
[Fri Nov 11 23:04:51.252 2016] 494, 1305, 736, 2558
[Fri Nov 11 23:04:51.354 2016] 494, 1305, 736, 2558
[Fri Nov 11 23:04:51.457 2016] 494, 1305, 736, 2558
[Fri Nov 11 23:04:51.562 2016] 494, 1305, 736, 2558
[Fri Nov 11 23:04:51.665 2016] 494, 1305, 736, 2558
[Fri Nov 11 23:04:51.768 2016] 494, 1305, 736, 2558
[Fri Nov 11 23:04:51.873 2016] 494, 1305, 736, 2558
[Fri Nov 11 23:04:51.977 2016] 494, 1305, 736, 2558
[Fri Nov 11 23:04:52.080 2016] 494, 1305, 736, 2558
[Fri Nov 11 23:04:52.182 2016] 494, 1305, 736, 2558
[Fri Nov 11 23:04:52.285 2016] 494, 1305, 736, 2558
[Fri Nov 11 23:04:52.390 2016] 494, 1305, 736, 2558
[Fri Nov 11 23:04:52.492 2016] 494, 1305, 736, 2558
[Fri Nov 11 23:04:52.596 2016] 494, 1305, 736, 2558
[Fri Nov 11 23:04:52.702 2016] 494, 1305, 736, 2558
[Fri Nov 11 23:04:52.802 2016] 494, 1305, 736, 2558
[Fri Nov 11 23:04:52.905 2016] 494, 1305, 736, 2558
[Fri Nov 11 23:04:53.008 2016] 494, 1305, 736, 2558
[Fri Nov 11 23:04:53.112 2016] 494, 1305, 736, 2558
[Fri Nov 11 23:04:53.214 2016] 494, 1305, 736, 2558
[Fri Nov 11 23:04:53.317 2016] 494, 1305, 736, 2558
[Fri Nov 11 23:04:53.425 2016] 494, 1305, 736, 2558
[Fri Nov 11 23:04:53.525 2016] 494, 1305, 736, 2558
[Fri Nov 11 23:04:53.627 2016] 494, 1305, 736, 2558
[Fri Nov 11 23:04:53.729 2016] 494, 1305, 736, 2558
[Fri Nov 11 23:04:53.833 2016] 494, 1305, 736, 2558
[Fri Nov 11 23:04:53.937 2016] 494, 1305, 736, 2558
[Fri Nov 11 23:04:54.044 2016] 494, 1305, 736, 2558
[Fri Nov 11 23:04:54.144 2016] 494, 1305, 736, 2558
[Fri Nov 11 23:04:54.246 2016] 494, 1305, 736, 2558
[Fri Nov 11 23:04:54.349 2016] 494, 1305, 736, 2558
[Fri Nov 11 23:04:54.453 2016] 494, 1305, 736, 2558
[Fri Nov 11 23:04:54.556 2016] 494, 1305, 736, 2558
[Fri Nov 11 23:04:54.659 2016] 494, 1305, 736, 2558
[Fri Nov 11 23:04:54.763 2016] 494, 1305, 736, 2558
[Fri Nov 11 23:04:54.866 2016] 494, 1305, 736, 2558
[Fri Nov 11 23:04:54.970 2016] 494, 1305, 736, 2558
[Fri Nov 11 23:04:55.073 2016] 494, 1305, 736, 2558
[Fri Nov 11 23:04:55.176 2016] 494, 1305, 736, 2558
[Fri Nov 11 23:04:55.279 2016] 494, 1305, 736, 2558
[Fri Nov 11 23:04:55.383 2016] 494, 1305, 736, 2558
[Fri Nov 11 23:04:55.486 2016] 494, 1305, 736, 2558
[Fri Nov 11 23:04:55.589 2016] 494, 1305, 736, 2558
[Fri Nov 11 23:04:55.693 2016] 494, 1305, 736, 2558
[Fri Nov 11 23:04:55.797 2016] 494, 1305, 736, 2558
[Fri Nov 11 23:04:55.900 2016] 494, 1305, 736, 2558
[Fri Nov 11 23:04:56.004 2016] 494, 1305, 736, 2558
[Fri Nov 11 23:04:56.107 2016] 494, 1305, 736, 2558
[Fri Nov 11 23:04:56.211 2016] 494, 1305, 736, 2558
[Fri Nov 11 23:04:56.313 2016] 494, 1305, 736, 2558
[Fri Nov 11 23:04:56.417 2016] 494, 1305, 736, 2558
[Fri Nov 11 23:04:56.520 2016] 494, 1305, 736, 2558
[Fri Nov 11 23:04:56.625 2016] 494, 1305, 736, 2558
[Fri Nov 11 23:04:56.729 2016] 494, 1305, 736, 2558
[Fri Nov 11 23:04:56.830 2016] 494, 1305, 736, 2557
[Fri Nov 11 23:04:56.935 2016] 494, 1305, 736, 2558
[Fri Nov 11 23:04:57.041 2016] 494, 1305, 736, 2558
[Fri Nov 11 23:04:57.142 2016] 494, 1305, 736, 2558
[Fri Nov 11 23:04:57.246 2016] 494, 1305, 736, 2559
[Fri Nov 11 23:04:57.348 2016] 494, 1305, 736, 2559
[Fri Nov 11 23:04:57.451 2016] 494, 1306, 736, 2559
[Fri Nov 11 23:04:57.555 2016] 494, 1306, 736, 2559
[Fri Nov 11 23:04:57.658 2016] 495, 1306, 736, 2560
[Fri Nov 11 23:04:57.765 2016] 494, 1306, 736, 2559
[Fri Nov 11 23:04:57.865 2016] 494, 1305, 736, 2558
[Fri Nov 11 23:04:57.970 2016] 494, 1305, 736, 2558
[Fri Nov 11 23:04:58.072 2016] 494, 1304, 735, 2557
[Fri Nov 11 23:04:58.175 2016] 494, 1304, 735, 2557
[Fri Nov 11 23:04:58.280 2016] 494, 1304, 735, 2557
[Fri Nov 11 23:04:58.383 2016] 494, 1305, 736, 2557
[Fri Nov 11 23:04:58.488 2016] 494, 1305, 736, 2558
[Fri Nov 11 23:04:58.589 2016] 494, 1305, 736, 2558
[Fri Nov 11 23:04:58.691 2016] 494, 1305, 736, 2558
[Fri Nov 11 23:04:58.794 2016] 494, 1305, 736, 2559
[Fri Nov 11 23:04:58.900 2016] 494, 1306, 736, 2559
[Fri Nov 11 23:04:59.001 2016] 495, 1306, 736, 2559
[Fri Nov 11 23:04:59.105 2016] 495, 1306, 736, 2559
[Fri Nov 11 23:04:59.209 2016] 495, 1306, 736, 2559
[Fri Nov 11 23:04:59.313 2016] 495, 1306, 736, 2559
[Fri Nov 11 23:04:59.416 2016] 494, 1305, 736, 2559
[Fri Nov 11 23:04:59.518 2016] 494, 1305, 736, 2559
[Fri Nov 11 23:04:59.620 2016] 494, 1305, 736, 2558
[Fri Nov 11 23:04:59.723 2016] 494, 1305, 736, 2558
[Fri Nov 11 23:04:59.829 2016] 494, 1305, 736, 2558
[Fri Nov 11 23:04:59.932 2016] 494, 1305, 736, 2558
[Fri Nov 11 23:05:00.036 2016] 494, 1305, 736, 2558
[Fri Nov 11 23:05:00.137 2016] 494, 1305, 736, 2558
[Fri Nov 11 23:05:00.240 2016] 494, 1305, 736, 2558
[Fri Nov 11 23:05:00.346 2016] 494, 1305, 736, 2558
[Fri Nov 11 23:05:00.448 2016] 494, 1305, 736, 2558
[Fri Nov 11 23:05:00.552 2016] 494, 1305, 736, 2558
[Fri Nov 11 23:05:00.655 2016] 494, 1305, 736, 2558
[Fri Nov 11 23:05:00.756 2016] 494, 1305, 736, 2557
[Fri Nov 11 23:05:00.860 2016] 494, 1305, 736, 2557
[Fri Nov 11 23:05:00.963 2016] 494, 1305, 736, 2558
[Fri Nov 11 23:05:01.067 2016] 494, 1305, 736, 2558
[Fri Nov 11 23:05:01.170 2016] 494, 1305, 736, 2558
[Fri Nov 11 23:05:01.275 2016] 494, 1305, 736, 2557
[Fri Nov 11 23:05:01.379 2016] 494, 1305, 736, 2558
[Fri Nov 11 23:05:01.482 2016] 494, 1305, 736, 2557
[Fri Nov 11 23:05:01.585 2016] 494, 1305, 735, 2557
[Fri Nov 11 23:05:01.687 2016] 494, 1305, 736, 2557
[Fri Nov 11 23:05:01.792 2016] 494, 1305, 735, 2557
[Fri Nov 11 23:05:01.894 2016] 494, 1305, 735, 2557
[Fri Nov 11 23:05:02.000 2016] 494, 1305, 735, 2557
[Fri Nov 11 23:05:02.101 2016] 494, 1305, 735, 2557
[Fri Nov 11 23:05:02.205 2016] 494, 1305, 735, 2557
[Fri Nov 11 23:05:02.308 2016] 494, 1305, 735, 2557
[Fri Nov 11 23:05:02.413 2016] 494, 1305, 735, 2557
[Fri Nov 11 23:05:02.515 2016] 494, 1305, 735, 2557
[Fri Nov 11 23:05:02.618 2016] 494, 1305, 735, 2557
[Fri Nov 11 23:05:02.722 2016] 494, 1305, 735, 2557
[Fri Nov 11 23:05:02.826 2016] 494, 1305, 736, 2557
[Fri Nov 11 23:05:02.929 2016] 494, 1305, 736, 2557
[Fri Nov 11 23:05:03.032 2016] 494, 1305, 735, 2557
[Fri Nov 11 23:05:03.134 2016] 494, 1305, 736, 2557
[Fri Nov 11 23:05:03.239 2016] 494, 1305, 735, 2557
[Fri Nov 11 23:05:03.344 2016] 494, 1305, 736, 2557
[Fri Nov 11 23:05:03.448 2016] 494, 1305, 735, 2557
[Fri Nov 11 23:05:03.549 2016] 494, 1305, 735, 2557
[Fri Nov 11 23:05:03.653 2016] 494, 1305, 735, 2557
[Fri Nov 11 23:05:03.753 2016] 494, 1305, 735, 2557
[Fri Nov 11 23:05:03.857 2016] 494, 1305, 735, 2557
[Fri Nov 11 23:05:03.960 2016] 494, 1305, 736, 2557
[Fri Nov 11 23:05:04.064 2016] 494, 1305, 735, 2557
[Fri Nov 11 23:05:04.169 2016] 494, 1305, 735, 2557
[Fri Nov 11 23:05:04.272 2016] 494, 1305, 735, 2557
[Fri Nov 11 23:05:04.375 2016] 494, 1305, 736, 2557
[Fri Nov 11 23:05:04.481 2016] 494, 1305, 736, 2557
[Fri Nov 11 23:05:04.583 2016] 494, 1305, 736, 2558
[Fri Nov 11 23:05:04.688 2016] 494, 1305, 736, 2558
[Fri Nov 11 23:05:04.789 2016] 494, 1305, 736, 2558
[Fri Nov 11 23:05:04.892 2016] 494, 1305, 736, 2557
[Fri Nov 11 23:05:04.995 2016] 494, 1305, 736, 2558
[Fri Nov 11 23:05:05.099 2016] 494, 1305, 736, 2558
[Fri Nov 11 23:05:05.203 2016] 494, 1305, 736, 2558
[Fri Nov 11 23:05:05.304 2016] 494, 1305, 736, 2558
[Fri Nov 11 23:05:05.409 2016] 494, 1305, 736, 2558
[Fri Nov 11 23:05:05.512 2016] 494, 1305, 736, 2558
[Fri Nov 11 23:05:05.615 2016] 494, 1305, 736, 2558
[Fri Nov 11 23:05:05.717 2016] 494, 1305, 736, 2558
[Fri Nov 11 23:05:05.822 2016] 494, 1305, 736, 2558
[Fri Nov 11 23:05:05.925 2016] 494, 1305, 736, 2558
[Fri Nov 11 23:05:06.028 2016] 494, 1305, 736, 2558
[Fri Nov 11 23:05:06.133 2016] 494, 1305, 736, 2558
[Fri Nov 11 23:05:06.235 2016] 494, 1305, 736, 2558
[Fri Nov 11 23:05:06.339 2016] 494, 1305, 736, 2558
[Fri Nov 11 23:05:06.442 2016] 494, 1305, 736, 2559
[Fri Nov 11 23:05:06.544 2016] 494, 1305, 736, 2558
[Fri Nov 11 23:05:06.649 2016] 494, 1305, 736, 2558
[Fri Nov 11 23:05:06.751 2016] 494, 1305, 736, 2558
[Fri Nov 11 23:05:06.855 2016] 494, 1305, 736, 2558
[Fri Nov 11 23:05:06.958 2016] 494, 1305, 736, 2558
[Fri Nov 11 23:05:07.061 2016] 494, 1305, 736, 2558
[Fri Nov 11 23:05:07.164 2016] 494, 1305, 736, 2558
[Fri Nov 11 23:05:07.269 2016] 494, 1305, 736, 2558
[Fri Nov 11 23:05:07.372 2016] 494, 1305, 736, 2558
[Fri Nov 11 23:05:07.477 2016] 494, 1305, 736, 2558
[Fri Nov 11 23:05:07.578 2016] 494, 1305, 736, 2558
[Fri Nov 11 23:05:07.681 2016] 494, 1305, 736, 2558
[Fri Nov 11 23:05:07.786 2016] 494, 1305, 736, 2558
[Fri Nov 11 23:05:07.888 2016] 494, 1305, 736, 2558
[Fri Nov 11 23:05:07.990 2016] 494, 1305, 736, 2558
[Fri Nov 11 23:05:08.096 2016] 494, 1305, 736, 2558
[Fri Nov 11 23:05:08.202 2016] 494, 1305, 736, 2558
[Fri Nov 11 23:05:08.301 2016] 494, 1305, 736, 2558
[Fri Nov 11 23:05:08.406 2016] 494, 1305, 736, 2558
[Fri Nov 11 23:05:08.508 2016] 494, 1305, 736, 2558
[Fri Nov 11 23:05:08.610 2016] 494, 1305, 736, 2558
[Fri Nov 11 23:05:08.714 2016] 494, 1305, 736, 2558
[Fri Nov 11 23:05:08.817 2016] 494, 1305, 736, 2558
[Fri Nov 11 23:05:08.922 2016] 494, 1305, 736, 2558
[Fri Nov 11 23:05:09.025 2016] 494, 1305, 736, 2558
[Fri Nov 11 23:05:09.128 2016] 494, 1305, 736, 2558
[Fri Nov 11 23:05:09.231 2016] 494, 1305, 736, 2558
[Fri Nov 11 23:05:09.335 2016] 494, 1305, 736, 2558
[Fri Nov 11 23:05:09.441 2016] 494, 1305, 736, 2558
[Fri Nov 11 23:05:09.542 2016] 494, 1305, 736, 2558
[Fri Nov 11 23:05:09.644 2016] 494, 1305, 736, 2558
[Fri Nov 11 23:05:09.747 2016] 494, 1305, 736, 2558
[Fri Nov 11 23:05:09.851 2016] 494, 1305, 736, 2558
[Fri Nov 11 23:05:09.954 2016] 494, 1305, 736, 2558
[Fri Nov 11 23:05:10.057 2016] 494, 1305, 736, 2558
[Fri Nov 11 23:05:10.161 2016] 494, 1305, 736, 2558
[Fri Nov 11 23:05:10.266 2016] 494, 1305, 736, 2558
[Fri Nov 11 23:05:10.369 2016] 494, 1305, 736, 2558
[Fri Nov 11 23:05:10.472 2016] 494, 1305, 736, 2558
[Fri Nov 11 23:05:10.576 2016] 494, 1305, 736, 2558
[Fri Nov 11 23:05:10.679 2016] 494, 1305, 736, 2558
[Fri Nov 11 23:05:10.780 2016] 494, 1305, 736, 2558
[Fri Nov 11 23:05:10.886 2016] 494, 1305, 736, 2558
[Fri Nov 11 23:05:10.988 2016] 494, 1305, 736, 2558
[Fri Nov 11 23:05:11.092 2016] 494, 1305, 736, 2558
[Fri Nov 11 23:05:11.196 2016] 494, 1305, 736, 2558
[Fri Nov 11 23:05:11.298 2016] 494, 1305, 736, 2558
[Fri Nov 11 23:05:11.405 2016] 494, 1305, 736, 2558
[Fri Nov 11 23:05:11.507 2016] 494, 1305, 736, 2558
[Fri Nov 11 23:05:11.610 2016] 494, 1305, 736, 2558
[Fri Nov 11 23:05:11.712 2016] 494, 1305, 736, 2558
[Fri Nov 11 23:05:11.816 2016] 494, 1305, 736, 2558
[Fri Nov 11 23:05:11.921 2016] 494, 1305, 736, 2558
[Fri Nov 11 23:05:12.024 2016] 494, 1305, 736, 2558
[Fri Nov 11 23:05:12.128 2016] 494, 1305, 736, 2558
[Fri Nov 11 23:05:12.229 2016] 494, 1305, 736, 2558
[Fri Nov 11 23:05:12.333 2016] 494, 1305, 736, 2558
[Fri Nov 11 23:05:12.437 2016] 494, 1305, 736, 2558
[Fri Nov 11 23:05:12.539 2016] 494, 1305, 736, 2558
[Fri Nov 11 23:05:12.641 2016] 494, 1305, 736, 2558
[Fri Nov 11 23:05:12.745 2016] 494, 1305, 736, 2558
[Fri Nov 11 23:05:12.847 2016] 494, 1305, 736, 2558
[Fri Nov 11 23:05:12.955 2016] 494, 1305, 736, 2558
[Fri Nov 11 23:05:13.053 2016] 494, 1305, 736, 2558
[Fri Nov 11 23:05:13.157 2016] 494, 1305, 736, 2558
[Fri Nov 11 23:05:13.263 2016] 494, 1305, 736, 2558
[Fri Nov 11 23:05:13.367 2016] 494, 1305, 736, 2558
[Fri Nov 11 23:05:13.469 2016] 494, 1305, 736, 2558
[Fri Nov 11 23:05:13.572 2016] 494, 1305, 736, 2558
[Fri Nov 11 23:05:13.674 2016] 494, 1305, 736, 2558
[Fri Nov 11 23:05:13.779 2016] 494, 1305, 736, 2558
[Fri Nov 11 23:05:13.882 2016] 494, 1305, 736, 2558
[Fri Nov 11 23:05:13.984 2016] 494, 1305, 736, 2558
[Fri Nov 11 23:05:14.089 2016] 494, 1305, 736, 2558
[Fri Nov 11 23:05:14.193 2016] 494, 1305, 736, 2558
[Fri Nov 11 23:05:14.296 2016] 494, 1305, 736, 2558
[Fri Nov 11 23:05:14.399 2016] 494, 1305, 736, 2558
[Fri Nov 11 23:05:14.503 2016] 494, 1305, 736, 2558
[Fri Nov 11 23:05:14.607 2016] 494, 1305, 736, 2558
[Fri Nov 11 23:05:14.708 2016] 494, 1305, 736, 2558
[Fri Nov 11 23:05:14.812 2016] 494, 1305, 736, 2558
[Fri Nov 11 23:05:14.916 2016] 494, 1305, 736, 2558
[Fri Nov 11 23:05:15.020 2016] 494, 1305, 736, 2558
[Fri Nov 11 23:05:15.122 2016] 494, 1305, 736, 2558
[Fri Nov 11 23:05:15.226 2016] 494, 1305, 736, 2558
[Fri Nov 11 23:05:15.327 2016] 494, 1305, 736, 2558
[Fri Nov 11 23:05:15.432 2016] 494, 1305, 736, 2558
[Fri Nov 11 23:05:15.536 2016] 494, 1305, 736, 2557
[Fri Nov 11 23:05:15.638 2016] 494, 1305, 736, 2558
[Fri Nov 11 23:05:15.742 2016] 494, 1305, 736, 2558
[Fri Nov 11 23:05:15.844 2016] 494, 1305, 736, 2558
[Fri Nov 11 23:05:15.948 2016] 494, 1305, 736, 2558
[Fri Nov 11 23:05:16.051 2016] 494, 1305, 736, 2558
[Fri Nov 11 23:05:16.155 2016] 494, 1305, 736, 2558
[Fri Nov 11 23:05:16.260 2016] 494, 1305, 736, 2558
[Fri Nov 11 23:05:16.364 2016] 494, 1305, 736, 2558
[Fri Nov 11 23:05:16.466 2016] 494, 1305, 736, 2558
[Fri Nov 11 23:05:16.571 2016] 494, 1305, 736, 2557
[Fri Nov 11 23:05:16.674 2016] 494, 1305, 736, 2558
[Fri Nov 11 23:05:16.776 2016] 494, 1305, 736, 2558
[Fri Nov 11 23:05:16.880 2016] 494, 1305, 736, 2558
[Fri Nov 11 23:05:16.983 2016] 494, 1305, 736, 2558
[Fri Nov 11 23:05:17.088 2016] 494, 1305, 736, 2558
[Fri Nov 11 23:05:17.190 2016] 494, 1305, 736, 2558
[Fri Nov 11 23:05:17.292 2016] 494, 1305, 736, 2558
[Fri Nov 11 23:05:17.397 2016] 494, 1305, 736, 2559
[Fri Nov 11 23:05:17.500 2016] 494, 1305, 736, 2559
[Fri Nov 11 23:05:17.605 2016] 494, 1305, 736, 2558
[Fri Nov 11 23:05:17.705 2016] 494, 1305, 736, 2558
[Fri Nov 11 23:05:17.810 2016] 494, 1305, 736, 2558
[Fri Nov 11 23:05:17.913 2016] 494, 1305, 736, 2558
[Fri Nov 11 23:05:18.016 2016] 494, 1305, 736, 2558
[Fri Nov 11 23:05:18.123 2016] 494, 1305, 736, 2558
[Fri Nov 11 23:05:18.224 2016] 494, 1305, 736, 2559
[Fri Nov 11 23:05:18.325 2016] 494, 1305, 736, 2558
[Fri Nov 11 23:05:18.428 2016] 494, 1305, 736, 2558
[Fri Nov 11 23:05:18.532 2016] 494, 1305, 736, 2558
[Fri Nov 11 23:05:18.636 2016] 494, 1305, 736, 2558
[Fri Nov 11 23:05:18.738 2016] 494, 1305, 736, 2558
[Fri Nov 11 23:05:18.840 2016] 494, 1305, 736, 2558
[Fri Nov 11 23:05:18.944 2016] 494, 1305, 736, 2558
[Fri Nov 11 23:05:19.047 2016] 494, 1305, 736, 2558
[Fri Nov 11 23:05:19.150 2016] 494, 1305, 736, 2558
[Fri Nov 11 23:05:19.253 2016] 494, 1305, 736, 2558
[Fri Nov 11 23:05:19.358 2016] 494, 1305, 736, 2558
[Fri Nov 11 23:05:19.463 2016] 494, 1305, 736, 2558
[Fri Nov 11 23:05:19.565 2016] 494, 1305, 736, 2558
[Fri Nov 11 23:05:19.666 2016] 494, 1305, 736, 2559
[Fri Nov 11 23:05:19.773 2016] 494, 1305, 736, 2558
[Fri Nov 11 23:05:19.874 2016] 494, 1305, 736, 2558
[Fri Nov 11 23:05:19.978 2016] 494, 1305, 736, 2558
[Fri Nov 11 23:05:20.082 2016] 494, 1305, 736, 2558
[Fri Nov 11 23:05:20.185 2016] 494, 1305, 736, 2558
[Fri Nov 11 23:05:20.288 2016] 494, 1305, 736, 2558
[Fri Nov 11 23:05:20.390 2016] 494, 1305, 736, 2558
[Fri Nov 11 23:05:20.496 2016] 494, 1305, 736, 2558
[Fri Nov 11 23:05:20.599 2016] 494, 1305, 736, 2558
[Fri Nov 11 23:05:20.703 2016] 494, 1305, 736, 2558
[Fri Nov 11 23:05:20.805 2016] 494, 1305, 736, 2558
[Fri Nov 11 23:05:20.908 2016] 494, 1305, 736, 2558
[Fri Nov 11 23:05:21.014 2016] 494, 1305, 736, 2558
[Fri Nov 11 23:05:21.114 2016] 494, 1305, 736, 2558
[Fri Nov 11 23:05:21.218 2016] 494, 1305, 736, 2558
[Fri Nov 11 23:05:21.324 2016] 494, 1305, 736, 2558
[Fri Nov 11 23:05:21.425 2016] 494, 1305, 736, 2558
[Fri Nov 11 23:05:21.529 2016] 494, 1305, 736, 2558
[Fri Nov 11 23:05:21.631 2016] 494, 1305, 736, 2558
[Fri Nov 11 23:05:21.735 2016] 494, 1305, 736, 2558
[Fri Nov 11 23:05:21.838 2016] 494, 1305, 736, 2559
[Fri Nov 11 23:05:21.939 2016] 494, 1305, 736, 2558
[Fri Nov 11 23:05:22.045 2016] 494, 1305, 736, 2558
[Fri Nov 11 23:05:22.147 2016] 494, 1305, 736, 2558
[Fri Nov 11 23:05:22.251 2016] 494, 1305, 736, 2558
[Fri Nov 11 23:05:22.354 2016] 494, 1305, 736, 2558
[Fri Nov 11 23:05:22.458 2016] 494, 1305, 736, 2558
[Fri Nov 11 23:05:22.562 2016] 494, 1305, 736, 2558
[Fri Nov 11 23:05:22.665 2016] 494, 1305, 736, 2558
[Fri Nov 11 23:05:22.770 2016] 494, 1305, 736, 2558
[Fri Nov 11 23:05:22.873 2016] 494, 1305, 736, 2558
[Fri Nov 11 23:05:22.975 2016] 494, 1305, 736, 2558
[Fri Nov 11 23:05:23.078 2016] 494, 1305, 736, 2558
[Fri Nov 11 23:05:23.183 2016] 494, 1305, 736, 2558
[Fri Nov 11 23:05:23.285 2016] 494, 1305, 736, 2558
[Fri Nov 11 23:05:23.389 2016] 494, 1305, 736, 2558
[Fri Nov 11 23:05:23.492 2016] 494, 1305, 736, 2558
[Fri Nov 11 23:05:23.595 2016] 494, 1305, 736, 2558
[Fri Nov 11 23:05:23.697 2016] 494, 1305, 736, 2558
[Fri Nov 11 23:05:23.801 2016] 494, 1305, 736, 2558
[Fri Nov 11 23:05:23.904 2016] 494, 1305, 736, 2558
[Fri Nov 11 23:05:24.007 2016] 494, 1305, 736, 2558
[Fri Nov 11 23:05:24.112 2016] 494, 1305, 736, 2558
[Fri Nov 11 23:05:24.215 2016] 494, 1305, 736, 2558
[Fri Nov 11 23:05:24.318 2016] 494, 1305, 736, 2558
[Fri Nov 11 23:05:24.422 2016] 494, 1305, 736, 2558
[Fri Nov 11 23:05:24.525 2016] 494, 1305, 736, 2558
[Fri Nov 11 23:05:24.629 2016] 494, 1305, 736, 2558
[Fri Nov 11 23:05:24.730 2016] 494, 1305, 736, 2558
[Fri Nov 11 23:05:24.833 2016] 494, 1305, 736, 2558
[Fri Nov 11 23:05:24.937 2016] 494, 1305, 736, 2558
[Fri Nov 11 23:05:25.041 2016] 494, 1305, 736, 2558
[Fri Nov 11 23:05:25.144 2016] 494, 1305, 736, 2558
[Fri Nov 11 23:05:25.247 2016] 494, 1305, 736, 2558
[Fri Nov 11 23:05:25.350 2016] 494, 1305, 736, 2559
[Fri Nov 11 23:05:25.456 2016] 494, 1305, 736, 2559
[Fri Nov 11 23:05:25.559 2016] 494, 1305, 736, 2559
[Fri Nov 11 23:05:25.660 2016] 494, 1305, 736, 2559
[Fri Nov 11 23:05:25.765 2016] 494, 1305, 736, 2558
[Fri Nov 11 23:05:25.869 2016] 494, 1305, 736, 2558
[Fri Nov 11 23:05:25.973 2016] 494, 1305, 736, 2558
[Fri Nov 11 23:05:26.076 2016] 494, 1305, 736, 2558
[Fri Nov 11 23:05:26.180 2016] 494, 1305, 736, 2558
[Fri Nov 11 23:05:26.282 2016] 494, 1305, 736, 2558
[Fri Nov 11 23:05:26.388 2016] 494, 1305, 736, 2558
[Fri Nov 11 23:05:26.489 2016] 494, 1305, 736, 2558
[Fri Nov 11 23:05:26.594 2016] 494, 1305, 736, 2559
[Fri Nov 11 23:05:26.697 2016] 494, 1305, 736, 2558
[Fri Nov 11 23:05:26.801 2016] 494, 1305, 736, 2558
[Fri Nov 11 23:05:26.904 2016] 494, 1305, 736, 2558
[Fri Nov 11 23:05:27.007 2016] 494, 1305, 736, 2558
[Fri Nov 11 23:05:27.109 2016] 494, 1305, 736, 2558
[Fri Nov 11 23:05:27.213 2016] 494, 1305, 736, 2558
[Fri Nov 11 23:05:27.316 2016] 494, 1305, 736, 2558
[Fri Nov 11 23:05:27.420 2016] 494, 1305, 736, 2558
[Fri Nov 11 23:05:27.524 2016] 494, 1305, 736, 2558
[Fri Nov 11 23:05:27.625 2016] 494, 1305, 736, 2558
[Fri Nov 11 23:05:27.726 2016] 494, 1305, 736, 2558
[Fri Nov 11 23:05:27.830 2016] 494, 1305, 736, 2558
[Fri Nov 11 23:05:27.934 2016] 494, 1305, 736, 2558
[Fri Nov 11 23:05:28.036 2016] 494, 1305, 736, 2558
[Fri Nov 11 23:05:28.140 2016] 494, 1305, 736, 2558
[Fri Nov 11 23:05:28.247 2016] 494, 1305, 736, 2558
[Fri Nov 11 23:05:28.349 2016] 494, 1305, 736, 2558
[Fri Nov 11 23:05:28.451 2016] 494, 1305, 736, 2558
[Fri Nov 11 23:05:28.555 2016] 494, 1305, 736, 2558
[Fri Nov 11 23:05:28.658 2016] 494, 1305, 736, 2558
[Fri Nov 11 23:05:28.761 2016] 494, 1305, 736, 2558
[Fri Nov 11 23:05:28.865 2016] 494, 1305, 736, 2558
[Fri Nov 11 23:05:28.969 2016] 494, 1305, 736, 2558
[Fri Nov 11 23:05:29.070 2016] 494, 1305, 736, 2558
[Fri Nov 11 23:05:29.175 2016] 494, 1305, 736, 2558
[Fri Nov 11 23:05:29.278 2016] 494, 1305, 736, 2559
[Fri Nov 11 23:05:29.382 2016] 494, 1305, 736, 2559
[Fri Nov 11 23:05:29.485 2016] 494, 1305, 736, 2558
[Fri Nov 11 23:05:29.587 2016] 494, 1305, 736, 2558
[Fri Nov 11 23:05:29.690 2016] 494, 1305, 736, 2558
[Fri Nov 11 23:05:29.795 2016] 494, 1305, 736, 2559
[Fri Nov 11 23:05:29.899 2016] 494, 1305, 736, 2559
[Fri Nov 11 23:05:30.001 2016] 494, 1305, 736, 2558
[Fri Nov 11 23:05:30.104 2016] 494, 1305, 736, 2559
[Fri Nov 11 23:05:30.207 2016] 494, 1305, 736, 2558
[Fri Nov 11 23:05:30.312 2016] 494, 1305, 736, 2559
[Fri Nov 11 23:05:30.413 2016] 494, 1305, 736, 2558
[Fri Nov 11 23:05:30.520 2016] 494, 1305, 736, 2558
[Fri Nov 11 23:05:30.622 2016] 494, 1305, 736, 2559
[Fri Nov 11 23:05:30.723 2016] 494, 1305, 736, 2558
[Fri Nov 11 23:05:30.828 2016] 494, 1305, 736, 2559
[Fri Nov 11 23:05:30.931 2016] 494, 1305, 736, 2559
[Fri Nov 11 23:05:31.034 2016] 494, 1305, 736, 2558
[Fri Nov 11 23:05:31.137 2016] 494, 1305, 736, 2559
[Fri Nov 11 23:05:31.241 2016] 494, 1305, 736, 2558
[Fri Nov 11 23:05:31.347 2016] 494, 1305, 736, 2558
[Fri Nov 11 23:05:31.451 2016] 494, 1305, 736, 2558
[Fri Nov 11 23:05:31.551 2016] 494, 1305, 736, 2558
[Fri Nov 11 23:05:31.655 2016] 494, 1305, 736, 2559
[Fri Nov 11 23:05:31.760 2016] 494, 1305, 736, 2559
[Fri Nov 11 23:05:31.864 2016] 494, 1305, 736, 2559
[Fri Nov 11 23:05:31.966 2016] 494, 1305, 736, 2559
[Fri Nov 11 23:05:32.069 2016] 494, 1305, 736, 2559
[Fri Nov 11 23:05:32.173 2016] 494, 1305, 736, 2559
[Fri Nov 11 23:05:32.277 2016] 494, 1305, 736, 2559
[Fri Nov 11 23:05:32.381 2016] 494, 1305, 736, 2559
[Fri Nov 11 23:05:32.486 2016] 494, 1305, 736, 2559
[Fri Nov 11 23:05:32.587 2016] 494, 1305, 736, 2559
[Fri Nov 11 23:05:32.690 2016] 494, 1305, 736, 2559
[Fri Nov 11 23:05:32.793 2016] 494, 1305, 736, 2559
[Fri Nov 11 23:05:32.896 2016] 494, 1305, 736, 2559
[Fri Nov 11 23:05:33.000 2016] 494, 1305, 736, 2559
[Fri Nov 11 23:05:33.104 2016] 494, 1305, 736, 2559
[Fri Nov 11 23:05:33.207 2016] 494, 1305, 736, 2559
[Fri Nov 11 23:05:33.309 2016] 494, 1305, 736, 2559
[Fri Nov 11 23:05:33.412 2016] 494, 1305, 736, 2559
[Fri Nov 11 23:05:33.517 2016] 494, 1305, 736, 2559
[Fri Nov 11 23:05:33.619 2016] 494, 1305, 736, 2558
[Fri Nov 11 23:05:33.722 2016] 494, 1305, 736, 2559
[Fri Nov 11 23:05:33.824 2016] 494, 1305, 736, 2559
[Fri Nov 11 23:05:33.927 2016] 494, 1305, 736, 2559
[Fri Nov 11 23:05:34.031 2016] 494, 1305, 736, 2558
[Fri Nov 11 23:05:34.134 2016] 494, 1305, 736, 2558
[Fri Nov 11 23:05:34.237 2016] 494, 1305, 736, 2558
[Fri Nov 11 23:05:34.340 2016] 494, 1305, 736, 2558
[Fri Nov 11 23:05:34.446 2016] 494, 1305, 736, 2558
[Fri Nov 11 23:05:34.548 2016] 494, 1305, 736, 2558
[Fri Nov 11 23:05:34.651 2016] 494, 1305, 736, 2559
[Fri Nov 11 23:05:34.754 2016] 494, 1305, 736, 2559
[Fri Nov 11 23:05:34.859 2016] 494, 1305, 736, 2559
[Fri Nov 11 23:05:34.961 2016] 494, 1305, 736, 2558
[Fri Nov 11 23:05:35.066 2016] 494, 1305, 736, 2559
[Fri Nov 11 23:05:35.170 2016] 494, 1305, 736, 2558
[Fri Nov 11 23:05:35.271 2016] 494, 1305, 736, 2558
[Fri Nov 11 23:05:35.376 2016] 494, 1305, 736, 2558
[Fri Nov 11 23:05:35.479 2016] 494, 1305, 736, 2559
[Fri Nov 11 23:05:35.583 2016] 494, 1305, 736, 2559
[Fri Nov 11 23:05:35.684 2016] 494, 1305, 736, 2559
[Fri Nov 11 23:05:35.789 2016] 494, 1305, 736, 2559
[Fri Nov 11 23:05:35.893 2016] 494, 1305, 736, 2559
[Fri Nov 11 23:05:35.994 2016] 494, 1305, 736, 2559
[Fri Nov 11 23:05:36.099 2016] 494, 1305, 736, 2559
[Fri Nov 11 23:05:36.201 2016] 494, 1305, 736, 2559
[Fri Nov 11 23:05:36.306 2016] 494, 1305, 736, 2559
[Fri Nov 11 23:05:36.410 2016] 494, 1305, 736, 2558
[Fri Nov 11 23:05:36.514 2016] 494, 1305, 736, 2559
[Fri Nov 11 23:05:36.617 2016] 494, 1305, 736, 2559
[Fri Nov 11 23:05:36.718 2016] 494, 1305, 736, 2559
[Fri Nov 11 23:05:36.821 2016] 494, 1305, 736, 2558
[Fri Nov 11 23:05:36.926 2016] 494, 1305, 736, 2558
[Fri Nov 11 23:05:37.028 2016] 494, 1305, 736, 2559
[Fri Nov 11 23:05:37.133 2016] 494, 1305, 736, 2559
[Fri Nov 11 23:05:37.235 2016] 494, 1305, 736, 2559
[Fri Nov 11 23:05:37.341 2016] 494, 1305, 736, 2559
[Fri Nov 11 23:05:37.443 2016] 494, 1305, 736, 2559
[Fri Nov 11 23:05:37.547 2016] 494, 1305, 736, 2559
[Fri Nov 11 23:05:37.649 2016] 494, 1305, 736, 2559
[Fri Nov 11 23:05:37.751 2016] 494, 1305, 736, 2558
[Fri Nov 11 23:05:37.856 2016] 494, 1305, 736, 2558
[Fri Nov 11 23:05:37.959 2016] 494, 1305, 736, 2558
[Fri Nov 11 23:05:38.065 2016] 494, 1305, 736, 2558
[Fri Nov 11 23:05:38.168 2016] 494, 1305, 736, 2558
[Fri Nov 11 23:05:38.271 2016] 494, 1305, 736, 2559
[Fri Nov 11 23:05:38.374 2016] 494, 1305, 736, 2559
[Fri Nov 11 23:05:38.478 2016] 494, 1305, 736, 2559
[Fri Nov 11 23:05:38.581 2016] 494, 1305, 736, 2559
[Fri Nov 11 23:05:38.684 2016] 494, 1305, 736, 2559
[Fri Nov 11 23:05:38.787 2016] 494, 1305, 736, 2559
[Fri Nov 11 23:05:38.891 2016] 494, 1305, 736, 2558
[Fri Nov 11 23:05:38.994 2016] 494, 1305, 736, 2559
[Fri Nov 11 23:05:39.099 2016] 494, 1305, 736, 2558
[Fri Nov 11 23:05:39.199 2016] 494, 1305, 736, 2558
[Fri Nov 11 23:05:39.302 2016] 494, 1305, 736, 2559
[Fri Nov 11 23:05:39.406 2016] 494, 1305, 736, 2558
[Fri Nov 11 23:05:39.509 2016] 494, 1305, 736, 2558
[Fri Nov 11 23:05:39.612 2016] 494, 1305, 736, 2559
[Fri Nov 11 23:05:39.715 2016] 494, 1305, 736, 2559
[Fri Nov 11 23:05:39.818 2016] 494, 1305, 736, 2558
[Fri Nov 11 23:05:39.924 2016] 494, 1305, 736, 2559
[Fri Nov 11 23:05:40.025 2016] 494, 1305, 736, 2559
[Fri Nov 11 23:05:40.128 2016] 494, 1305, 736, 2559
[Fri Nov 11 23:05:40.234 2016] 494, 1305, 736, 2559
[Fri Nov 11 23:05:40.336 2016] 494, 1305, 736, 2559
[Fri Nov 11 23:05:40.439 2016] 494, 1305, 736, 2558
[Fri Nov 11 23:05:40.543 2016] 494, 1305, 736, 2559
[Fri Nov 11 23:05:40.647 2016] 494, 1305, 736, 2559
[Fri Nov 11 23:05:40.748 2016] 494, 1305, 736, 2559
[Fri Nov 11 23:05:40.852 2016] 494, 1305, 736, 2559
[Fri Nov 11 23:05:40.955 2016] 494, 1305, 736, 2559
[Fri Nov 11 23:05:41.060 2016] 494, 1305, 736, 2559
[Fri Nov 11 23:05:41.162 2016] 494, 1305, 736, 2559
[Fri Nov 11 23:05:41.265 2016] 494, 1305, 736, 2559
[Fri Nov 11 23:05:41.370 2016] 494, 1305, 736, 2559
[Fri Nov 11 23:05:41.473 2016] 494, 1305, 736, 2559
[Fri Nov 11 23:05:41.577 2016] 494, 1305, 736, 2559
[Fri Nov 11 23:05:41.678 2016] 494, 1305, 736, 2559
[Fri Nov 11 23:05:41.783 2016] 494, 1305, 736, 2559
[Fri Nov 11 23:05:41.891 2016] 494, 1305, 736, 2558
[Fri Nov 11 23:05:41.990 2016] 494, 1305, 736, 2559
[Fri Nov 11 23:05:42.094 2016] 494, 1305, 736, 2559
[Fri Nov 11 23:05:42.199 2016] 494, 1305, 736, 2559
[Fri Nov 11 23:05:42.301 2016] 494, 1305, 736, 2559
[Fri Nov 11 23:05:42.404 2016] 494, 1305, 736, 2559
[Fri Nov 11 23:05:42.507 2016] 494, 1305, 736, 2559
[Fri Nov 11 23:05:42.611 2016] 494, 1305, 736, 2559
[Fri Nov 11 23:05:42.716 2016] 494, 1305, 736, 2559
[Fri Nov 11 23:05:42.815 2016] 494, 1305, 736, 2558
[Fri Nov 11 23:05:42.920 2016] 494, 1305, 736, 2558
[Fri Nov 11 23:05:43.022 2016] 494, 1305, 736, 2559
[Fri Nov 11 23:05:43.127 2016] 494, 1305, 736, 2559
[Fri Nov 11 23:05:43.231 2016] 494, 1305, 736, 2559
[Fri Nov 11 23:05:43.331 2016] 494, 1305, 736, 2559
[Fri Nov 11 23:05:43.437 2016] 494, 1305, 736, 2559
[Fri Nov 11 23:05:43.540 2016] 494, 1305, 736, 2559
[Fri Nov 11 23:05:43.643 2016] 494, 1305, 736, 2559
[Fri Nov 11 23:05:43.744 2016] 494, 1305, 736, 2559
[Fri Nov 11 23:05:43.849 2016] 494, 1305, 736, 2559
[Fri Nov 11 23:05:43.953 2016] 494, 1305, 736, 2559
[Fri Nov 11 23:05:44.055 2016] 494, 1305, 736, 2559
[Fri Nov 11 23:05:44.158 2016] 494, 1305, 736, 2559
[Fri Nov 11 23:05:44.262 2016] 494, 1305, 736, 2559
[Fri Nov 11 23:05:44.365 2016] 494, 1305, 736, 2558
[Fri Nov 11 23:05:44.469 2016] 494, 1305, 736, 2558
[Fri Nov 11 23:05:44.573 2016] 494, 1305, 736, 2558
[Fri Nov 11 23:05:44.676 2016] 494, 1305, 736, 2558
[Fri Nov 11 23:05:44.778 2016] 494, 1305, 736, 2558
[Fri Nov 11 23:05:44.884 2016] 494, 1305, 736, 2558
[Fri Nov 11 23:05:44.987 2016] 494, 1305, 736, 2559
[Fri Nov 11 23:05:45.091 2016] 494, 1305, 736, 2559
[Fri Nov 11 23:05:45.192 2016] 494, 1305, 736, 2559
[Fri Nov 11 23:05:45.295 2016] 494, 1305, 736, 2558
[Fri Nov 11 23:05:45.399 2016] 494, 1305, 736, 2559
[Fri Nov 11 23:05:45.502 2016] 494, 1305, 736, 2559
[Fri Nov 11 23:05:45.605 2016] 494, 1305, 736, 2558
[Fri Nov 11 23:05:45.708 2016] 494, 1305, 736, 2559
[Fri Nov 11 23:05:45.811 2016] 494, 1305, 736, 2559
[Fri Nov 11 23:05:45.914 2016] 494, 1305, 736, 2558
[Fri Nov 11 23:05:46.017 2016] 494, 1305, 736, 2559
[Fri Nov 11 23:05:46.121 2016] 494, 1305, 736, 2559
[Fri Nov 11 23:05:46.226 2016] 494, 1305, 736, 2559
[Fri Nov 11 23:05:46.330 2016] 494, 1305, 736, 2559
[Fri Nov 11 23:05:46.434 2016] 494, 1305, 736, 2558
[Fri Nov 11 23:05:46.537 2016] 494, 1305, 736, 2558
[Fri Nov 11 23:05:46.639 2016] 494, 1305, 736, 2558
[Fri Nov 11 23:05:46.742 2016] 494, 1305, 736, 2558
[Fri Nov 11 23:05:46.844 2016] 494, 1305, 736, 2558
[Fri Nov 11 23:05:46.950 2016] 494, 1305, 736, 2558
[Fri Nov 11 23:05:47.053 2016] 494, 1305, 736, 2559
[Fri Nov 11 23:05:47.156 2016] 494, 1305, 736, 2558
[Fri Nov 11 23:05:47.259 2016] 494, 1305, 736, 2558
[Fri Nov 11 23:05:47.364 2016] 494, 1305, 736, 2558
[Fri Nov 11 23:05:47.467 2016] 494, 1305, 736, 2559
[Fri Nov 11 23:05:47.570 2016] 494, 1305, 736, 2559
[Fri Nov 11 23:05:47.672 2016] 494, 1305, 736, 2559
[Fri Nov 11 23:05:47.778 2016] 494, 1305, 736, 2559
[Fri Nov 11 23:05:47.880 2016] 494, 1305, 736, 2559
[Fri Nov 11 23:05:47.982 2016] 494, 1305, 736, 2559
[Fri Nov 11 23:05:48.085 2016] 494, 1305, 736, 2559
[Fri Nov 11 23:05:48.189 2016] 494, 1305, 736, 2559
[Fri Nov 11 23:05:48.294 2016] 494, 1305, 736, 2559
[Fri Nov 11 23:05:48.398 2016] 494, 1305, 736, 2559
[Fri Nov 11 23:05:48.501 2016] 494, 1305, 736, 2559
[Fri Nov 11 23:05:48.607 2016] 494, 1305, 736, 2559
[Fri Nov 11 23:05:48.708 2016] 494, 1305, 736, 2559
[Fri Nov 11 23:05:48.810 2016] 494, 1305, 736, 2558
[Fri Nov 11 23:05:48.912 2016] 494, 1305, 736, 2559
[Fri Nov 11 23:05:49.016 2016] 494, 1305, 736, 2559
[Fri Nov 11 23:05:49.119 2016] 494, 1305, 736, 2559
[Fri Nov 11 23:05:49.222 2016] 494, 1305, 736, 2559
[Fri Nov 11 23:05:49.326 2016] 494, 1305, 736, 2559
[Fri Nov 11 23:05:49.430 2016] 494, 1305, 736, 2559
[Fri Nov 11 23:05:49.535 2016] 494, 1305, 736, 2559
[Fri Nov 11 23:05:49.636 2016] 494, 1305, 736, 2558
[Fri Nov 11 23:05:49.740 2016] 494, 1305, 736, 2559
[Fri Nov 11 23:05:49.843 2016] 495, 1305, 736, 2559
[Fri Nov 11 23:05:49.946 2016] 494, 1305, 736, 2559
[Fri Nov 11 23:05:50.051 2016] 494, 1305, 736, 2559
[Fri Nov 11 23:05:50.153 2016] 494, 1305, 736, 2558
[Fri Nov 11 23:05:50.257 2016] 494, 1305, 736, 2559
[Fri Nov 11 23:05:50.361 2016] 494, 1305, 736, 2559
[Fri Nov 11 23:05:50.464 2016] 494, 1305, 736, 2559
[Fri Nov 11 23:05:50.567 2016] 495, 1305, 736, 2559
[Fri Nov 11 23:05:50.671 2016] 494, 1305, 736, 2559
[Fri Nov 11 23:05:50.772 2016] 494, 1305, 736, 2559
[Fri Nov 11 23:05:50.880 2016] 495, 1305, 736, 2559
[Fri Nov 11 23:05:50.981 2016] 494, 1305, 736, 2559
[Fri Nov 11 23:05:51.084 2016] 494, 1305, 736, 2559
[Fri Nov 11 23:05:51.189 2016] 495, 1305, 736, 2559
[Fri Nov 11 23:05:51.289 2016] 494, 1305, 736, 2559
[Fri Nov 11 23:05:51.395 2016] 495, 1305, 736, 2559
[Fri Nov 11 23:05:51.497 2016] 494, 1305, 736, 2559
[Fri Nov 11 23:05:51.601 2016] 495, 1305, 736, 2559
[Fri Nov 11 23:05:51.703 2016] 495, 1305, 736, 2559
[Fri Nov 11 23:05:51.807 2016] 495, 1306, 736, 2559
[Fri Nov 11 23:05:51.910 2016] 495, 1306, 736, 2559
[Fri Nov 11 23:05:52.015 2016] 495, 1305, 736, 2559
[Fri Nov 11 23:05:52.117 2016] 495, 1305, 736, 2559
[Fri Nov 11 23:05:52.221 2016] 495, 1305, 736, 2559
[Fri Nov 11 23:05:52.326 2016] 495, 1305, 736, 2559
[Fri Nov 11 23:05:52.428 2016] 495, 1305, 736, 2559
[Fri Nov 11 23:05:52.532 2016] 495, 1305, 736, 2559
[Fri Nov 11 23:05:52.636 2016] 494, 1305, 736, 2559
[Fri Nov 11 23:05:52.738 2016] 495, 1305, 736, 2559
[Fri Nov 11 23:05:52.841 2016] 495, 1305, 736, 2559
[Fri Nov 11 23:05:52.946 2016] 494, 1305, 736, 2559
[Fri Nov 11 23:05:53.046 2016] 494, 1305, 736, 2559
[Fri Nov 11 23:05:53.151 2016] 494, 1305, 736, 2559
[Fri Nov 11 23:05:53.253 2016] 494, 1305, 736, 2559
[Fri Nov 11 23:05:53.358 2016] 494, 1305, 736, 2558
[Fri Nov 11 23:05:53.461 2016] 494, 1305, 736, 2558
[Fri Nov 11 23:05:53.564 2016] 494, 1305, 736, 2558
[Fri Nov 11 23:05:53.667 2016] 494, 1305, 736, 2558
[Fri Nov 11 23:05:53.769 2016] 494, 1305, 736, 2558
[Fri Nov 11 23:05:53.877 2016] 494, 1305, 736, 2558
[Fri Nov 11 23:05:53.980 2016] 494, 1305, 736, 2558
[Fri Nov 11 23:05:54.082 2016] 494, 1305, 736, 2558
[Fri Nov 11 23:05:54.183 2016] 494, 1305, 736, 2559
[Fri Nov 11 23:05:54.286 2016] 494, 1305, 736, 2559
[Fri Nov 11 23:05:54.390 2016] 494, 1305, 736, 2559
[Fri Nov 11 23:05:54.491 2016] 494, 1305, 736, 2558
[Fri Nov 11 23:05:54.596 2016] 494, 1305, 736, 2559
[Fri Nov 11 23:05:54.703 2016] 494, 1305, 736, 2559
[Fri Nov 11 23:05:54.803 2016] 494, 1305, 736, 2559
[Fri Nov 11 23:05:54.905 2016] 494, 1305, 736, 2559
[Fri Nov 11 23:05:55.008 2016] 495, 1305, 736, 2559
[Fri Nov 11 23:05:55.111 2016] 494, 1305, 736, 2559
[Fri Nov 11 23:05:55.215 2016] 494, 1305, 736, 2559
[Fri Nov 11 23:05:55.320 2016] 494, 1305, 736, 2559
[Fri Nov 11 23:05:55.424 2016] 494, 1305, 736, 2558
[Fri Nov 11 23:05:55.525 2016] 494, 1305, 736, 2558
[Fri Nov 11 23:05:55.629 2016] 494, 1305, 736, 2558
[Fri Nov 11 23:05:55.731 2016] 494, 1305, 736, 2559
[Fri Nov 11 23:05:55.837 2016] 494, 1305, 736, 2559
[Fri Nov 11 23:05:55.940 2016] 494, 1305, 736, 2559
[Fri Nov 11 23:05:56.043 2016] 495, 1305, 736, 2559
[Fri Nov 11 23:05:56.146 2016] 494, 1305, 736, 2559
[Fri Nov 11 23:05:56.250 2016] 494, 1305, 736, 2559
[Fri Nov 11 23:05:56.354 2016] 494, 1305, 736, 2559
[Fri Nov 11 23:05:56.457 2016] 494, 1305, 736, 2559
[Fri Nov 11 23:05:56.560 2016] 494, 1305, 736, 2559
[Fri Nov 11 23:05:56.664 2016] 494, 1305, 736, 2558
[Fri Nov 11 23:05:56.767 2016] 494, 1305, 736, 2559
[Fri Nov 11 23:05:56.869 2016] 494, 1305, 736, 2559
[Fri Nov 11 23:05:56.973 2016] 494, 1305, 736, 2558
[Fri Nov 11 23:05:57.077 2016] 494, 1305, 736, 2559
[Fri Nov 11 23:05:57.180 2016] 494, 1305, 736, 2559
[Fri Nov 11 23:05:57.284 2016] 494, 1305, 736, 2558
[Fri Nov 11 23:05:57.387 2016] 494, 1305, 736, 2558
[Fri Nov 11 23:05:57.490 2016] 494, 1305, 736, 2558
[Fri Nov 11 23:05:57.596 2016] 494, 1305, 736, 2558
[Fri Nov 11 23:05:57.697 2016] 494, 1305, 736, 2558
[Fri Nov 11 23:05:57.800 2016] 494, 1305, 736, 2558
[Fri Nov 11 23:05:57.905 2016] 494, 1305, 736, 2558
[Fri Nov 11 23:05:58.008 2016] 494, 1305, 736, 2558
[Fri Nov 11 23:05:58.109 2016] 494, 1305, 736, 2558
[Fri Nov 11 23:05:58.212 2016] 494, 1305, 736, 2558
[Fri Nov 11 23:05:58.317 2016] 494, 1305, 736, 2559
[Fri Nov 11 23:05:58.420 2016] 494, 1305, 736, 2559
[Fri Nov 11 23:05:58.523 2016] 494, 1305, 736, 2558
[Fri Nov 11 23:05:58.626 2016] 494, 1305, 736, 2558
[Fri Nov 11 23:05:58.731 2016] 494, 1305, 736, 2558
[Fri Nov 11 23:05:58.834 2016] 494, 1305, 736, 2558
[Fri Nov 11 23:05:58.937 2016] 494, 1305, 736, 2558
[Fri Nov 11 23:05:59.040 2016] 494, 1305, 736, 2559
[Fri Nov 11 23:05:59.145 2016] 494, 1305, 736, 2559
[Fri Nov 11 23:05:59.248 2016] 494, 1305, 736, 2558
[Fri Nov 11 23:05:59.350 2016] 494, 1305, 736, 2558
[Fri Nov 11 23:05:59.453 2016] 494, 1305, 736, 2559
[Fri Nov 11 23:05:59.555 2016] 494, 1305, 736, 2559
[Fri Nov 11 23:05:59.658 2016] 494, 1305, 736, 2558
[Fri Nov 11 23:05:59.763 2016] 494, 1305, 736, 2559
[Fri Nov 11 23:05:59.865 2016] 494, 1305, 736, 2559
[Fri Nov 11 23:05:59.970 2016] 494, 1305, 736, 2559
[Fri Nov 11 23:06:00.072 2016] 494, 1305, 736, 2558
[Fri Nov 11 23:06:00.176 2016] 494, 1305, 736, 2558
[Fri Nov 11 23:06:00.279 2016] 494, 1305, 736, 2559
[Fri Nov 11 23:06:00.382 2016] 494, 1305, 736, 2558
[Fri Nov 11 23:06:00.486 2016] 494, 1305, 736, 2558
[Fri Nov 11 23:06:00.588 2016] 494, 1305, 736, 2559
[Fri Nov 11 23:06:00.693 2016] 494, 1305, 736, 2559
[Fri Nov 11 23:06:00.798 2016] 494, 1305, 736, 2558
[Fri Nov 11 23:06:00.898 2016] 494, 1305, 736, 2558
[Fri Nov 11 23:06:01.002 2016] 494, 1305, 736, 2558
[Fri Nov 11 23:06:01.105 2016] 494, 1305, 736, 2559
[Fri Nov 11 23:06:01.208 2016] 494, 1305, 736, 2558
[Fri Nov 11 23:06:01.314 2016] 494, 1305, 736, 2558
[Fri Nov 11 23:06:01.418 2016] 494, 1305, 736, 2558
[Fri Nov 11 23:06:01.521 2016] 494, 1305, 736, 2558
[Fri Nov 11 23:06:01.624 2016] 494, 1305, 736, 2558
[Fri Nov 11 23:06:01.726 2016] 494, 1305, 736, 2558
[Fri Nov 11 23:06:01.832 2016] 494, 1305, 736, 2558
[Fri Nov 11 23:06:01.934 2016] 494, 1304, 735, 2557
[Fri Nov 11 23:06:02.036 2016] 494, 1304, 735, 2557
[Fri Nov 11 23:06:02.141 2016] 494, 1304, 735, 2556
[Fri Nov 11 23:06:02.244 2016] 494, 1304, 735, 2556
[Fri Nov 11 23:06:02.348 2016] 494, 1304, 735, 2556
[Fri Nov 11 23:06:02.453 2016] 494, 1304, 735, 2556
[Fri Nov 11 23:06:02.555 2016] 494, 1304, 735, 2556
[Fri Nov 11 23:06:02.658 2016] 494, 1304, 735, 2557
[Fri Nov 11 23:06:02.761 2016] 494, 1304, 735, 2556
[Fri Nov 11 23:06:02.864 2016] 494, 1304, 735, 2556
[Fri Nov 11 23:06:02.968 2016] 494, 1304, 735, 2556
[Fri Nov 11 23:06:03.074 2016] 494, 1304, 735, 2557
[Fri Nov 11 23:06:03.176 2016] 494, 1304, 735, 2557
[Fri Nov 11 23:06:03.279 2016] 494, 1304, 735, 2556
[Fri Nov 11 23:06:03.380 2016] 494, 1304, 735, 2557
[Fri Nov 11 23:06:03.485 2016] 494, 1304, 735, 2557
[Fri Nov 11 23:06:03.586 2016] 494, 1304, 735, 2557
[Fri Nov 11 23:06:03.690 2016] 494, 1304, 735, 2557
[Fri Nov 11 23:06:03.792 2016] 494, 1304, 735, 2557
[Fri Nov 11 23:06:03.901 2016] 494, 1304, 735, 2557
[Fri Nov 11 23:06:04.000 2016] 494, 1304, 735, 2557
[Fri Nov 11 23:06:04.102 2016] 494, 1304, 735, 2557
[Fri Nov 11 23:06:04.206 2016] 494, 1304, 735, 2557
[Fri Nov 11 23:06:04.314 2016] 494, 1304, 735, 2556
[Fri Nov 11 23:06:04.416 2016] 494, 1304, 735, 2557
[Fri Nov 11 23:06:04.516 2016] 494, 1304, 735, 2557
[Fri Nov 11 23:06:04.619 2016] 494, 1304, 735, 2556
[Fri Nov 11 23:06:04.723 2016] 494, 1304, 735, 2557
[Fri Nov 11 23:06:04.828 2016] 494, 1304, 735, 2556
[Fri Nov 11 23:06:04.930 2016] 494, 1304, 735, 2557
[Fri Nov 11 23:06:05.034 2016] 494, 1304, 735, 2556
[Fri Nov 11 23:06:05.137 2016] 494, 1304, 735, 2557
[Fri Nov 11 23:06:05.240 2016] 494, 1304, 735, 2557
[Fri Nov 11 23:06:05.344 2016] 494, 1304, 735, 2557
[Fri Nov 11 23:06:05.448 2016] 494, 1304, 735, 2556
[Fri Nov 11 23:06:05.551 2016] 494, 1304, 735, 2556
[Fri Nov 11 23:06:05.653 2016] 494, 1304, 735, 2556
[Fri Nov 11 23:06:05.759 2016] 494, 1304, 735, 2556
[Fri Nov 11 23:06:05.862 2016] 494, 1304, 735, 2556
[Fri Nov 11 23:06:05.964 2016] 494, 1304, 735, 2556
[Fri Nov 11 23:06:06.068 2016] 494, 1304, 735, 2556
[Fri Nov 11 23:06:06.172 2016] 494, 1304, 735, 2556
[Fri Nov 11 23:06:06.275 2016] 494, 1304, 735, 2556
[Fri Nov 11 23:06:06.378 2016] 494, 1304, 735, 2556
[Fri Nov 11 23:06:06.595 2016] 494, 1304, 735, 2556
[Fri Nov 11 23:06:06.595 2016] 494, 1304, 735, 2556
[Fri Nov 11 23:06:06.688 2016] 494, 1304, 735, 2556
[Fri Nov 11 23:06:06.790 2016] 494, 1304, 735, 2556
[Fri Nov 11 23:06:06.894 2016] 494, 1304, 735, 2556
