[Fri Nov 11 23:08:39.129 2016] 2704, 1480, 722, 4980
[Fri Nov 11 23:08:39.134 2016] 2704, 1480, 722, 4981
[Fri Nov 11 23:08:39.134 2016] 2704, 1480, 722, 4981
[Fri Nov 11 23:08:39.134 2016] 2704, 1480, 722, 4980
[Fri Nov 11 23:08:39.134 2016] 2704, 1480, 722, 4981
[Fri Nov 11 23:08:39.134 2016] 2704, 1480, 722, 4980
[Fri Nov 11 23:08:39.134 2016] 2704, 1480, 722, 4981
[Fri Nov 11 23:08:39.134 2016] 2704, 1480, 722, 4980
[Fri Nov 11 23:08:39.134 2016] 2704, 1480, 722, 4980
[Fri Nov 11 23:08:39.134 2016] 2704, 1480, 722, 4980
[Fri Nov 11 23:08:39.134 2016] 2704, 1480, 722, 4980
[Fri Nov 11 23:08:39.134 2016] 2704, 1480, 722, 4980
[Fri Nov 11 23:08:39.134 2016] 2704, 1480, 722, 4980
[Fri Nov 11 23:08:39.134 2016] 2704, 1480, 722, 4980
[Fri Nov 11 23:08:39.134 2016] 2704, 1480, 722, 4980
[Fri Nov 11 23:08:39.134 2016] 2704, 1480, 722, 4980
[Fri Nov 11 23:08:39.134 2016] 2704, 1480, 722, 4980
[Fri Nov 11 23:08:39.134 2016] 2704, 1480, 722, 4980
[Fri Nov 11 23:08:39.134 2016] 2704, 1480, 722, 4980
[Fri Nov 11 23:08:39.134 2016] 2704, 1480, 722, 4980
[Fri Nov 11 23:08:39.134 2016] 2704, 1480, 722, 4979
[Fri Nov 11 23:08:39.134 2016] 2704, 1480, 722, 4980
[Fri Nov 11 23:08:39.134 2016] 2704, 1480, 722, 4980
[Fri Nov 11 23:08:39.134 2016] 2704, 1480, 722, 4980
[Fri Nov 11 23:08:39.134 2016] 2704, 1480, 722, 4979
[Fri Nov 11 23:08:39.134 2016] 2704, 1480, 722, 4979
[Fri Nov 11 23:08:39.134 2016] 2704, 1480, 722, 4979
[Fri Nov 11 23:08:39.134 2016] 2704, 1480, 722, 4979
[Fri Nov 11 23:08:39.134 2016] 2704, 1480, 722, 4979
[Fri Nov 11 23:08:39.134 2016] 2704, 1480, 722, 4980
[Fri Nov 11 23:08:39.134 2016] 2704, 1480, 722, 4979
[Fri Nov 11 23:08:39.134 2016] 2704, 1480, 722, 4979
[Fri Nov 11 23:08:39.134 2016] 2704, 1481, 722, 4980
[Fri Nov 11 23:08:39.134 2016] 2704, 1481, 722, 4981
[Fri Nov 11 23:08:39.134 2016] 2704, 1481, 722, 4980
[Fri Nov 11 23:08:39.134 2016] 2704, 1481, 722, 4980
[Fri Nov 11 23:08:39.134 2016] 2704, 1481, 722, 4981
[Fri Nov 11 23:08:39.134 2016] 2704, 1481, 722, 4981
[Fri Nov 11 23:08:39.134 2016] 2705, 1481, 722, 4981
[Fri Nov 11 23:08:39.134 2016] 2705, 1481, 722, 4981
[Fri Nov 11 23:08:39.134 2016] 2704, 1481, 722, 4981
[Fri Nov 11 23:08:39.134 2016] 2704, 1480, 722, 4980
[Fri Nov 11 23:08:39.134 2016] 2704, 1480, 722, 4980
[Fri Nov 11 23:08:39.134 2016] 2705, 1481, 722, 4981
[Fri Nov 11 23:08:39.134 2016] 2705, 1481, 722, 4981
[Fri Nov 11 23:08:39.134 2016] 2704, 1481, 722, 4981
[Fri Nov 11 23:08:39.134 2016] 2704, 1481, 722, 4981
[Fri Nov 11 23:08:39.134 2016] 2705, 1481, 722, 4981
[Fri Nov 11 23:08:39.140 2016] 2704, 1480, 722, 4980
[Fri Nov 11 23:08:39.140 2016] 2704, 1480, 722, 4980
[Fri Nov 11 23:08:39.140 2016] 2704, 1480, 721, 4979
[Fri Nov 11 23:08:39.140 2016] 2703, 1480, 721, 4978
[Fri Nov 11 23:08:39.140 2016] 2703, 1480, 721, 4978
[Fri Nov 11 23:08:39.140 2016] 2703, 1479, 721, 4977
[Fri Nov 11 23:08:39.140 2016] 2703, 1479, 721, 4977
[Fri Nov 11 23:08:39.140 2016] 2702, 1479, 721, 4976
[Fri Nov 11 23:08:39.140 2016] 2702, 1479, 721, 4976
[Fri Nov 11 23:08:39.140 2016] 2702, 1479, 721, 4975
[Fri Nov 11 23:08:39.140 2016] 2701, 1479, 721, 4974
[Fri Nov 11 23:08:39.140 2016] 2702, 1479, 721, 4975
[Fri Nov 11 23:08:39.140 2016] 2702, 1479, 721, 4976
[Fri Nov 11 23:08:39.140 2016] 2702, 1479, 721, 4976
[Fri Nov 11 23:08:39.140 2016] 2702, 1479, 721, 4977
[Fri Nov 11 23:08:39.140 2016] 2702, 1479, 721, 4977
[Fri Nov 11 23:08:39.140 2016] 2702, 1479, 721, 4977
[Fri Nov 11 23:08:39.140 2016] 2702, 1479, 721, 4977
[Fri Nov 11 23:08:39.140 2016] 2703, 1480, 721, 4978
[Fri Nov 11 23:08:39.140 2016] 2703, 1480, 722, 4979
[Fri Nov 11 23:08:39.140 2016] 2704, 1480, 722, 4979
[Fri Nov 11 23:08:39.140 2016] 2704, 1480, 722, 4979
[Fri Nov 11 23:08:39.140 2016] 2703, 1480, 722, 4979
[Fri Nov 11 23:08:39.140 2016] 2704, 1480, 722, 4979
[Fri Nov 11 23:08:39.140 2016] 2703, 1480, 722, 4979
[Fri Nov 11 23:08:39.140 2016] 2703, 1480, 722, 4979
[Fri Nov 11 23:08:39.140 2016] 2703, 1480, 722, 4979
[Fri Nov 11 23:08:39.140 2016] 2704, 1480, 722, 4980
[Fri Nov 11 23:08:39.140 2016] 2704, 1480, 722, 4980
[Fri Nov 11 23:08:39.140 2016] 2704, 1480, 722, 4979
[Fri Nov 11 23:08:39.140 2016] 2703, 1480, 722, 4979
[Fri Nov 11 23:08:39.140 2016] 2704, 1480, 722, 4979
[Fri Nov 11 23:08:39.140 2016] 2704, 1480, 722, 4979
[Fri Nov 11 23:08:39.140 2016] 2704, 1480, 722, 4979
[Fri Nov 11 23:08:39.140 2016] 2704, 1480, 722, 4979
[Fri Nov 11 23:08:39.140 2016] 2704, 1480, 722, 4980
[Fri Nov 11 23:08:39.140 2016] 2703, 1480, 722, 4979
[Fri Nov 11 23:08:39.140 2016] 2703, 1480, 722, 4979
[Fri Nov 11 23:08:39.140 2016] 2703, 1480, 722, 4979
[Fri Nov 11 23:08:39.140 2016] 2704, 1480, 722, 4979
[Fri Nov 11 23:08:39.140 2016] 2704, 1480, 722, 4979
[Fri Nov 11 23:08:39.140 2016] 2704, 1480, 722, 4980
[Fri Nov 11 23:08:39.140 2016] 2704, 1480, 722, 4979
[Fri Nov 11 23:08:39.140 2016] 2704, 1480, 722, 4980
[Fri Nov 11 23:08:39.140 2016] 2704, 1480, 722, 4980
[Fri Nov 11 23:08:39.140 2016] 2704, 1480, 722, 4980
[Fri Nov 11 23:08:39.143 2016] 2704, 1480, 722, 4980
[Fri Nov 11 23:08:39.143 2016] 2704, 1480, 722, 4979
[Fri Nov 11 23:08:39.143 2016] 2704, 1480, 722, 4979
[Fri Nov 11 23:08:39.143 2016] 2704, 1480, 722, 4979
[Fri Nov 11 23:08:39.143 2016] 2704, 1480, 722, 4979
[Fri Nov 11 23:08:39.143 2016] 2704, 1480, 722, 4980
[Fri Nov 11 23:08:39.143 2016] 2704, 1480, 722, 4979
[Fri Nov 11 23:08:39.143 2016] 2704, 1480, 722, 4980
[Fri Nov 11 23:08:39.143 2016] 2704, 1480, 722, 4980
[Fri Nov 11 23:08:39.143 2016] 2704, 1480, 722, 4979
[Fri Nov 11 23:08:39.143 2016] 2704, 1480, 722, 4980
[Fri Nov 11 23:08:39.143 2016] 2704, 1480, 722, 4980
[Fri Nov 11 23:08:39.143 2016] 2704, 1480, 722, 4981
[Fri Nov 11 23:08:39.143 2016] 2704, 1480, 722, 4981
[Fri Nov 11 23:08:39.143 2016] 2704, 1480, 722, 4981
[Fri Nov 11 23:08:39.143 2016] 2704, 1480, 722, 4981
[Fri Nov 11 23:08:39.143 2016] 2704, 1480, 722, 4980
[Fri Nov 11 23:08:39.143 2016] 2704, 1480, 722, 4980
[Fri Nov 11 23:08:39.143 2016] 2704, 1480, 722, 4980
[Fri Nov 11 23:08:39.143 2016] 2704, 1480, 722, 4980
[Fri Nov 11 23:08:39.143 2016] 2704, 1480, 722, 4979
[Fri Nov 11 23:08:39.143 2016] 2704, 1480, 722, 4979
[Fri Nov 11 23:08:39.143 2016] 2703, 1480, 722, 4979
[Fri Nov 11 23:08:39.143 2016] 2703, 1480, 722, 4979
[Fri Nov 11 23:08:39.143 2016] 2704, 1480, 722, 4979
[Fri Nov 11 23:08:39.143 2016] 2704, 1480, 722, 4979
[Fri Nov 11 23:08:39.143 2016] 2703, 1480, 722, 4979
[Fri Nov 11 23:08:39.214 2016] 2704, 1480, 722, 4980
[Fri Nov 11 23:08:39.317 2016] 2704, 1480, 722, 4980
[Fri Nov 11 23:08:39.421 2016] 2704, 1480, 722, 4980
[Fri Nov 11 23:08:39.531 2016] 2704, 1480, 722, 4980
[Fri Nov 11 23:08:39.627 2016] 2704, 1480, 722, 4980
[Fri Nov 11 23:08:39.728 2016] 2704, 1480, 722, 4980
[Fri Nov 11 23:08:39.831 2016] 2703, 1480, 722, 4979
[Fri Nov 11 23:08:39.935 2016] 2703, 1480, 722, 4979
[Fri Nov 11 23:08:40.038 2016] 2703, 1480, 722, 4979
[Fri Nov 11 23:08:40.144 2016] 2703, 1480, 722, 4979
[Fri Nov 11 23:08:40.247 2016] 2703, 1480, 721, 4978
[Fri Nov 11 23:08:40.350 2016] 2703, 1480, 721, 4978
[Fri Nov 11 23:08:40.454 2016] 2703, 1480, 721, 4977
[Fri Nov 11 23:08:40.558 2016] 2702, 1479, 721, 4977
[Fri Nov 11 23:08:40.676 2016] 2701, 1479, 721, 4975
[Fri Nov 11 23:08:40.764 2016] 2701, 1479, 721, 4974
[Fri Nov 11 23:08:40.867 2016] 2701, 1479, 721, 4974
[Fri Nov 11 23:08:40.972 2016] 2701, 1479, 721, 4974
[Fri Nov 11 23:08:41.076 2016] 2701, 1479, 721, 4975
[Fri Nov 11 23:08:41.177 2016] 2702, 1479, 721, 4976
[Fri Nov 11 23:08:41.281 2016] 2702, 1479, 721, 4976
[Fri Nov 11 23:08:41.385 2016] 2702, 1479, 721, 4976
[Fri Nov 11 23:08:41.489 2016] 2702, 1479, 721, 4977
[Fri Nov 11 23:08:41.592 2016] 2702, 1479, 721, 4977
[Fri Nov 11 23:08:41.694 2016] 2702, 1479, 721, 4977
[Fri Nov 11 23:08:41.797 2016] 2702, 1479, 721, 4976
[Fri Nov 11 23:08:41.901 2016] 2702, 1479, 721, 4977
[Fri Nov 11 23:08:42.004 2016] 2702, 1479, 721, 4977
[Fri Nov 11 23:08:42.105 2016] 2703, 1479, 721, 4977
[Fri Nov 11 23:08:42.210 2016] 2703, 1480, 721, 4978
[Fri Nov 11 23:08:42.314 2016] 2703, 1480, 721, 4978
[Fri Nov 11 23:08:42.417 2016] 2703, 1480, 721, 4978
[Fri Nov 11 23:08:42.521 2016] 2703, 1479, 721, 4977
[Fri Nov 11 23:08:42.624 2016] 2703, 1480, 721, 4978
[Fri Nov 11 23:08:42.727 2016] 2703, 1480, 721, 4978
[Fri Nov 11 23:08:42.829 2016] 2703, 1480, 721, 4978
[Fri Nov 11 23:08:42.932 2016] 2703, 1480, 721, 4978
[Fri Nov 11 23:08:43.035 2016] 2703, 1480, 721, 4978
[Fri Nov 11 23:08:43.140 2016] 2703, 1480, 721, 4977
[Fri Nov 11 23:08:43.245 2016] 2703, 1480, 721, 4978
[Fri Nov 11 23:08:43.348 2016] 2703, 1480, 721, 4978
[Fri Nov 11 23:08:43.451 2016] 2703, 1480, 721, 4978
[Fri Nov 11 23:08:43.556 2016] 2703, 1480, 721, 4978
[Fri Nov 11 23:08:43.661 2016] 2703, 1479, 721, 4977
[Fri Nov 11 23:08:43.761 2016] 2702, 1479, 721, 4977
[Fri Nov 11 23:08:43.863 2016] 2702, 1479, 721, 4977
[Fri Nov 11 23:08:43.967 2016] 2702, 1479, 721, 4976
[Fri Nov 11 23:08:44.071 2016] 2702, 1479, 721, 4977
[Fri Nov 11 23:08:44.179 2016] 2702, 1479, 721, 4977
[Fri Nov 11 23:08:44.277 2016] 2702, 1479, 721, 4977
[Fri Nov 11 23:08:44.381 2016] 2702, 1479, 721, 4977
[Fri Nov 11 23:08:44.484 2016] 2702, 1479, 721, 4977
[Fri Nov 11 23:08:44.588 2016] 2702, 1479, 721, 4976
[Fri Nov 11 23:08:44.691 2016] 2702, 1479, 721, 4976
[Fri Nov 11 23:08:44.795 2016] 2702, 1479, 721, 4976
[Fri Nov 11 23:08:44.899 2016] 2702, 1479, 721, 4976
[Fri Nov 11 23:08:45.002 2016] 2702, 1479, 721, 4976
[Fri Nov 11 23:08:45.105 2016] 2702, 1479, 721, 4977
[Fri Nov 11 23:08:45.206 2016] 2702, 1479, 721, 4977
[Fri Nov 11 23:08:45.311 2016] 2702, 1479, 721, 4977
[Fri Nov 11 23:08:45.415 2016] 2703, 1480, 721, 4977
[Fri Nov 11 23:08:45.518 2016] 2703, 1480, 721, 4978
[Fri Nov 11 23:08:45.621 2016] 2703, 1480, 722, 4978
[Fri Nov 11 23:08:45.724 2016] 2703, 1480, 722, 4979
[Fri Nov 11 23:08:45.826 2016] 2703, 1480, 721, 4977
[Fri Nov 11 23:08:45.930 2016] 2702, 1479, 721, 4976
[Fri Nov 11 23:08:46.033 2016] 2702, 1479, 721, 4976
[Fri Nov 11 23:08:46.139 2016] 2701, 1479, 721, 4975
[Fri Nov 11 23:08:46.239 2016] 2701, 1478, 721, 4974
[Fri Nov 11 23:08:46.343 2016] 2700, 1478, 721, 4974
[Fri Nov 11 23:08:46.446 2016] 2701, 1479, 721, 4974
[Fri Nov 11 23:08:46.550 2016] 2701, 1479, 721, 4974
[Fri Nov 11 23:08:46.653 2016] 2701, 1479, 721, 4974
[Fri Nov 11 23:08:46.758 2016] 2701, 1479, 721, 4974
[Fri Nov 11 23:08:46.860 2016] 2701, 1479, 721, 4974
[Fri Nov 11 23:08:46.965 2016] 2701, 1479, 721, 4974
[Fri Nov 11 23:08:47.069 2016] 2701, 1479, 721, 4974
[Fri Nov 11 23:08:47.169 2016] 2701, 1479, 721, 4974
[Fri Nov 11 23:08:47.274 2016] 2701, 1479, 721, 4974
[Fri Nov 11 23:08:47.378 2016] 2701, 1479, 721, 4974
[Fri Nov 11 23:08:47.483 2016] 2701, 1479, 721, 4974
[Fri Nov 11 23:08:47.585 2016] 2700, 1478, 721, 4973
[Fri Nov 11 23:08:47.688 2016] 2700, 1478, 721, 4973
[Fri Nov 11 23:08:47.792 2016] 2700, 1478, 721, 4974
[Fri Nov 11 23:08:47.895 2016] 2701, 1478, 721, 4974
[Fri Nov 11 23:08:47.999 2016] 2701, 1478, 721, 4973
[Fri Nov 11 23:08:48.102 2016] 2700, 1478, 721, 4973
[Fri Nov 11 23:08:48.205 2016] 2701, 1478, 721, 4974
[Fri Nov 11 23:08:48.309 2016] 2700, 1478, 721, 4974
[Fri Nov 11 23:08:48.412 2016] 2700, 1478, 721, 4973
[Fri Nov 11 23:08:48.516 2016] 2701, 1478, 721, 4974
[Fri Nov 11 23:08:48.619 2016] 2700, 1478, 721, 4974
[Fri Nov 11 23:08:48.722 2016] 2701, 1478, 721, 4974
[Fri Nov 11 23:08:48.823 2016] 2700, 1478, 721, 4974
[Fri Nov 11 23:08:48.927 2016] 2700, 1478, 721, 4974
[Fri Nov 11 23:08:49.030 2016] 2700, 1478, 721, 4974
[Fri Nov 11 23:08:49.133 2016] 2701, 1478, 721, 4974
[Fri Nov 11 23:08:49.239 2016] 2700, 1478, 721, 4974
[Fri Nov 11 23:08:49.342 2016] 2700, 1478, 721, 4974
[Fri Nov 11 23:08:49.445 2016] 2700, 1478, 721, 4974
[Fri Nov 11 23:08:49.549 2016] 2700, 1478, 721, 4974
[Fri Nov 11 23:08:49.653 2016] 2701, 1478, 721, 4974
[Fri Nov 11 23:08:49.755 2016] 2701, 1479, 721, 4974
[Fri Nov 11 23:08:49.858 2016] 2701, 1479, 721, 4974
[Fri Nov 11 23:08:49.963 2016] 2701, 1478, 721, 4974
[Fri Nov 11 23:08:50.065 2016] 2701, 1479, 721, 4974
[Fri Nov 11 23:08:50.169 2016] 2701, 1479, 721, 4974
[Fri Nov 11 23:08:50.270 2016] 2701, 1478, 721, 4974
[Fri Nov 11 23:08:50.376 2016] 2700, 1478, 721, 4973
[Fri Nov 11 23:08:50.479 2016] 2700, 1478, 721, 4973
[Fri Nov 11 23:08:50.582 2016] 2700, 1478, 721, 4974
[Fri Nov 11 23:08:50.685 2016] 2700, 1478, 721, 4973
[Fri Nov 11 23:08:50.789 2016] 2700, 1478, 721, 4973
[Fri Nov 11 23:08:50.893 2016] 2700, 1478, 721, 4973
[Fri Nov 11 23:08:50.996 2016] 2700, 1478, 721, 4973
[Fri Nov 11 23:08:51.100 2016] 2700, 1478, 721, 4973
[Fri Nov 11 23:08:51.202 2016] 2700, 1478, 721, 4974
[Fri Nov 11 23:08:51.306 2016] 2700, 1478, 721, 4973
[Fri Nov 11 23:08:51.410 2016] 2700, 1478, 721, 4974
[Fri Nov 11 23:08:51.513 2016] 2700, 1478, 721, 4974
[Fri Nov 11 23:08:51.617 2016] 2701, 1479, 721, 4974
[Fri Nov 11 23:08:51.719 2016] 2701, 1478, 721, 4974
[Fri Nov 11 23:08:51.822 2016] 2701, 1479, 721, 4974
[Fri Nov 11 23:08:51.924 2016] 2701, 1479, 721, 4974
[Fri Nov 11 23:08:52.028 2016] 2701, 1479, 721, 4974
[Fri Nov 11 23:08:52.131 2016] 2700, 1478, 721, 4973
[Fri Nov 11 23:08:52.234 2016] 2700, 1478, 721, 4974
[Fri Nov 11 23:08:52.339 2016] 2701, 1479, 721, 4974
[Fri Nov 11 23:08:52.443 2016] 2701, 1478, 721, 4974
[Fri Nov 11 23:08:52.546 2016] 2700, 1478, 721, 4974
[Fri Nov 11 23:08:52.649 2016] 2700, 1478, 721, 4974
[Fri Nov 11 23:08:52.753 2016] 2700, 1478, 721, 4973
[Fri Nov 11 23:08:52.856 2016] 2700, 1478, 721, 4973
[Fri Nov 11 23:08:52.959 2016] 2700, 1478, 721, 4973
[Fri Nov 11 23:08:53.063 2016] 2700, 1478, 721, 4973
[Fri Nov 11 23:08:53.164 2016] 2700, 1478, 721, 4973
[Fri Nov 11 23:08:53.269 2016] 2700, 1478, 721, 4973
[Fri Nov 11 23:08:53.372 2016] 2700, 1478, 721, 4973
[Fri Nov 11 23:08:53.475 2016] 2700, 1478, 721, 4973
[Fri Nov 11 23:08:53.579 2016] 2700, 1478, 721, 4973
[Fri Nov 11 23:08:53.683 2016] 2700, 1478, 721, 4973
[Fri Nov 11 23:08:53.788 2016] 2700, 1478, 721, 4973
[Fri Nov 11 23:08:53.890 2016] 2700, 1478, 721, 4973
[Fri Nov 11 23:08:53.994 2016] 2700, 1478, 721, 4972
[Fri Nov 11 23:08:54.099 2016] 2700, 1478, 721, 4973
[Fri Nov 11 23:08:54.200 2016] 2700, 1478, 721, 4973
[Fri Nov 11 23:08:54.303 2016] 2700, 1478, 721, 4973
[Fri Nov 11 23:08:54.407 2016] 2700, 1478, 721, 4973
[Fri Nov 11 23:08:54.510 2016] 2700, 1478, 721, 4973
[Fri Nov 11 23:08:54.614 2016] 2700, 1478, 721, 4973
[Fri Nov 11 23:08:54.716 2016] 2700, 1478, 721, 4973
[Fri Nov 11 23:08:54.818 2016] 2700, 1478, 721, 4973
[Fri Nov 11 23:08:54.922 2016] 2700, 1478, 721, 4973
[Fri Nov 11 23:08:55.027 2016] 2700, 1478, 721, 4973
[Fri Nov 11 23:08:55.128 2016] 2700, 1478, 721, 4972
[Fri Nov 11 23:08:55.235 2016] 2700, 1478, 721, 4972
[Fri Nov 11 23:08:55.337 2016] 2700, 1478, 721, 4972
[Fri Nov 11 23:08:55.441 2016] 2700, 1478, 721, 4973
[Fri Nov 11 23:08:55.544 2016] 2700, 1478, 721, 4973
[Fri Nov 11 23:08:55.647 2016] 2700, 1478, 721, 4973
[Fri Nov 11 23:08:55.750 2016] 2700, 1478, 721, 4973
[Fri Nov 11 23:08:55.854 2016] 2700, 1478, 721, 4973
[Fri Nov 11 23:08:55.957 2016] 2700, 1478, 721, 4973
[Fri Nov 11 23:08:56.061 2016] 2700, 1478, 721, 4973
[Fri Nov 11 23:08:56.163 2016] 2700, 1478, 721, 4972
[Fri Nov 11 23:08:56.264 2016] 2700, 1478, 721, 4972
[Fri Nov 11 23:08:56.370 2016] 2700, 1478, 721, 4972
[Fri Nov 11 23:08:56.473 2016] 2700, 1478, 721, 4973
[Fri Nov 11 23:08:56.576 2016] 2700, 1478, 721, 4973
[Fri Nov 11 23:08:56.680 2016] 2700, 1478, 721, 4973
[Fri Nov 11 23:08:56.783 2016] 2700, 1478, 721, 4973
[Fri Nov 11 23:08:56.887 2016] 2700, 1478, 721, 4973
[Fri Nov 11 23:08:56.990 2016] 2700, 1478, 721, 4973
[Fri Nov 11 23:08:57.093 2016] 2700, 1478, 721, 4973
[Fri Nov 11 23:08:57.195 2016] 2700, 1478, 721, 4973
[Fri Nov 11 23:08:57.298 2016] 2700, 1478, 721, 4972
[Fri Nov 11 23:08:57.403 2016] 2700, 1478, 721, 4972
[Fri Nov 11 23:08:57.506 2016] 2700, 1478, 721, 4972
[Fri Nov 11 23:08:57.611 2016] 2700, 1478, 721, 4972
[Fri Nov 11 23:08:57.714 2016] 2700, 1478, 721, 4972
[Fri Nov 11 23:08:57.815 2016] 2700, 1478, 721, 4972
[Fri Nov 11 23:08:57.918 2016] 2700, 1478, 721, 4972
[Fri Nov 11 23:08:58.021 2016] 2700, 1478, 721, 4972
[Fri Nov 11 23:08:58.124 2016] 2700, 1478, 721, 4973
[Fri Nov 11 23:08:58.228 2016] 2700, 1478, 721, 4972
[Fri Nov 11 23:08:58.333 2016] 2700, 1478, 721, 4972
[Fri Nov 11 23:08:58.436 2016] 2700, 1478, 721, 4972
[Fri Nov 11 23:08:58.542 2016] 2700, 1478, 721, 4973
[Fri Nov 11 23:08:58.644 2016] 2700, 1478, 721, 4973
[Fri Nov 11 23:08:58.747 2016] 2700, 1478, 721, 4973
[Fri Nov 11 23:08:58.850 2016] 2701, 1479, 721, 4974
[Fri Nov 11 23:08:58.953 2016] 2700, 1478, 721, 4973
[Fri Nov 11 23:08:59.056 2016] 2700, 1478, 721, 4973
[Fri Nov 11 23:08:59.158 2016] 2701, 1478, 721, 4974
[Fri Nov 11 23:08:59.264 2016] 2701, 1478, 721, 4974
[Fri Nov 11 23:08:59.367 2016] 2700, 1478, 721, 4974
[Fri Nov 11 23:08:59.470 2016] 2700, 1478, 721, 4974
[Fri Nov 11 23:08:59.576 2016] 2701, 1478, 721, 4974
[Fri Nov 11 23:08:59.676 2016] 2701, 1479, 721, 4974
[Fri Nov 11 23:08:59.780 2016] 2701, 1479, 721, 4975
[Fri Nov 11 23:08:59.884 2016] 2701, 1479, 721, 4975
[Fri Nov 11 23:08:59.986 2016] 2701, 1479, 721, 4975
[Fri Nov 11 23:09:00.090 2016] 2701, 1479, 721, 4975
[Fri Nov 11 23:09:00.193 2016] 2701, 1479, 721, 4974
[Fri Nov 11 23:09:00.297 2016] 2700, 1478, 721, 4973
[Fri Nov 11 23:09:00.400 2016] 2700, 1478, 721, 4973
[Fri Nov 11 23:09:00.503 2016] 2700, 1478, 721, 4973
[Fri Nov 11 23:09:00.609 2016] 2700, 1478, 721, 4972
[Fri Nov 11 23:09:00.711 2016] 2700, 1478, 721, 4972
[Fri Nov 11 23:09:00.812 2016] 2700, 1478, 721, 4972
[Fri Nov 11 23:09:00.916 2016] 2700, 1478, 721, 4972
[Fri Nov 11 23:09:01.019 2016] 2700, 1478, 721, 4972
[Fri Nov 11 23:09:01.123 2016] 2700, 1478, 721, 4972
[Fri Nov 11 23:09:01.228 2016] 2700, 1478, 721, 4972
[Fri Nov 11 23:09:01.332 2016] 2700, 1478, 721, 4972
[Fri Nov 11 23:09:01.435 2016] 2700, 1478, 721, 4972
[Fri Nov 11 23:09:01.540 2016] 2700, 1478, 721, 4973
[Fri Nov 11 23:09:01.642 2016] 2700, 1478, 721, 4972
[Fri Nov 11 23:09:01.744 2016] 2700, 1478, 721, 4972
[Fri Nov 11 23:09:01.848 2016] 2700, 1478, 721, 4972
[Fri Nov 11 23:09:01.949 2016] 2700, 1478, 721, 4972
[Fri Nov 11 23:09:02.055 2016] 2700, 1478, 721, 4972
[Fri Nov 11 23:09:02.157 2016] 2700, 1478, 721, 4972
[Fri Nov 11 23:09:02.261 2016] 2700, 1478, 721, 4972
[Fri Nov 11 23:09:02.363 2016] 2700, 1478, 721, 4972
[Fri Nov 11 23:09:02.467 2016] 2700, 1478, 721, 4972
[Fri Nov 11 23:09:02.571 2016] 2700, 1478, 721, 4972
[Fri Nov 11 23:09:02.674 2016] 2700, 1478, 721, 4972
[Fri Nov 11 23:09:02.776 2016] 2700, 1478, 721, 4972
[Fri Nov 11 23:09:02.881 2016] 2700, 1478, 721, 4972
[Fri Nov 11 23:09:02.984 2016] 2700, 1478, 721, 4972
[Fri Nov 11 23:09:03.087 2016] 2699, 1478, 721, 4971
[Fri Nov 11 23:09:03.189 2016] 2700, 1478, 721, 4972
[Fri Nov 11 23:09:03.294 2016] 2700, 1478, 721, 4972
[Fri Nov 11 23:09:03.398 2016] 2700, 1478, 721, 4972
[Fri Nov 11 23:09:03.501 2016] 2699, 1478, 721, 4971
[Fri Nov 11 23:09:03.605 2016] 2700, 1478, 721, 4972
[Fri Nov 11 23:09:03.707 2016] 2699, 1478, 721, 4972
[Fri Nov 11 23:09:03.809 2016] 2700, 1478, 721, 4972
[Fri Nov 11 23:09:03.912 2016] 2700, 1478, 721, 4972
[Fri Nov 11 23:09:04.015 2016] 2700, 1478, 721, 4972
[Fri Nov 11 23:09:04.119 2016] 2700, 1478, 721, 4972
[Fri Nov 11 23:09:04.225 2016] 2699, 1478, 721, 4972
[Fri Nov 11 23:09:04.328 2016] 2700, 1478, 721, 4972
[Fri Nov 11 23:09:04.431 2016] 2700, 1478, 721, 4972
[Fri Nov 11 23:09:04.536 2016] 2700, 1478, 721, 4972
[Fri Nov 11 23:09:04.638 2016] 2700, 1478, 721, 4972
[Fri Nov 11 23:09:04.741 2016] 2699, 1478, 721, 4971
[Fri Nov 11 23:09:04.845 2016] 2699, 1478, 721, 4971
[Fri Nov 11 23:09:04.948 2016] 2700, 1478, 721, 4972
[Fri Nov 11 23:09:05.052 2016] 2699, 1478, 721, 4972
[Fri Nov 11 23:09:05.155 2016] 2700, 1478, 721, 4972
[Fri Nov 11 23:09:05.256 2016] 2700, 1478, 721, 4972
[Fri Nov 11 23:09:05.363 2016] 2700, 1478, 721, 4972
[Fri Nov 11 23:09:05.465 2016] 2700, 1478, 721, 4972
[Fri Nov 11 23:09:05.568 2016] 2700, 1478, 721, 4972
[Fri Nov 11 23:09:05.672 2016] 2699, 1478, 721, 4972
[Fri Nov 11 23:09:05.775 2016] 2700, 1478, 721, 4972
[Fri Nov 11 23:09:05.880 2016] 2700, 1478, 721, 4972
[Fri Nov 11 23:09:05.984 2016] 2700, 1478, 721, 4972
[Fri Nov 11 23:09:06.085 2016] 2700, 1478, 721, 4972
[Fri Nov 11 23:09:06.189 2016] 2700, 1478, 721, 4972
[Fri Nov 11 23:09:06.290 2016] 2700, 1478, 721, 4972
[Fri Nov 11 23:09:06.396 2016] 2700, 1478, 721, 4972
[Fri Nov 11 23:09:06.499 2016] 2700, 1478, 721, 4972
[Fri Nov 11 23:09:06.602 2016] 2700, 1478, 721, 4972
[Fri Nov 11 23:09:06.705 2016] 2700, 1478, 721, 4972
[Fri Nov 11 23:09:06.806 2016] 2700, 1478, 721, 4972
[Fri Nov 11 23:09:06.910 2016] 2700, 1478, 721, 4972
[Fri Nov 11 23:09:07.013 2016] 2700, 1478, 721, 4972
[Fri Nov 11 23:09:07.117 2016] 2700, 1478, 721, 4972
[Fri Nov 11 23:09:07.222 2016] 2700, 1478, 721, 4972
[Fri Nov 11 23:09:07.326 2016] 2700, 1478, 721, 4972
[Fri Nov 11 23:09:07.428 2016] 2700, 1478, 721, 4972
[Fri Nov 11 23:09:07.532 2016] 2700, 1478, 721, 4973
[Fri Nov 11 23:09:07.635 2016] 2700, 1478, 721, 4972
[Fri Nov 11 23:09:07.738 2016] 2700, 1478, 721, 4972
[Fri Nov 11 23:09:07.842 2016] 2700, 1478, 721, 4972
[Fri Nov 11 23:09:07.945 2016] 2700, 1478, 721, 4972
[Fri Nov 11 23:09:08.051 2016] 2700, 1478, 721, 4972
[Fri Nov 11 23:09:08.152 2016] 2700, 1478, 721, 4972
[Fri Nov 11 23:09:08.254 2016] 2699, 1478, 721, 4972
[Fri Nov 11 23:09:08.359 2016] 2700, 1478, 721, 4972
[Fri Nov 11 23:09:08.462 2016] 2700, 1478, 721, 4971
[Fri Nov 11 23:09:08.564 2016] 2700, 1478, 721, 4971
[Fri Nov 11 23:09:08.670 2016] 2700, 1478, 721, 4971
[Fri Nov 11 23:09:08.772 2016] 2700, 1478, 721, 4972
[Fri Nov 11 23:09:08.876 2016] 2700, 1478, 721, 4972
[Fri Nov 11 23:09:08.978 2016] 2700, 1478, 721, 4972
[Fri Nov 11 23:09:09.082 2016] 2700, 1478, 721, 4972
[Fri Nov 11 23:09:09.184 2016] 2700, 1478, 721, 4972
[Fri Nov 11 23:09:09.287 2016] 2700, 1478, 721, 4972
[Fri Nov 11 23:09:09.392 2016] 2700, 1478, 721, 4972
[Fri Nov 11 23:09:09.496 2016] 2699, 1478, 721, 4972
[Fri Nov 11 23:09:09.599 2016] 2699, 1478, 721, 4972
[Fri Nov 11 23:09:09.703 2016] 2700, 1478, 721, 4972
[Fri Nov 11 23:09:09.804 2016] 2700, 1478, 721, 4972
[Fri Nov 11 23:09:09.907 2016] 2700, 1478, 721, 4972
[Fri Nov 11 23:09:10.010 2016] 2700, 1478, 721, 4972
[Fri Nov 11 23:09:10.114 2016] 2700, 1478, 721, 4972
[Fri Nov 11 23:09:10.219 2016] 2700, 1478, 721, 4972
[Fri Nov 11 23:09:10.322 2016] 2700, 1478, 721, 4973
[Fri Nov 11 23:09:10.426 2016] 2700, 1478, 721, 4972
[Fri Nov 11 23:09:10.529 2016] 2700, 1478, 721, 4973
[Fri Nov 11 23:09:10.632 2016] 2700, 1478, 721, 4972
[Fri Nov 11 23:09:10.736 2016] 2700, 1478, 721, 4972
[Fri Nov 11 23:09:10.839 2016] 2700, 1478, 721, 4972
[Fri Nov 11 23:09:10.943 2016] 2700, 1478, 721, 4973
[Fri Nov 11 23:09:11.045 2016] 2700, 1478, 721, 4972
[Fri Nov 11 23:09:11.149 2016] 2700, 1478, 721, 4972
[Fri Nov 11 23:09:11.250 2016] 2700, 1478, 721, 4972
[Fri Nov 11 23:09:11.355 2016] 2700, 1478, 721, 4972
[Fri Nov 11 23:09:11.461 2016] 2700, 1478, 721, 4972
[Fri Nov 11 23:09:11.562 2016] 2700, 1478, 721, 4972
[Fri Nov 11 23:09:11.666 2016] 2700, 1478, 721, 4972
[Fri Nov 11 23:09:11.769 2016] 2700, 1478, 721, 4972
[Fri Nov 11 23:09:11.872 2016] 2700, 1478, 721, 4972
[Fri Nov 11 23:09:11.977 2016] 2700, 1478, 721, 4973
[Fri Nov 11 23:09:12.079 2016] 2700, 1478, 721, 4972
[Fri Nov 11 23:09:12.182 2016] 2700, 1478, 721, 4972
[Fri Nov 11 23:09:12.285 2016] 2700, 1478, 721, 4972
[Fri Nov 11 23:09:12.389 2016] 2700, 1478, 721, 4972
[Fri Nov 11 23:09:12.493 2016] 2700, 1478, 721, 4972
[Fri Nov 11 23:09:12.596 2016] 2700, 1478, 721, 4972
[Fri Nov 11 23:09:12.698 2016] 2700, 1478, 721, 4971
[Fri Nov 11 23:09:12.801 2016] 2700, 1478, 721, 4972
[Fri Nov 11 23:09:12.904 2016] 2700, 1478, 721, 4972
[Fri Nov 11 23:09:13.007 2016] 2700, 1478, 721, 4972
[Fri Nov 11 23:09:13.111 2016] 2700, 1478, 721, 4973
[Fri Nov 11 23:09:13.216 2016] 2700, 1478, 721, 4973
[Fri Nov 11 23:09:13.319 2016] 2700, 1478, 721, 4972
[Fri Nov 11 23:09:13.423 2016] 2700, 1478, 721, 4972
[Fri Nov 11 23:09:13.526 2016] 2700, 1478, 721, 4972
[Fri Nov 11 23:09:13.629 2016] 2700, 1478, 721, 4972
[Fri Nov 11 23:09:13.733 2016] 2700, 1478, 721, 4972
[Fri Nov 11 23:09:13.836 2016] 2700, 1478, 721, 4972
[Fri Nov 11 23:09:13.942 2016] 2700, 1478, 721, 4972
[Fri Nov 11 23:09:14.043 2016] 2700, 1478, 721, 4972
[Fri Nov 11 23:09:14.146 2016] 2699, 1478, 721, 4971
[Fri Nov 11 23:09:14.249 2016] 2699, 1478, 721, 4971
[Fri Nov 11 23:09:14.353 2016] 2699, 1478, 721, 4971
[Fri Nov 11 23:09:14.458 2016] 2699, 1478, 721, 4972
[Fri Nov 11 23:09:14.559 2016] 2699, 1478, 721, 4972
[Fri Nov 11 23:09:14.663 2016] 2700, 1478, 721, 4972
[Fri Nov 11 23:09:14.766 2016] 2700, 1478, 721, 4972
[Fri Nov 11 23:09:14.869 2016] 2699, 1478, 721, 4971
[Fri Nov 11 23:09:14.975 2016] 2700, 1478, 721, 4972
[Fri Nov 11 23:09:15.076 2016] 2700, 1478, 721, 4972
[Fri Nov 11 23:09:15.178 2016] 2699, 1478, 721, 4971
[Fri Nov 11 23:09:15.282 2016] 2700, 1478, 721, 4972
[Fri Nov 11 23:09:15.386 2016] 2700, 1478, 721, 4972
[Fri Nov 11 23:09:15.489 2016] 2700, 1478, 721, 4972
[Fri Nov 11 23:09:15.593 2016] 2700, 1478, 721, 4972
[Fri Nov 11 23:09:15.695 2016] 2699, 1478, 721, 4971
[Fri Nov 11 23:09:15.797 2016] 2700, 1478, 721, 4971
[Fri Nov 11 23:09:15.906 2016] 2700, 1478, 721, 4972
[Fri Nov 11 23:09:16.004 2016] 2700, 1478, 721, 4972
[Fri Nov 11 23:09:16.107 2016] 2700, 1478, 721, 4972
[Fri Nov 11 23:09:16.212 2016] 2700, 1478, 721, 4972
[Fri Nov 11 23:09:16.315 2016] 2700, 1478, 721, 4971
[Fri Nov 11 23:09:16.420 2016] 2699, 1478, 721, 4971
[Fri Nov 11 23:09:16.522 2016] 2699, 1478, 721, 4971
[Fri Nov 11 23:09:16.626 2016] 2699, 1478, 721, 4971
[Fri Nov 11 23:09:16.729 2016] 2699, 1478, 721, 4971
[Fri Nov 11 23:09:16.832 2016] 2700, 1478, 721, 4972
[Fri Nov 11 23:09:16.935 2016] 2700, 1478, 721, 4972
[Fri Nov 11 23:09:17.039 2016] 2700, 1478, 721, 4972
[Fri Nov 11 23:09:17.142 2016] 2700, 1478, 721, 4972
[Fri Nov 11 23:09:17.244 2016] 2700, 1478, 721, 4971
[Fri Nov 11 23:09:17.349 2016] 2700, 1478, 721, 4972
[Fri Nov 11 23:09:17.452 2016] 2700, 1478, 721, 4972
[Fri Nov 11 23:09:17.555 2016] 2700, 1478, 721, 4972
[Fri Nov 11 23:09:17.657 2016] 2700, 1478, 721, 4972
[Fri Nov 11 23:09:17.762 2016] 2700, 1478, 721, 4972
[Fri Nov 11 23:09:17.866 2016] 2699, 1478, 721, 4971
[Fri Nov 11 23:09:17.969 2016] 2700, 1478, 721, 4972
[Fri Nov 11 23:09:18.073 2016] 2700, 1478, 721, 4972
[Fri Nov 11 23:09:18.177 2016] 2700, 1478, 721, 4972
[Fri Nov 11 23:09:18.279 2016] 2700, 1478, 721, 4972
[Fri Nov 11 23:09:18.386 2016] 2700, 1478, 721, 4972
[Fri Nov 11 23:09:18.487 2016] 2700, 1478, 721, 4972
[Fri Nov 11 23:09:18.590 2016] 2700, 1478, 721, 4971
[Fri Nov 11 23:09:18.693 2016] 2700, 1478, 721, 4972
[Fri Nov 11 23:09:18.795 2016] 2700, 1478, 721, 4972
[Fri Nov 11 23:09:18.898 2016] 2700, 1478, 721, 4972
[Fri Nov 11 23:09:19.002 2016] 2700, 1478, 721, 4972
[Fri Nov 11 23:09:19.107 2016] 2700, 1478, 721, 4972
[Fri Nov 11 23:09:19.208 2016] 2700, 1478, 721, 4972
[Fri Nov 11 23:09:19.314 2016] 2700, 1478, 721, 4972
[Fri Nov 11 23:09:19.418 2016] 2700, 1478, 721, 4972
[Fri Nov 11 23:09:19.522 2016] 2699, 1478, 721, 4971
[Fri Nov 11 23:09:19.624 2016] 2699, 1478, 721, 4971
[Fri Nov 11 23:09:19.727 2016] 2699, 1478, 721, 4971
[Fri Nov 11 23:09:19.830 2016] 2700, 1478, 721, 4972
[Fri Nov 11 23:09:19.934 2016] 2700, 1478, 721, 4972
[Fri Nov 11 23:09:20.037 2016] 2700, 1478, 721, 4972
[Fri Nov 11 23:09:20.141 2016] 2700, 1478, 721, 4972
[Fri Nov 11 23:09:20.243 2016] 2700, 1478, 721, 4972
[Fri Nov 11 23:09:20.347 2016] 2700, 1478, 721, 4972
[Fri Nov 11 23:09:20.450 2016] 2700, 1478, 721, 4972
[Fri Nov 11 23:09:20.553 2016] 2700, 1478, 721, 4972
[Fri Nov 11 23:09:20.657 2016] 2700, 1478, 721, 4972
[Fri Nov 11 23:09:20.760 2016] 2700, 1478, 721, 4972
[Fri Nov 11 23:09:20.864 2016] 2700, 1478, 721, 4971
[Fri Nov 11 23:09:20.967 2016] 2700, 1478, 721, 4972
[Fri Nov 11 23:09:21.070 2016] 2700, 1478, 721, 4972
[Fri Nov 11 23:09:21.172 2016] 2700, 1478, 721, 4971
[Fri Nov 11 23:09:21.277 2016] 2700, 1478, 721, 4971
[Fri Nov 11 23:09:21.379 2016] 2700, 1478, 721, 4972
[Fri Nov 11 23:09:21.484 2016] 2699, 1478, 721, 4971
[Fri Nov 11 23:09:21.587 2016] 2700, 1478, 721, 4972
[Fri Nov 11 23:09:21.691 2016] 2700, 1478, 721, 4972
[Fri Nov 11 23:09:21.792 2016] 2700, 1478, 721, 4972
[Fri Nov 11 23:09:21.895 2016] 2700, 1478, 721, 4972
[Fri Nov 11 23:09:21.998 2016] 2700, 1478, 721, 4972
[Fri Nov 11 23:09:22.103 2016] 2700, 1478, 721, 4972
[Fri Nov 11 23:09:22.208 2016] 2700, 1478, 721, 4972
[Fri Nov 11 23:09:22.310 2016] 2700, 1478, 721, 4972
[Fri Nov 11 23:09:22.414 2016] 2700, 1478, 721, 4972
[Fri Nov 11 23:09:22.518 2016] 2700, 1478, 721, 4972
[Fri Nov 11 23:09:22.621 2016] 2700, 1478, 721, 4972
[Fri Nov 11 23:09:22.724 2016] 2700, 1478, 721, 4972
[Fri Nov 11 23:09:22.828 2016] 2699, 1478, 721, 4971
[Fri Nov 11 23:09:22.931 2016] 2699, 1478, 721, 4971
[Fri Nov 11 23:09:23.035 2016] 2699, 1478, 721, 4971
[Fri Nov 11 23:09:23.139 2016] 2699, 1478, 721, 4971
[Fri Nov 11 23:09:23.239 2016] 2699, 1478, 721, 4971
[Fri Nov 11 23:09:23.344 2016] 2699, 1477, 720, 4971
[Fri Nov 11 23:09:23.448 2016] 2699, 1478, 721, 4971
[Fri Nov 11 23:09:23.551 2016] 2699, 1478, 720, 4971
[Fri Nov 11 23:09:23.654 2016] 2699, 1478, 721, 4971
[Fri Nov 11 23:09:23.758 2016] 2699, 1478, 721, 4971
[Fri Nov 11 23:09:23.862 2016] 2699, 1478, 721, 4971
[Fri Nov 11 23:09:23.964 2016] 2700, 1478, 721, 4971
[Fri Nov 11 23:09:24.068 2016] 2699, 1478, 721, 4971
[Fri Nov 11 23:09:24.172 2016] 2699, 1478, 721, 4971
[Fri Nov 11 23:09:24.275 2016] 2699, 1478, 721, 4971
[Fri Nov 11 23:09:24.378 2016] 2699, 1478, 721, 4971
[Fri Nov 11 23:09:24.481 2016] 2699, 1478, 721, 4971
[Fri Nov 11 23:09:24.585 2016] 2700, 1478, 721, 4972
[Fri Nov 11 23:09:24.688 2016] 2700, 1478, 721, 4972
[Fri Nov 11 23:09:24.790 2016] 2700, 1478, 721, 4972
[Fri Nov 11 23:09:24.893 2016] 2699, 1478, 721, 4971
[Fri Nov 11 23:09:24.996 2016] 2699, 1478, 721, 4971
[Fri Nov 11 23:09:25.099 2016] 2699, 1478, 721, 4971
[Fri Nov 11 23:09:25.203 2016] 2699, 1478, 720, 4970
[Fri Nov 11 23:09:25.309 2016] 2699, 1478, 721, 4971
[Fri Nov 11 23:09:25.413 2016] 2700, 1478, 721, 4972
[Fri Nov 11 23:09:25.515 2016] 2699, 1478, 721, 4971
[Fri Nov 11 23:09:25.618 2016] 2699, 1478, 721, 4971
[Fri Nov 11 23:09:25.723 2016] 2700, 1478, 721, 4971
[Fri Nov 11 23:09:25.825 2016] 2699, 1478, 721, 4971
[Fri Nov 11 23:09:25.929 2016] 2699, 1478, 721, 4971
[Fri Nov 11 23:09:26.031 2016] 2699, 1478, 721, 4971
[Fri Nov 11 23:09:26.135 2016] 2699, 1478, 721, 4971
[Fri Nov 11 23:09:26.238 2016] 2699, 1478, 721, 4971
[Fri Nov 11 23:09:26.344 2016] 2699, 1478, 721, 4971
[Fri Nov 11 23:09:26.442 2016] 2699, 1478, 721, 4971
[Fri Nov 11 23:09:26.546 2016] 2699, 1478, 721, 4971
[Fri Nov 11 23:09:26.651 2016] 2699, 1478, 721, 4971
[Fri Nov 11 23:09:26.756 2016] 2699, 1478, 721, 4971
[Fri Nov 11 23:09:26.858 2016] 2699, 1478, 721, 4971
[Fri Nov 11 23:09:26.961 2016] 2699, 1478, 721, 4971
[Fri Nov 11 23:09:27.063 2016] 2699, 1478, 721, 4971
[Fri Nov 11 23:09:27.166 2016] 2699, 1478, 721, 4971
[Fri Nov 11 23:09:27.270 2016] 2699, 1478, 721, 4971
[Fri Nov 11 23:09:27.376 2016] 2699, 1478, 721, 4971
[Fri Nov 11 23:09:27.480 2016] 2699, 1478, 721, 4972
[Fri Nov 11 23:09:27.582 2016] 2699, 1478, 721, 4971
[Fri Nov 11 23:09:27.685 2016] 2699, 1478, 721, 4971
[Fri Nov 11 23:09:27.786 2016] 2699, 1478, 721, 4971
[Fri Nov 11 23:09:27.890 2016] 2699, 1478, 721, 4970
[Fri Nov 11 23:09:27.993 2016] 2699, 1477, 721, 4971
[Fri Nov 11 23:09:28.096 2016] 2699, 1478, 721, 4971
[Fri Nov 11 23:09:28.205 2016] 2699, 1478, 721, 4971
[Fri Nov 11 23:09:28.305 2016] 2699, 1478, 721, 4971
[Fri Nov 11 23:09:28.408 2016] 2699, 1478, 721, 4971
[Fri Nov 11 23:09:28.512 2016] 2700, 1478, 721, 4972
[Fri Nov 11 23:09:28.614 2016] 2699, 1478, 721, 4971
[Fri Nov 11 23:09:28.717 2016] 2699, 1478, 721, 4971
[Fri Nov 11 23:09:28.820 2016] 2699, 1478, 721, 4971
[Fri Nov 11 23:09:28.923 2016] 2699, 1478, 721, 4971
[Fri Nov 11 23:09:29.028 2016] 2700, 1478, 721, 4972
[Fri Nov 11 23:09:29.131 2016] 2700, 1478, 721, 4972
[Fri Nov 11 23:09:29.233 2016] 2699, 1478, 721, 4971
[Fri Nov 11 23:09:29.339 2016] 2700, 1478, 721, 4971
[Fri Nov 11 23:09:29.442 2016] 2700, 1478, 721, 4971
[Fri Nov 11 23:09:29.545 2016] 2699, 1478, 721, 4971
[Fri Nov 11 23:09:29.646 2016] 2699, 1478, 721, 4971
[Fri Nov 11 23:09:29.751 2016] 2699, 1478, 721, 4971
[Fri Nov 11 23:09:29.855 2016] 2699, 1478, 721, 4971
[Fri Nov 11 23:09:29.959 2016] 2699, 1478, 721, 4971
[Fri Nov 11 23:09:30.061 2016] 2699, 1478, 721, 4971
[Fri Nov 11 23:09:30.165 2016] 2699, 1478, 721, 4971
[Fri Nov 11 23:09:30.267 2016] 2700, 1478, 721, 4972
[Fri Nov 11 23:09:30.372 2016] 2699, 1478, 721, 4971
[Fri Nov 11 23:09:30.475 2016] 2700, 1478, 721, 4972
[Fri Nov 11 23:09:30.578 2016] 2699, 1478, 721, 4972
[Fri Nov 11 23:09:30.682 2016] 2699, 1478, 721, 4971
[Fri Nov 11 23:09:30.783 2016] 2699, 1478, 721, 4972
[Fri Nov 11 23:09:30.886 2016] 2700, 1478, 721, 4972
[Fri Nov 11 23:09:30.990 2016] 2700, 1478, 721, 4972
[Fri Nov 11 23:09:31.093 2016] 2701, 1478, 721, 4974
[Fri Nov 11 23:09:31.196 2016] 2701, 1478, 721, 4974
[Fri Nov 11 23:09:31.302 2016] 2700, 1478, 721, 4974
[Fri Nov 11 23:09:31.404 2016] 2700, 1478, 721, 4974
[Fri Nov 11 23:09:31.509 2016] 2700, 1478, 721, 4973
[Fri Nov 11 23:09:31.612 2016] 2700, 1478, 721, 4973
[Fri Nov 11 23:09:31.715 2016] 2700, 1478, 721, 4972
[Fri Nov 11 23:09:31.822 2016] 2699, 1477, 720, 4970
[Fri Nov 11 23:09:31.922 2016] 2699, 1477, 720, 4970
[Fri Nov 11 23:09:32.025 2016] 2699, 1478, 721, 4971
[Fri Nov 11 23:09:32.129 2016] 2699, 1478, 721, 4971
[Fri Nov 11 23:09:32.231 2016] 2699, 1478, 721, 4971
[Fri Nov 11 23:09:32.344 2016] 2700, 1478, 721, 4972
[Fri Nov 11 23:09:32.437 2016] 2699, 1478, 721, 4971
[Fri Nov 11 23:09:32.551 2016] 2700, 1478, 721, 4972
[Fri Nov 11 23:09:32.654 2016] 2700, 1478, 721, 4973
[Fri Nov 11 23:09:32.748 2016] 2700, 1478, 721, 4973
[Fri Nov 11 23:09:32.850 2016] 2700, 1478, 721, 4972
[Fri Nov 11 23:09:32.955 2016] 2700, 1478, 721, 4972
[Fri Nov 11 23:09:33.058 2016] 2700, 1478, 721, 4973
[Fri Nov 11 23:09:33.160 2016] 2700, 1478, 721, 4974
[Fri Nov 11 23:09:33.264 2016] 2700, 1478, 721, 4973
[Fri Nov 11 23:09:33.369 2016] 2700, 1478, 721, 4973
[Fri Nov 11 23:09:33.474 2016] 2700, 1478, 721, 4973
[Fri Nov 11 23:09:33.578 2016] 2700, 1478, 721, 4973
[Fri Nov 11 23:09:33.678 2016] 2700, 1478, 721, 4973
[Fri Nov 11 23:09:33.780 2016] 2700, 1478, 721, 4973
[Fri Nov 11 23:09:33.884 2016] 2701, 1479, 721, 4974
[Fri Nov 11 23:09:33.987 2016] 2700, 1478, 721, 4974
[Fri Nov 11 23:09:34.091 2016] 2700, 1478, 721, 4973
[Fri Nov 11 23:09:34.196 2016] 2700, 1478, 721, 4973
[Fri Nov 11 23:09:34.298 2016] 2700, 1478, 721, 4973
[Fri Nov 11 23:09:34.405 2016] 2700, 1478, 721, 4973
[Fri Nov 11 23:09:34.506 2016] 2701, 1478, 721, 4974
[Fri Nov 11 23:09:34.610 2016] 2700, 1478, 721, 4973
[Fri Nov 11 23:09:34.712 2016] 2700, 1478, 721, 4973
[Fri Nov 11 23:09:34.816 2016] 2700, 1478, 721, 4973
[Fri Nov 11 23:09:34.919 2016] 2700, 1478, 721, 4973
[Fri Nov 11 23:09:35.023 2016] 2700, 1478, 721, 4974
[Fri Nov 11 23:09:35.126 2016] 2700, 1478, 721, 4973
[Fri Nov 11 23:09:35.227 2016] 2700, 1478, 721, 4974
[Fri Nov 11 23:09:35.332 2016] 2701, 1478, 721, 4974
[Fri Nov 11 23:09:35.436 2016] 2701, 1478, 721, 4973
[Fri Nov 11 23:09:35.539 2016] 2700, 1478, 721, 4973
[Fri Nov 11 23:09:35.643 2016] 2700, 1478, 721, 4973
[Fri Nov 11 23:09:35.746 2016] 2700, 1478, 721, 4973
[Fri Nov 11 23:09:35.850 2016] 2700, 1478, 721, 4973
[Fri Nov 11 23:09:35.954 2016] 2700, 1478, 721, 4973
[Fri Nov 11 23:09:36.056 2016] 2700, 1478, 721, 4973
