[Fri Nov 11 23:06:54.154 2016] 1947, 1231, 1793, 4905
[Fri Nov 11 23:06:54.160 2016] 1947, 1231, 1793, 4904
[Fri Nov 11 23:06:54.160 2016] 1947, 1231, 1793, 4905
[Fri Nov 11 23:06:54.160 2016] 1947, 1231, 1794, 4906
[Fri Nov 11 23:06:54.160 2016] 1947, 1231, 1793, 4905
[Fri Nov 11 23:06:54.160 2016] 1946, 1231, 1793, 4904
[Fri Nov 11 23:06:54.160 2016] 1948, 1232, 1794, 4908
[Fri Nov 11 23:06:54.160 2016] 1946, 1230, 1792, 4902
[Fri Nov 11 23:06:54.160 2016] 1947, 1231, 1793, 4906
[Fri Nov 11 23:06:54.160 2016] 1949, 1232, 1795, 4909
[Fri Nov 11 23:06:54.160 2016] 1945, 1230, 1791, 4900
[Fri Nov 11 23:06:54.160 2016] 1949, 1232, 1795, 4909
[Fri Nov 11 23:06:54.160 2016] 1945, 1230, 1792, 4900
[Fri Nov 11 23:06:54.160 2016] 1949, 1232, 1795, 4909
[Fri Nov 11 23:06:54.160 2016] 1948, 1231, 1794, 4907
[Fri Nov 11 23:06:54.160 2016] 1945, 1230, 1792, 4901
[Fri Nov 11 23:06:54.160 2016] 1949, 1232, 1795, 4909
[Fri Nov 11 23:06:54.160 2016] 1946, 1230, 1792, 4903
[Fri Nov 11 23:06:54.160 2016] 1948, 1231, 1794, 4908
[Fri Nov 11 23:06:54.160 2016] 1946, 1230, 1792, 4903
[Fri Nov 11 23:06:54.160 2016] 1946, 1230, 1793, 4903
[Fri Nov 11 23:06:54.160 2016] 1948, 1232, 1794, 4908
[Fri Nov 11 23:06:54.160 2016] 1946, 1230, 1792, 4902
[Fri Nov 11 23:06:54.160 2016] 1947, 1231, 1793, 4904
[Fri Nov 11 23:06:54.160 2016] 1947, 1231, 1793, 4905
[Fri Nov 11 23:06:54.160 2016] 1947, 1231, 1793, 4905
[Fri Nov 11 23:06:54.160 2016] 1946, 1231, 1793, 4904
[Fri Nov 11 23:06:54.160 2016] 1947, 1231, 1793, 4905
[Fri Nov 11 23:06:54.160 2016] 1946, 1230, 1792, 4903
[Fri Nov 11 23:06:54.160 2016] 1948, 1231, 1794, 4907
[Fri Nov 11 23:06:54.160 2016] 1946, 1230, 1792, 4903
[Fri Nov 11 23:06:54.160 2016] 1947, 1231, 1793, 4905
[Fri Nov 11 23:06:54.160 2016] 1947, 1231, 1793, 4904
[Fri Nov 11 23:06:54.160 2016] 1946, 1230, 1793, 4903
[Fri Nov 11 23:06:54.160 2016] 1947, 1231, 1793, 4905
[Fri Nov 11 23:06:54.160 2016] 1948, 1231, 1794, 4907
[Fri Nov 11 23:06:54.160 2016] 1948, 1230, 1793, 4907
[Fri Nov 11 23:06:54.160 2016] 1946, 1230, 1793, 4903
[Fri Nov 11 23:06:54.160 2016] 1946, 1230, 1792, 4902
[Fri Nov 11 23:06:54.160 2016] 1948, 1231, 1794, 4907
[Fri Nov 11 23:06:54.160 2016] 1945, 1230, 1791, 4900
[Fri Nov 11 23:06:54.160 2016] 1944, 1229, 1791, 4898
[Fri Nov 11 23:06:54.160 2016] 1948, 1232, 1794, 4908
[Fri Nov 11 23:06:54.160 2016] 1939, 1226, 1786, 4886
[Fri Nov 11 23:06:54.160 2016] 1956, 1237, 1802, 4928
[Fri Nov 11 23:06:54.160 2016] 1940, 1227, 1788, 4890
[Fri Nov 11 23:06:54.166 2016] 1951, 1234, 1798, 4917
[Fri Nov 11 23:06:54.166 2016] 1949, 1232, 1795, 4910
[Fri Nov 11 23:06:54.166 2016] 1946, 1231, 1793, 4905
[Fri Nov 11 23:06:54.166 2016] 1947, 1231, 1793, 4905
[Fri Nov 11 23:06:54.166 2016] 1948, 1232, 1795, 4909
[Fri Nov 11 23:06:54.166 2016] 1946, 1230, 1793, 4903
[Fri Nov 11 23:06:54.166 2016] 1952, 1234, 1798, 4917
[Fri Nov 11 23:06:54.166 2016] 1945, 1230, 1792, 4902
[Fri Nov 11 23:06:54.166 2016] 1945, 1230, 1792, 4902
[Fri Nov 11 23:06:54.166 2016] 1952, 1234, 1798, 4917
[Fri Nov 11 23:06:54.166 2016] 1943, 1228, 1790, 4895
[Fri Nov 11 23:06:54.166 2016] 1951, 1233, 1797, 4915
[Fri Nov 11 23:06:54.166 2016] 1941, 1227, 1788, 4891
[Fri Nov 11 23:06:54.166 2016] 1952, 1234, 1798, 4919
[Fri Nov 11 23:06:54.166 2016] 1943, 1229, 1790, 4897
[Fri Nov 11 23:06:54.166 2016] 1949, 1232, 1795, 4911
[Fri Nov 11 23:06:54.166 2016] 1944, 1229, 1791, 4898
[Fri Nov 11 23:06:54.166 2016] 1951, 1233, 1797, 4915
[Fri Nov 11 23:06:54.166 2016] 1945, 1230, 1792, 4902
[Fri Nov 11 23:06:54.166 2016] 1941, 1227, 1788, 4892
[Fri Nov 11 23:06:54.166 2016] 1955, 1236, 1801, 4925
[Fri Nov 11 23:06:54.166 2016] 1944, 1230, 1791, 4901
[Fri Nov 11 23:06:54.166 2016] 1945, 1230, 1792, 4903
[Fri Nov 11 23:06:54.166 2016] 1956, 1237, 1802, 4929
[Fri Nov 11 23:06:54.166 2016] 1934, 1223, 1782, 4876
[Fri Nov 11 23:06:54.166 2016] 1964, 1242, 1809, 4949
[Fri Nov 11 23:06:54.166 2016] 1934, 1223, 1782, 4875
[Fri Nov 11 23:06:54.166 2016] 1953, 1235, 1799, 4920
[Fri Nov 11 23:06:54.166 2016] 1945, 1230, 1792, 4901
[Fri Nov 11 23:06:54.166 2016] 1949, 1232, 1795, 4911
[Fri Nov 11 23:06:54.166 2016] 1945, 1230, 1792, 4901
[Fri Nov 11 23:06:54.166 2016] 1951, 1234, 1797, 4915
[Fri Nov 11 23:06:54.166 2016] 1942, 1228, 1789, 4893
[Fri Nov 11 23:06:54.166 2016] 1944, 1229, 1791, 4898
[Fri Nov 11 23:06:54.166 2016] 1947, 1231, 1794, 4906
[Fri Nov 11 23:06:54.166 2016] 1956, 1237, 1802, 4928
[Fri Nov 11 23:06:54.166 2016] 1935, 1223, 1782, 4875
[Fri Nov 11 23:06:54.166 2016] 1944, 1229, 1791, 4899
[Fri Nov 11 23:06:54.166 2016] 1960, 1239, 1805, 4937
[Fri Nov 11 23:06:54.166 2016] 1960, 1239, 1805, 4937
[Fri Nov 11 23:06:54.166 2016] 1927, 1219, 1776, 4859
[Fri Nov 11 23:06:54.166 2016] 1960, 1239, 1805, 4938
[Fri Nov 11 23:06:54.166 2016] 1939, 1226, 1786, 4886
[Fri Nov 11 23:06:54.166 2016] 1944, 1229, 1791, 4900
[Fri Nov 11 23:06:54.169 2016] 1952, 1234, 1798, 4919
[Fri Nov 11 23:06:54.169 2016] 1933, 1222, 1781, 4871
[Fri Nov 11 23:06:54.169 2016] 1964, 1242, 1809, 4947
[Fri Nov 11 23:06:54.169 2016] 1920, 1214, 1769, 4841
[Fri Nov 11 23:06:54.169 2016] 1985, 1255, 1829, 5000
[Fri Nov 11 23:06:54.169 2016] 1913, 1210, 1763, 4824
[Fri Nov 11 23:06:54.169 2016] 1978, 1251, 1822, 4983
[Fri Nov 11 23:06:54.169 2016] 1923, 1216, 1772, 4849
[Fri Nov 11 23:06:54.169 2016] 1965, 1243, 1810, 4951
[Fri Nov 11 23:06:54.169 2016] 1929, 1220, 1777, 4863
[Fri Nov 11 23:06:54.169 2016] 1969, 1245, 1814, 4960
[Fri Nov 11 23:06:54.169 2016] 1925, 1217, 1774, 4853
[Fri Nov 11 23:06:54.169 2016] 1952, 1234, 1798, 4918
[Fri Nov 11 23:06:54.169 2016] 1950, 1233, 1796, 4914
[Fri Nov 11 23:06:54.169 2016] 1936, 1224, 1784, 4880
[Fri Nov 11 23:06:54.169 2016] 1950, 1233, 1796, 4913
[Fri Nov 11 23:06:54.169 2016] 1943, 1229, 1790, 4897
[Fri Nov 11 23:06:54.169 2016] 1949, 1232, 1795, 4909
[Fri Nov 11 23:06:54.169 2016] 1942, 1228, 1789, 4893
[Fri Nov 11 23:06:54.169 2016] 1950, 1233, 1796, 4912
[Fri Nov 11 23:06:54.169 2016] 1944, 1229, 1791, 4899
[Fri Nov 11 23:06:54.169 2016] 1944, 1229, 1791, 4899
[Fri Nov 11 23:06:54.169 2016] 1945, 1230, 1792, 4901
[Fri Nov 11 23:06:54.169 2016] 1945, 1230, 1792, 4900
[Fri Nov 11 23:06:54.169 2016] 1944, 1229, 1791, 4898
[Fri Nov 11 23:06:54.169 2016] 1947, 1231, 1794, 4906
[Fri Nov 11 23:06:54.169 2016] 1944, 1229, 1790, 4897
[Fri Nov 11 23:06:54.195 2016] 1945, 1229, 1791, 4899
[Fri Nov 11 23:06:54.299 2016] 1946, 1230, 1793, 4903
[Fri Nov 11 23:06:54.403 2016] 1943, 1228, 1789, 4895
[Fri Nov 11 23:06:54.506 2016] 1950, 1233, 1796, 4912
[Fri Nov 11 23:06:54.611 2016] 1941, 1227, 1788, 4891
[Fri Nov 11 23:06:54.714 2016] 1947, 1231, 1794, 4906
[Fri Nov 11 23:06:54.817 2016] 1941, 1227, 1788, 4891
[Fri Nov 11 23:06:54.920 2016] 1953, 1235, 1799, 4920
[Fri Nov 11 23:06:55.023 2016] 1944, 1230, 1791, 4900
[Fri Nov 11 23:06:55.125 2016] 1943, 1229, 1791, 4897
[Fri Nov 11 23:06:55.231 2016] 1954, 1236, 1800, 4923
[Fri Nov 11 23:06:55.334 2016] 1946, 1231, 1793, 4904
[Fri Nov 11 23:06:55.436 2016] 1946, 1231, 1793, 4904
[Fri Nov 11 23:06:55.540 2016] 1946, 1231, 1793, 4904
[Fri Nov 11 23:06:55.643 2016] 1953, 1235, 1800, 4922
[Fri Nov 11 23:06:55.747 2016] 1940, 1227, 1788, 4891
[Fri Nov 11 23:06:55.849 2016] 1940, 1235, 1799, 4891
[Fri Nov 11 23:06:55.952 2016] 1953, 1235, 1799, 4921
[Fri Nov 11 23:06:56.057 2016] 1946, 1231, 1793, 4904
[Fri Nov 11 23:06:56.159 2016] 1946, 1231, 1793, 4905
[Fri Nov 11 23:06:56.261 2016] 1951, 1234, 1797, 4916
[Fri Nov 11 23:06:56.366 2016] 1942, 1228, 1790, 4895
[Fri Nov 11 23:06:56.470 2016] 1954, 1236, 1801, 4924
[Fri Nov 11 23:06:56.573 2016] 1942, 1228, 1789, 4894
[Fri Nov 11 23:06:56.676 2016] 1950, 1233, 1797, 4914
[Fri Nov 11 23:06:56.779 2016] 1947, 1231, 1794, 4907
[Fri Nov 11 23:06:56.881 2016] 1946, 1231, 1794, 4905
[Fri Nov 11 23:06:56.985 2016] 1946, 1231, 1793, 4905
[Fri Nov 11 23:06:57.089 2016] 1949, 1232, 1796, 4911
[Fri Nov 11 23:06:57.192 2016] 1944, 1229, 1792, 4900
[Fri Nov 11 23:06:57.295 2016] 1950, 1233, 1797, 4914
[Fri Nov 11 23:06:57.400 2016] 1945, 1230, 1793, 4903
[Fri Nov 11 23:06:57.501 2016] 1946, 1231, 1794, 4906
[Fri Nov 11 23:06:57.606 2016] 1950, 1233, 1797, 4914
[Fri Nov 11 23:06:57.708 2016] 1944, 1229, 1791, 4899
[Fri Nov 11 23:06:57.811 2016] 1949, 1233, 1796, 4912
[Fri Nov 11 23:06:57.915 2016] 1947, 1231, 1794, 4906
[Fri Nov 11 23:06:58.018 2016] 1946, 1231, 1793, 4904
[Fri Nov 11 23:06:58.121 2016] 1948, 1232, 1795, 4910
[Fri Nov 11 23:06:58.227 2016] 1946, 1231, 1793, 4904
[Fri Nov 11 23:06:58.333 2016] 1947, 1231, 1794, 4907
[Fri Nov 11 23:06:58.435 2016] 1947, 1232, 1794, 4908
[Fri Nov 11 23:06:58.538 2016] 1946, 1231, 1793, 4905
[Fri Nov 11 23:06:58.640 2016] 1947, 1232, 1794, 4908
[Fri Nov 11 23:06:58.744 2016] 1947, 1231, 1794, 4907
[Fri Nov 11 23:06:58.848 2016] 1947, 1231, 1794, 4906
[Fri Nov 11 23:06:58.950 2016] 1947, 1231, 1794, 4907
[Fri Nov 11 23:06:59.055 2016] 1947, 1231, 1794, 4907
[Fri Nov 11 23:06:59.158 2016] 1948, 1232, 1795, 4909
[Fri Nov 11 23:06:59.260 2016] 1942, 1228, 1790, 4896
[Fri Nov 11 23:06:59.365 2016] 1940, 1227, 1788, 4890
[Fri Nov 11 23:06:59.469 2016] 1967, 1244, 1812, 4956
[Fri Nov 11 23:06:59.573 2016] 1921, 1215, 1771, 4845
[Fri Nov 11 23:06:59.675 2016] 1975, 1249, 1820, 4976
[Fri Nov 11 23:06:59.777 2016] 1929, 1220, 1777, 4862
[Fri Nov 11 23:06:59.883 2016] 1953, 1235, 1799, 4921
[Fri Nov 11 23:06:59.984 2016] 1954, 1236, 1800, 4924
[Fri Nov 11 23:07:00.088 2016] 1927, 1219, 1776, 4858
[Fri Nov 11 23:07:00.190 2016] 1973, 1248, 1818, 4971
[Fri Nov 11 23:07:00.294 2016] 1927, 1219, 1776, 4859
[Fri Nov 11 23:07:00.398 2016] 1958, 1238, 1804, 4935
[Fri Nov 11 23:07:00.501 2016] 1949, 1232, 1796, 4912
[Fri Nov 11 23:07:00.605 2016] 1940, 1227, 1788, 4890
[Fri Nov 11 23:07:00.709 2016] 1957, 1238, 1803, 4931
[Fri Nov 11 23:07:00.809 2016] 1940, 1227, 1788, 4891
[Fri Nov 11 23:07:00.913 2016] 1940, 1227, 1798, 4891
[Fri Nov 11 23:07:01.017 2016] 1951, 1234, 1798, 4916
[Fri Nov 11 23:07:01.120 2016] 1960, 1239, 1806, 4938
[Fri Nov 11 23:07:01.225 2016] 1928, 1219, 1776, 4860
[Fri Nov 11 23:07:01.330 2016] 1967, 1244, 1812, 4956
[Fri Nov 11 23:07:01.433 2016] 1928, 1219, 1777, 4861
[Fri Nov 11 23:07:01.536 2016] 1963, 1242, 1809, 4948
[Fri Nov 11 23:07:01.639 2016] 1938, 1226, 1786, 4885
[Fri Nov 11 23:07:01.743 2016] 1951, 1234, 1798, 4918
[Fri Nov 11 23:07:01.848 2016] 1946, 1231, 1793, 4905
[Fri Nov 11 23:07:01.949 2016] 1943, 1229, 1790, 4897
[Fri Nov 11 23:07:02.052 2016] 1967, 1244, 1812, 4956
[Fri Nov 11 23:07:02.154 2016] 1918, 1213, 1768, 4838
[Fri Nov 11 23:07:02.261 2016] 1981, 1253, 1825, 4989
[Fri Nov 11 23:07:02.360 2016] 1918, 1213, 1767, 4836
[Fri Nov 11 23:07:02.466 2016] 1976, 1249, 1820, 4978
[Fri Nov 11 23:07:02.569 2016] 1925, 1218, 1774, 4855
[Fri Nov 11 23:07:02.672 2016] 1963, 1242, 1809, 4947
[Fri Nov 11 23:07:02.775 2016] 1942, 1228, 1790, 4896
[Fri Nov 11 23:07:02.878 2016] 1944, 1230, 1792, 4901
[Fri Nov 11 23:07:02.982 2016] 1960, 1239, 1806, 4939
[Fri Nov 11 23:07:03.086 2016] 1927, 1219, 1776, 4858
[Fri Nov 11 23:07:03.188 2016] 1973, 1248, 1818, 4971
[Fri Nov 11 23:07:03.293 2016] 1923, 1216, 1773, 4849
[Fri Nov 11 23:07:03.395 2016] 1965, 1242, 1810, 4950
[Fri Nov 11 23:07:03.499 2016] 1931, 1221, 1779, 4867
[Fri Nov 11 23:07:03.602 2016] 1959, 1239, 1805, 4936
[Fri Nov 11 23:07:03.703 2016] 1939, 1226, 1787, 4887
[Fri Nov 11 23:07:03.806 2016] 1953, 1235, 1800, 4922
[Fri Nov 11 23:07:03.910 2016] 1943, 1229, 1790, 4896
[Fri Nov 11 23:07:04.013 2016] 1950, 1233, 1796, 4913
[Fri Nov 11 23:07:04.118 2016] 1946, 1231, 1793, 4903
[Fri Nov 11 23:07:04.221 2016] 1946, 1231, 1793, 4904
[Fri Nov 11 23:07:04.328 2016] 1948, 1232, 1795, 4909
[Fri Nov 11 23:07:04.428 2016] 1946, 1231, 1793, 4905
[Fri Nov 11 23:07:04.532 2016] 1946, 1231, 1793, 4904
[Fri Nov 11 23:07:04.636 2016] 1947, 1231, 1794, 4907
[Fri Nov 11 23:07:04.738 2016] 1949, 1233, 1796, 4913
[Fri Nov 11 23:07:04.842 2016] 1942, 1228, 1790, 4895
[Fri Nov 11 23:07:04.945 2016] 1956, 1237, 1803, 4930
[Fri Nov 11 23:07:05.048 2016] 1940, 1227, 1788, 4890
[Fri Nov 11 23:07:05.152 2016] 1952, 1235, 1799, 4920
[Fri Nov 11 23:07:05.255 2016] 1945, 1230, 1792, 4901
[Fri Nov 11 23:07:05.358 2016] 1947, 1232, 1795, 4908
[Fri Nov 11 23:07:05.460 2016] 1952, 1235, 1799, 4920
[Fri Nov 11 23:07:05.565 2016] 1937, 1225, 1785, 4882
[Fri Nov 11 23:07:05.669 2016] 1958, 1239, 1805, 4935
[Fri Nov 11 23:07:05.773 2016] 1938, 1225, 1786, 4884
[Fri Nov 11 23:07:05.875 2016] 1955, 1236, 1801, 4884
[Fri Nov 11 23:07:05.979 2016] 1955, 1236, 1801, 4926
[Fri Nov 11 23:07:06.082 2016] 1942, 1228, 1790, 4895
[Fri Nov 11 23:07:06.184 2016] 1942, 1228, 1789, 4894
[Fri Nov 11 23:07:06.289 2016] 1957, 1238, 1803, 4931
[Fri Nov 11 23:07:06.392 2016] 1937, 1225, 1785, 4883
[Fri Nov 11 23:07:06.496 2016] 1954, 1236, 1801, 4924
[Fri Nov 11 23:07:06.599 2016] 1945, 1230, 1792, 4901
[Fri Nov 11 23:07:06.703 2016] 1947, 1231, 1794, 4907
[Fri Nov 11 23:07:06.804 2016] 1947, 1232, 1794, 4908
[Fri Nov 11 23:07:06.907 2016] 1946, 1230, 1793, 4903
[Fri Nov 11 23:07:07.011 2016] 1947, 1232, 1794, 4908
[Fri Nov 11 23:07:07.114 2016] 1945, 1230, 1793, 4903
[Fri Nov 11 23:07:07.221 2016] 1947, 1231, 1794, 4907
[Fri Nov 11 23:07:07.321 2016] 1949, 1232, 1796, 4911
[Fri Nov 11 23:07:07.426 2016] 1945, 1230, 1792, 4901
[Fri Nov 11 23:07:07.529 2016] 1947, 1231, 1794, 4906
[Fri Nov 11 23:07:07.633 2016] 1949, 1233, 1796, 4912
[Fri Nov 11 23:07:07.736 2016] 1945, 1230, 1792, 4901
[Fri Nov 11 23:07:07.839 2016] 1949, 1233, 1796, 4912
[Fri Nov 11 23:07:07.942 2016] 1943, 1229, 1791, 4898
[Fri Nov 11 23:07:08.046 2016] 1951, 1234, 1798, 4916
[Fri Nov 11 23:07:08.150 2016] 1941, 1228, 1789, 4892
[Fri Nov 11 23:07:08.252 2016] 1954, 1236, 1801, 4924
[Fri Nov 11 23:07:08.356 2016] 1943, 1229, 1791, 4897
[Fri Nov 11 23:07:08.459 2016] 1948, 1232, 1795, 4909
[Fri Nov 11 23:07:08.561 2016] 1952, 1234, 1798, 4918
[Fri Nov 11 23:07:08.666 2016] 1939, 1226, 1786, 4886
[Fri Nov 11 23:07:08.769 2016] 1959, 1239, 1805, 4935
[Fri Nov 11 23:07:08.873 2016] 1935, 1224, 1784, 4878
[Fri Nov 11 23:07:08.975 2016] 1956, 1237, 1803, 4930
[Fri Nov 11 23:07:09.079 2016] 1943, 1228, 1790, 4896
[Fri Nov 11 23:07:09.182 2016] 1946, 1230, 1793, 4903
[Fri Nov 11 23:07:09.286 2016] 1951, 1234, 1798, 4917
[Fri Nov 11 23:07:09.389 2016] 1944, 1229, 1791, 4898
[Fri Nov 11 23:07:09.492 2016] 1950, 1233, 1797, 4913
[Fri Nov 11 23:07:09.596 2016] 1946, 1231, 1793, 4904
[Fri Nov 11 23:07:09.699 2016] 1949, 1232, 1796, 4911
[Fri Nov 11 23:07:09.800 2016] 1945, 1230, 1792, 4902
[Fri Nov 11 23:07:09.904 2016] 1951, 1234, 1798, 4917
[Fri Nov 11 23:07:10.007 2016] 1944, 1229, 1791, 4898
[Fri Nov 11 23:07:10.112 2016] 1949, 1232, 1796, 4910
[Fri Nov 11 23:07:10.216 2016] 1947, 1232, 1794, 4907
[Fri Nov 11 23:07:10.319 2016] 1946, 1231, 1793, 4904
[Fri Nov 11 23:07:10.423 2016] 1947, 1232, 1794, 4907
[Fri Nov 11 23:07:10.525 2016] 1946, 1231, 1793, 4903
[Fri Nov 11 23:07:10.629 2016] 1946, 1231, 1793, 4905
[Fri Nov 11 23:07:10.733 2016] 1949, 1232, 1796, 4911
[Fri Nov 11 23:07:10.836 2016] 1944, 1230, 1792, 4900
[Fri Nov 11 23:07:10.940 2016] 1944, 1230, 1796, 4900
[Fri Nov 11 23:07:11.043 2016] 1949, 1232, 1796, 4911
[Fri Nov 11 23:07:11.146 2016] 1945, 1230, 1793, 4902
[Fri Nov 11 23:07:11.248 2016] 1948, 1232, 1794, 4908
[Fri Nov 11 23:07:11.353 2016] 1947, 1232, 1794, 4907
[Fri Nov 11 23:07:11.457 2016] 1946, 1231, 1793, 4905
[Fri Nov 11 23:07:11.560 2016] 1947, 1231, 1794, 4907
[Fri Nov 11 23:07:11.666 2016] 1947, 1232, 1794, 4907
[Fri Nov 11 23:07:11.765 2016] 1946, 1231, 1793, 4905
[Fri Nov 11 23:07:11.870 2016] 1946, 1231, 1794, 4905
[Fri Nov 11 23:07:11.973 2016] 1948, 1232, 1795, 4910
[Fri Nov 11 23:07:12.076 2016] 1948, 1232, 1794, 4908
[Fri Nov 11 23:07:12.178 2016] 1944, 1230, 1792, 4900
[Fri Nov 11 23:07:12.284 2016] 1948, 1232, 1795, 4910
[Fri Nov 11 23:07:12.386 2016] 1946, 1231, 1793, 4903
[Fri Nov 11 23:07:12.489 2016] 1948, 1232, 1795, 4908
[Fri Nov 11 23:07:12.593 2016] 1946, 1231, 1794, 4905
[Fri Nov 11 23:07:12.696 2016] 1941, 1227, 1788, 4891
[Fri Nov 11 23:07:12.798 2016] 1955, 1237, 1801, 4927
[Fri Nov 11 23:07:12.901 2016] 1947, 1232, 1794, 4907
[Fri Nov 11 23:07:13.004 2016] 1942, 1228, 1789, 4894
[Fri Nov 11 23:07:13.108 2016] 1961, 1240, 1806, 4940
[Fri Nov 11 23:07:13.213 2016] 1925, 1218, 1774, 4854
[Fri Nov 11 23:07:13.317 2016] 1974, 1248, 1819, 4973
[Fri Nov 11 23:07:13.420 2016] 1923, 1216, 1772, 4849
[Fri Nov 11 23:07:13.523 2016] 1965, 1243, 1811, 4953
[Fri Nov 11 23:07:13.626 2016] 1940, 1227, 1788, 4892
[Fri Nov 11 23:07:13.729 2016] 1943, 1229, 1791, 4898
[Fri Nov 11 23:07:13.833 2016] 1959, 1239, 1805, 4936
[Fri Nov 11 23:07:13.936 2016] 1936, 1225, 1785, 4881
[Fri Nov 11 23:07:14.040 2016] 1951, 1234, 1798, 4916
[Fri Nov 11 23:07:14.143 2016] 1945, 1230, 1792, 4902
[Fri Nov 11 23:07:14.247 2016] 1953, 1235, 1800, 4922
[Fri Nov 11 23:07:14.350 2016] 1941, 1228, 1789, 4893
[Fri Nov 11 23:07:14.453 2016] 1951, 1234, 1798, 4916
[Fri Nov 11 23:07:14.556 2016] 1938, 1225, 1786, 4884
[Fri Nov 11 23:07:14.661 2016] 1960, 1240, 1806, 4938
[Fri Nov 11 23:07:14.763 2016] 1938, 1226, 1786, 4885
[Fri Nov 11 23:07:14.867 2016] 1950, 1234, 1797, 4915
[Fri Nov 11 23:07:14.970 2016] 1947, 1231, 1794, 4906
[Fri Nov 11 23:07:15.074 2016] 1947, 1231, 1794, 4906
[Fri Nov 11 23:07:15.176 2016] 1950, 1233, 1797, 4915
[Fri Nov 11 23:07:15.280 2016] 1942, 1228, 1790, 4895
[Fri Nov 11 23:07:15.383 2016] 1955, 1236, 1801, 4926
[Fri Nov 11 23:07:15.486 2016] 1941, 1228, 1789, 4892
[Fri Nov 11 23:07:15.589 2016] 1952, 1235, 1799, 4919
[Fri Nov 11 23:07:15.692 2016] 1944, 1229, 1791, 4899
[Fri Nov 11 23:07:15.795 2016] 1949, 1233, 1796, 4911
[Fri Nov 11 23:07:15.899 2016] 1946, 1230, 1793, 4911
[Fri Nov 11 23:07:16.002 2016] 1946, 1230, 1793, 4903
[Fri Nov 11 23:07:16.108 2016] 1953, 1235, 1799, 4921
[Fri Nov 11 23:07:16.211 2016] 1934, 1223, 1782, 4875
[Fri Nov 11 23:07:16.313 2016] 1965, 1243, 1810, 4950
[Fri Nov 11 23:07:16.417 2016] 1923, 1216, 1773, 4850
[Fri Nov 11 23:07:16.521 2016] 1983, 1254, 1827, 4995
[Fri Nov 11 23:07:16.624 2016] 1907, 1206, 1758, 4811
[Fri Nov 11 23:07:16.727 2016] 1980, 1252, 1824, 4989
[Fri Nov 11 23:07:16.831 2016] 1927, 1219, 1776, 4860
[Fri Nov 11 23:07:16.935 2016] 1950, 1233, 1797, 4915
[Fri Nov 11 23:07:17.037 2016] 1954, 1236, 1801, 4927
[Fri Nov 11 23:07:17.140 2016] 1933, 1222, 1781, 4873
[Fri Nov 11 23:07:17.242 2016] 1957, 1238, 1803, 4932
[Fri Nov 11 23:07:17.346 2016] 1936, 1225, 1785, 4882
[Fri Nov 11 23:07:17.450 2016] 1968, 1245, 1813, 4959
[Fri Nov 11 23:07:17.553 2016] 1923, 1216, 1772, 4850
[Fri Nov 11 23:07:17.657 2016] 1974, 1249, 1819, 4974
[Fri Nov 11 23:07:17.760 2016] 1925, 1218, 1774, 4854
[Fri Nov 11 23:07:17.863 2016] 1963, 1242, 1809, 4946
[Fri Nov 11 23:07:17.967 2016] 1934, 1223, 1783, 4876
[Fri Nov 11 23:07:18.070 2016] 1959, 1239, 1805, 4937
[Fri Nov 11 23:07:18.175 2016] 1937, 1225, 1785, 4883
[Fri Nov 11 23:07:18.277 2016] 1955, 1236, 1801, 4926
[Fri Nov 11 23:07:18.381 2016] 1940, 1227, 1788, 4890
[Fri Nov 11 23:07:18.483 2016] 1955, 1236, 1801, 4926
[Fri Nov 11 23:07:18.587 2016] 1942, 1228, 1789, 4894
[Fri Nov 11 23:07:18.691 2016] 1952, 1235, 1799, 4919
[Fri Nov 11 23:07:18.792 2016] 1946, 1231, 1793, 4903
[Fri Nov 11 23:07:18.895 2016] 1947, 1231, 1794, 4906
[Fri Nov 11 23:07:18.998 2016] 1947, 1231, 1794, 4907
[Fri Nov 11 23:07:19.102 2016] 1948, 1232, 1795, 4910
[Fri Nov 11 23:07:19.205 2016] 1946, 1230, 1793, 4903
[Fri Nov 11 23:07:19.311 2016] 1951, 1234, 1798, 4917
[Fri Nov 11 23:07:19.415 2016] 1941, 1228, 1789, 4893
[Fri Nov 11 23:07:19.518 2016] 1956, 1237, 1802, 4928
[Fri Nov 11 23:07:19.621 2016] 1935, 1224, 1784, 4879
[Fri Nov 11 23:07:19.724 2016] 1957, 1238, 1803, 4931
[Fri Nov 11 23:07:19.828 2016] 1941, 1228, 1789, 4892
[Fri Nov 11 23:07:19.930 2016] 1952, 1235, 1799, 4920
[Fri Nov 11 23:07:20.034 2016] 1948, 1232, 1795, 4909
[Fri Nov 11 23:07:20.139 2016] 1945, 1230, 1793, 4902
[Fri Nov 11 23:07:20.241 2016] 1949, 1233, 1796, 4912
[Fri Nov 11 23:07:20.344 2016] 1946, 1231, 1793, 4904
[Fri Nov 11 23:07:20.448 2016] 1948, 1232, 1795, 4909
[Fri Nov 11 23:07:20.551 2016] 1948, 1232, 1795, 4908
[Fri Nov 11 23:07:20.654 2016] 1946, 1231, 1793, 4905
[Fri Nov 11 23:07:20.756 2016] 1948, 1232, 1795, 4909
[Fri Nov 11 23:07:20.861 2016] 1947, 1231, 1794, 4907
[Fri Nov 11 23:07:20.964 2016] 1947, 1231, 1794, 4907
[Fri Nov 11 23:07:21.068 2016] 1946, 1231, 1794, 4905
[Fri Nov 11 23:07:21.170 2016] 1948, 1232, 1795, 4908
[Fri Nov 11 23:07:21.274 2016] 1946, 1231, 1794, 4905
[Fri Nov 11 23:07:21.378 2016] 1948, 1232, 1795, 4908
[Fri Nov 11 23:07:21.481 2016] 1950, 1233, 1797, 4913
[Fri Nov 11 23:07:21.585 2016] 1942, 1228, 1790, 4894
[Fri Nov 11 23:07:21.689 2016] 1952, 1235, 1799, 4919
[Fri Nov 11 23:07:21.789 2016] 1945, 1230, 1792, 4901
[Fri Nov 11 23:07:21.893 2016] 1947, 1232, 1795, 4908
[Fri Nov 11 23:07:21.996 2016] 1949, 1233, 1796, 4912
[Fri Nov 11 23:07:22.099 2016] 1944, 1230, 1792, 4901
[Fri Nov 11 23:07:22.205 2016] 1950, 1233, 1797, 4913
[Fri Nov 11 23:07:22.306 2016] 1947, 1232, 1794, 4907
[Fri Nov 11 23:07:22.411 2016] 1944, 1230, 1792, 4901
[Fri Nov 11 23:07:22.515 2016] 1951, 1234, 1798, 4916
[Fri Nov 11 23:07:22.619 2016] 1947, 1231, 1794, 4906
[Fri Nov 11 23:07:22.721 2016] 1945, 1230, 1793, 4903
[Fri Nov 11 23:07:22.825 2016] 1948, 1232, 1796, 4910
[Fri Nov 11 23:07:22.927 2016] 1947, 1232, 1795, 4907
[Fri Nov 11 23:07:23.031 2016] 1948, 1232, 1795, 4909
[Fri Nov 11 23:07:23.134 2016] 1945, 1230, 1793, 4903
[Fri Nov 11 23:07:23.235 2016] 1949, 1233, 1796, 4912
[Fri Nov 11 23:07:23.341 2016] 1949, 1233, 1796, 4911
[Fri Nov 11 23:07:23.444 2016] 1943, 1229, 1790, 4896
[Fri Nov 11 23:07:23.548 2016] 1952, 1235, 1799, 4919
[Fri Nov 11 23:07:23.651 2016] 1946, 1231, 1793, 4905
[Fri Nov 11 23:07:23.754 2016] 1946, 1231, 1794, 4905
[Fri Nov 11 23:07:23.858 2016] 1949, 1233, 1796, 4912
[Fri Nov 11 23:07:23.962 2016] 1945, 1230, 1792, 4901
[Fri Nov 11 23:07:24.064 2016] 1950, 1234, 1797, 4915
[Fri Nov 11 23:07:24.170 2016] 1947, 1232, 1794, 4908
[Fri Nov 11 23:07:24.271 2016] 1945, 1230, 1792, 4901
[Fri Nov 11 23:07:24.374 2016] 1950, 1234, 1797, 4914
[Fri Nov 11 23:07:24.478 2016] 1947, 1231, 1794, 4906
[Fri Nov 11 23:07:24.582 2016] 1948, 1232, 1795, 4909
[Fri Nov 11 23:07:24.685 2016] 1946, 1231, 1793, 4903
[Fri Nov 11 23:07:24.787 2016] 1947, 1232, 1795, 4908
[Fri Nov 11 23:07:24.889 2016] 1949, 1233, 1796, 4912
[Fri Nov 11 23:07:24.993 2016] 1945, 1230, 1792, 4902
[Fri Nov 11 23:07:25.098 2016] 1949, 1233, 1796, 4911
[Fri Nov 11 23:07:25.200 2016] 1946, 1231, 1793, 4905
[Fri Nov 11 23:07:25.304 2016] 1947, 1231, 1794, 4906
[Fri Nov 11 23:07:25.407 2016] 1951, 1234, 1798, 4917
[Fri Nov 11 23:07:25.513 2016] 1943, 1229, 1791, 4899
[Fri Nov 11 23:07:25.617 2016] 1948, 1232, 1795, 4909
[Fri Nov 11 23:07:25.719 2016] 1949, 1233, 1796, 4913
[Fri Nov 11 23:07:25.820 2016] 1947, 1231, 1794, 4906
[Fri Nov 11 23:07:25.924 2016] 1948, 1232, 1795, 4910
[Fri Nov 11 23:07:26.027 2016] 1948, 1230, 1792, 4910
[Fri Nov 11 23:07:26.133 2016] 1945, 1230, 1792, 4902
[Fri Nov 11 23:07:26.234 2016] 1951, 1234, 1798, 4916
[Fri Nov 11 23:07:26.338 2016] 1946, 1231, 1793, 4905
[Fri Nov 11 23:07:26.443 2016] 1947, 1231, 1794, 4906
[Fri Nov 11 23:07:26.549 2016] 1948, 1232, 1795, 4909
[Fri Nov 11 23:07:26.649 2016] 1946, 1231, 1794, 4905
[Fri Nov 11 23:07:26.752 2016] 1951, 1234, 1798, 4916
[Fri Nov 11 23:07:26.855 2016] 1944, 1229, 1791, 4899
[Fri Nov 11 23:07:26.959 2016] 1949, 1233, 1796, 4912
[Fri Nov 11 23:07:27.063 2016] 1948, 1232, 1795, 4909
[Fri Nov 11 23:07:27.164 2016] 1946, 1231, 1793, 4904
[Fri Nov 11 23:07:27.269 2016] 1950, 1233, 1797, 4914
[Fri Nov 11 23:07:27.372 2016] 1943, 1229, 1791, 4897
[Fri Nov 11 23:07:27.476 2016] 1952, 1235, 1799, 4920
[Fri Nov 11 23:07:27.579 2016] 1944, 1230, 1792, 4901
[Fri Nov 11 23:07:27.682 2016] 1947, 1232, 1794, 4907
[Fri Nov 11 23:07:27.784 2016] 1949, 1233, 1797, 4913
[Fri Nov 11 23:07:27.887 2016] 1944, 1229, 1791, 4899
[Fri Nov 11 23:07:27.991 2016] 1951, 1234, 1798, 4916
[Fri Nov 11 23:07:28.094 2016] 1945, 1230, 1793, 4902
[Fri Nov 11 23:07:28.200 2016] 1948, 1232, 1795, 4910
[Fri Nov 11 23:07:28.303 2016] 1946, 1231, 1793, 4904
[Fri Nov 11 23:07:28.407 2016] 1948, 1232, 1795, 4908
[Fri Nov 11 23:07:28.510 2016] 1949, 1232, 1796, 4911
[Fri Nov 11 23:07:28.613 2016] 1945, 1230, 1792, 4901
[Fri Nov 11 23:07:28.717 2016] 1949, 1233, 1796, 4912
[Fri Nov 11 23:07:28.820 2016] 1946, 1231, 1794, 4905
[Fri Nov 11 23:07:28.923 2016] 1947, 1231, 1794, 4906
[Fri Nov 11 23:07:29.026 2016] 1945, 1230, 1793, 4903
[Fri Nov 11 23:07:29.130 2016] 1950, 1233, 1797, 4913
[Fri Nov 11 23:07:29.231 2016] 1946, 1231, 1794, 4905
[Fri Nov 11 23:07:29.336 2016] 1946, 1231, 1793, 4904
[Fri Nov 11 23:07:29.440 2016] 1949, 1233, 1796, 4912
[Fri Nov 11 23:07:29.543 2016] 1947, 1231, 1794, 4906
[Fri Nov 11 23:07:29.644 2016] 1947, 1231, 1794, 4906
[Fri Nov 11 23:07:29.750 2016] 1947, 1231, 1794, 4906
[Fri Nov 11 23:07:29.853 2016] 1949, 1233, 1796, 4912
[Fri Nov 11 23:07:29.954 2016] 1946, 1231, 1794, 4905
[Fri Nov 11 23:07:30.058 2016] 1947, 1231, 1794, 4907
[Fri Nov 11 23:07:30.163 2016] 1950, 1233, 1797, 4913
[Fri Nov 11 23:07:30.264 2016] 1946, 1231, 1793, 4904
[Fri Nov 11 23:07:30.369 2016] 1946, 1231, 1793, 4903
[Fri Nov 11 23:07:30.473 2016] 1952, 1235, 1799, 4919
[Fri Nov 11 23:07:30.579 2016] 1944, 1230, 1792, 4900
[Fri Nov 11 23:07:30.679 2016] 1946, 1231, 1793, 4904
[Fri Nov 11 23:07:30.780 2016] 1951, 1234, 1798, 4917
[Fri Nov 11 23:07:30.884 2016] 1946, 1231, 1793, 4903
[Fri Nov 11 23:07:30.987 2016] 1947, 1231, 1794, 4903
[Fri Nov 11 23:07:31.090 2016] 1947, 1231, 1794, 4907
[Fri Nov 11 23:07:31.197 2016] 1946, 1231, 1793, 4904
[Fri Nov 11 23:07:31.299 2016] 1951, 1234, 1798, 4916
[Fri Nov 11 23:07:31.404 2016] 1946, 1231, 1793, 4903
[Fri Nov 11 23:07:31.506 2016] 1946, 1231, 1794, 4905
[Fri Nov 11 23:07:31.607 2016] 1950, 1233, 1797, 4913
[Fri Nov 11 23:07:31.711 2016] 1945, 1230, 1793, 4902
[Fri Nov 11 23:07:31.816 2016] 1948, 1232, 1795, 4910
[Fri Nov 11 23:07:31.920 2016] 1946, 1231, 1794, 4905
[Fri Nov 11 23:07:32.025 2016] 1948, 1232, 1795, 4910
[Fri Nov 11 23:07:32.126 2016] 1947, 1231, 1794, 4907
[Fri Nov 11 23:07:32.227 2016] 1946, 1231, 1793, 4904
[Fri Nov 11 23:07:32.333 2016] 1950, 1234, 1797, 4915
[Fri Nov 11 23:07:32.436 2016] 1945, 1230, 1793, 4902
[Fri Nov 11 23:07:32.539 2016] 1948, 1232, 1795, 4909
[Fri Nov 11 23:07:32.644 2016] 1946, 1231, 1794, 4905
[Fri Nov 11 23:07:32.746 2016] 1948, 1232, 1796, 4910
[Fri Nov 11 23:07:32.850 2016] 1947, 1231, 1794, 4906
[Fri Nov 11 23:07:32.953 2016] 1946, 1231, 1794, 4905
[Fri Nov 11 23:07:33.057 2016] 1950, 1233, 1797, 4914
[Fri Nov 11 23:07:33.160 2016] 1945, 1230, 1792, 4901
[Fri Nov 11 23:07:33.265 2016] 1948, 1232, 1795, 4910
[Fri Nov 11 23:07:33.367 2016] 1948, 1232, 1795, 4909
[Fri Nov 11 23:07:33.471 2016] 1947, 1231, 1794, 4907
[Fri Nov 11 23:07:33.574 2016] 1946, 1231, 1793, 4905
[Fri Nov 11 23:07:33.679 2016] 1949, 1233, 1796, 4912
[Fri Nov 11 23:07:33.779 2016] 1947, 1232, 1794, 4907
[Fri Nov 11 23:07:33.882 2016] 1945, 1230, 1792, 4902
[Fri Nov 11 23:07:33.986 2016] 1949, 1233, 1796, 4911
[Fri Nov 11 23:07:34.091 2016] 1948, 1232, 1795, 4908
[Fri Nov 11 23:07:34.195 2016] 1945, 1230, 1793, 4903
[Fri Nov 11 23:07:34.296 2016] 1949, 1233, 1796, 4913
[Fri Nov 11 23:07:34.401 2016] 1947, 1231, 1794, 4906
[Fri Nov 11 23:07:34.505 2016] 1947, 1231, 1794, 4906
[Fri Nov 11 23:07:34.608 2016] 1947, 1231, 1794, 4906
[Fri Nov 11 23:07:34.711 2016] 1951, 1234, 1798, 4918
[Fri Nov 11 23:07:34.815 2016] 1941, 1228, 1789, 4894
[Fri Nov 11 23:07:34.918 2016] 1951, 1234, 1798, 4916
[Fri Nov 11 23:07:35.021 2016] 1949, 1233, 1796, 4911
[Fri Nov 11 23:07:35.125 2016] 1943, 1229, 1791, 4897
[Fri Nov 11 23:07:35.229 2016] 1954, 1236, 1801, 4924
[Fri Nov 11 23:07:35.331 2016] 1941, 1228, 1789, 4893
[Fri Nov 11 23:07:35.435 2016] 1952, 1235, 1799, 4919
[Fri Nov 11 23:07:35.537 2016] 1945, 1230, 1793, 4903
[Fri Nov 11 23:07:35.641 2016] 1947, 1231, 1794, 4906
[Fri Nov 11 23:07:35.745 2016] 1949, 1233, 1796, 4913
[Fri Nov 11 23:07:35.847 2016] 1947, 1232, 1795, 4908
[Fri Nov 11 23:07:35.951 2016] 1944, 1230, 1792, 4900
[Fri Nov 11 23:07:36.054 2016] 1944, 1230, 1801, 4900
[Fri Nov 11 23:07:36.160 2016] 1954, 1236, 1801, 4925
[Fri Nov 11 23:07:36.259 2016] 1941, 1228, 1789, 4893
[Fri Nov 11 23:07:36.362 2016] 1949, 1233, 1796, 4912
[Fri Nov 11 23:07:36.469 2016] 1951, 1234, 1798, 4916
[Fri Nov 11 23:07:36.571 2016] 1941, 1228, 1789, 4892
[Fri Nov 11 23:07:36.674 2016] 1953, 1235, 1800, 4922
[Fri Nov 11 23:07:36.775 2016] 1942, 1228, 1790, 4894
[Fri Nov 11 23:07:36.879 2016] 1951, 1234, 1798, 4916
[Fri Nov 11 23:07:36.982 2016] 1946, 1231, 1794, 4905
[Fri Nov 11 23:07:37.085 2016] 1945, 1230, 1792, 4902
[Fri Nov 11 23:07:37.189 2016] 1950, 1234, 1797, 4915
[Fri Nov 11 23:07:37.295 2016] 1947, 1232, 1795, 4908
[Fri Nov 11 23:07:37.397 2016] 1946, 1231, 1793, 4904
[Fri Nov 11 23:07:37.501 2016] 1948, 1232, 1796, 4910
[Fri Nov 11 23:07:37.604 2016] 1949, 1233, 1796, 4912
[Fri Nov 11 23:07:37.707 2016] 1946, 1231, 1793, 4905
[Fri Nov 11 23:07:37.811 2016] 1948, 1232, 1795, 4909
[Fri Nov 11 23:07:37.914 2016] 1947, 1231, 1794, 4907
[Fri Nov 11 23:07:38.020 2016] 1947, 1232, 1795, 4907
[Fri Nov 11 23:07:38.120 2016] 1947, 1232, 1794, 4907
[Fri Nov 11 23:07:38.224 2016] 1948, 1232, 1795, 4909
[Fri Nov 11 23:07:38.327 2016] 1946, 1231, 1794, 4905
[Fri Nov 11 23:07:38.431 2016] 1953, 1235, 1800, 4922
[Fri Nov 11 23:07:38.534 2016] 1933, 1223, 1782, 4874
[Fri Nov 11 23:07:38.638 2016] 1959, 1239, 1805, 4937
[Fri Nov 11 23:07:38.742 2016] 1940, 1227, 1788, 4889
[Fri Nov 11 23:07:38.845 2016] 1950, 1233, 1797, 4914
[Fri Nov 11 23:07:38.950 2016] 1946, 1231, 1794, 4905
[Fri Nov 11 23:07:39.051 2016] 1950, 1233, 1797, 4914
[Fri Nov 11 23:07:39.153 2016] 1946, 1231, 1794, 4906
[Fri Nov 11 23:07:39.259 2016] 1944, 1230, 1792, 4900
[Fri Nov 11 23:07:39.362 2016] 1955, 1236, 1802, 4926
[Fri Nov 11 23:07:39.465 2016] 1940, 1227, 1788, 4889
[Fri Nov 11 23:07:39.570 2016] 1953, 1235, 1800, 4921
[Fri Nov 11 23:07:39.672 2016] 1946, 1231, 1794, 4905
[Fri Nov 11 23:07:39.775 2016] 1946, 1231, 1794, 4905
[Fri Nov 11 23:07:39.876 2016] 1950, 1233, 1797, 4914
[Fri Nov 11 23:07:39.980 2016] 1945, 1230, 1793, 4903
[Fri Nov 11 23:07:40.083 2016] 1951, 1234, 1798, 4916
[Fri Nov 11 23:07:40.188 2016] 1944, 1230, 1792, 4900
[Fri Nov 11 23:07:40.292 2016] 1949, 1233, 1797, 4913
[Fri Nov 11 23:07:40.395 2016] 1948, 1232, 1796, 4911
[Fri Nov 11 23:07:40.498 2016] 1946, 1231, 1793, 4904
[Fri Nov 11 23:07:40.602 2016] 1948, 1232, 1795, 4910
[Fri Nov 11 23:07:40.705 2016] 1948, 1232, 1795, 4909
[Fri Nov 11 23:07:40.809 2016] 1948, 1232, 1796, 4910
[Fri Nov 11 23:07:40.912 2016] 1946, 1231, 1793, 4904
[Fri Nov 11 23:07:41.014 2016] 1945, 1230, 1793, 4902
[Fri Nov 11 23:07:41.118 2016] 1945, 1230, 1801, 4902
[Fri Nov 11 23:07:41.221 2016] 1954, 1236, 1801, 4924
[Fri Nov 11 23:07:41.325 2016] 1942, 1228, 1790, 4894
[Fri Nov 11 23:07:41.429 2016] 1950, 1233, 1797, 4914
[Fri Nov 11 23:07:41.532 2016] 1947, 1231, 1794, 4907
[Fri Nov 11 23:07:41.635 2016] 1946, 1231, 1794, 4905
[Fri Nov 11 23:07:41.739 2016] 1950, 1234, 1798, 4915
[Fri Nov 11 23:07:41.842 2016] 1941, 1228, 1789, 4893
[Fri Nov 11 23:07:41.946 2016] 1950, 1233, 1797, 4914
[Fri Nov 11 23:07:42.049 2016] 1951, 1234, 1798, 4916
[Fri Nov 11 23:07:42.152 2016] 1940, 1227, 1788, 4890
[Fri Nov 11 23:07:42.254 2016] 1956, 1237, 1803, 4930
[Fri Nov 11 23:07:42.358 2016] 1941, 1228, 1789, 4893
[Fri Nov 11 23:07:42.462 2016] 1955, 1237, 1802, 4928
[Fri Nov 11 23:07:42.565 2016] 1939, 1226, 1787, 4887
[Fri Nov 11 23:07:42.668 2016] 1955, 1236, 1801, 4926
[Fri Nov 11 23:07:42.773 2016] 1944, 1230, 1792, 4901
[Fri Nov 11 23:07:42.873 2016] 1943, 1229, 1791, 4897
[Fri Nov 11 23:07:42.977 2016] 1956, 1237, 1803, 4930
[Fri Nov 11 23:07:43.079 2016] 1940, 1227, 1788, 4891
[Fri Nov 11 23:07:43.188 2016] 1934, 1223, 1783, 4875
[Fri Nov 11 23:07:43.290 2016] 1972, 1247, 1817, 4969
[Fri Nov 11 23:07:43.391 2016] 1922, 1216, 1772, 4846
[Fri Nov 11 23:07:43.495 2016] 1954, 1236, 1801, 4924
[Fri Nov 11 23:07:43.598 2016] 1948, 1232, 1795, 4909
[Fri Nov 11 23:07:43.702 2016] 1952, 1235, 1799, 4920
[Fri Nov 11 23:07:43.806 2016] 1932, 1222, 1781, 4871
[Fri Nov 11 23:07:43.908 2016] 1956, 1237, 1803, 4930
[Fri Nov 11 23:07:44.012 2016] 1931, 1222, 1780, 4869
[Fri Nov 11 23:07:44.115 2016] 1964, 1242, 1810, 4949
[Fri Nov 11 23:07:44.217 2016] 1928, 1220, 1778, 4862
[Fri Nov 11 23:07:44.322 2016] 1962, 1241, 1808, 4943
[Fri Nov 11 23:07:44.425 2016] 1933, 1223, 1782, 4873
[Fri Nov 11 23:07:44.528 2016] 1956, 1238, 1803, 4930
[Fri Nov 11 23:07:44.633 2016] 1941, 1228, 1790, 4894
[Fri Nov 11 23:07:44.735 2016] 1948, 1232, 1795, 4909
[Fri Nov 11 23:07:44.838 2016] 1950, 1233, 1797, 4914
[Fri Nov 11 23:07:44.942 2016] 1939, 1227, 1788, 4889
[Fri Nov 11 23:07:45.045 2016] 1958, 1239, 1805, 4936
[Fri Nov 11 23:07:45.147 2016] 1940, 1227, 1788, 4890
[Fri Nov 11 23:07:45.253 2016] 1951, 1234, 1798, 4918
[Fri Nov 11 23:07:45.356 2016] 1951, 1234, 1799, 4919
[Fri Nov 11 23:07:45.458 2016] 1938, 1226, 1787, 4887
[Fri Nov 11 23:07:45.562 2016] 1951, 1234, 1799, 4918
[Fri Nov 11 23:07:45.665 2016] 1944, 1230, 1792, 4902
[Fri Nov 11 23:07:45.767 2016] 1951, 1234, 1798, 4916
[Fri Nov 11 23:07:45.870 2016] 1946, 1231, 1793, 4904
[Fri Nov 11 23:07:45.974 2016] 1947, 1232, 1795, 4908
[Fri Nov 11 23:07:46.077 2016] 1947, 1235, 1799, 4908
[Fri Nov 11 23:07:46.182 2016] 1952, 1235, 1799, 4921
[Fri Nov 11 23:07:46.284 2016] 1940, 1227, 1788, 4890
[Fri Nov 11 23:07:46.390 2016] 1951, 1234, 1798, 4916
[Fri Nov 11 23:07:46.492 2016] 1947, 1231, 1794, 4906
[Fri Nov 11 23:07:46.595 2016] 1948, 1232, 1795, 4909
[Fri Nov 11 23:07:46.699 2016] 1944, 1230, 1792, 4900
[Fri Nov 11 23:07:46.801 2016] 1946, 1231, 1794, 4906
[Fri Nov 11 23:07:46.907 2016] 1951, 1234, 1798, 4916
[Fri Nov 11 23:07:47.008 2016] 1942, 1228, 1790, 4895
[Fri Nov 11 23:07:47.112 2016] 1950, 1233, 1797, 4914
[Fri Nov 11 23:07:47.213 2016] 1946, 1231, 1793, 4904
[Fri Nov 11 23:07:47.318 2016] 1946, 1231, 1794, 4906
[Fri Nov 11 23:07:47.422 2016] 1946, 1231, 1794, 4906
[Fri Nov 11 23:07:47.525 2016] 1946, 1231, 1793, 4904
[Fri Nov 11 23:07:47.629 2016] 1949, 1232, 1796, 4911
[Fri Nov 11 23:07:47.732 2016] 1946, 1231, 1793, 4904
[Fri Nov 11 23:07:47.835 2016] 1945, 1230, 1793, 4902
[Fri Nov 11 23:07:47.939 2016] 1949, 1233, 1796, 4911
[Fri Nov 11 23:07:48.042 2016] 1945, 1230, 1793, 4903
[Fri Nov 11 23:07:48.145 2016] 1946, 1231, 1793, 4904
[Fri Nov 11 23:07:48.248 2016] 1947, 1231, 1794, 4906
[Fri Nov 11 23:07:48.352 2016] 1946, 1231, 1794, 4904
[Fri Nov 11 23:07:48.457 2016] 1947, 1232, 1794, 4907
[Fri Nov 11 23:07:48.559 2016] 1945, 1230, 1793, 4902
[Fri Nov 11 23:07:48.662 2016] 1947, 1232, 1795, 4908
[Fri Nov 11 23:07:48.764 2016] 1946, 1231, 1794, 4906
[Fri Nov 11 23:07:48.867 2016] 1946, 1231, 1794, 4905
[Fri Nov 11 23:07:48.971 2016] 1946, 1231, 1793, 4903
[Fri Nov 11 23:07:49.073 2016] 1946, 1231, 1793, 4904
[Fri Nov 11 23:07:49.177 2016] 1947, 1232, 1795, 4908
[Fri Nov 11 23:07:49.280 2016] 1944, 1230, 1792, 4900
[Fri Nov 11 23:07:49.386 2016] 1947, 1232, 1795, 4908
[Fri Nov 11 23:07:49.488 2016] 1946, 1231, 1794, 4905
[Fri Nov 11 23:07:49.592 2016] 1945, 1230, 1793, 4902
[Fri Nov 11 23:07:49.695 2016] 1947, 1231, 1794, 4907
[Fri Nov 11 23:07:49.798 2016] 1946, 1231, 1793, 4904
[Fri Nov 11 23:07:49.902 2016] 1947, 1231, 1794, 4907
[Fri Nov 11 23:07:50.006 2016] 1944, 1229, 1792, 4899
[Fri Nov 11 23:07:50.109 2016] 1947, 1232, 1795, 4907
[Fri Nov 11 23:07:50.212 2016] 1948, 1232, 1796, 4910
[Fri Nov 11 23:07:50.315 2016] 1943, 1229, 1791, 4898
[Fri Nov 11 23:07:50.421 2016] 1947, 1232, 1795, 4908
[Fri Nov 11 23:07:50.522 2016] 1947, 1231, 1794, 4907
[Fri Nov 11 23:07:50.626 2016] 1944, 1230, 1792, 4900
[Fri Nov 11 23:07:50.728 2016] 1943, 1229, 1791, 4898
[Fri Nov 11 23:07:50.833 2016] 1951, 1234, 1798, 4917
[Fri Nov 11 23:07:50.936 2016] 1944, 1230, 1792, 4899
[Fri Nov 11 23:07:51.038 2016] 1944, 1230, 1792, 4901
[Fri Nov 11 23:07:51.141 2016] 1944, 1230, 1792, 4901
[Fri Nov 11 23:07:51.246 2016] 1958, 1239, 1804, 4934
[Fri Nov 11 23:07:51.349 2016] 1932, 1222, 1781, 4871
[Fri Nov 11 23:07:51.452 2016] 1957, 1238, 1804, 4932
[Fri Nov 11 23:07:51.556 2016] 1946, 1231, 1794, 4906
[Fri Nov 11 23:07:51.660 2016] 1936, 1225, 1785, 4882
[Fri Nov 11 23:07:51.762 2016] 1960, 1240, 1806, 4938
[Fri Nov 11 23:07:51.864 2016] 1937, 1225, 1786, 4884
[Fri Nov 11 23:07:51.968 2016] 1952, 1235, 1799, 4919
[Fri Nov 11 23:07:52.071 2016] 1947, 1232, 1795, 4908
[Fri Nov 11 23:07:52.177 2016] 1946, 1231, 1793, 4904
[Fri Nov 11 23:07:52.279 2016] 1950, 1233, 1797, 4914
[Fri Nov 11 23:07:52.385 2016] 1943, 1229, 1792, 4899
[Fri Nov 11 23:07:52.487 2016] 1952, 1235, 1799, 4921
[Fri Nov 11 23:07:52.590 2016] 1938, 1226, 1787, 4887
[Fri Nov 11 23:07:52.693 2016] 1958, 1239, 1805, 4935
[Fri Nov 11 23:07:52.796 2016] 1934, 1224, 1783, 4877
[Fri Nov 11 23:07:52.899 2016] 1956, 1237, 1802, 4929
[Fri Nov 11 23:07:53.004 2016] 1941, 1228, 1789, 4894
[Fri Nov 11 23:07:53.107 2016] 1944, 1230, 1792, 4901
[Fri Nov 11 23:07:53.207 2016] 1950, 1234, 1798, 4915
[Fri Nov 11 23:07:53.313 2016] 1947, 1232, 1795, 4908
[Fri Nov 11 23:07:53.416 2016] 1944, 1230, 1792, 4900
[Fri Nov 11 23:07:53.519 2016] 1948, 1232, 1796, 4911
[Fri Nov 11 23:07:53.622 2016] 1951, 1234, 1798, 4916
[Fri Nov 11 23:07:53.727 2016] 1939, 1226, 1787, 4887
[Fri Nov 11 23:07:53.830 2016] 1958, 1238, 1804, 4933
[Fri Nov 11 23:07:53.933 2016] 1936, 1225, 1785, 4881
[Fri Nov 11 23:07:54.037 2016] 1953, 1235, 1800, 4922
[Fri Nov 11 23:07:54.140 2016] 1946, 1231, 1794, 4906
