[Fri Nov 11 22:58:11.133 2016] 1872, 442, 447, 2616
[Fri Nov 11 22:58:11.138 2016] 1872, 442, 447, 2616
[Fri Nov 11 22:58:11.138 2016] 1872, 442, 447, 2616
[Fri Nov 11 22:58:11.138 2016] 1872, 442, 447, 2616
[Fri Nov 11 22:58:11.138 2016] 1872, 442, 447, 2616
[Fri Nov 11 22:58:11.138 2016] 1872, 442, 447, 2616
[Fri Nov 11 22:58:11.138 2016] 1872, 442, 447, 2616
[Fri Nov 11 22:58:11.138 2016] 1873, 442, 447, 2617
[Fri Nov 11 22:58:11.138 2016] 1873, 442, 447, 2617
[Fri Nov 11 22:58:11.138 2016] 1872, 442, 447, 2616
[Fri Nov 11 22:58:11.138 2016] 1872, 442, 447, 2616
[Fri Nov 11 22:58:11.138 2016] 1872, 442, 447, 2616
[Fri Nov 11 22:58:11.138 2016] 1873, 442, 447, 2617
[Fri Nov 11 22:58:11.138 2016] 1872, 442, 447, 2616
[Fri Nov 11 22:58:11.138 2016] 1872, 442, 447, 2616
[Fri Nov 11 22:58:11.138 2016] 1872, 442, 447, 2616
[Fri Nov 11 22:58:11.138 2016] 1872, 442, 447, 2616
[Fri Nov 11 22:58:11.138 2016] 1873, 442, 447, 2617
[Fri Nov 11 22:58:11.138 2016] 1872, 442, 447, 2616
[Fri Nov 11 22:58:11.138 2016] 1872, 442, 447, 2616
[Fri Nov 11 22:58:11.138 2016] 1872, 442, 447, 2616
[Fri Nov 11 22:58:11.138 2016] 1872, 442, 447, 2616
[Fri Nov 11 22:58:11.138 2016] 1872, 442, 447, 2616
[Fri Nov 11 22:58:11.138 2016] 1872, 442, 447, 2616
[Fri Nov 11 22:58:11.138 2016] 1872, 442, 447, 2616
[Fri Nov 11 22:58:11.138 2016] 1872, 442, 447, 2616
[Fri Nov 11 22:58:11.138 2016] 1872, 442, 447, 2616
[Fri Nov 11 22:58:11.138 2016] 1872, 442, 447, 2616
[Fri Nov 11 22:58:11.138 2016] 1872, 442, 447, 2616
[Fri Nov 11 22:58:11.138 2016] 1872, 442, 447, 2616
[Fri Nov 11 22:58:11.138 2016] 1872, 442, 447, 2616
[Fri Nov 11 22:58:11.138 2016] 1872, 442, 447, 2616
[Fri Nov 11 22:58:11.138 2016] 1872, 442, 447, 2616
[Fri Nov 11 22:58:11.138 2016] 1872, 442, 447, 2616
[Fri Nov 11 22:58:11.138 2016] 1872, 442, 447, 2616
[Fri Nov 11 22:58:11.138 2016] 1872, 442, 447, 2616
[Fri Nov 11 22:58:11.138 2016] 1872, 442, 447, 2616
[Fri Nov 11 22:58:11.138 2016] 1872, 442, 447, 2616
[Fri Nov 11 22:58:11.138 2016] 1873, 442, 447, 2616
[Fri Nov 11 22:58:11.138 2016] 1872, 442, 447, 2616
[Fri Nov 11 22:58:11.138 2016] 1872, 442, 447, 2616
[Fri Nov 11 22:58:11.138 2016] 1872, 442, 447, 2616
[Fri Nov 11 22:58:11.138 2016] 1872, 442, 447, 2616
[Fri Nov 11 22:58:11.138 2016] 1872, 442, 447, 2616
[Fri Nov 11 22:58:11.138 2016] 1872, 442, 447, 2616
[Fri Nov 11 22:58:11.138 2016] 1872, 442, 447, 2616
[Fri Nov 11 22:58:11.138 2016] 1872, 442, 447, 2616
[Fri Nov 11 22:58:11.138 2016] 1872, 442, 447, 2616
[Fri Nov 11 22:58:11.138 2016] 1872, 442, 447, 2616
[Fri Nov 11 22:58:11.138 2016] 1872, 442, 447, 2616
[Fri Nov 11 22:58:11.144 2016] 1872, 442, 447, 2616
[Fri Nov 11 22:58:11.144 2016] 1872, 442, 447, 2616
[Fri Nov 11 22:58:11.144 2016] 1872, 442, 447, 2616
[Fri Nov 11 22:58:11.144 2016] 1872, 442, 447, 2616
[Fri Nov 11 22:58:11.144 2016] 1872, 442, 447, 2616
[Fri Nov 11 22:58:11.144 2016] 1872, 442, 447, 2616
[Fri Nov 11 22:58:11.144 2016] 1872, 442, 447, 2616
[Fri Nov 11 22:58:11.144 2016] 1872, 442, 447, 2616
[Fri Nov 11 22:58:11.144 2016] 1872, 442, 447, 2616
[Fri Nov 11 22:58:11.144 2016] 1872, 442, 447, 2615
[Fri Nov 11 22:58:11.144 2016] 1872, 442, 447, 2616
[Fri Nov 11 22:58:11.144 2016] 1872, 442, 447, 2616
[Fri Nov 11 22:58:11.144 2016] 1872, 442, 447, 2616
[Fri Nov 11 22:58:11.144 2016] 1872, 442, 447, 2616
[Fri Nov 11 22:58:11.144 2016] 1872, 442, 447, 2616
[Fri Nov 11 22:58:11.144 2016] 1872, 442, 447, 2616
[Fri Nov 11 22:58:11.144 2016] 1872, 442, 447, 2616
[Fri Nov 11 22:58:11.144 2016] 1872, 442, 447, 2616
[Fri Nov 11 22:58:11.144 2016] 1872, 442, 447, 2616
[Fri Nov 11 22:58:11.144 2016] 1872, 442, 447, 2616
[Fri Nov 11 22:58:11.144 2016] 1872, 442, 447, 2616
[Fri Nov 11 22:58:11.144 2016] 1872, 442, 447, 2616
[Fri Nov 11 22:58:11.144 2016] 1872, 442, 447, 2616
[Fri Nov 11 22:58:11.144 2016] 1872, 442, 447, 2616
[Fri Nov 11 22:58:11.144 2016] 1872, 442, 447, 2616
[Fri Nov 11 22:58:11.144 2016] 1873, 442, 447, 2616
[Fri Nov 11 22:58:11.144 2016] 1872, 442, 447, 2616
[Fri Nov 11 22:58:11.144 2016] 1872, 442, 447, 2616
[Fri Nov 11 22:58:11.144 2016] 1872, 442, 447, 2616
[Fri Nov 11 22:58:11.144 2016] 1872, 442, 447, 2616
[Fri Nov 11 22:58:11.144 2016] 1872, 442, 447, 2616
[Fri Nov 11 22:58:11.144 2016] 1872, 442, 447, 2616
[Fri Nov 11 22:58:11.144 2016] 1872, 442, 447, 2616
[Fri Nov 11 22:58:11.144 2016] 1872, 442, 447, 2616
[Fri Nov 11 22:58:11.144 2016] 1872, 442, 447, 2616
[Fri Nov 11 22:58:11.144 2016] 1872, 442, 447, 2616
[Fri Nov 11 22:58:11.144 2016] 1872, 442, 447, 2616
[Fri Nov 11 22:58:11.144 2016] 1872, 442, 447, 2616
[Fri Nov 11 22:58:11.144 2016] 1872, 442, 447, 2616
[Fri Nov 11 22:58:11.144 2016] 1872, 442, 447, 2616
[Fri Nov 11 22:58:11.144 2016] 1872, 442, 447, 2616
[Fri Nov 11 22:58:11.144 2016] 1872, 442, 447, 2616
[Fri Nov 11 22:58:11.144 2016] 1872, 442, 447, 2616
[Fri Nov 11 22:58:11.144 2016] 1872, 442, 447, 2616
[Fri Nov 11 22:58:11.144 2016] 1872, 442, 447, 2616
[Fri Nov 11 22:58:11.144 2016] 1872, 442, 447, 2616
[Fri Nov 11 22:58:11.144 2016] 1872, 442, 447, 2616
[Fri Nov 11 22:58:11.144 2016] 1872, 442, 447, 2616
[Fri Nov 11 22:58:11.151 2016] 1872, 442, 447, 2616
[Fri Nov 11 22:58:11.151 2016] 1872, 442, 447, 2616
[Fri Nov 11 22:58:11.151 2016] 1872, 442, 447, 2616
[Fri Nov 11 22:58:11.151 2016] 1872, 442, 447, 2616
[Fri Nov 11 22:58:11.151 2016] 1872, 442, 447, 2616
[Fri Nov 11 22:58:11.151 2016] 1872, 442, 447, 2616
[Fri Nov 11 22:58:11.151 2016] 1872, 442, 447, 2616
[Fri Nov 11 22:58:11.151 2016] 1872, 442, 447, 2616
[Fri Nov 11 22:58:11.151 2016] 1872, 442, 447, 2616
[Fri Nov 11 22:58:11.151 2016] 1872, 442, 447, 2616
[Fri Nov 11 22:58:11.151 2016] 1872, 442, 447, 2616
[Fri Nov 11 22:58:11.151 2016] 1872, 442, 447, 2616
[Fri Nov 11 22:58:11.151 2016] 1872, 442, 447, 2616
[Fri Nov 11 22:58:11.151 2016] 1872, 442, 447, 2616
[Fri Nov 11 22:58:11.151 2016] 1872, 442, 447, 2617
[Fri Nov 11 22:58:11.151 2016] 1872, 442, 447, 2617
[Fri Nov 11 22:58:11.151 2016] 1872, 442, 447, 2617
[Fri Nov 11 22:58:11.151 2016] 1872, 442, 447, 2616
[Fri Nov 11 22:58:11.151 2016] 1872, 442, 447, 2616
[Fri Nov 11 22:58:11.151 2016] 1872, 442, 447, 2616
[Fri Nov 11 22:58:11.151 2016] 1872, 442, 447, 2616
[Fri Nov 11 22:58:11.151 2016] 1872, 442, 447, 2616
[Fri Nov 11 22:58:11.151 2016] 1872, 442, 447, 2616
[Fri Nov 11 22:58:11.151 2016] 1872, 442, 447, 2616
[Fri Nov 11 22:58:11.151 2016] 1872, 442, 447, 2616
[Fri Nov 11 22:58:11.151 2016] 1872, 442, 447, 2616
[Fri Nov 11 22:58:11.151 2016] 1872, 442, 447, 2616
[Fri Nov 11 22:58:11.151 2016] 1872, 442, 447, 2616
[Fri Nov 11 22:58:11.151 2016] 1872, 442, 447, 2615
[Fri Nov 11 22:58:11.157 2016] 1872, 442, 447, 2616
[Fri Nov 11 22:58:11.261 2016] 1872, 442, 447, 2616
[Fri Nov 11 22:58:11.364 2016] 1872, 442, 447, 2616
[Fri Nov 11 22:58:11.466 2016] 1872, 442, 447, 2616
[Fri Nov 11 22:58:11.572 2016] 1872, 442, 447, 2616
[Fri Nov 11 22:58:11.676 2016] 1872, 442, 447, 2616
[Fri Nov 11 22:58:11.776 2016] 1872, 442, 447, 2616
[Fri Nov 11 22:58:11.881 2016] 1872, 442, 447, 2615
[Fri Nov 11 22:58:11.986 2016] 1872, 442, 447, 2616
[Fri Nov 11 22:58:12.087 2016] 1872, 442, 447, 2616
[Fri Nov 11 22:58:12.189 2016] 1872, 442, 447, 2616
[Fri Nov 11 22:58:12.294 2016] 1872, 442, 447, 2616
[Fri Nov 11 22:58:12.398 2016] 1872, 442, 447, 2616
[Fri Nov 11 22:58:12.501 2016] 1872, 442, 447, 2616
[Fri Nov 11 22:58:12.603 2016] 1872, 442, 447, 2616
[Fri Nov 11 22:58:12.708 2016] 1872, 442, 447, 2616
[Fri Nov 11 22:58:12.809 2016] 1872, 442, 447, 2616
[Fri Nov 11 22:58:12.912 2016] 1872, 442, 447, 2616
[Fri Nov 11 22:58:13.016 2016] 1872, 442, 447, 2616
[Fri Nov 11 22:58:13.120 2016] 1872, 442, 447, 2616
[Fri Nov 11 22:58:13.223 2016] 1872, 442, 447, 2616
[Fri Nov 11 22:58:13.328 2016] 1872, 442, 447, 2616
[Fri Nov 11 22:58:13.431 2016] 1873, 442, 447, 2617
[Fri Nov 11 22:58:13.533 2016] 1873, 442, 447, 2617
[Fri Nov 11 22:58:13.637 2016] 1872, 442, 447, 2617
[Fri Nov 11 22:58:13.742 2016] 1872, 442, 447, 2616
[Fri Nov 11 22:58:13.844 2016] 1872, 442, 447, 2616
[Fri Nov 11 22:58:13.949 2016] 1872, 442, 447, 2616
[Fri Nov 11 22:58:14.052 2016] 1872, 442, 447, 2616
[Fri Nov 11 22:58:14.153 2016] 1872, 442, 447, 2616
[Fri Nov 11 22:58:14.257 2016] 1872, 442, 447, 2617
[Fri Nov 11 22:58:14.360 2016] 1872, 442, 447, 2616
[Fri Nov 11 22:58:14.463 2016] 1872, 442, 447, 2616
[Fri Nov 11 22:58:14.569 2016] 1872, 442, 447, 2616
[Fri Nov 11 22:58:14.672 2016] 1872, 442, 447, 2617
[Fri Nov 11 22:58:14.777 2016] 1872, 442, 447, 2616
[Fri Nov 11 22:58:14.880 2016] 1872, 442, 447, 2616
[Fri Nov 11 22:58:14.982 2016] 1872, 442, 447, 2617
[Fri Nov 11 22:58:15.084 2016] 1873, 442, 447, 2617
[Fri Nov 11 22:58:15.189 2016] 1872, 442, 447, 2616
[Fri Nov 11 22:58:15.291 2016] 1872, 442, 447, 2616
[Fri Nov 11 22:58:15.395 2016] 1872, 442, 447, 2616
[Fri Nov 11 22:58:15.499 2016] 1872, 442, 447, 2616
[Fri Nov 11 22:58:15.602 2016] 1872, 442, 447, 2616
[Fri Nov 11 22:58:15.705 2016] 1872, 442, 447, 2616
[Fri Nov 11 22:58:15.808 2016] 1872, 442, 447, 2616
[Fri Nov 11 22:58:15.913 2016] 1872, 442, 447, 2616
[Fri Nov 11 22:58:16.014 2016] 1872, 442, 447, 2616
[Fri Nov 11 22:58:16.117 2016] 1872, 442, 447, 2616
[Fri Nov 11 22:58:16.226 2016] 1872, 442, 447, 2616
[Fri Nov 11 22:58:16.324 2016] 1872, 442, 447, 2616
[Fri Nov 11 22:58:16.427 2016] 1872, 442, 447, 2616
[Fri Nov 11 22:58:16.533 2016] 1872, 442, 447, 2616
[Fri Nov 11 22:58:16.635 2016] 1872, 442, 447, 2616
[Fri Nov 11 22:58:16.739 2016] 1872, 442, 447, 2616
[Fri Nov 11 22:58:16.842 2016] 1872, 442, 447, 2616
[Fri Nov 11 22:58:16.946 2016] 1872, 442, 447, 2616
[Fri Nov 11 22:58:17.049 2016] 1872, 442, 447, 2616
[Fri Nov 11 22:58:17.151 2016] 1872, 442, 447, 2616
[Fri Nov 11 22:58:17.255 2016] 1872, 442, 447, 2616
[Fri Nov 11 22:58:17.358 2016] 1872, 442, 447, 2616
[Fri Nov 11 22:58:17.462 2016] 1872, 442, 447, 2616
[Fri Nov 11 22:58:17.567 2016] 1872, 442, 447, 2616
[Fri Nov 11 22:58:17.669 2016] 1872, 442, 447, 2616
[Fri Nov 11 22:58:17.773 2016] 1872, 442, 447, 2616
[Fri Nov 11 22:58:17.875 2016] 1872, 442, 447, 2616
[Fri Nov 11 22:58:17.978 2016] 1872, 442, 447, 2616
[Fri Nov 11 22:58:18.085 2016] 1872, 442, 447, 2616
[Fri Nov 11 22:58:18.186 2016] 1872, 442, 447, 2615
[Fri Nov 11 22:58:18.291 2016] 1872, 442, 447, 2616
[Fri Nov 11 22:58:18.394 2016] 1872, 442, 447, 2616
[Fri Nov 11 22:58:18.498 2016] 1872, 442, 447, 2616
[Fri Nov 11 22:58:18.597 2016] 1872, 442, 447, 2616
[Fri Nov 11 22:58:18.701 2016] 1872, 442, 447, 2616
[Fri Nov 11 22:58:18.815 2016] 1872, 442, 447, 2615
[Fri Nov 11 22:58:18.912 2016] 1872, 442, 447, 2616
[Fri Nov 11 22:58:19.011 2016] 1872, 442, 447, 2616
[Fri Nov 11 22:58:19.118 2016] 1872, 442, 447, 2616
[Fri Nov 11 22:58:19.218 2016] 1872, 442, 447, 2616
[Fri Nov 11 22:58:19.324 2016] 1871, 441, 447, 2615
[Fri Nov 11 22:58:19.428 2016] 1872, 442, 447, 2616
[Fri Nov 11 22:58:19.530 2016] 1872, 442, 447, 2616
[Fri Nov 11 22:58:19.632 2016] 1872, 442, 447, 2616
[Fri Nov 11 22:58:19.735 2016] 1872, 442, 447, 2616
[Fri Nov 11 22:58:19.838 2016] 1872, 442, 447, 2616
[Fri Nov 11 22:58:19.941 2016] 1872, 442, 447, 2616
[Fri Nov 11 22:58:20.050 2016] 1872, 442, 447, 2616
[Fri Nov 11 22:58:20.147 2016] 1872, 442, 447, 2616
[Fri Nov 11 22:58:20.250 2016] 1872, 442, 447, 2616
[Fri Nov 11 22:58:20.353 2016] 1872, 442, 447, 2616
[Fri Nov 11 22:58:20.457 2016] 1872, 442, 447, 2616
[Fri Nov 11 22:58:20.562 2016] 1872, 442, 447, 2616
[Fri Nov 11 22:58:20.664 2016] 1872, 442, 447, 2616
[Fri Nov 11 22:58:20.768 2016] 1872, 442, 447, 2616
[Fri Nov 11 22:58:20.870 2016] 1872, 442, 447, 2616
[Fri Nov 11 22:58:20.974 2016] 1872, 442, 447, 2616
[Fri Nov 11 22:58:21.077 2016] 1872, 442, 447, 2616
[Fri Nov 11 22:58:21.180 2016] 1872, 442, 447, 2616
[Fri Nov 11 22:58:21.285 2016] 1872, 442, 447, 2616
[Fri Nov 11 22:58:21.390 2016] 1872, 442, 447, 2615
[Fri Nov 11 22:58:21.491 2016] 1872, 442, 447, 2616
[Fri Nov 11 22:58:21.595 2016] 1872, 442, 447, 2616
[Fri Nov 11 22:58:21.699 2016] 1872, 442, 447, 2616
[Fri Nov 11 22:58:21.800 2016] 1872, 442, 447, 2616
[Fri Nov 11 22:58:21.904 2016] 1872, 442, 447, 2616
[Fri Nov 11 22:58:22.008 2016] 1872, 442, 447, 2616
[Fri Nov 11 22:58:22.112 2016] 1872, 442, 447, 2616
[Fri Nov 11 22:58:22.215 2016] 1872, 442, 447, 2616
[Fri Nov 11 22:58:22.318 2016] 1872, 442, 447, 2615
[Fri Nov 11 22:58:22.423 2016] 1872, 442, 447, 2616
[Fri Nov 11 22:58:22.526 2016] 1871, 442, 447, 2615
[Fri Nov 11 22:58:22.629 2016] 1872, 442, 447, 2616
[Fri Nov 11 22:58:22.734 2016] 1872, 442, 447, 2616
[Fri Nov 11 22:58:22.836 2016] 1871, 442, 447, 2615
[Fri Nov 11 22:58:22.940 2016] 1872, 442, 447, 2616
[Fri Nov 11 22:58:23.043 2016] 1872, 442, 447, 2616
[Fri Nov 11 22:58:23.145 2016] 1872, 442, 447, 2615
[Fri Nov 11 22:58:23.251 2016] 1872, 442, 447, 2616
[Fri Nov 11 22:58:23.352 2016] 1872, 442, 447, 2616
[Fri Nov 11 22:58:23.454 2016] 1872, 442, 447, 2616
[Fri Nov 11 22:58:23.558 2016] 1872, 442, 447, 2616
[Fri Nov 11 22:58:23.662 2016] 1872, 442, 447, 2616
[Fri Nov 11 22:58:23.770 2016] 1872, 442, 447, 2616
[Fri Nov 11 22:58:23.867 2016] 1871, 442, 447, 2615
[Fri Nov 11 22:58:23.971 2016] 1872, 442, 447, 2616
[Fri Nov 11 22:58:24.076 2016] 1872, 442, 447, 2616
[Fri Nov 11 22:58:24.178 2016] 1872, 442, 447, 2616
[Fri Nov 11 22:58:24.282 2016] 1872, 442, 447, 2616
[Fri Nov 11 22:58:24.385 2016] 1872, 442, 447, 2616
[Fri Nov 11 22:58:24.488 2016] 1872, 442, 447, 2617
[Fri Nov 11 22:58:24.592 2016] 1872, 442, 447, 2616
[Fri Nov 11 22:58:24.694 2016] 1872, 442, 447, 2616
[Fri Nov 11 22:58:24.797 2016] 1872, 442, 447, 2616
[Fri Nov 11 22:58:24.900 2016] 1872, 442, 447, 2616
[Fri Nov 11 22:58:25.003 2016] 1872, 442, 447, 2616
[Fri Nov 11 22:58:25.107 2016] 1872, 442, 447, 2616
[Fri Nov 11 22:58:25.210 2016] 1872, 442, 447, 2616
[Fri Nov 11 22:58:25.313 2016] 1872, 442, 447, 2616
[Fri Nov 11 22:58:25.418 2016] 1872, 442, 447, 2616
[Fri Nov 11 22:58:25.523 2016] 1872, 442, 447, 2616
[Fri Nov 11 22:58:25.625 2016] 1872, 442, 447, 2616
[Fri Nov 11 22:58:25.729 2016] 1871, 442, 447, 2615
[Fri Nov 11 22:58:25.835 2016] 1872, 442, 447, 2616
[Fri Nov 11 22:58:25.933 2016] 1872, 442, 447, 2616
[Fri Nov 11 22:58:26.038 2016] 1871, 442, 447, 2615
[Fri Nov 11 22:58:26.140 2016] 1872, 442, 447, 2616
[Fri Nov 11 22:58:26.244 2016] 1871, 442, 447, 2615
[Fri Nov 11 22:58:26.347 2016] 1872, 442, 447, 2616
[Fri Nov 11 22:58:26.451 2016] 1872, 442, 447, 2616
[Fri Nov 11 22:58:26.556 2016] 1871, 442, 447, 2615
[Fri Nov 11 22:58:26.658 2016] 1872, 442, 447, 2616
[Fri Nov 11 22:58:26.763 2016] 1872, 442, 447, 2616
[Fri Nov 11 22:58:26.867 2016] 1872, 442, 447, 2616
[Fri Nov 11 22:58:26.968 2016] 1872, 442, 447, 2615
[Fri Nov 11 22:58:27.073 2016] 1872, 442, 447, 2616
[Fri Nov 11 22:58:27.177 2016] 1871, 442, 447, 2615
[Fri Nov 11 22:58:27.280 2016] 1872, 442, 447, 2616
[Fri Nov 11 22:58:27.382 2016] 1872, 442, 447, 2615
[Fri Nov 11 22:58:27.485 2016] 1872, 442, 447, 2615
[Fri Nov 11 22:58:27.590 2016] 1872, 442, 447, 2616
[Fri Nov 11 22:58:27.693 2016] 1871, 441, 447, 2615
[Fri Nov 11 22:58:27.798 2016] 1872, 442, 447, 2615
[Fri Nov 11 22:58:27.897 2016] 1872, 442, 447, 2616
[Fri Nov 11 22:58:28.001 2016] 1871, 442, 447, 2615
[Fri Nov 11 22:58:28.105 2016] 1872, 442, 447, 2616
[Fri Nov 11 22:58:28.211 2016] 1872, 442, 447, 2616
[Fri Nov 11 22:58:28.312 2016] 1872, 442, 447, 2615
[Fri Nov 11 22:58:28.416 2016] 1872, 442, 447, 2616
[Fri Nov 11 22:58:28.521 2016] 1871, 442, 447, 2615
[Fri Nov 11 22:58:28.623 2016] 1872, 442, 447, 2616
[Fri Nov 11 22:58:28.726 2016] 1872, 442, 447, 2616
[Fri Nov 11 22:58:28.829 2016] 1872, 442, 447, 2615
[Fri Nov 11 22:58:28.932 2016] 1872, 442, 447, 2616
[Fri Nov 11 22:58:29.036 2016] 1871, 442, 447, 2615
[Fri Nov 11 22:58:29.139 2016] 1872, 442, 447, 2616
[Fri Nov 11 22:58:29.240 2016] 1872, 442, 447, 2616
[Fri Nov 11 22:58:29.344 2016] 1871, 442, 447, 2615
[Fri Nov 11 22:58:29.447 2016] 1872, 442, 447, 2616
[Fri Nov 11 22:58:29.551 2016] 1872, 442, 447, 2616
[Fri Nov 11 22:58:29.654 2016] 1872, 442, 447, 2616
[Fri Nov 11 22:58:29.759 2016] 1872, 442, 447, 2616
[Fri Nov 11 22:58:29.862 2016] 1871, 442, 447, 2615
[Fri Nov 11 22:58:29.967 2016] 1872, 442, 447, 2616
[Fri Nov 11 22:58:30.069 2016] 1872, 442, 447, 2616
[Fri Nov 11 22:58:30.173 2016] 1871, 442, 447, 2615
[Fri Nov 11 22:58:30.279 2016] 1872, 442, 447, 2617
[Fri Nov 11 22:58:30.380 2016] 1871, 442, 447, 2615
[Fri Nov 11 22:58:30.483 2016] 1872, 442, 447, 2616
[Fri Nov 11 22:58:30.586 2016] 1872, 442, 447, 2616
[Fri Nov 11 22:58:30.690 2016] 1871, 442, 447, 2615
[Fri Nov 11 22:58:30.791 2016] 1872, 442, 447, 2616
[Fri Nov 11 22:58:30.894 2016] 1871, 442, 447, 2615
[Fri Nov 11 22:58:30.998 2016] 1872, 442, 447, 2616
[Fri Nov 11 22:58:31.104 2016] 1872, 442, 447, 2616
[Fri Nov 11 22:58:31.205 2016] 1871, 442, 447, 2615
[Fri Nov 11 22:58:31.312 2016] 1872, 442, 447, 2616
[Fri Nov 11 22:58:31.414 2016] 1872, 442, 447, 2616
[Fri Nov 11 22:58:31.517 2016] 1871, 442, 447, 2615
[Fri Nov 11 22:58:31.621 2016] 1872, 442, 447, 2616
[Fri Nov 11 22:58:31.724 2016] 1871, 442, 447, 2615
[Fri Nov 11 22:58:31.826 2016] 1872, 442, 447, 2616
[Fri Nov 11 22:58:31.933 2016] 1872, 442, 447, 2616
[Fri Nov 11 22:58:32.033 2016] 1872, 442, 447, 2616
[Fri Nov 11 22:58:32.136 2016] 1871, 442, 447, 2615
[Fri Nov 11 22:58:32.241 2016] 1872, 442, 447, 2616
[Fri Nov 11 22:58:32.344 2016] 1872, 442, 447, 2616
[Fri Nov 11 22:58:32.449 2016] 1872, 442, 447, 2616
[Fri Nov 11 22:58:32.552 2016] 1872, 442, 447, 2616
[Fri Nov 11 22:58:32.655 2016] 1872, 442, 447, 2616
[Fri Nov 11 22:58:32.759 2016] 1872, 442, 447, 2616
[Fri Nov 11 22:58:32.862 2016] 1872, 442, 447, 2616
[Fri Nov 11 22:58:32.964 2016] 1872, 442, 447, 2616
[Fri Nov 11 22:58:33.068 2016] 1872, 442, 447, 2616
[Fri Nov 11 22:58:33.174 2016] 1871, 442, 447, 2615
[Fri Nov 11 22:58:33.273 2016] 1872, 442, 447, 2616
[Fri Nov 11 22:58:33.376 2016] 1872, 442, 447, 2616
[Fri Nov 11 22:58:33.480 2016] 1872, 442, 447, 2615
[Fri Nov 11 22:58:33.587 2016] 1872, 442, 447, 2616
[Fri Nov 11 22:58:33.685 2016] 1872, 442, 447, 2616
[Fri Nov 11 22:58:33.788 2016] 1872, 442, 447, 2615
[Fri Nov 11 22:58:33.892 2016] 1872, 442, 447, 2616
[Fri Nov 11 22:58:33.996 2016] 1872, 442, 447, 2616
[Fri Nov 11 22:58:34.101 2016] 1872, 442, 447, 2616
[Fri Nov 11 22:58:34.203 2016] 1872, 442, 447, 2616
[Fri Nov 11 22:58:34.308 2016] 1871, 442, 447, 2615
[Fri Nov 11 22:58:34.409 2016] 1872, 442, 447, 2616
[Fri Nov 11 22:58:34.513 2016] 1872, 442, 447, 2615
[Fri Nov 11 22:58:34.617 2016] 1872, 442, 447, 2616
[Fri Nov 11 22:58:34.720 2016] 1872, 442, 447, 2616
[Fri Nov 11 22:58:34.825 2016] 1871, 442, 447, 2615
[Fri Nov 11 22:58:34.927 2016] 1872, 442, 447, 2616
[Fri Nov 11 22:58:35.030 2016] 1872, 442, 447, 2616
[Fri Nov 11 22:58:35.132 2016] 1871, 442, 447, 2615
[Fri Nov 11 22:58:35.235 2016] 1872, 442, 447, 2616
[Fri Nov 11 22:58:35.338 2016] 1872, 442, 447, 2616
[Fri Nov 11 22:58:35.442 2016] 1872, 442, 447, 2615
[Fri Nov 11 22:58:35.547 2016] 1872, 442, 447, 2616
[Fri Nov 11 22:58:35.654 2016] 1872, 442, 447, 2616
[Fri Nov 11 22:58:35.752 2016] 1872, 442, 447, 2616
[Fri Nov 11 22:58:35.857 2016] 1872, 442, 447, 2616
[Fri Nov 11 22:58:35.959 2016] 1872, 442, 447, 2615
[Fri Nov 11 22:58:36.063 2016] 1872, 442, 447, 2616
[Fri Nov 11 22:58:36.167 2016] 1872, 442, 447, 2615
[Fri Nov 11 22:58:36.271 2016] 1872, 442, 447, 2616
[Fri Nov 11 22:58:36.375 2016] 1872, 442, 447, 2616
[Fri Nov 11 22:58:36.477 2016] 1871, 442, 447, 2615
[Fri Nov 11 22:58:36.581 2016] 1872, 442, 447, 2616
[Fri Nov 11 22:58:36.684 2016] 1872, 442, 447, 2616
[Fri Nov 11 22:58:36.787 2016] 1872, 442, 447, 2616
[Fri Nov 11 22:58:36.890 2016] 1872, 442, 447, 2616
[Fri Nov 11 22:58:36.996 2016] 1872, 442, 447, 2616
[Fri Nov 11 22:58:37.099 2016] 1872, 442, 447, 2616
[Fri Nov 11 22:58:37.201 2016] 1872, 442, 447, 2616
[Fri Nov 11 22:58:37.304 2016] 1872, 442, 447, 2616
[Fri Nov 11 22:58:37.410 2016] 1872, 442, 447, 2616
[Fri Nov 11 22:58:37.512 2016] 1872, 442, 447, 2616
[Fri Nov 11 22:58:37.616 2016] 1872, 442, 447, 2616
[Fri Nov 11 22:58:37.719 2016] 1872, 442, 447, 2616
[Fri Nov 11 22:58:37.823 2016] 1872, 442, 447, 2616
[Fri Nov 11 22:58:37.924 2016] 1872, 442, 447, 2616
[Fri Nov 11 22:58:38.029 2016] 1872, 442, 447, 2616
[Fri Nov 11 22:58:38.131 2016] 1872, 442, 447, 2616
[Fri Nov 11 22:58:38.235 2016] 1872, 442, 447, 2616
[Fri Nov 11 22:58:38.336 2016] 1872, 442, 447, 2616
[Fri Nov 11 22:58:38.441 2016] 1872, 442, 447, 2616
[Fri Nov 11 22:58:38.543 2016] 1872, 442, 447, 2616
[Fri Nov 11 22:58:38.648 2016] 1872, 442, 447, 2616
[Fri Nov 11 22:58:38.751 2016] 1872, 442, 447, 2616
[Fri Nov 11 22:58:38.854 2016] 1872, 442, 447, 2616
[Fri Nov 11 22:58:38.957 2016] 1872, 442, 447, 2616
[Fri Nov 11 22:58:39.060 2016] 1872, 442, 447, 2616
[Fri Nov 11 22:58:39.165 2016] 1872, 442, 447, 2617
[Fri Nov 11 22:58:39.266 2016] 1872, 442, 447, 2616
[Fri Nov 11 22:58:39.372 2016] 1872, 442, 447, 2616
[Fri Nov 11 22:58:39.474 2016] 1873, 442, 447, 2618
[Fri Nov 11 22:58:39.578 2016] 1872, 442, 447, 2616
[Fri Nov 11 22:58:39.680 2016] 1872, 442, 447, 2616
[Fri Nov 11 22:58:39.783 2016] 1872, 442, 447, 2616
[Fri Nov 11 22:58:39.886 2016] 1872, 442, 447, 2615
[Fri Nov 11 22:58:39.989 2016] 1872, 442, 447, 2616
[Fri Nov 11 22:58:40.093 2016] 1872, 442, 447, 2615
[Fri Nov 11 22:58:40.198 2016] 1871, 442, 447, 2615
[Fri Nov 11 22:58:40.301 2016] 1872, 442, 447, 2617
[Fri Nov 11 22:58:40.403 2016] 1872, 442, 447, 2615
[Fri Nov 11 22:58:40.506 2016] 1872, 442, 447, 2616
[Fri Nov 11 22:58:40.611 2016] 1872, 442, 447, 2616
[Fri Nov 11 22:58:40.714 2016] 1871, 442, 447, 2615
[Fri Nov 11 22:58:40.823 2016] 1872, 442, 447, 2616
[Fri Nov 11 22:58:40.919 2016] 1872, 442, 447, 2616
[Fri Nov 11 22:58:41.024 2016] 1872, 442, 447, 2615
[Fri Nov 11 22:58:41.126 2016] 1872, 442, 447, 2616
[Fri Nov 11 22:58:41.229 2016] 1872, 442, 447, 2616
[Fri Nov 11 22:58:41.334 2016] 1872, 442, 447, 2616
[Fri Nov 11 22:58:41.436 2016] 1872, 442, 447, 2616
[Fri Nov 11 22:58:41.540 2016] 1872, 442, 447, 2616
[Fri Nov 11 22:58:41.645 2016] 1872, 442, 447, 2616
[Fri Nov 11 22:58:41.750 2016] 1872, 442, 447, 2616
[Fri Nov 11 22:58:41.852 2016] 1872, 442, 447, 2616
[Fri Nov 11 22:58:41.955 2016] 1872, 442, 447, 2616
[Fri Nov 11 22:58:42.057 2016] 1872, 442, 447, 2617
[Fri Nov 11 22:58:42.160 2016] 1872, 442, 447, 2616
[Fri Nov 11 22:58:42.265 2016] 1872, 442, 447, 2616
[Fri Nov 11 22:58:42.369 2016] 1872, 442, 447, 2616
[Fri Nov 11 22:58:42.472 2016] 1872, 442, 447, 2616
[Fri Nov 11 22:58:42.575 2016] 1872, 442, 447, 2617
[Fri Nov 11 22:58:42.683 2016] 1871, 442, 447, 2616
[Fri Nov 11 22:58:42.781 2016] 1872, 442, 447, 2616
[Fri Nov 11 22:58:42.883 2016] 1872, 442, 447, 2617
[Fri Nov 11 22:58:42.987 2016] 1872, 442, 447, 2616
[Fri Nov 11 22:58:43.090 2016] 1872, 442, 447, 2616
[Fri Nov 11 22:58:43.194 2016] 1872, 442, 447, 2616
[Fri Nov 11 22:58:43.297 2016] 1871, 442, 447, 2615
[Fri Nov 11 22:58:43.405 2016] 1872, 442, 447, 2617
[Fri Nov 11 22:58:43.504 2016] 1872, 442, 447, 2616
[Fri Nov 11 22:58:43.608 2016] 1872, 442, 447, 2616
[Fri Nov 11 22:58:43.712 2016] 1872, 442, 447, 2617
[Fri Nov 11 22:58:43.815 2016] 1872, 442, 447, 2616
[Fri Nov 11 22:58:43.917 2016] 1872, 442, 447, 2616
[Fri Nov 11 22:58:44.019 2016] 1872, 442, 447, 2616
[Fri Nov 11 22:58:44.123 2016] 1871, 442, 447, 2616
[Fri Nov 11 22:58:44.225 2016] 1872, 442, 447, 2616
[Fri Nov 11 22:58:44.329 2016] 1872, 442, 447, 2616
[Fri Nov 11 22:58:44.435 2016] 1872, 442, 447, 2616
[Fri Nov 11 22:58:44.536 2016] 1872, 442, 447, 2616
[Fri Nov 11 22:58:44.641 2016] 1871, 442, 447, 2615
[Fri Nov 11 22:58:44.743 2016] 1872, 442, 447, 2616
[Fri Nov 11 22:58:44.848 2016] 1872, 442, 447, 2616
[Fri Nov 11 22:58:44.950 2016] 1871, 442, 447, 2615
[Fri Nov 11 22:58:45.052 2016] 1872, 442, 447, 2616
[Fri Nov 11 22:58:45.156 2016] 1872, 442, 447, 2616
[Fri Nov 11 22:58:45.261 2016] 1872, 442, 447, 2616
[Fri Nov 11 22:58:45.364 2016] 1872, 442, 447, 2616
[Fri Nov 11 22:58:45.468 2016] 1871, 442, 447, 2615
[Fri Nov 11 22:58:45.571 2016] 1872, 442, 447, 2616
[Fri Nov 11 22:58:45.674 2016] 1872, 442, 447, 2616
[Fri Nov 11 22:58:45.776 2016] 1872, 442, 447, 2617
[Fri Nov 11 22:58:45.879 2016] 1872, 442, 447, 2616
[Fri Nov 11 22:58:45.999 2016] 1871, 442, 447, 2615
[Fri Nov 11 22:58:46.089 2016] 1872, 442, 447, 2616
[Fri Nov 11 22:58:46.193 2016] 1872, 442, 447, 2615
[Fri Nov 11 22:58:46.294 2016] 1872, 442, 447, 2616
[Fri Nov 11 22:58:46.397 2016] 1872, 442, 447, 2616
[Fri Nov 11 22:58:46.501 2016] 1871, 441, 447, 2614
[Fri Nov 11 22:58:46.604 2016] 1872, 442, 447, 2616
[Fri Nov 11 22:58:46.708 2016] 1872, 442, 447, 2616
[Fri Nov 11 22:58:46.810 2016] 1871, 442, 447, 2615
[Fri Nov 11 22:58:46.915 2016] 1872, 442, 447, 2616
[Fri Nov 11 22:58:47.017 2016] 1872, 442, 447, 2616
[Fri Nov 11 22:58:47.120 2016] 1872, 442, 447, 2615
[Fri Nov 11 22:58:47.222 2016] 1871, 442, 447, 2615
[Fri Nov 11 22:58:47.326 2016] 1872, 442, 447, 2616
[Fri Nov 11 22:58:47.429 2016] 1871, 442, 447, 2615
[Fri Nov 11 22:58:47.535 2016] 1872, 442, 447, 2616
[Fri Nov 11 22:58:47.639 2016] 1872, 442, 447, 2616
[Fri Nov 11 22:58:47.741 2016] 1871, 442, 447, 2615
[Fri Nov 11 22:58:47.845 2016] 1872, 442, 447, 2616
[Fri Nov 11 22:58:47.948 2016] 1872, 442, 447, 2616
[Fri Nov 11 22:58:48.051 2016] 1872, 442, 447, 2616
[Fri Nov 11 22:58:48.153 2016] 1872, 442, 447, 2616
[Fri Nov 11 22:58:48.258 2016] 1872, 442, 447, 2615
[Fri Nov 11 22:58:48.362 2016] 1872, 442, 447, 2616
[Fri Nov 11 22:58:48.466 2016] 1872, 442, 447, 2616
[Fri Nov 11 22:58:48.569 2016] 1871, 442, 447, 2615
[Fri Nov 11 22:58:48.673 2016] 1872, 442, 447, 2616
[Fri Nov 11 22:58:48.776 2016] 1872, 442, 447, 2616
[Fri Nov 11 22:58:48.879 2016] 1872, 442, 447, 2616
[Fri Nov 11 22:58:48.980 2016] 1872, 442, 447, 2616
[Fri Nov 11 22:58:49.084 2016] 1871, 442, 447, 2615
[Fri Nov 11 22:58:49.187 2016] 1872, 442, 447, 2616
[Fri Nov 11 22:58:49.292 2016] 1871, 442, 447, 2615
[Fri Nov 11 22:58:49.395 2016] 1871, 442, 447, 2615
[Fri Nov 11 22:58:49.499 2016] 1872, 442, 447, 2616
[Fri Nov 11 22:58:49.602 2016] 1871, 442, 447, 2615
[Fri Nov 11 22:58:49.705 2016] 1872, 442, 447, 2616
[Fri Nov 11 22:58:49.810 2016] 1872, 442, 447, 2616
[Fri Nov 11 22:58:49.913 2016] 1872, 442, 447, 2616
[Fri Nov 11 22:58:50.016 2016] 1872, 442, 447, 2616
[Fri Nov 11 22:58:50.121 2016] 1872, 442, 447, 2616
[Fri Nov 11 22:58:50.221 2016] 1872, 442, 447, 2615
[Fri Nov 11 22:58:50.324 2016] 1872, 442, 447, 2616
[Fri Nov 11 22:58:50.428 2016] 1872, 442, 447, 2615
[Fri Nov 11 22:58:50.531 2016] 1871, 442, 447, 2615
[Fri Nov 11 22:58:50.638 2016] 1872, 442, 447, 2616
[Fri Nov 11 22:58:50.740 2016] 1871, 442, 447, 2615
[Fri Nov 11 22:58:50.843 2016] 1872, 442, 447, 2617
[Fri Nov 11 22:58:50.946 2016] 1872, 442, 447, 2616
[Fri Nov 11 22:58:51.050 2016] 1872, 442, 447, 2616
[Fri Nov 11 22:58:51.154 2016] 1872, 442, 447, 2616
[Fri Nov 11 22:58:51.255 2016] 1872, 442, 447, 2616
[Fri Nov 11 22:58:51.359 2016] 1871, 442, 447, 2615
[Fri Nov 11 22:58:51.464 2016] 1872, 442, 447, 2616
[Fri Nov 11 22:58:51.567 2016] 1871, 442, 447, 2615
[Fri Nov 11 22:58:51.674 2016] 1871, 442, 447, 2615
[Fri Nov 11 22:58:51.773 2016] 1871, 442, 447, 2615
[Fri Nov 11 22:58:51.876 2016] 1871, 442, 447, 2615
[Fri Nov 11 22:58:51.979 2016] 1872, 442, 447, 2616
[Fri Nov 11 22:58:52.083 2016] 1872, 442, 447, 2616
[Fri Nov 11 22:58:52.189 2016] 1871, 442, 447, 2615
[Fri Nov 11 22:58:52.288 2016] 1871, 442, 447, 2615
[Fri Nov 11 22:58:52.393 2016] 1872, 442, 447, 2616
[Fri Nov 11 22:58:52.497 2016] 1871, 442, 447, 2615
[Fri Nov 11 22:58:52.601 2016] 1871, 442, 447, 2615
[Fri Nov 11 22:58:52.703 2016] 1872, 442, 447, 2616
[Fri Nov 11 22:58:52.807 2016] 1872, 442, 447, 2616
[Fri Nov 11 22:58:52.909 2016] 1872, 442, 447, 2616
[Fri Nov 11 22:58:53.014 2016] 1871, 442, 447, 2615
[Fri Nov 11 22:58:53.116 2016] 1871, 442, 447, 2615
[Fri Nov 11 22:58:53.218 2016] 1872, 442, 447, 2616
[Fri Nov 11 22:58:53.322 2016] 1871, 442, 447, 2615
[Fri Nov 11 22:58:53.425 2016] 1872, 442, 447, 2616
[Fri Nov 11 22:58:53.528 2016] 1871, 442, 447, 2615
[Fri Nov 11 22:58:53.632 2016] 1871, 442, 447, 2615
[Fri Nov 11 22:58:53.737 2016] 1872, 442, 447, 2616
[Fri Nov 11 22:58:53.839 2016] 1871, 442, 447, 2615
[Fri Nov 11 22:58:53.943 2016] 1871, 442, 447, 2615
[Fri Nov 11 22:58:54.045 2016] 1872, 442, 447, 2616
[Fri Nov 11 22:58:54.151 2016] 1871, 442, 447, 2615
[Fri Nov 11 22:58:54.251 2016] 1871, 442, 447, 2615
[Fri Nov 11 22:58:54.356 2016] 1872, 442, 447, 2616
[Fri Nov 11 22:58:54.460 2016] 1871, 442, 447, 2616
[Fri Nov 11 22:58:54.562 2016] 1871, 442, 447, 2615
[Fri Nov 11 22:58:54.666 2016] 1872, 442, 447, 2616
[Fri Nov 11 22:58:54.768 2016] 1871, 442, 447, 2615
[Fri Nov 11 22:58:54.871 2016] 1872, 442, 447, 2616
[Fri Nov 11 22:58:54.974 2016] 1872, 442, 447, 2616
[Fri Nov 11 22:58:55.081 2016] 1871, 442, 447, 2615
[Fri Nov 11 22:58:55.182 2016] 1872, 442, 447, 2616
[Fri Nov 11 22:58:55.285 2016] 1871, 442, 447, 2615
[Fri Nov 11 22:58:55.389 2016] 1872, 442, 447, 2616
[Fri Nov 11 22:58:55.494 2016] 1872, 442, 447, 2616
[Fri Nov 11 22:58:55.596 2016] 1871, 442, 447, 2615
[Fri Nov 11 22:58:55.699 2016] 1872, 442, 447, 2616
[Fri Nov 11 22:58:55.803 2016] 1872, 442, 447, 2616
[Fri Nov 11 22:58:55.907 2016] 1871, 442, 447, 2615
[Fri Nov 11 22:58:56.010 2016] 1872, 442, 447, 2616
[Fri Nov 11 22:58:56.112 2016] 1872, 442, 447, 2616
[Fri Nov 11 22:58:56.216 2016] 1871, 442, 447, 2615
[Fri Nov 11 22:58:56.319 2016] 1872, 442, 447, 2616
[Fri Nov 11 22:58:56.421 2016] 1872, 442, 447, 2616
[Fri Nov 11 22:58:56.525 2016] 1871, 442, 447, 2615
[Fri Nov 11 22:58:56.630 2016] 1872, 442, 447, 2616
[Fri Nov 11 22:58:56.736 2016] 1872, 442, 447, 2616
[Fri Nov 11 22:58:56.837 2016] 1871, 442, 447, 2614
[Fri Nov 11 22:58:56.940 2016] 1872, 442, 447, 2616
[Fri Nov 11 22:58:57.043 2016] 1872, 442, 447, 2616
[Fri Nov 11 22:58:57.148 2016] 1872, 442, 447, 2616
[Fri Nov 11 22:58:57.250 2016] 1871, 442, 447, 2615
[Fri Nov 11 22:58:57.354 2016] 1872, 442, 447, 2616
[Fri Nov 11 22:58:57.458 2016] 1871, 442, 447, 2615
[Fri Nov 11 22:58:57.560 2016] 1871, 442, 447, 2615
[Fri Nov 11 22:58:57.663 2016] 1872, 442, 447, 2616
[Fri Nov 11 22:58:57.767 2016] 1871, 442, 447, 2615
[Fri Nov 11 22:58:57.868 2016] 1871, 442, 447, 2615
[Fri Nov 11 22:58:57.971 2016] 1872, 442, 447, 2616
[Fri Nov 11 22:58:58.077 2016] 1871, 442, 447, 2615
[Fri Nov 11 22:58:58.179 2016] 1872, 442, 447, 2616
[Fri Nov 11 22:58:58.283 2016] 1872, 442, 447, 2616
[Fri Nov 11 22:58:58.386 2016] 1871, 442, 447, 2615
[Fri Nov 11 22:58:58.489 2016] 1872, 442, 447, 2616
[Fri Nov 11 22:58:58.594 2016] 1871, 442, 447, 2615
[Fri Nov 11 22:58:58.696 2016] 1871, 442, 447, 2615
[Fri Nov 11 22:58:58.799 2016] 1872, 442, 447, 2616
[Fri Nov 11 22:58:58.903 2016] 1871, 442, 447, 2615
[Fri Nov 11 22:58:59.005 2016] 1872, 442, 447, 2616
[Fri Nov 11 22:58:59.108 2016] 1872, 442, 447, 2616
[Fri Nov 11 22:58:59.212 2016] 1872, 442, 447, 2616
[Fri Nov 11 22:58:59.315 2016] 1872, 442, 447, 2616
[Fri Nov 11 22:58:59.418 2016] 1871, 442, 447, 2615
[Fri Nov 11 22:58:59.522 2016] 1872, 442, 447, 2616
[Fri Nov 11 22:58:59.626 2016] 1872, 442, 447, 2616
[Fri Nov 11 22:58:59.731 2016] 1871, 442, 447, 2615
[Fri Nov 11 22:58:59.834 2016] 1872, 442, 447, 2616
[Fri Nov 11 22:58:59.936 2016] 1872, 442, 447, 2616
[Fri Nov 11 22:59:00.040 2016] 1871, 442, 447, 2616
[Fri Nov 11 22:59:00.145 2016] 1872, 442, 447, 2616
[Fri Nov 11 22:59:00.248 2016] 1871, 442, 447, 2615
[Fri Nov 11 22:59:00.350 2016] 1872, 442, 447, 2616
[Fri Nov 11 22:59:00.455 2016] 1872, 442, 447, 2616
[Fri Nov 11 22:59:00.558 2016] 1871, 442, 447, 2615
[Fri Nov 11 22:59:00.661 2016] 1872, 442, 447, 2616
[Fri Nov 11 22:59:00.764 2016] 1872, 442, 447, 2616
[Fri Nov 11 22:59:00.865 2016] 1871, 442, 447, 2615
[Fri Nov 11 22:59:00.968 2016] 1872, 442, 447, 2616
[Fri Nov 11 22:59:01.073 2016] 1871, 442, 447, 2616
[Fri Nov 11 22:59:01.176 2016] 1872, 442, 447, 2616
[Fri Nov 11 22:59:01.280 2016] 1872, 442, 447, 2616
[Fri Nov 11 22:59:01.384 2016] 1871, 442, 447, 2615
[Fri Nov 11 22:59:01.487 2016] 1871, 442, 447, 2616
[Fri Nov 11 22:59:01.591 2016] 1871, 442, 447, 2615
