[Fri Nov 11 23:11:21.913 2016] 1611, 394, 396, 2292
[Fri Nov 11 23:11:21.920 2016] 1611, 394, 396, 2292
[Fri Nov 11 23:11:21.920 2016] 1611, 394, 396, 2292
[Fri Nov 11 23:11:21.920 2016] 1611, 394, 396, 2292
[Fri Nov 11 23:11:21.920 2016] 1610, 393, 396, 2291
[Fri Nov 11 23:11:21.920 2016] 1611, 394, 396, 2293
[Fri Nov 11 23:11:21.920 2016] 1611, 394, 396, 2292
[Fri Nov 11 23:11:21.920 2016] 1611, 394, 396, 2292
[Fri Nov 11 23:11:21.920 2016] 1611, 394, 396, 2292
[Fri Nov 11 23:11:21.920 2016] 1611, 394, 396, 2292
[Fri Nov 11 23:11:21.920 2016] 1611, 394, 396, 2292
[Fri Nov 11 23:11:21.920 2016] 1611, 394, 396, 2292
[Fri Nov 11 23:11:21.920 2016] 1611, 394, 396, 2292
[Fri Nov 11 23:11:21.920 2016] 1611, 394, 396, 2292
[Fri Nov 11 23:11:21.920 2016] 1611, 394, 396, 2292
[Fri Nov 11 23:11:21.920 2016] 1611, 394, 396, 2292
[Fri Nov 11 23:11:21.920 2016] 1611, 394, 396, 2292
[Fri Nov 11 23:11:21.920 2016] 1611, 394, 396, 2292
[Fri Nov 11 23:11:21.920 2016] 1611, 394, 396, 2292
[Fri Nov 11 23:11:21.920 2016] 1611, 394, 396, 2292
[Fri Nov 11 23:11:21.920 2016] 1611, 394, 396, 2292
[Fri Nov 11 23:11:21.920 2016] 1611, 394, 396, 2292
[Fri Nov 11 23:11:21.920 2016] 1611, 394, 396, 2292
[Fri Nov 11 23:11:21.920 2016] 1611, 394, 396, 2292
[Fri Nov 11 23:11:21.920 2016] 1611, 394, 396, 2292
[Fri Nov 11 23:11:21.920 2016] 1611, 394, 396, 2292
[Fri Nov 11 23:11:21.920 2016] 1611, 394, 396, 2292
[Fri Nov 11 23:11:21.920 2016] 1611, 394, 396, 2292
[Fri Nov 11 23:11:21.920 2016] 1611, 394, 396, 2292
[Fri Nov 11 23:11:21.920 2016] 1611, 394, 396, 2292
[Fri Nov 11 23:11:21.920 2016] 1611, 394, 396, 2292
[Fri Nov 11 23:11:21.920 2016] 1611, 394, 396, 2292
[Fri Nov 11 23:11:21.920 2016] 1611, 394, 396, 2292
[Fri Nov 11 23:11:21.920 2016] 1610, 394, 396, 2292
[Fri Nov 11 23:11:21.920 2016] 1612, 394, 397, 2294
[Fri Nov 11 23:11:21.920 2016] 1612, 394, 397, 2294
[Fri Nov 11 23:11:21.920 2016] 1611, 394, 396, 2293
[Fri Nov 11 23:11:21.920 2016] 1612, 394, 397, 2294
[Fri Nov 11 23:11:21.920 2016] 1612, 394, 397, 2293
[Fri Nov 11 23:11:21.920 2016] 1611, 394, 396, 2293
[Fri Nov 11 23:11:21.920 2016] 1611, 394, 396, 2293
[Fri Nov 11 23:11:21.920 2016] 1612, 394, 397, 2294
[Fri Nov 11 23:11:21.920 2016] 1611, 394, 396, 2293
[Fri Nov 11 23:11:21.920 2016] 1611, 394, 396, 2292
[Fri Nov 11 23:11:21.920 2016] 1612, 394, 397, 2294
[Fri Nov 11 23:11:21.920 2016] 1611, 394, 396, 2292
[Fri Nov 11 23:11:21.920 2016] 1610, 394, 396, 2291
[Fri Nov 11 23:11:21.920 2016] 1611, 394, 396, 2292
[Fri Nov 11 23:11:21.920 2016] 1610, 394, 396, 2291
[Fri Nov 11 23:11:21.920 2016] 1611, 394, 396, 2292
[Fri Nov 11 23:11:21.928 2016] 1611, 394, 396, 2292
[Fri Nov 11 23:11:21.928 2016] 1610, 393, 396, 2290
[Fri Nov 11 23:11:21.928 2016] 1611, 394, 396, 2292
[Fri Nov 11 23:11:21.928 2016] 1610, 394, 396, 2292
[Fri Nov 11 23:11:21.928 2016] 1610, 394, 396, 2291
[Fri Nov 11 23:11:21.928 2016] 1610, 394, 396, 2292
[Fri Nov 11 23:11:21.928 2016] 1611, 394, 396, 2292
[Fri Nov 11 23:11:21.928 2016] 1610, 394, 396, 2291
[Fri Nov 11 23:11:21.928 2016] 1610, 394, 396, 2291
[Fri Nov 11 23:11:21.928 2016] 1610, 394, 396, 2291
[Fri Nov 11 23:11:21.928 2016] 1611, 394, 396, 2292
[Fri Nov 11 23:11:21.928 2016] 1610, 394, 396, 2291
[Fri Nov 11 23:11:21.928 2016] 1610, 394, 396, 2291
[Fri Nov 11 23:11:21.928 2016] 1611, 394, 396, 2292
[Fri Nov 11 23:11:21.928 2016] 1611, 394, 396, 2292
[Fri Nov 11 23:11:21.928 2016] 1611, 394, 396, 2292
[Fri Nov 11 23:11:21.928 2016] 1611, 394, 396, 2292
[Fri Nov 11 23:11:21.928 2016] 1610, 394, 396, 2291
[Fri Nov 11 23:11:21.928 2016] 1610, 394, 396, 2291
[Fri Nov 11 23:11:21.928 2016] 1610, 394, 396, 2291
[Fri Nov 11 23:11:21.928 2016] 1610, 394, 396, 2291
[Fri Nov 11 23:11:21.928 2016] 1611, 394, 396, 2292
[Fri Nov 11 23:11:21.928 2016] 1610, 394, 396, 2292
[Fri Nov 11 23:11:21.928 2016] 1610, 394, 396, 2291
[Fri Nov 11 23:11:21.928 2016] 1610, 394, 396, 2291
[Fri Nov 11 23:11:21.928 2016] 1610, 394, 396, 2291
[Fri Nov 11 23:11:21.928 2016] 1610, 394, 396, 2291
[Fri Nov 11 23:11:21.928 2016] 1611, 394, 396, 2292
[Fri Nov 11 23:11:21.928 2016] 1610, 394, 396, 2292
[Fri Nov 11 23:11:21.928 2016] 1610, 394, 396, 2291
[Fri Nov 11 23:11:21.928 2016] 1610, 394, 396, 2291
[Fri Nov 11 23:11:21.928 2016] 1610, 394, 396, 2291
[Fri Nov 11 23:11:21.928 2016] 1610, 394, 396, 2291
[Fri Nov 11 23:11:21.928 2016] 1610, 394, 396, 2292
[Fri Nov 11 23:11:21.928 2016] 1610, 394, 396, 2291
[Fri Nov 11 23:11:21.928 2016] 1610, 394, 396, 2292
[Fri Nov 11 23:11:21.928 2016] 1611, 394, 396, 2292
[Fri Nov 11 23:11:21.928 2016] 1610, 393, 396, 2291
[Fri Nov 11 23:11:21.928 2016] 1610, 394, 396, 2291
[Fri Nov 11 23:11:21.928 2016] 1610, 394, 396, 2291
[Fri Nov 11 23:11:21.928 2016] 1610, 394, 396, 2291
[Fri Nov 11 23:11:21.928 2016] 1610, 394, 396, 2291
[Fri Nov 11 23:11:21.928 2016] 1611, 394, 396, 2292
[Fri Nov 11 23:11:21.928 2016] 1610, 394, 396, 2291
[Fri Nov 11 23:11:21.928 2016] 1610, 394, 396, 2291
[Fri Nov 11 23:11:21.928 2016] 1611, 394, 396, 2292
[Fri Nov 11 23:11:21.928 2016] 1611, 394, 396, 2292
[Fri Nov 11 23:11:21.928 2016] 1611, 394, 396, 2292
[Fri Nov 11 23:11:21.933 2016] 1611, 394, 396, 2292
[Fri Nov 11 23:11:21.933 2016] 1611, 394, 396, 2292
[Fri Nov 11 23:11:21.933 2016] 1610, 394, 396, 2291
[Fri Nov 11 23:11:21.933 2016] 1610, 394, 396, 2292
[Fri Nov 11 23:11:21.933 2016] 1611, 394, 396, 2292
[Fri Nov 11 23:11:21.933 2016] 1610, 394, 396, 2291
[Fri Nov 11 23:11:21.933 2016] 1610, 394, 396, 2292
[Fri Nov 11 23:11:21.933 2016] 1610, 394, 396, 2292
[Fri Nov 11 23:11:21.933 2016] 1610, 394, 396, 2292
[Fri Nov 11 23:11:21.933 2016] 1610, 394, 396, 2292
[Fri Nov 11 23:11:21.933 2016] 1610, 394, 396, 2291
[Fri Nov 11 23:11:21.933 2016] 1610, 394, 396, 2291
[Fri Nov 11 23:11:21.933 2016] 1610, 394, 396, 2291
[Fri Nov 11 23:11:21.933 2016] 1610, 394, 396, 2291
[Fri Nov 11 23:11:21.933 2016] 1610, 394, 396, 2291
[Fri Nov 11 23:11:21.933 2016] 1610, 394, 396, 2291
[Fri Nov 11 23:11:21.933 2016] 1610, 394, 396, 2291
[Fri Nov 11 23:11:21.933 2016] 1610, 394, 396, 2292
[Fri Nov 11 23:11:21.933 2016] 1610, 394, 396, 2291
[Fri Nov 11 23:11:21.933 2016] 1610, 394, 396, 2291
[Fri Nov 11 23:11:21.933 2016] 1610, 394, 396, 2291
[Fri Nov 11 23:11:22.019 2016] 1610, 394, 396, 2292
[Fri Nov 11 23:11:22.123 2016] 1610, 394, 396, 2291
[Fri Nov 11 23:11:22.228 2016] 1610, 394, 396, 2291
[Fri Nov 11 23:11:22.330 2016] 1610, 394, 396, 2292
[Fri Nov 11 23:11:22.434 2016] 1610, 394, 396, 2291
[Fri Nov 11 23:11:22.538 2016] 1610, 394, 396, 2291
[Fri Nov 11 23:11:22.641 2016] 1610, 394, 396, 2291
[Fri Nov 11 23:11:22.745 2016] 1610, 394, 396, 2291
[Fri Nov 11 23:11:22.848 2016] 1610, 394, 396, 2292
[Fri Nov 11 23:11:22.950 2016] 1610, 394, 396, 2292
[Fri Nov 11 23:11:23.053 2016] 1610, 394, 396, 2292
[Fri Nov 11 23:11:23.157 2016] 1610, 394, 396, 2292
[Fri Nov 11 23:11:23.261 2016] 1610, 394, 396, 2292
[Fri Nov 11 23:11:23.367 2016] 1610, 394, 396, 2291
[Fri Nov 11 23:11:23.468 2016] 1610, 394, 396, 2292
[Fri Nov 11 23:11:23.572 2016] 1610, 394, 396, 2292
[Fri Nov 11 23:11:23.675 2016] 1610, 394, 396, 2291
[Fri Nov 11 23:11:23.794 2016] 1610, 394, 396, 2292
[Fri Nov 11 23:11:23.881 2016] 1610, 394, 396, 2291
[Fri Nov 11 23:11:23.983 2016] 1610, 394, 396, 2291
[Fri Nov 11 23:11:24.087 2016] 1610, 394, 396, 2292
[Fri Nov 11 23:11:24.192 2016] 1610, 394, 396, 2292
[Fri Nov 11 23:11:24.294 2016] 1610, 394, 396, 2291
[Fri Nov 11 23:11:24.399 2016] 1610, 394, 396, 2291
[Fri Nov 11 23:11:24.500 2016] 1610, 394, 396, 2291
[Fri Nov 11 23:11:24.603 2016] 1610, 394, 396, 2292
[Fri Nov 11 23:11:24.707 2016] 1610, 394, 396, 2291
[Fri Nov 11 23:11:24.809 2016] 1610, 394, 396, 2292
[Fri Nov 11 23:11:24.912 2016] 1610, 394, 396, 2291
[Fri Nov 11 23:11:25.016 2016] 1610, 394, 396, 2292
[Fri Nov 11 23:11:25.119 2016] 1610, 394, 396, 2291
[Fri Nov 11 23:11:25.224 2016] 1610, 394, 396, 2291
[Fri Nov 11 23:11:25.329 2016] 1610, 394, 396, 2291
[Fri Nov 11 23:11:25.432 2016] 1610, 394, 396, 2291
[Fri Nov 11 23:11:25.534 2016] 1610, 394, 396, 2291
[Fri Nov 11 23:11:25.637 2016] 1610, 394, 396, 2291
[Fri Nov 11 23:11:25.741 2016] 1610, 394, 396, 2291
[Fri Nov 11 23:11:25.844 2016] 1610, 394, 396, 2291
[Fri Nov 11 23:11:25.946 2016] 1610, 394, 396, 2291
[Fri Nov 11 23:11:26.050 2016] 1610, 394, 396, 2291
[Fri Nov 11 23:11:26.153 2016] 1610, 394, 396, 2291
[Fri Nov 11 23:11:26.258 2016] 1610, 394, 396, 2291
[Fri Nov 11 23:11:26.360 2016] 1610, 394, 396, 2292
[Fri Nov 11 23:11:26.464 2016] 1610, 394, 396, 2292
[Fri Nov 11 23:11:26.567 2016] 1610, 394, 396, 2292
[Fri Nov 11 23:11:26.671 2016] 1610, 394, 396, 2291
[Fri Nov 11 23:11:26.776 2016] 1611, 394, 396, 2292
[Fri Nov 11 23:11:26.877 2016] 1610, 394, 396, 2291
[Fri Nov 11 23:11:26.979 2016] 1610, 394, 396, 2292
[Fri Nov 11 23:11:27.082 2016] 1611, 394, 396, 2292
[Fri Nov 11 23:11:27.189 2016] 1610, 394, 396, 2292
[Fri Nov 11 23:11:27.291 2016] 1610, 394, 396, 2291
[Fri Nov 11 23:11:27.394 2016] 1611, 394, 396, 2292
[Fri Nov 11 23:11:27.498 2016] 1610, 394, 396, 2292
[Fri Nov 11 23:11:27.601 2016] 1610, 394, 396, 2291
[Fri Nov 11 23:11:27.704 2016] 1610, 394, 396, 2291
[Fri Nov 11 23:11:27.806 2016] 1611, 394, 396, 2292
[Fri Nov 11 23:11:27.909 2016] 1610, 394, 396, 2291
[Fri Nov 11 23:11:28.013 2016] 1610, 394, 396, 2291
[Fri Nov 11 23:11:28.116 2016] 1611, 394, 396, 2292
[Fri Nov 11 23:11:28.221 2016] 1610, 394, 396, 2291
[Fri Nov 11 23:11:28.325 2016] 1610, 393, 396, 2290
[Fri Nov 11 23:11:28.429 2016] 1611, 394, 396, 2293
[Fri Nov 11 23:11:28.530 2016] 1610, 393, 396, 2291
[Fri Nov 11 23:11:28.635 2016] 1612, 394, 397, 2293
[Fri Nov 11 23:11:28.740 2016] 1610, 393, 396, 2291
[Fri Nov 11 23:11:28.841 2016] 1610, 394, 396, 2291
[Fri Nov 11 23:11:28.944 2016] 1610, 394, 396, 2291
[Fri Nov 11 23:11:29.048 2016] 1610, 394, 396, 2292
[Fri Nov 11 23:11:29.151 2016] 1610, 394, 396, 2291
[Fri Nov 11 23:11:29.256 2016] 1611, 394, 396, 2292
[Fri Nov 11 23:11:29.358 2016] 1610, 394, 396, 2291
[Fri Nov 11 23:11:29.461 2016] 1610, 394, 396, 2291
[Fri Nov 11 23:11:29.564 2016] 1610, 394, 396, 2291
[Fri Nov 11 23:11:29.667 2016] 1610, 394, 396, 2291
[Fri Nov 11 23:11:29.771 2016] 1610, 394, 396, 2292
[Fri Nov 11 23:11:29.875 2016] 1610, 394, 396, 2292
[Fri Nov 11 23:11:29.976 2016] 1610, 394, 396, 2291
[Fri Nov 11 23:11:30.081 2016] 1610, 394, 396, 2291
[Fri Nov 11 23:11:30.185 2016] 1610, 394, 396, 2291
[Fri Nov 11 23:11:30.289 2016] 1610, 394, 396, 2291
[Fri Nov 11 23:11:30.391 2016] 1610, 394, 396, 2291
[Fri Nov 11 23:11:30.495 2016] 1610, 394, 396, 2292
[Fri Nov 11 23:11:30.598 2016] 1610, 394, 396, 2292
[Fri Nov 11 23:11:30.701 2016] 1611, 394, 396, 2292
[Fri Nov 11 23:11:30.803 2016] 1610, 394, 396, 2292
[Fri Nov 11 23:11:30.906 2016] 1610, 394, 396, 2292
[Fri Nov 11 23:11:31.009 2016] 1610, 394, 396, 2292
[Fri Nov 11 23:11:31.112 2016] 1611, 394, 396, 2292
[Fri Nov 11 23:11:31.218 2016] 1610, 394, 396, 2292
[Fri Nov 11 23:11:31.321 2016] 1610, 394, 396, 2292
[Fri Nov 11 23:11:31.424 2016] 1610, 394, 396, 2292
[Fri Nov 11 23:11:31.528 2016] 1610, 394, 396, 2292
[Fri Nov 11 23:11:31.631 2016] 1610, 394, 396, 2292
[Fri Nov 11 23:11:31.735 2016] 1611, 394, 396, 2292
[Fri Nov 11 23:11:31.838 2016] 1610, 394, 396, 2292
[Fri Nov 11 23:11:31.941 2016] 1610, 394, 396, 2292
[Fri Nov 11 23:11:32.044 2016] 1610, 394, 396, 2291
[Fri Nov 11 23:11:32.145 2016] 1611, 394, 396, 2292
[Fri Nov 11 23:11:32.249 2016] 1610, 394, 396, 2291
[Fri Nov 11 23:11:32.354 2016] 1610, 394, 396, 2292
[Fri Nov 11 23:11:32.456 2016] 1610, 394, 396, 2292
[Fri Nov 11 23:11:32.561 2016] 1610, 394, 396, 2292
[Fri Nov 11 23:11:32.664 2016] 1611, 394, 396, 2292
[Fri Nov 11 23:11:32.769 2016] 1611, 394, 396, 2292
[Fri Nov 11 23:11:32.871 2016] 1610, 394, 396, 2292
[Fri Nov 11 23:11:32.973 2016] 1610, 394, 396, 2292
[Fri Nov 11 23:11:33.077 2016] 1610, 394, 396, 2291
[Fri Nov 11 23:11:33.180 2016] 1611, 394, 396, 2292
[Fri Nov 11 23:11:33.285 2016] 1611, 394, 396, 2292
[Fri Nov 11 23:11:33.387 2016] 1610, 394, 396, 2291
[Fri Nov 11 23:11:33.490 2016] 1611, 394, 396, 2292
[Fri Nov 11 23:11:33.594 2016] 1610, 394, 396, 2292
[Fri Nov 11 23:11:33.696 2016] 1610, 394, 396, 2291
[Fri Nov 11 23:11:33.799 2016] 1610, 394, 396, 2291
[Fri Nov 11 23:11:33.902 2016] 1612, 394, 397, 2294
[Fri Nov 11 23:11:34.007 2016] 1611, 394, 396, 2292
[Fri Nov 11 23:11:34.111 2016] 1613, 394, 397, 2295
[Fri Nov 11 23:11:34.213 2016] 1611, 394, 396, 2293
[Fri Nov 11 23:11:34.317 2016] 1612, 394, 396, 2294
[Fri Nov 11 23:11:34.420 2016] 1608, 391, 394, 2287
[Fri Nov 11 23:11:34.524 2016] 1613, 395, 397, 2296
[Fri Nov 11 23:11:34.628 2016] 1612, 394, 397, 2294
[Fri Nov 11 23:11:34.729 2016] 1613, 395, 397, 2296
[Fri Nov 11 23:11:34.834 2016] 1614, 395, 398, 2296
[Fri Nov 11 23:11:34.938 2016] 1613, 395, 397, 2295
[Fri Nov 11 23:11:35.041 2016] 1613, 395, 397, 2296
[Fri Nov 11 23:11:35.144 2016] 1613, 395, 397, 2296
[Fri Nov 11 23:11:35.246 2016] 1614, 395, 397, 2296
[Fri Nov 11 23:11:35.350 2016] 1613, 395, 397, 2296
[Fri Nov 11 23:11:35.454 2016] 1640, 403, 405, 2335
[Fri Nov 11 23:11:35.558 2016] 1638, 413, 414, 2352
[Fri Nov 11 23:11:35.661 2016] 1642, 436, 433, 2395
[Fri Nov 11 23:11:35.765 2016] 1616, 430, 428, 2359
[Fri Nov 11 23:11:35.867 2016] 1563, 404, 404, 2260
[Fri Nov 11 23:11:35.969 2016] 1546, 397, 397, 2230
[Fri Nov 11 23:11:36.074 2016] 1638, 407, 410, 2334
[Fri Nov 11 23:11:36.180 2016] 1624, 386, 390, 2267
[Fri Nov 11 23:11:36.281 2016] 767, 184, 183, 1058
[Fri Nov 11 23:11:36.384 2016] 225, 67, 61, 1058
[Fri Nov 11 23:11:36.487 2016] 225, 67, 61, 322
[Fri Nov 11 23:11:36.590 2016] 101, 40, 33, 155
[Fri Nov 11 23:11:36.694 2016] 78, 35, 28, 123
[Fri Nov 11 23:11:36.796 2016] 69, 32, 25, 110
[Fri Nov 11 23:11:36.899 2016] 67, 31, 24, 106
[Fri Nov 11 23:11:37.002 2016] 62, 30, 23, 99
[Fri Nov 11 23:11:37.105 2016] 60, 29, 22, 96
[Fri Nov 11 23:11:37.211 2016] 65, 33, 26, 104
[Fri Nov 11 23:11:37.314 2016] 66, 35, 27, 107
[Fri Nov 11 23:11:37.417 2016] 66, 35, 27, 106
[Fri Nov 11 23:11:37.520 2016] 66, 35, 27, 106
[Fri Nov 11 23:11:37.625 2016] 66, 35, 27, 106
[Fri Nov 11 23:11:37.727 2016] 66, 35, 27, 106
[Fri Nov 11 23:11:37.830 2016] 66, 35, 27, 106
[Fri Nov 11 23:11:37.934 2016] 66, 35, 27, 106
[Fri Nov 11 23:11:38.038 2016] 66, 35, 27, 106
[Fri Nov 11 23:11:38.141 2016] 66, 35, 27, 106
[Fri Nov 11 23:11:38.244 2016] 66, 35, 27, 106
[Fri Nov 11 23:11:38.348 2016] 66, 35, 27, 106
[Fri Nov 11 23:11:38.451 2016] 66, 35, 27, 106
[Fri Nov 11 23:11:38.555 2016] 66, 35, 27, 106
[Fri Nov 11 23:11:38.658 2016] 66, 35, 27, 106
[Fri Nov 11 23:11:38.762 2016] 66, 35, 27, 106
[Fri Nov 11 23:11:38.865 2016] 66, 35, 27, 106
[Fri Nov 11 23:11:38.968 2016] 66, 35, 27, 106
[Fri Nov 11 23:11:39.072 2016] 66, 35, 27, 106
[Fri Nov 11 23:11:39.175 2016] 66, 35, 27, 106
[Fri Nov 11 23:11:39.278 2016] 66, 35, 27, 106
[Fri Nov 11 23:11:39.381 2016] 66, 35, 27, 106
[Fri Nov 11 23:11:39.485 2016] 66, 35, 27, 106
[Fri Nov 11 23:11:39.588 2016] 66, 35, 27, 106
[Fri Nov 11 23:11:39.691 2016] 66, 35, 27, 106
[Fri Nov 11 23:11:39.793 2016] 66, 35, 27, 106
[Fri Nov 11 23:11:39.896 2016] 66, 35, 27, 106
[Fri Nov 11 23:11:39.999 2016] 66, 35, 27, 106
[Fri Nov 11 23:11:40.102 2016] 66, 35, 27, 106
[Fri Nov 11 23:11:40.208 2016] 66, 35, 27, 106
[Fri Nov 11 23:11:40.311 2016] 66, 35, 27, 107
[Fri Nov 11 23:11:40.414 2016] 66, 35, 27, 107
[Fri Nov 11 23:11:40.518 2016] 66, 35, 27, 107
[Fri Nov 11 23:11:40.621 2016] 66, 35, 27, 107
[Fri Nov 11 23:11:40.724 2016] 66, 35, 27, 106
[Fri Nov 11 23:11:40.828 2016] 66, 35, 27, 107
[Fri Nov 11 23:11:40.932 2016] 66, 35, 27, 107
[Fri Nov 11 23:11:41.035 2016] 66, 34, 27, 105
[Fri Nov 11 23:11:41.138 2016] 66, 34, 27, 106
[Fri Nov 11 23:11:41.242 2016] 62, 33, 27, 105
[Fri Nov 11 23:11:41.345 2016] 72, 49, 53, 158
[Fri Nov 11 23:11:41.448 2016] 72, 49, 53, 158
[Fri Nov 11 23:11:41.551 2016] 115, 130, 192, 418
[Fri Nov 11 23:11:41.656 2016] 176, 257, 424, 833
[Fri Nov 11 23:11:41.758 2016] 263, 430, 729, 1395
[Fri Nov 11 23:11:41.862 2016] 354, 624, 1069, 2017
[Fri Nov 11 23:11:41.963 2016] 385, 690, 1195, 2251
[Fri Nov 11 23:11:42.068 2016] 358, 637, 1105, 2092
[Fri Nov 11 23:11:42.172 2016] 335, 584, 1005, 1918
[Fri Nov 11 23:11:42.274 2016] 342, 596, 1020, 1952
[Fri Nov 11 23:11:42.377 2016] 334, 586, 1010, 1928
[Fri Nov 11 23:11:42.481 2016] 337, 593, 1021, 1947
[Fri Nov 11 23:11:42.584 2016] 329, 568, 971, 1860
[Fri Nov 11 23:11:42.689 2016] 342, 598, 1028, 1962
[Fri Nov 11 23:11:42.789 2016] 341, 598, 1031, 1963
[Fri Nov 11 23:11:42.892 2016] 322, 554, 953, 1820
[Fri Nov 11 23:11:42.995 2016] 341, 590, 1009, 1932
[Fri Nov 11 23:11:43.099 2016] 335, 579, 993, 1899
[Fri Nov 11 23:11:43.206 2016] 323, 557, 958, 1828
[Fri Nov 11 23:11:43.307 2016] 314, 538, 924, 1765
[Fri Nov 11 23:11:43.411 2016] 307, 521, 896, 1712
[Fri Nov 11 23:11:43.514 2016] 308, 524, 900, 1720
[Fri Nov 11 23:11:43.618 2016] 309, 527, 906, 1732
[Fri Nov 11 23:11:43.721 2016] 308, 525, 901, 1723
[Fri Nov 11 23:11:43.825 2016] 307, 521, 895, 1712
[Fri Nov 11 23:11:43.928 2016] 308, 524, 900, 1722
[Fri Nov 11 23:11:44.029 2016] 313, 533, 916, 1751
[Fri Nov 11 23:11:44.134 2016] 340, 593, 1021, 1946
[Fri Nov 11 23:11:44.239 2016] 351, 621, 1070, 2037
[Fri Nov 11 23:11:44.342 2016] 351, 620, 1069, 2035
[Fri Nov 11 23:11:44.444 2016] 351, 620, 1069, 2036
[Fri Nov 11 23:11:44.548 2016] 351, 621, 1070, 2037
[Fri Nov 11 23:11:44.651 2016] 351, 621, 1070, 2037
[Fri Nov 11 23:11:44.754 2016] 351, 621, 1070, 2037
[Fri Nov 11 23:11:44.857 2016] 351, 621, 1070, 2037
[Fri Nov 11 23:11:44.959 2016] 351, 620, 1070, 2037
[Fri Nov 11 23:11:45.064 2016] 350, 620, 1070, 2035
[Fri Nov 11 23:11:45.168 2016] 351, 620, 1070, 2037
[Fri Nov 11 23:11:45.270 2016] 351, 621, 1070, 2038
[Fri Nov 11 23:11:45.374 2016] 351, 621, 1070, 2038
[Fri Nov 11 23:11:45.475 2016] 351, 621, 1070, 2038
[Fri Nov 11 23:11:45.580 2016] 351, 621, 1070, 2038
[Fri Nov 11 23:11:45.684 2016] 351, 621, 1070, 2038
[Fri Nov 11 23:11:45.786 2016] 351, 621, 1070, 2038
[Fri Nov 11 23:11:45.889 2016] 351, 621, 1071, 2038
[Fri Nov 11 23:11:45.992 2016] 351, 621, 1071, 2038
[Fri Nov 11 23:11:46.095 2016] 351, 621, 1071, 2038
[Fri Nov 11 23:11:46.201 2016] 351, 621, 1071, 2039
[Fri Nov 11 23:11:46.303 2016] 351, 621, 1071, 2039
[Fri Nov 11 23:11:46.407 2016] 351, 621, 1071, 2039
[Fri Nov 11 23:11:46.509 2016] 351, 621, 1071, 2038
[Fri Nov 11 23:11:46.614 2016] 351, 621, 1071, 2038
[Fri Nov 11 23:11:46.717 2016] 351, 621, 1071, 2039
[Fri Nov 11 23:11:46.820 2016] 351, 621, 1071, 2039
[Fri Nov 11 23:11:46.924 2016] 351, 621, 1071, 2039
[Fri Nov 11 23:11:47.027 2016] 351, 621, 1071, 2038
[Fri Nov 11 23:11:47.130 2016] 351, 621, 1071, 2039
[Fri Nov 11 23:11:47.233 2016] 351, 621, 1071, 2039
[Fri Nov 11 23:11:47.337 2016] 351, 621, 1071, 2039
[Fri Nov 11 23:11:47.439 2016] 351, 621, 1071, 2039
[Fri Nov 11 23:11:47.543 2016] 351, 621, 1071, 2039
[Fri Nov 11 23:11:47.650 2016] 351, 621, 1071, 2039
[Fri Nov 11 23:11:47.750 2016] 351, 621, 1071, 2039
[Fri Nov 11 23:11:47.854 2016] 351, 621, 1071, 2039
[Fri Nov 11 23:11:47.955 2016] 351, 621, 1071, 2039
[Fri Nov 11 23:11:48.060 2016] 351, 621, 1071, 2039
[Fri Nov 11 23:11:48.164 2016] 351, 621, 1071, 2039
[Fri Nov 11 23:11:48.266 2016] 351, 621, 1071, 2039
[Fri Nov 11 23:11:48.371 2016] 351, 621, 1071, 2039
[Fri Nov 11 23:11:48.473 2016] 351, 621, 1071, 2039
[Fri Nov 11 23:11:48.577 2016] 351, 621, 1071, 2039
[Fri Nov 11 23:11:48.680 2016] 351, 621, 1071, 2039
[Fri Nov 11 23:11:48.782 2016] 351, 621, 1071, 2039
[Fri Nov 11 23:11:48.886 2016] 351, 621, 1071, 2039
[Fri Nov 11 23:11:48.990 2016] 351, 621, 1071, 2039
[Fri Nov 11 23:11:49.092 2016] 351, 621, 1071, 2039
[Fri Nov 11 23:11:49.195 2016] 351, 621, 1071, 2039
[Fri Nov 11 23:11:49.300 2016] 351, 621, 1071, 2039
[Fri Nov 11 23:11:49.404 2016] 351, 621, 1071, 2039
[Fri Nov 11 23:11:49.507 2016] 351, 621, 1071, 2039
[Fri Nov 11 23:11:49.610 2016] 351, 621, 1071, 2039
[Fri Nov 11 23:11:49.714 2016] 351, 621, 1071, 2040
[Fri Nov 11 23:11:49.817 2016] 351, 621, 1071, 2039
[Fri Nov 11 23:11:49.920 2016] 351, 621, 1071, 2039
[Fri Nov 11 23:11:50.022 2016] 351, 621, 1072, 2039
[Fri Nov 11 23:11:50.127 2016] 351, 622, 1072, 2041
[Fri Nov 11 23:11:50.230 2016] 352, 622, 1072, 2041
[Fri Nov 11 23:11:50.334 2016] 352, 622, 1072, 2041
[Fri Nov 11 23:11:50.437 2016] 352, 622, 1072, 2041
[Fri Nov 11 23:11:50.541 2016] 353, 624, 1075, 2047
[Fri Nov 11 23:11:50.645 2016] 352, 623, 1075, 2046
[Fri Nov 11 23:11:50.747 2016] 373, 663, 1142, 2169
[Fri Nov 11 23:11:50.850 2016] 363, 647, 1117, 2121
[Fri Nov 11 23:11:50.954 2016] 361, 646, 1118, 2118
[Fri Nov 11 23:11:51.057 2016] 366, 656, 1134, 2151
[Fri Nov 11 23:11:51.160 2016] 370, 664, 1149, 2179
[Fri Nov 11 23:11:51.265 2016] 366, 657, 1135, 2152
[Fri Nov 11 23:11:51.367 2016] 368, 653, 1122, 2152
[Fri Nov 11 23:11:51.470 2016] 368, 653, 1122, 2138
[Fri Nov 11 23:11:51.573 2016] 362, 646, 1115, 2119
[Fri Nov 11 23:11:51.677 2016] 362, 650, 1126, 2132
[Fri Nov 11 23:11:51.779 2016] 364, 655, 1134, 2147
[Fri Nov 11 23:11:51.881 2016] 364, 656, 1137, 2150
[Fri Nov 11 23:11:51.985 2016] 362, 651, 1128, 2133
[Fri Nov 11 23:11:52.088 2016] 360, 645, 1118, 2115
[Fri Nov 11 23:11:52.191 2016] 360, 644, 1117, 2113
[Fri Nov 11 23:11:52.297 2016] 356, 636, 1102, 2085
[Fri Nov 11 23:11:52.400 2016] 358, 641, 1111, 2102
[Fri Nov 11 23:11:52.504 2016] 364, 656, 1138, 2151
[Fri Nov 11 23:11:52.607 2016] 366, 661, 1148, 2170
[Fri Nov 11 23:11:52.710 2016] 367, 664, 1153, 2179
[Fri Nov 11 23:11:52.813 2016] 365, 657, 1141, 2158
[Fri Nov 11 23:11:52.917 2016] 368, 659, 1144, 2164
[Fri Nov 11 23:11:53.020 2016] 370, 661, 1147, 2171
[Fri Nov 11 23:11:53.124 2016] 370, 661, 1146, 2169
[Fri Nov 11 23:11:53.227 2016] 370, 660, 1145, 2167
[Fri Nov 11 23:11:53.329 2016] 370, 662, 1148, 2172
[Fri Nov 11 23:11:53.432 2016] 370, 662, 1147, 2173
[Fri Nov 11 23:11:53.538 2016] 371, 664, 1150, 2178
[Fri Nov 11 23:11:53.640 2016] 373, 668, 1158, 2193
[Fri Nov 11 23:11:53.744 2016] 374, 671, 1163, 2203
[Fri Nov 11 23:11:53.847 2016] 375, 673, 1166, 2209
[Fri Nov 11 23:11:53.948 2016] 376, 675, 1170, 2216
[Fri Nov 11 23:11:54.054 2016] 374, 673, 1167, 2210
[Fri Nov 11 23:11:54.157 2016] 374, 674, 1169, 2213
[Fri Nov 11 23:11:54.260 2016] 374, 673, 1168, 2211
[Fri Nov 11 23:11:54.364 2016] 375, 674, 1168, 2212
[Fri Nov 11 23:11:54.467 2016] 375, 674, 1169, 2214
[Fri Nov 11 23:11:54.571 2016] 375, 674, 1168, 2212
[Fri Nov 11 23:11:54.675 2016] 374, 673, 1167, 2209
[Fri Nov 11 23:11:54.776 2016] 373, 671, 1164, 2204
[Fri Nov 11 23:11:54.880 2016] 373, 670, 1163, 2201
[Fri Nov 11 23:11:54.981 2016] 374, 672, 1165, 2207
[Fri Nov 11 23:11:55.085 2016] 375, 676, 1173, 2220
[Fri Nov 11 23:11:55.191 2016] 379, 686, 1190, 2253
[Fri Nov 11 23:11:55.293 2016] 379, 687, 1192, 2256
[Fri Nov 11 23:11:55.398 2016] 378, 683, 1186, 2245
[Fri Nov 11 23:11:55.502 2016] 376, 679, 1179, 2232
[Fri Nov 11 23:11:55.605 2016] 377, 681, 1182, 2236
[Fri Nov 11 23:11:55.708 2016] 378, 684, 1188, 2248
[Fri Nov 11 23:11:55.811 2016] 377, 681, 1182, 2238
[Fri Nov 11 23:11:55.914 2016] 376, 678, 1177, 2229
[Fri Nov 11 23:11:56.016 2016] 377, 680, 1180, 2234
[Fri Nov 11 23:11:56.122 2016] 379, 685, 1188, 2249
[Fri Nov 11 23:11:56.225 2016] 379, 685, 1190, 2251
[Fri Nov 11 23:11:56.329 2016] 380, 688, 1194, 2259
[Fri Nov 11 23:11:56.432 2016] 380, 688, 1212, 2259
[Fri Nov 11 23:11:56.534 2016] 385, 698, 1212, 2292
[Fri Nov 11 23:11:56.638 2016] 384, 696, 1209, 2286
[Fri Nov 11 23:11:56.741 2016] 385, 697, 1210, 2289
[Fri Nov 11 23:11:56.845 2016] 387, 701, 1217, 2301
[Fri Nov 11 23:11:56.948 2016] 387, 702, 1219, 2304
[Fri Nov 11 23:11:57.052 2016] 388, 707, 1229, 2323
[Fri Nov 11 23:11:57.155 2016] 389, 710, 1234, 2330
[Fri Nov 11 23:11:57.258 2016] 387, 706, 1226, 2316
[Fri Nov 11 23:11:57.362 2016] 389, 710, 1233, 2330
[Fri Nov 11 23:11:57.465 2016] 390, 712, 1238, 2338
[Fri Nov 11 23:11:57.568 2016] 387, 707, 1228, 2320
[Fri Nov 11 23:11:57.672 2016] 385, 702, 1221, 2307
[Fri Nov 11 23:11:57.775 2016] 385, 702, 1219, 2304
[Fri Nov 11 23:11:57.876 2016] 383, 698, 1214, 2293
[Fri Nov 11 23:11:57.979 2016] 381, 694, 1205, 2278
[Fri Nov 11 23:11:58.083 2016] 383, 695, 1207, 2282
[Fri Nov 11 23:11:58.188 2016] 394, 719, 1249, 2359
[Fri Nov 11 23:11:58.292 2016] 403, 738, 1283, 2418
[Fri Nov 11 23:11:58.395 2016] 407, 742, 1285, 2426
[Fri Nov 11 23:11:58.499 2016] 385, 682, 1162, 2220
[Fri Nov 11 23:11:58.603 2016] 366, 643, 1094, 2093
[Fri Nov 11 23:11:58.705 2016] 362, 634, 1089, 2073
[Fri Nov 11 23:11:58.808 2016] 372, 655, 1131, 2144
[Fri Nov 11 23:11:58.911 2016] 377, 673, 1155, 2179
[Fri Nov 11 23:11:59.014 2016] 442, 679, 950, 2053
[Fri Nov 11 23:11:59.118 2016] 118, 144, 143, 392
[Fri Nov 11 23:11:59.220 2016] 68, 38, 32, 116
[Fri Nov 11 23:11:59.324 2016] 67, 37, 29, 111
[Fri Nov 11 23:11:59.429 2016] 64, 33, 26, 103
[Fri Nov 11 23:11:59.531 2016] 67, 35, 27, 107
[Fri Nov 11 23:11:59.636 2016] 66, 34, 26, 105
[Fri Nov 11 23:11:59.738 2016] 66, 35, 27, 106
[Fri Nov 11 23:11:59.841 2016] 66, 35, 27, 106
[Fri Nov 11 23:11:59.942 2016] 66, 35, 27, 106
[Fri Nov 11 23:12:00.049 2016] 66, 35, 27, 106
[Fri Nov 11 23:12:00.151 2016] 66, 35, 27, 106
[Fri Nov 11 23:12:00.254 2016] 66, 35, 27, 106
[Fri Nov 11 23:12:00.356 2016] 66, 35, 27, 106
[Fri Nov 11 23:12:00.460 2016] 66, 35, 27, 106
[Fri Nov 11 23:12:00.563 2016] 66, 35, 27, 106
[Fri Nov 11 23:12:00.667 2016] 66, 35, 27, 106
[Fri Nov 11 23:12:00.771 2016] 66, 35, 27, 106
[Fri Nov 11 23:12:00.872 2016] 66, 35, 27, 106
[Fri Nov 11 23:12:00.976 2016] 66, 35, 27, 106
[Fri Nov 11 23:12:01.079 2016] 66, 35, 27, 106
[Fri Nov 11 23:12:01.182 2016] 66, 35, 27, 106
[Fri Nov 11 23:12:01.287 2016] 66, 35, 27, 106
[Fri Nov 11 23:12:01.391 2016] 66, 35, 27, 106
[Fri Nov 11 23:12:01.495 2016] 66, 35, 27, 106
[Fri Nov 11 23:12:01.601 2016] 66, 35, 27, 107
[Fri Nov 11 23:12:01.702 2016] 67, 35, 27, 107
[Fri Nov 11 23:12:01.805 2016] 66, 35, 27, 107
[Fri Nov 11 23:12:01.908 2016] 89, 54, 36, 163
[Fri Nov 11 23:12:02.009 2016] 906, 884, 577, 2371
[Fri Nov 11 23:12:02.113 2016] 2894, 3046, 1990, 7865
[Fri Nov 11 23:12:02.217 2016] 5091, 4740, 2202, 12284
[Fri Nov 11 23:12:02.322 2016] 4538, 4122, 1917, 10814
[Fri Nov 11 23:12:02.425 2016] 4893, 4507, 2084, 11761
[Fri Nov 11 23:12:02.527 2016] 4653, 4263, 1978, 11153
[Fri Nov 11 23:12:02.632 2016] 5821, 6057, 3755, 16055
[Fri Nov 11 23:12:02.734 2016] 3688, 3509, 1808, 9011
[Fri Nov 11 23:12:02.839 2016] 3658, 3489, 2066, 9179
[Fri Nov 11 23:12:02.941 2016] 3420, 3073, 1530, 8203
[Fri Nov 11 23:12:03.048 2016] 3302, 2954, 1423, 7772
[Fri Nov 11 23:12:03.150 2016] 3344, 2975, 1424, 7842
[Fri Nov 11 23:12:03.253 2016] 3320, 2923, 1390, 7750
[Fri Nov 11 23:12:03.354 2016] 3209, 2818, 1344, 7477
[Fri Nov 11 23:12:03.458 2016] 3265, 2871, 1368, 7614
[Fri Nov 11 23:12:03.561 2016] 3248, 2854, 1360, 7571
[Fri Nov 11 23:12:03.665 2016] 3212, 2818, 1343, 7478
[Fri Nov 11 23:12:03.769 2016] 3105, 2708, 1293, 7202
[Fri Nov 11 23:12:03.872 2016] 3095, 2696, 1288, 7175
[Fri Nov 11 23:12:03.974 2016] 3161, 2758, 1316, 7336
[Fri Nov 11 23:12:04.077 2016] 3273, 2865, 1364, 7613
[Fri Nov 11 23:12:04.180 2016] 3243, 2834, 1352, 7539
[Fri Nov 11 23:12:04.283 2016] 3286, 2877, 1371, 7645
[Fri Nov 11 23:12:04.387 2016] 4074, 3666, 1720, 9642
[Fri Nov 11 23:12:04.490 2016] 4122, 3715, 1742, 9765
[Fri Nov 11 23:12:04.594 2016] 4122, 3715, 1742, 9766
[Fri Nov 11 23:12:04.697 2016] 4123, 3716, 1742, 9768
[Fri Nov 11 23:12:04.802 2016] 4123, 3717, 1742, 9768
[Fri Nov 11 23:12:04.905 2016] 4123, 3717, 1743, 9769
[Fri Nov 11 23:12:05.008 2016] 4122, 3716, 1742, 9767
[Fri Nov 11 23:12:05.110 2016] 4123, 3716, 1742, 9768
[Fri Nov 11 23:12:05.213 2016] 4123, 3716, 1742, 9769
[Fri Nov 11 23:12:05.318 2016] 4122, 3716, 1742, 9768
[Fri Nov 11 23:12:05.421 2016] 4122, 3716, 1742, 9767
[Fri Nov 11 23:12:05.525 2016] 4122, 3715, 1742, 9766
[Fri Nov 11 23:12:05.628 2016] 4122, 3715, 1742, 9767
[Fri Nov 11 23:12:05.731 2016] 4122, 3716, 1742, 9768
[Fri Nov 11 23:12:05.835 2016] 4122, 3716, 1742, 9767
[Fri Nov 11 23:12:05.936 2016] 4122, 3716, 1742, 9767
[Fri Nov 11 23:12:06.041 2016] 4122, 3716, 1742, 9767
[Fri Nov 11 23:12:06.144 2016] 4122, 3716, 1742, 9767
[Fri Nov 11 23:12:06.248 2016] 4122, 3716, 1742, 9767
[Fri Nov 11 23:12:06.352 2016] 4122, 3716, 1742, 9768
[Fri Nov 11 23:12:06.455 2016] 4122, 3716, 1742, 9768
[Fri Nov 11 23:12:06.558 2016] 4122, 3716, 1742, 9768
[Fri Nov 11 23:12:06.661 2016] 4123, 3716, 1742, 9769
[Fri Nov 11 23:12:06.764 2016] 4123, 3717, 1742, 9769
[Fri Nov 11 23:12:06.867 2016] 4123, 3717, 1742, 9770
[Fri Nov 11 23:12:06.970 2016] 4123, 3717, 1742, 9769
[Fri Nov 11 23:12:07.073 2016] 4123, 3717, 1742, 9769
[Fri Nov 11 23:12:07.177 2016] 4123, 3716, 1742, 9769
[Fri Nov 11 23:12:07.280 2016] 4123, 3717, 1742, 9769
[Fri Nov 11 23:12:07.387 2016] 4123, 3717, 1742, 9770
[Fri Nov 11 23:12:07.490 2016] 4123, 3717, 1742, 9770
[Fri Nov 11 23:12:07.592 2016] 4122, 3716, 1742, 9769
[Fri Nov 11 23:12:07.696 2016] 4123, 3717, 1742, 9770
[Fri Nov 11 23:12:07.799 2016] 4123, 3717, 1742, 9770
[Fri Nov 11 23:12:07.903 2016] 4123, 3717, 1742, 9769
[Fri Nov 11 23:12:08.003 2016] 4123, 3717, 1742, 9770
[Fri Nov 11 23:12:08.110 2016] 4123, 3717, 1742, 9769
[Fri Nov 11 23:12:08.213 2016] 4123, 3717, 1742, 9770
[Fri Nov 11 23:12:08.315 2016] 4123, 3717, 1742, 9771
[Fri Nov 11 23:12:08.418 2016] 4123, 3717, 1742, 9770
[Fri Nov 11 23:12:08.523 2016] 4123, 3717, 1742, 9770
[Fri Nov 11 23:12:08.624 2016] 4123, 3717, 1742, 9770
[Fri Nov 11 23:12:08.728 2016] 4123, 3717, 1742, 9770
[Fri Nov 11 23:12:08.834 2016] 4123, 3717, 1742, 9770
[Fri Nov 11 23:12:08.936 2016] 4123, 3717, 1742, 9769
[Fri Nov 11 23:12:09.038 2016] 4123, 3717, 1742, 9769
[Fri Nov 11 23:12:09.142 2016] 4123, 3717, 1742, 9769
[Fri Nov 11 23:12:09.245 2016] 4122, 3716, 1742, 9768
[Fri Nov 11 23:12:09.348 2016] 4123, 3717, 1742, 9768
[Fri Nov 11 23:12:09.452 2016] 4123, 3717, 1742, 9770
[Fri Nov 11 23:12:09.555 2016] 4123, 3717, 1742, 9769
[Fri Nov 11 23:12:09.657 2016] 4123, 3717, 1742, 9769
[Fri Nov 11 23:12:09.760 2016] 4124, 3718, 1743, 9771
[Fri Nov 11 23:12:09.863 2016] 4124, 3718, 1743, 9772
[Fri Nov 11 23:12:09.967 2016] 4124, 3718, 1743, 9772
[Fri Nov 11 23:12:10.070 2016] 4123, 3717, 1743, 9770
[Fri Nov 11 23:12:10.173 2016] 4123, 3717, 1743, 9770
[Fri Nov 11 23:12:10.279 2016] 4123, 3717, 1742, 9770
[Fri Nov 11 23:12:10.383 2016] 4124, 3718, 1743, 9771
[Fri Nov 11 23:12:10.486 2016] 4125, 3719, 1743, 9774
[Fri Nov 11 23:12:10.588 2016] 4125, 3719, 1744, 9774
[Fri Nov 11 23:12:10.692 2016] 4125, 3719, 1744, 9774
[Fri Nov 11 23:12:10.795 2016] 4125, 3719, 1744, 9774
[Fri Nov 11 23:12:10.898 2016] 4125, 3719, 1744, 9775
[Fri Nov 11 23:12:11.000 2016] 4125, 3719, 1744, 9775
[Fri Nov 11 23:12:11.105 2016] 4125, 3719, 1744, 9774
[Fri Nov 11 23:12:11.208 2016] 4044, 3633, 1709, 9570
[Fri Nov 11 23:12:11.312 2016] 3937, 3519, 1667, 9299
[Fri Nov 11 23:12:11.416 2016] 3810, 3378, 1612, 8954
[Fri Nov 11 23:12:11.518 2016] 3810, 3378, 1519, 8954
[Fri Nov 11 23:12:11.621 2016] 3584, 3158, 1519, 8349
[Fri Nov 11 23:12:11.725 2016] 2392, 2145, 1234, 5817
[Fri Nov 11 23:12:11.828 2016] 734, 648, 381, 1730
[Fri Nov 11 23:12:11.934 2016] 255, 212, 137, 586
[Fri Nov 11 23:12:12.033 2016] 74, 40, 30, 122
[Fri Nov 11 23:12:12.137 2016] 67, 35, 27, 107
[Fri Nov 11 23:12:12.240 2016] 65, 34, 26, 104
[Fri Nov 11 23:12:12.345 2016] 66, 35, 27, 106
[Fri Nov 11 23:12:12.447 2016] 66, 35, 27, 106
[Fri Nov 11 23:12:12.550 2016] 66, 35, 27, 106
[Fri Nov 11 23:12:12.656 2016] 66, 35, 27, 106
[Fri Nov 11 23:12:12.760 2016] 66, 35, 27, 106
[Fri Nov 11 23:12:12.861 2016] 66, 35, 27, 106
[Fri Nov 11 23:12:12.966 2016] 66, 35, 27, 106
[Fri Nov 11 23:12:13.067 2016] 66, 35, 27, 106
[Fri Nov 11 23:12:13.170 2016] 66, 35, 27, 106
[Fri Nov 11 23:12:13.274 2016] 66, 35, 27, 106
[Fri Nov 11 23:12:13.378 2016] 66, 35, 27, 106
[Fri Nov 11 23:12:13.482 2016] 66, 35, 27, 106
[Fri Nov 11 23:12:13.585 2016] 66, 35, 27, 106
[Fri Nov 11 23:12:13.690 2016] 66, 35, 27, 106
[Fri Nov 11 23:12:13.794 2016] 66, 35, 27, 106
[Fri Nov 11 23:12:13.897 2016] 66, 35, 27, 106
[Fri Nov 11 23:12:13.997 2016] 66, 35, 27, 106
[Fri Nov 11 23:12:14.101 2016] 66, 35, 27, 106
[Fri Nov 11 23:12:14.204 2016] 66, 35, 27, 106
[Fri Nov 11 23:12:14.308 2016] 66, 35, 27, 106
[Fri Nov 11 23:12:14.411 2016] 66, 35, 27, 106
[Fri Nov 11 23:12:14.514 2016] 66, 35, 27, 106
[Fri Nov 11 23:12:14.620 2016] 66, 35, 27, 106
[Fri Nov 11 23:12:14.722 2016] 66, 35, 27, 106
[Fri Nov 11 23:12:14.826 2016] 66, 35, 27, 107
[Fri Nov 11 23:12:14.930 2016] 66, 35, 27, 107
[Fri Nov 11 23:12:15.031 2016] 66, 35, 27, 107
[Fri Nov 11 23:12:15.134 2016] 67, 37, 29, 112
[Fri Nov 11 23:12:15.237 2016] 86, 73, 57, 200
[Fri Nov 11 23:12:15.342 2016] 317, 553, 371, 1233
[Fri Nov 11 23:12:15.444 2016] 395, 1008, 569, 1971
[Fri Nov 11 23:12:15.547 2016] 447, 1151, 651, 2245
[Fri Nov 11 23:12:15.651 2016] 558, 1037, 688, 2284
[Fri Nov 11 23:12:15.754 2016] 922, 1288, 1012, 3206
[Fri Nov 11 23:12:15.858 2016] 974, 1334, 1059, 3351
[Fri Nov 11 23:12:15.965 2016] 483, 1074, 655, 2225
[Fri Nov 11 23:12:16.064 2016] 352, 876, 498, 1737
[Fri Nov 11 23:12:16.168 2016] 382, 962, 546, 1901
[Fri Nov 11 23:12:16.271 2016] 358, 892, 508, 1771
[Fri Nov 11 23:12:16.376 2016] 328, 801, 458, 1597
[Fri Nov 11 23:12:16.483 2016] 319, 775, 444, 1547
[Fri Nov 11 23:12:16.581 2016] 319, 775, 444, 1547
[Fri Nov 11 23:12:16.686 2016] 310, 749, 429, 1495
[Fri Nov 11 23:12:16.789 2016] 304, 734, 420, 1465
[Fri Nov 11 23:12:16.893 2016] 305, 737, 421, 1470
[Fri Nov 11 23:12:16.996 2016] 307, 743, 425, 1482
[Fri Nov 11 23:12:17.099 2016] 325, 793, 453, 1580
[Fri Nov 11 23:12:17.202 2016] 428, 1107, 628, 2189
[Fri Nov 11 23:12:17.306 2016] 444, 1156, 655, 2282
[Fri Nov 11 23:12:17.413 2016] 444, 1156, 656, 2283
[Fri Nov 11 23:12:17.514 2016] 444, 1156, 656, 2284
[Fri Nov 11 23:12:17.617 2016] 444, 1157, 656, 2285
[Fri Nov 11 23:12:17.723 2016] 444, 1157, 656, 2285
[Fri Nov 11 23:12:17.823 2016] 444, 1157, 656, 2285
[Fri Nov 11 23:12:17.929 2016] 444, 1157, 656, 2285
[Fri Nov 11 23:12:18.027 2016] 443, 1156, 655, 2283
[Fri Nov 11 23:12:18.132 2016] 444, 1156, 655, 2284
[Fri Nov 11 23:12:18.236 2016] 444, 1156, 655, 2284
[Fri Nov 11 23:12:18.338 2016] 444, 1157, 655, 2284
[Fri Nov 11 23:12:18.442 2016] 445, 1159, 657, 2289
[Fri Nov 11 23:12:18.546 2016] 445, 1159, 657, 2289
[Fri Nov 11 23:12:18.649 2016] 445, 1159, 657, 2290
[Fri Nov 11 23:12:18.753 2016] 445, 1159, 657, 2290
[Fri Nov 11 23:12:18.854 2016] 445, 1159, 657, 2290
[Fri Nov 11 23:12:18.958 2016] 445, 1159, 657, 2290
[Fri Nov 11 23:12:19.060 2016] 445, 1159, 657, 2290
[Fri Nov 11 23:12:19.164 2016] 445, 1159, 657, 2290
[Fri Nov 11 23:12:19.267 2016] 445, 1159, 657, 2290
[Fri Nov 11 23:12:19.371 2016] 445, 1160, 657, 2290
[Fri Nov 11 23:12:19.475 2016] 445, 1160, 657, 2291
[Fri Nov 11 23:12:19.578 2016] 445, 1160, 657, 2292
[Fri Nov 11 23:12:19.682 2016] 445, 1160, 657, 2291
[Fri Nov 11 23:12:19.786 2016] 445, 1160, 657, 2292
[Fri Nov 11 23:12:19.889 2016] 445, 1160, 657, 2292
[Fri Nov 11 23:12:19.990 2016] 445, 1160, 657, 2291
[Fri Nov 11 23:12:20.096 2016] 445, 1160, 657, 2291
[Fri Nov 11 23:12:20.199 2016] 445, 1160, 657, 2291
[Fri Nov 11 23:12:20.302 2016] 445, 1160, 657, 2291
[Fri Nov 11 23:12:20.406 2016] 445, 1160, 657, 2291
[Fri Nov 11 23:12:20.510 2016] 445, 1160, 657, 2291
[Fri Nov 11 23:12:20.611 2016] 445, 1160, 657, 2291
[Fri Nov 11 23:12:20.716 2016] 445, 1160, 657, 2292
[Fri Nov 11 23:12:20.819 2016] 445, 1160, 657, 2292
[Fri Nov 11 23:12:20.923 2016] 445, 1160, 657, 2292
[Fri Nov 11 23:12:21.026 2016] 445, 1160, 657, 2292
[Fri Nov 11 23:12:21.130 2016] 445, 1160, 657, 2292
[Fri Nov 11 23:12:21.233 2016] 445, 1160, 657, 2292
[Fri Nov 11 23:12:21.336 2016] 445, 1160, 657, 2291
[Fri Nov 11 23:12:21.440 2016] 445, 1160, 657, 2291
[Fri Nov 11 23:12:21.543 2016] 445, 1160, 657, 2291
[Fri Nov 11 23:12:21.646 2016] 445, 1160, 657, 2291
[Fri Nov 11 23:12:21.749 2016] 445, 1160, 657, 2291
[Fri Nov 11 23:12:21.851 2016] 445, 1160, 657, 2291
[Fri Nov 11 23:12:21.954 2016] 445, 1160, 657, 2292
[Fri Nov 11 23:12:22.057 2016] 445, 1160, 657, 2291
[Fri Nov 11 23:12:22.161 2016] 445, 1160, 657, 2292
[Fri Nov 11 23:12:22.266 2016] 445, 1161, 658, 2293
[Fri Nov 11 23:12:22.370 2016] 446, 1161, 658, 2293
[Fri Nov 11 23:12:22.472 2016] 446, 1161, 658, 2293
[Fri Nov 11 23:12:22.576 2016] 446, 1161, 658, 2293
[Fri Nov 11 23:12:22.680 2016] 445, 1161, 658, 2292
[Fri Nov 11 23:12:22.783 2016] 445, 1160, 657, 2292
[Fri Nov 11 23:12:22.886 2016] 445, 1160, 657, 2291
[Fri Nov 11 23:12:22.991 2016] 445, 1160, 657, 2290
[Fri Nov 11 23:12:23.094 2016] 445, 1160, 657, 2290
[Fri Nov 11 23:12:23.197 2016] 445, 1159, 657, 2290
[Fri Nov 11 23:12:23.300 2016] 445, 1160, 657, 2290
[Fri Nov 11 23:12:23.402 2016] 445, 1160, 657, 2291
[Fri Nov 11 23:12:23.505 2016] 445, 1160, 657, 2291
[Fri Nov 11 23:12:23.610 2016] 445, 1161, 657, 2292
[Fri Nov 11 23:12:23.713 2016] 445, 1161, 658, 2292
[Fri Nov 11 23:12:23.816 2016] 445, 1160, 657, 2292
[Fri Nov 11 23:12:23.921 2016] 445, 1160, 657, 2291
[Fri Nov 11 23:12:24.021 2016] 445, 1161, 658, 2292
[Fri Nov 11 23:12:24.126 2016] 446, 1161, 658, 2293
[Fri Nov 11 23:12:24.228 2016] 446, 1162, 658, 2294
[Fri Nov 11 23:12:24.332 2016] 446, 1162, 658, 2294
[Fri Nov 11 23:12:24.434 2016] 446, 1162, 659, 2294
[Fri Nov 11 23:12:24.537 2016] 446, 1162, 659, 2295
[Fri Nov 11 23:12:24.645 2016] 452, 1171, 665, 2315
[Fri Nov 11 23:12:24.744 2016] 463, 1166, 670, 2320
[Fri Nov 11 23:12:24.847 2016] 431, 1096, 623, 2165
[Fri Nov 11 23:12:24.950 2016] 407, 1034, 586, 2039
[Fri Nov 11 23:12:25.054 2016] 396, 996, 565, 1966
[Fri Nov 11 23:12:25.157 2016] 459, 1169, 668, 2307
[Fri Nov 11 23:12:25.261 2016] 403, 678, 466, 1545
[Fri Nov 11 23:12:25.364 2016] 84, 64, 48, 175
[Fri Nov 11 23:12:25.471 2016] 67, 37, 28, 110
[Fri Nov 11 23:12:25.573 2016] 67, 35, 27, 107
[Fri Nov 11 23:12:25.676 2016] 65, 34, 26, 104
[Fri Nov 11 23:12:25.780 2016] 66, 35, 27, 106
[Fri Nov 11 23:12:25.882 2016] 66, 35, 27, 106
[Fri Nov 11 23:12:25.984 2016] 66, 35, 27, 106
[Fri Nov 11 23:12:26.089 2016] 66, 35, 27, 106
[Fri Nov 11 23:12:26.195 2016] 66, 35, 27, 106
[Fri Nov 11 23:12:26.296 2016] 66, 35, 27, 106
[Fri Nov 11 23:12:26.399 2016] 66, 35, 27, 106
[Fri Nov 11 23:12:26.502 2016] 66, 35, 27, 106
[Fri Nov 11 23:12:26.606 2016] 66, 35, 27, 106
[Fri Nov 11 23:12:26.709 2016] 66, 35, 27, 106
[Fri Nov 11 23:12:26.812 2016] 66, 35, 27, 106
[Fri Nov 11 23:12:26.916 2016] 66, 35, 27, 106
[Fri Nov 11 23:12:27.019 2016] 66, 35, 27, 106
[Fri Nov 11 23:12:27.122 2016] 66, 35, 27, 106
[Fri Nov 11 23:12:27.228 2016] 66, 35, 27, 106
[Fri Nov 11 23:12:27.331 2016] 66, 35, 27, 106
[Fri Nov 11 23:12:27.434 2016] 66, 35, 27, 107
[Fri Nov 11 23:12:27.538 2016] 66, 35, 27, 106
[Fri Nov 11 23:12:27.640 2016] 64, 33, 27, 105
[Fri Nov 11 23:12:27.742 2016] 113, 68, 70, 231
[Fri Nov 11 23:12:27.845 2016] 1015, 636, 891, 2477
[Fri Nov 11 23:12:27.948 2016] 2101, 1358, 1968, 5358
[Fri Nov 11 23:12:28.053 2016] 1696, 1052, 1526, 4206
[Fri Nov 11 23:12:28.156 2016] 2629, 1763, 2560, 6880
[Fri Nov 11 23:12:28.261 2016] 1964, 1265, 1776, 4882
[Fri Nov 11 23:12:28.362 2016] 2209, 1410, 2020, 5516
[Fri Nov 11 23:12:28.465 2016] 2569, 1673, 2420, 6555
[Fri Nov 11 23:12:28.570 2016] 2518, 1638, 2372, 6432
[Fri Nov 11 23:12:28.674 2016] 2563, 1670, 2416, 6545
[Fri Nov 11 23:12:28.777 2016] 2452, 1595, 2313, 6277
[Fri Nov 11 23:12:28.882 2016] 2165, 1396, 2031, 5529
[Fri Nov 11 23:12:28.986 2016] 2133, 1375, 2000, 5447
[Fri Nov 11 23:12:29.086 2016] 2097, 1349, 1962, 5347
[Fri Nov 11 23:12:29.189 2016] 1984, 1269, 1844, 5036
[Fri Nov 11 23:12:29.293 2016] 1746, 1108, 1616, 4421
[Fri Nov 11 23:12:29.395 2016] 1658, 1050, 1532, 4194
[Fri Nov 11 23:12:29.500 2016] 1643, 1040, 1518, 4157
[Fri Nov 11 23:12:29.603 2016] 1635, 1035, 1511, 4137
[Fri Nov 11 23:12:29.704 2016] 1672, 1060, 1548, 4236
[Fri Nov 11 23:12:29.810 2016] 1806, 1151, 1680, 4589
[Fri Nov 11 23:12:29.912 2016] 1853, 1182, 1726, 4713
[Fri Nov 11 23:12:30.015 2016] 1889, 1205, 1759, 4802
[Fri Nov 11 23:12:30.120 2016] 1996, 1274, 1857, 5067
[Fri Nov 11 23:12:30.224 2016] 1939, 1237, 1805, 4927
[Fri Nov 11 23:12:30.325 2016] 1980, 1263, 1842, 5027
[Fri Nov 11 23:12:30.431 2016] 1942, 1239, 1807, 4932
[Fri Nov 11 23:12:30.534 2016] 1974, 1259, 1836, 5012
[Fri Nov 11 23:12:30.637 2016] 1982, 1265, 1844, 5034
[Fri Nov 11 23:12:30.740 2016] 1985, 1267, 1847, 5041
[Fri Nov 11 23:12:30.842 2016] 1983, 1264, 1845, 5036
[Fri Nov 11 23:12:30.945 2016] 1980, 1263, 1843, 5030
[Fri Nov 11 23:12:31.049 2016] 1984, 1266, 1846, 5039
[Fri Nov 11 23:12:31.152 2016] 1984, 1265, 1845, 5038
[Fri Nov 11 23:12:31.255 2016] 1984, 1265, 1845, 5038
[Fri Nov 11 23:12:31.361 2016] 1984, 1266, 1846, 5039
[Fri Nov 11 23:12:31.464 2016] 1990, 1269, 1851, 5052
[Fri Nov 11 23:12:31.567 2016] 1990, 1250, 1824, 5052
[Fri Nov 11 23:12:31.671 2016] 1960, 1250, 1824, 4978
[Fri Nov 11 23:12:31.774 2016] 1996, 1273, 1857, 5068
[Fri Nov 11 23:12:31.879 2016] 1952, 1245, 1817, 4961
[Fri Nov 11 23:12:31.979 2016] 1990, 1269, 1851, 5052
[Fri Nov 11 23:12:32.084 2016] 1971, 1258, 1834, 5007
[Fri Nov 11 23:12:32.187 2016] 1990, 1269, 1851, 5053
[Fri Nov 11 23:12:32.291 2016] 1981, 1264, 1844, 5032
[Fri Nov 11 23:12:32.397 2016] 1977, 1261, 1840, 5022
[Fri Nov 11 23:12:32.498 2016] 1988, 1268, 1849, 5048
[Fri Nov 11 23:12:32.602 2016] 1981, 1264, 1843, 5032
[Fri Nov 11 23:12:32.705 2016] 1974, 1259, 1836, 5013
[Fri Nov 11 23:12:32.808 2016] 1991, 1270, 1852, 5056
[Fri Nov 11 23:12:32.912 2016] 1979, 1263, 1842, 5027
[Fri Nov 11 23:12:33.014 2016] 1981, 1264, 1843, 5032
[Fri Nov 11 23:12:33.117 2016] 1986, 1267, 1848, 5044
[Fri Nov 11 23:12:33.221 2016] 1985, 1266, 1847, 5041
[Fri Nov 11 23:12:33.328 2016] 1984, 1265, 1845, 5038
[Fri Nov 11 23:12:33.430 2016] 1983, 1265, 1845, 5035
[Fri Nov 11 23:12:33.533 2016] 1985, 1266, 1847, 5041
[Fri Nov 11 23:12:33.637 2016] 1987, 1267, 1848, 5045
[Fri Nov 11 23:12:33.737 2016] 1986, 1267, 1848, 5044
[Fri Nov 11 23:12:33.839 2016] 1965, 1254, 1829, 4993
[Fri Nov 11 23:12:33.942 2016] 1999, 1275, 1860, 5075
[Fri Nov 11 23:12:34.045 2016] 1949, 1243, 1815, 4955
[Fri Nov 11 23:12:34.149 2016] 1992, 1270, 1854, 5061
[Fri Nov 11 23:12:34.253 2016] 1962, 1252, 1826, 4984
[Fri Nov 11 23:12:34.356 2016] 1988, 1269, 1850, 5049
[Fri Nov 11 23:12:34.459 2016] 1985, 1267, 1847, 5042
[Fri Nov 11 23:12:34.564 2016] 1978, 1262, 1841, 5024
[Fri Nov 11 23:12:34.668 2016] 1988, 1269, 1850, 5049
[Fri Nov 11 23:12:34.771 2016] 1988, 1268, 1849, 5047
[Fri Nov 11 23:12:34.874 2016] 1980, 1263, 1843, 5029
[Fri Nov 11 23:12:34.977 2016] 1987, 1268, 1849, 5046
[Fri Nov 11 23:12:35.081 2016] 1989, 1269, 1850, 5050
[Fri Nov 11 23:12:35.184 2016] 1983, 1265, 1845, 5035
[Fri Nov 11 23:12:35.286 2016] 1986, 1267, 1848, 5042
[Fri Nov 11 23:12:35.389 2016] 1988, 1268, 1849, 5047
[Fri Nov 11 23:12:35.492 2016] 1987, 1268, 1849, 5045
[Fri Nov 11 23:12:35.597 2016] 1984, 1266, 1846, 5038
[Fri Nov 11 23:12:35.700 2016] 2003, 1278, 1863, 5085
[Fri Nov 11 23:12:35.803 2016] 2006, 1280, 1866, 5093
[Fri Nov 11 23:12:35.906 2016] 2032, 1296, 1887, 5153
[Fri Nov 11 23:12:36.009 2016] 1964, 1251, 1810, 4963
[Fri Nov 11 23:12:36.114 2016] 1962, 1237, 1791, 4918
[Fri Nov 11 23:12:36.215 2016] 2071, 1296, 1884, 5167
[Fri Nov 11 23:12:36.319 2016] 2175, 1364, 1980, 5424
[Fri Nov 11 23:12:36.423 2016] 1514, 927, 1332, 3681
[Fri Nov 11 23:12:36.526 2016] 519, 302, 416, 1190
[Fri Nov 11 23:12:36.629 2016] 519, 302, 210, 1190
[Fri Nov 11 23:12:36.734 2016] 276, 166, 210, 620
[Fri Nov 11 23:12:36.836 2016] 101, 55, 54, 185
[Fri Nov 11 23:12:36.941 2016] 67, 35, 28, 108
[Fri Nov 11 23:12:37.045 2016] 67, 35, 27, 107
[Fri Nov 11 23:12:37.146 2016] 65, 34, 26, 104
[Fri Nov 11 23:12:37.251 2016] 66, 35, 27, 107
[Fri Nov 11 23:12:37.356 2016] 66, 35, 27, 107
[Fri Nov 11 23:12:37.459 2016] 66, 35, 27, 107
[Fri Nov 11 23:12:37.561 2016] 66, 35, 27, 107
[Fri Nov 11 23:12:37.666 2016] 66, 35, 27, 107
[Fri Nov 11 23:12:37.773 2016] 66, 35, 27, 107
[Fri Nov 11 23:12:37.871 2016] 66, 35, 27, 107
[Fri Nov 11 23:12:37.973 2016] 66, 35, 27, 107
[Fri Nov 11 23:12:38.077 2016] 66, 35, 27, 107
[Fri Nov 11 23:12:38.180 2016] 66, 35, 27, 107
[Fri Nov 11 23:12:38.284 2016] 66, 35, 27, 107
[Fri Nov 11 23:12:38.387 2016] 66, 35, 27, 107
[Fri Nov 11 23:12:38.491 2016] 66, 35, 27, 107
[Fri Nov 11 23:12:38.595 2016] 66, 35, 27, 106
[Fri Nov 11 23:12:38.698 2016] 67, 35, 27, 107
[Fri Nov 11 23:12:38.804 2016] 67, 35, 27, 107
[Fri Nov 11 23:12:38.904 2016] 67, 35, 27, 108
[Fri Nov 11 23:12:39.007 2016] 70, 35, 26, 115
[Fri Nov 11 23:12:39.111 2016] 176, 93, 55, 308
[Fri Nov 11 23:12:39.214 2016] 508, 269, 139, 899
[Fri Nov 11 23:12:39.317 2016] 1100, 672, 362, 2124
[Fri Nov 11 23:12:39.420 2016] 2088, 1160, 582, 3827
[Fri Nov 11 23:12:39.523 2016] 2768, 1480, 715, 4996
[Fri Nov 11 23:12:39.627 2016] 2447, 1355, 681, 4541
[Fri Nov 11 23:12:39.729 2016] 2226, 1253, 644, 4181
[Fri Nov 11 23:12:39.832 2016] 2204, 1231, 625, 4122
[Fri Nov 11 23:12:39.936 2016] 2342, 1292, 644, 4344
[Fri Nov 11 23:12:40.039 2016] 2540, 1394, 687, 4688
[Fri Nov 11 23:12:40.142 2016] 2569, 1411, 695, 4742
[Fri Nov 11 23:12:40.246 2016] 2539, 1406, 699, 4712
[Fri Nov 11 23:12:40.351 2016] 2494, 1395, 702, 4660
[Fri Nov 11 23:12:40.455 2016] 2507, 1411, 713, 4701
[Fri Nov 11 23:12:40.556 2016] 2509, 1420, 722, 4722
[Fri Nov 11 23:12:40.662 2016] 2492, 1411, 718, 4691
[Fri Nov 11 23:12:40.764 2016] 2487, 1408, 716, 4681
[Fri Nov 11 23:12:40.868 2016] 2515, 1426, 726, 4737
[Fri Nov 11 23:12:40.972 2016] 2507, 1436, 740, 4753
[Fri Nov 11 23:12:41.076 2016] 2476, 1423, 736, 4704
[Fri Nov 11 23:12:41.179 2016] 2464, 1419, 735, 4687
[Fri Nov 11 23:12:41.280 2016] 2453, 1421, 741, 4684
[Fri Nov 11 23:12:41.385 2016] 2293, 1369, 739, 4466
[Fri Nov 11 23:12:41.488 2016] 2188, 1347, 750, 4348
[Fri Nov 11 23:12:41.592 2016] 2292, 1349, 719, 4425
[Fri Nov 11 23:12:41.696 2016] 2292, 1349, 719, 4425
[Fri Nov 11 23:12:41.799 2016] 2402, 1385, 721, 4573
[Fri Nov 11 23:12:41.902 2016] 2417, 1389, 720, 4590
[Fri Nov 11 23:12:42.004 2016] 2421, 1389, 719, 4595
[Fri Nov 11 23:12:42.109 2016] 2423, 1390, 719, 4596
[Fri Nov 11 23:12:42.212 2016] 2419, 1386, 715, 4589
[Fri Nov 11 23:12:42.317 2016] 2417, 1383, 713, 4586
[Fri Nov 11 23:12:42.421 2016] 2424, 1390, 718, 4598
[Fri Nov 11 23:12:42.524 2016] 2425, 1390, 718, 4600
[Fri Nov 11 23:12:42.626 2016] 2426, 1390, 718, 4600
[Fri Nov 11 23:12:42.728 2016] 2426, 1390, 718, 4600
[Fri Nov 11 23:12:42.831 2016] 2426, 1390, 718, 4599
[Fri Nov 11 23:12:42.934 2016] 2426, 1390, 718, 4600
[Fri Nov 11 23:12:43.039 2016] 2427, 1390, 718, 4600
[Fri Nov 11 23:12:43.140 2016] 2427, 1390, 718, 4600
[Fri Nov 11 23:12:43.243 2016] 2427, 1390, 718, 4601
[Fri Nov 11 23:12:43.348 2016] 2427, 1390, 718, 4601
[Fri Nov 11 23:12:43.453 2016] 2427, 1390, 718, 4601
[Fri Nov 11 23:12:43.554 2016] 2427, 1390, 718, 4601
[Fri Nov 11 23:12:43.657 2016] 2428, 1390, 718, 4602
[Fri Nov 11 23:12:43.761 2016] 2428, 1390, 718, 4602
[Fri Nov 11 23:12:43.866 2016] 2428, 1390, 718, 4602
[Fri Nov 11 23:12:43.966 2016] 2428, 1390, 718, 4602
[Fri Nov 11 23:12:44.072 2016] 2428, 1391, 718, 4603
[Fri Nov 11 23:12:44.174 2016] 2428, 1390, 718, 4603
[Fri Nov 11 23:12:44.281 2016] 2428, 1390, 718, 4602
[Fri Nov 11 23:12:44.382 2016] 2429, 1391, 718, 4603
[Fri Nov 11 23:12:44.485 2016] 2429, 1391, 718, 4604
[Fri Nov 11 23:12:44.588 2016] 2430, 1391, 718, 4605
[Fri Nov 11 23:12:44.692 2016] 2431, 1391, 718, 4606
[Fri Nov 11 23:12:44.795 2016] 2431, 1391, 718, 4606
[Fri Nov 11 23:12:44.899 2016] 2431, 1391, 718, 4606
[Fri Nov 11 23:12:45.000 2016] 2431, 1391, 718, 4606
[Fri Nov 11 23:12:45.104 2016] 2431, 1391, 717, 4605
[Fri Nov 11 23:12:45.208 2016] 2432, 1391, 717, 4606
[Fri Nov 11 23:12:45.312 2016] 2433, 1391, 717, 4607
[Fri Nov 11 23:12:45.415 2016] 2434, 1391, 717, 4608
[Fri Nov 11 23:12:45.519 2016] 2434, 1392, 717, 4609
[Fri Nov 11 23:12:45.621 2016] 2434, 1392, 717, 4609
[Fri Nov 11 23:12:45.723 2016] 2434, 1392, 717, 4609
[Fri Nov 11 23:12:45.827 2016] 2435, 1392, 717, 4610
[Fri Nov 11 23:12:45.932 2016] 2435, 1392, 717, 4610
[Fri Nov 11 23:12:46.033 2016] 2435, 1392, 717, 4610
[Fri Nov 11 23:12:46.138 2016] 2435, 1392, 717, 4610
[Fri Nov 11 23:12:46.241 2016] 2435, 1392, 717, 4611
[Fri Nov 11 23:12:46.344 2016] 2436, 1392, 717, 4612
[Fri Nov 11 23:12:46.447 2016] 2436, 1392, 717, 4611
[Fri Nov 11 23:12:46.551 2016] 2436, 1393, 717, 4612
[Fri Nov 11 23:12:46.654 2016] 2436, 1393, 717, 4612
[Fri Nov 11 23:12:46.758 2016] 2436, 1393, 717, 4612
[Fri Nov 11 23:12:46.860 2016] 2436, 1393, 717, 4612
[Fri Nov 11 23:12:46.964 2016] 2436, 1393, 717, 4612
[Fri Nov 11 23:12:47.067 2016] 2436, 1393, 717, 4612
