[Fri Nov 11 23:01:32.493 2016] 4330, 3946, 2423, 11335
[Fri Nov 11 23:01:32.498 2016] 4330, 3946, 2423, 11335
[Fri Nov 11 23:01:32.498 2016] 4330, 3946, 2423, 11335
[Fri Nov 11 23:01:32.498 2016] 4329, 3945, 2422, 11333
[Fri Nov 11 23:01:32.498 2016] 4329, 3945, 2422, 11334
[Fri Nov 11 23:01:32.498 2016] 4329, 3945, 2422, 11333
[Fri Nov 11 23:01:32.498 2016] 4328, 3944, 2422, 11332
[Fri Nov 11 23:01:32.498 2016] 4328, 3944, 2422, 11331
[Fri Nov 11 23:01:32.498 2016] 4329, 3945, 2422, 11332
[Fri Nov 11 23:01:32.498 2016] 4329, 3945, 2422, 11332
[Fri Nov 11 23:01:32.498 2016] 4328, 3944, 2422, 11331
[Fri Nov 11 23:01:32.498 2016] 4328, 3944, 2422, 11331
[Fri Nov 11 23:01:32.498 2016] 4329, 3945, 2422, 11333
[Fri Nov 11 23:01:32.498 2016] 4329, 3945, 2422, 11332
[Fri Nov 11 23:01:32.498 2016] 4328, 3944, 2422, 11331
[Fri Nov 11 23:01:32.498 2016] 4328, 3944, 2422, 11331
[Fri Nov 11 23:01:32.498 2016] 4328, 3944, 2422, 11331
[Fri Nov 11 23:01:32.498 2016] 4328, 3944, 2421, 11331
[Fri Nov 11 23:01:32.498 2016] 4328, 3944, 2421, 11331
[Fri Nov 11 23:01:32.498 2016] 4328, 3944, 2422, 11331
[Fri Nov 11 23:01:32.498 2016] 4328, 3944, 2422, 11331
[Fri Nov 11 23:01:32.498 2016] 4328, 3944, 2422, 11331
[Fri Nov 11 23:01:32.498 2016] 4329, 3945, 2422, 11332
[Fri Nov 11 23:01:32.498 2016] 4329, 3945, 2422, 11333
[Fri Nov 11 23:01:32.498 2016] 4329, 3945, 2422, 11333
[Fri Nov 11 23:01:32.498 2016] 4328, 3944, 2422, 11331
[Fri Nov 11 23:01:32.498 2016] 4328, 3944, 2422, 11331
[Fri Nov 11 23:01:32.498 2016] 4328, 3944, 2422, 11331
[Fri Nov 11 23:01:32.498 2016] 4328, 3944, 2422, 11331
[Fri Nov 11 23:01:32.498 2016] 4329, 3944, 2422, 11332
[Fri Nov 11 23:01:32.498 2016] 4329, 3944, 2422, 11333
[Fri Nov 11 23:01:32.498 2016] 4329, 3944, 2422, 11332
[Fri Nov 11 23:01:32.498 2016] 4328, 3944, 2422, 11332
[Fri Nov 11 23:01:32.498 2016] 4328, 3944, 2422, 11332
[Fri Nov 11 23:01:32.498 2016] 4329, 3945, 2422, 11333
[Fri Nov 11 23:01:32.498 2016] 4329, 3945, 2422, 11333
[Fri Nov 11 23:01:32.498 2016] 4329, 3945, 2422, 11332
[Fri Nov 11 23:01:32.498 2016] 4329, 3945, 2422, 11333
[Fri Nov 11 23:01:32.498 2016] 4329, 3945, 2422, 11334
[Fri Nov 11 23:01:32.498 2016] 4329, 3945, 2422, 11334
[Fri Nov 11 23:01:32.498 2016] 4329, 3945, 2422, 11334
[Fri Nov 11 23:01:32.498 2016] 4329, 3945, 2422, 11334
[Fri Nov 11 23:01:32.498 2016] 4329, 3946, 2423, 11335
[Fri Nov 11 23:01:32.498 2016] 4329, 3945, 2422, 11335
[Fri Nov 11 23:01:32.504 2016] 4329, 3945, 2422, 11334
[Fri Nov 11 23:01:32.504 2016] 4329, 3945, 2423, 11334
[Fri Nov 11 23:01:32.504 2016] 4329, 3945, 2422, 11333
[Fri Nov 11 23:01:32.504 2016] 4329, 3945, 2422, 11334
[Fri Nov 11 23:01:32.504 2016] 4329, 3945, 2422, 11333
[Fri Nov 11 23:01:32.504 2016] 4329, 3945, 2422, 11334
[Fri Nov 11 23:01:32.504 2016] 4329, 3945, 2422, 11333
[Fri Nov 11 23:01:32.504 2016] 4329, 3945, 2422, 11333
[Fri Nov 11 23:01:32.504 2016] 4329, 3945, 2422, 11334
[Fri Nov 11 23:01:32.504 2016] 4329, 3945, 2422, 11332
[Fri Nov 11 23:01:32.504 2016] 4328, 3944, 2422, 11332
[Fri Nov 11 23:01:32.504 2016] 4329, 3945, 2422, 11332
[Fri Nov 11 23:01:32.504 2016] 4329, 3945, 2422, 11333
[Fri Nov 11 23:01:32.504 2016] 4329, 3945, 2422, 11333
[Fri Nov 11 23:01:32.504 2016] 4329, 3945, 2422, 11333
[Fri Nov 11 23:01:32.504 2016] 4329, 3945, 2422, 11333
[Fri Nov 11 23:01:32.504 2016] 4329, 3945, 2422, 11333
[Fri Nov 11 23:01:32.504 2016] 4329, 3945, 2422, 11333
[Fri Nov 11 23:01:32.504 2016] 4329, 3945, 2422, 11332
[Fri Nov 11 23:01:32.504 2016] 4328, 3944, 2422, 11331
[Fri Nov 11 23:01:32.504 2016] 4329, 3945, 2422, 11332
[Fri Nov 11 23:01:32.504 2016] 4329, 3945, 2422, 11333
[Fri Nov 11 23:01:32.504 2016] 4329, 3945, 2422, 11333
[Fri Nov 11 23:01:32.504 2016] 4329, 3945, 2422, 11333
[Fri Nov 11 23:01:32.504 2016] 4329, 3945, 2422, 11333
[Fri Nov 11 23:01:32.504 2016] 4331, 3947, 2423, 11338
[Fri Nov 11 23:01:32.504 2016] 4330, 3946, 2423, 11335
[Fri Nov 11 23:01:32.504 2016] 4330, 3946, 2423, 11335
[Fri Nov 11 23:01:32.504 2016] 4330, 3946, 2423, 11335
[Fri Nov 11 23:01:32.504 2016] 4330, 3946, 2423, 11337
[Fri Nov 11 23:01:32.504 2016] 4329, 3945, 2422, 11333
[Fri Nov 11 23:01:32.504 2016] 4329, 3945, 2423, 11334
[Fri Nov 11 23:01:32.504 2016] 4329, 3945, 2422, 11332
[Fri Nov 11 23:01:32.504 2016] 4329, 3946, 2423, 11335
[Fri Nov 11 23:01:32.504 2016] 4328, 3944, 2422, 11331
[Fri Nov 11 23:01:32.504 2016] 4330, 3946, 2423, 11336
[Fri Nov 11 23:01:32.504 2016] 4329, 3945, 2422, 11334
[Fri Nov 11 23:01:32.504 2016] 4329, 3945, 2422, 11333
[Fri Nov 11 23:01:32.504 2016] 4328, 3944, 2422, 11331
[Fri Nov 11 23:01:32.504 2016] 4329, 3945, 2422, 11332
[Fri Nov 11 23:01:32.504 2016] 4328, 3944, 2422, 11329
[Fri Nov 11 23:01:32.504 2016] 4328, 3944, 2422, 11329
[Fri Nov 11 23:01:32.509 2016] 4328, 3944, 2422, 11331
[Fri Nov 11 23:01:32.509 2016] 4326, 3942, 2420, 11324
[Fri Nov 11 23:01:32.509 2016] 4323, 3939, 2418, 11316
[Fri Nov 11 23:01:32.509 2016] 4324, 3940, 2419, 11318
[Fri Nov 11 23:01:32.509 2016] 4323, 3938, 2418, 11315
[Fri Nov 11 23:01:32.509 2016] 4326, 3942, 2421, 11324
[Fri Nov 11 23:01:32.509 2016] 4324, 3939, 2418, 11317
[Fri Nov 11 23:01:32.509 2016] 4325, 3941, 2420, 11321
[Fri Nov 11 23:01:32.509 2016] 4325, 3941, 2420, 11322
[Fri Nov 11 23:01:32.509 2016] 4325, 3941, 2420, 11322
[Fri Nov 11 23:01:32.509 2016] 4325, 3940, 2419, 11320
[Fri Nov 11 23:01:32.509 2016] 4323, 3938, 2417, 11313
[Fri Nov 11 23:01:32.509 2016] 4323, 3939, 2419, 11317
[Fri Nov 11 23:01:32.509 2016] 4322, 3938, 2418, 11313
[Fri Nov 11 23:01:32.509 2016] 4322, 3938, 2417, 11313
[Fri Nov 11 23:01:32.509 2016] 4324, 3939, 2419, 11318
[Fri Nov 11 23:01:32.509 2016] 4323, 3939, 2418, 11315
[Fri Nov 11 23:01:32.509 2016] 4323, 3938, 2418, 11315
[Fri Nov 11 23:01:32.509 2016] 4324, 3939, 2418, 11317
[Fri Nov 11 23:01:32.509 2016] 4323, 3939, 2418, 11317
[Fri Nov 11 23:01:32.509 2016] 4323, 3939, 2418, 11316
[Fri Nov 11 23:01:32.509 2016] 4325, 3940, 2419, 11320
[Fri Nov 11 23:01:32.509 2016] 4323, 3939, 2418, 11316
[Fri Nov 11 23:01:32.509 2016] 4324, 3940, 2419, 11318
[Fri Nov 11 23:01:32.509 2016] 4324, 3939, 2419, 11318
[Fri Nov 11 23:01:32.509 2016] 4324, 3939, 2418, 11317
[Fri Nov 11 23:01:32.509 2016] 4323, 3939, 2418, 11316
[Fri Nov 11 23:01:32.509 2016] 4323, 3939, 2418, 11316
[Fri Nov 11 23:01:32.509 2016] 4323, 3939, 2418, 11317
[Fri Nov 11 23:01:32.509 2016] 4323, 3939, 2419, 11317
[Fri Nov 11 23:01:32.509 2016] 4323, 3939, 2419, 11317
[Fri Nov 11 23:01:32.509 2016] 4323, 3939, 2419, 11316
[Fri Nov 11 23:01:32.509 2016] 4323, 3939, 2418, 11315
[Fri Nov 11 23:01:32.509 2016] 4323, 3939, 2418, 11316
[Fri Nov 11 23:01:32.509 2016] 4323, 3938, 2418, 11314
[Fri Nov 11 23:01:32.509 2016] 4323, 3939, 2418, 11316
[Fri Nov 11 23:01:32.509 2016] 4323, 3939, 2419, 11317
[Fri Nov 11 23:01:32.509 2016] 4323, 3938, 2418, 11316
[Fri Nov 11 23:01:32.563 2016] 4323, 3938, 2418, 11315
[Fri Nov 11 23:01:32.667 2016] 4322, 3938, 2418, 11314
[Fri Nov 11 23:01:32.770 2016] 4322, 3937, 2417, 11312
[Fri Nov 11 23:01:32.873 2016] 4324, 3940, 2420, 11320
[Fri Nov 11 23:01:32.977 2016] 4326, 3942, 2420, 11325
[Fri Nov 11 23:01:33.078 2016] 4328, 3944, 2422, 11331
[Fri Nov 11 23:01:33.182 2016] 4326, 3942, 2421, 11326
[Fri Nov 11 23:01:33.287 2016] 4327, 3943, 2421, 11327
[Fri Nov 11 23:01:33.390 2016] 4325, 3941, 2420, 11321
[Fri Nov 11 23:01:33.494 2016] 4325, 3941, 2420, 11322
[Fri Nov 11 23:01:33.597 2016] 4327, 3943, 2421, 11325
[Fri Nov 11 23:01:33.698 2016] 4326, 3942, 2421, 11326
[Fri Nov 11 23:01:33.802 2016] 4327, 3942, 2421, 11325
[Fri Nov 11 23:01:33.905 2016] 4327, 3943, 2421, 11326
[Fri Nov 11 23:01:34.010 2016] 4327, 3942, 2421, 11326
[Fri Nov 11 23:01:34.114 2016] 4326, 3942, 2421, 11325
[Fri Nov 11 23:01:34.217 2016] 4326, 3942, 2421, 11325
[Fri Nov 11 23:01:34.320 2016] 4326, 3942, 2421, 11325
[Fri Nov 11 23:01:34.423 2016] 4327, 3943, 2421, 11326
[Fri Nov 11 23:01:34.525 2016] 4326, 3942, 2421, 11325
[Fri Nov 11 23:01:34.631 2016] 4328, 3944, 2422, 11330
[Fri Nov 11 23:01:34.733 2016] 4327, 3942, 2421, 11327
[Fri Nov 11 23:01:34.836 2016] 4328, 3944, 2422, 11330
[Fri Nov 11 23:01:34.940 2016] 4328, 3944, 2422, 11329
[Fri Nov 11 23:01:35.043 2016] 4331, 3947, 2424, 11338
[Fri Nov 11 23:01:35.148 2016] 4330, 3946, 2424, 11337
[Fri Nov 11 23:01:35.248 2016] 4329, 3946, 2423, 11335
[Fri Nov 11 23:01:35.351 2016] 4328, 3944, 2422, 11331
[Fri Nov 11 23:01:35.456 2016] 4327, 3943, 2421, 11328
[Fri Nov 11 23:01:35.560 2016] 4326, 3942, 2421, 11325
[Fri Nov 11 23:01:35.665 2016] 4325, 3941, 2420, 11323
[Fri Nov 11 23:01:35.768 2016] 4325, 3941, 2420, 11323
[Fri Nov 11 23:01:35.869 2016] 4326, 3942, 2421, 11326
[Fri Nov 11 23:01:35.972 2016] 4327, 3943, 2421, 11326
[Fri Nov 11 23:01:36.090 2016] 4326, 3942, 2421, 11326
[Fri Nov 11 23:01:36.179 2016] 4327, 3944, 2422, 11329
[Fri Nov 11 23:01:36.283 2016] 4325, 3941, 2420, 11323
[Fri Nov 11 23:01:36.387 2016] 4326, 3942, 2420, 11323
[Fri Nov 11 23:01:36.489 2016] 4325, 3941, 2420, 11323
[Fri Nov 11 23:01:36.592 2016] 4326, 3942, 2420, 11324
[Fri Nov 11 23:01:36.695 2016] 4327, 3943, 2421, 11327
[Fri Nov 11 23:01:36.799 2016] 4327, 3942, 2421, 11327
[Fri Nov 11 23:01:36.902 2016] 4326, 3942, 2421, 11326
[Fri Nov 11 23:01:37.005 2016] 4326, 3942, 2420, 11325
[Fri Nov 11 23:01:37.110 2016] 4326, 3942, 2421, 11327
[Fri Nov 11 23:01:37.217 2016] 4327, 3943, 2421, 11328
[Fri Nov 11 23:01:37.316 2016] 4326, 3943, 2421, 11327
[Fri Nov 11 23:01:37.419 2016] 4326, 3942, 2421, 11326
[Fri Nov 11 23:01:37.524 2016] 4326, 3942, 2420, 11325
[Fri Nov 11 23:01:37.626 2016] 4327, 3943, 2421, 11326
[Fri Nov 11 23:01:37.731 2016] 4326, 3942, 2420, 11324
[Fri Nov 11 23:01:37.834 2016] 4327, 3943, 2421, 11326
[Fri Nov 11 23:01:37.937 2016] 4327, 3943, 2421, 11326
[Fri Nov 11 23:01:38.041 2016] 4327, 3944, 2422, 11329
[Fri Nov 11 23:01:38.143 2016] 4328, 3944, 2422, 11329
[Fri Nov 11 23:01:38.245 2016] 4327, 3943, 2421, 11328
[Fri Nov 11 23:01:38.349 2016] 4327, 3944, 2422, 11329
[Fri Nov 11 23:01:38.452 2016] 4327, 3943, 2421, 11328
[Fri Nov 11 23:01:38.555 2016] 4327, 3944, 2422, 11328
[Fri Nov 11 23:01:38.661 2016] 4327, 3943, 2421, 11328
[Fri Nov 11 23:01:38.764 2016] 4327, 3944, 2422, 11329
[Fri Nov 11 23:01:38.868 2016] 4327, 3943, 2421, 11327
[Fri Nov 11 23:01:38.971 2016] 4326, 3943, 2421, 11327
[Fri Nov 11 23:01:39.076 2016] 4327, 3943, 2421, 11327
[Fri Nov 11 23:01:39.179 2016] 4327, 3943, 2421, 11328
[Fri Nov 11 23:01:39.281 2016] 4327, 3943, 2421, 11328
[Fri Nov 11 23:01:39.384 2016] 4327, 3943, 2421, 11328
[Fri Nov 11 23:01:39.488 2016] 4326, 3943, 2421, 11327
[Fri Nov 11 23:01:39.589 2016] 4327, 3943, 2421, 11327
[Fri Nov 11 23:01:39.697 2016] 4327, 3943, 2421, 11328
[Fri Nov 11 23:01:39.796 2016] 4326, 3943, 2421, 11327
[Fri Nov 11 23:01:39.899 2016] 4327, 3943, 2421, 11327
[Fri Nov 11 23:01:40.003 2016] 4327, 3943, 2421, 11328
[Fri Nov 11 23:01:40.108 2016] 4327, 3943, 2421, 11327
[Fri Nov 11 23:01:40.212 2016] 4326, 3942, 2421, 11326
[Fri Nov 11 23:01:40.314 2016] 4326, 3943, 2421, 11327
[Fri Nov 11 23:01:40.418 2016] 4326, 3943, 2421, 11327
[Fri Nov 11 23:01:40.520 2016] 4327, 3943, 2421, 11329
[Fri Nov 11 23:01:40.624 2016] 4327, 3944, 2422, 11329
[Fri Nov 11 23:01:40.730 2016] 4328, 3944, 2422, 11331
[Fri Nov 11 23:01:40.831 2016] 4327, 3944, 2422, 11329
[Fri Nov 11 23:01:40.934 2016] 4327, 3943, 2421, 11328
[Fri Nov 11 23:01:41.038 2016] 4328, 3944, 2422, 11330
[Fri Nov 11 23:01:41.145 2016] 4328, 3944, 2422, 11330
[Fri Nov 11 23:01:41.242 2016] 4327, 3943, 2422, 11329
[Fri Nov 11 23:01:41.345 2016] 4328, 3944, 2422, 11329
[Fri Nov 11 23:01:41.448 2016] 4328, 3944, 2422, 11330
[Fri Nov 11 23:01:41.554 2016] 4327, 3943, 2422, 11329
[Fri Nov 11 23:01:41.656 2016] 4327, 3943, 2421, 11329
[Fri Nov 11 23:01:41.761 2016] 4327, 3944, 2422, 11329
[Fri Nov 11 23:01:41.864 2016] 4327, 3944, 2421, 11329
[Fri Nov 11 23:01:41.967 2016] 4327, 3943, 2421, 11328
[Fri Nov 11 23:01:42.071 2016] 4327, 3943, 2421, 11327
[Fri Nov 11 23:01:42.174 2016] 4327, 3943, 2421, 11327
[Fri Nov 11 23:01:42.278 2016] 4327, 3943, 2421, 11327
[Fri Nov 11 23:01:42.381 2016] 4327, 3943, 2421, 11328
[Fri Nov 11 23:01:42.484 2016] 4327, 3943, 2421, 11327
[Fri Nov 11 23:01:42.586 2016] 4326, 3943, 2421, 11327
[Fri Nov 11 23:01:42.692 2016] 4327, 3943, 2421, 11327
[Fri Nov 11 23:01:42.792 2016] 4327, 3943, 2421, 11327
[Fri Nov 11 23:01:42.895 2016] 4327, 3943, 2421, 11327
[Fri Nov 11 23:01:43.001 2016] 4327, 3943, 2421, 11327
[Fri Nov 11 23:01:43.104 2016] 4327, 3943, 2421, 11327
[Fri Nov 11 23:01:43.208 2016] 4326, 3943, 2421, 11327
[Fri Nov 11 23:01:43.311 2016] 4326, 3943, 2421, 11326
[Fri Nov 11 23:01:43.414 2016] 4327, 3943, 2421, 11329
[Fri Nov 11 23:01:43.520 2016] 4327, 3943, 2421, 11328
[Fri Nov 11 23:01:43.620 2016] 4327, 3943, 2421, 11328
[Fri Nov 11 23:01:43.725 2016] 4327, 3943, 2421, 11327
[Fri Nov 11 23:01:43.829 2016] 4327, 3943, 2421, 11328
[Fri Nov 11 23:01:43.931 2016] 4327, 3943, 2421, 11327
[Fri Nov 11 23:01:44.035 2016] 4327, 3943, 2421, 11327
[Fri Nov 11 23:01:44.138 2016] 4327, 3943, 2421, 11327
[Fri Nov 11 23:01:44.241 2016] 4326, 3943, 2421, 11326
[Fri Nov 11 23:01:44.344 2016] 4326, 3943, 2421, 11326
[Fri Nov 11 23:01:44.447 2016] 4327, 3943, 2421, 11327
[Fri Nov 11 23:01:44.552 2016] 4326, 3942, 2421, 11326
[Fri Nov 11 23:01:44.657 2016] 4326, 3943, 2421, 11327
[Fri Nov 11 23:01:44.758 2016] 4327, 3943, 2421, 11327
[Fri Nov 11 23:01:44.863 2016] 4326, 3942, 2421, 11326
[Fri Nov 11 23:01:44.965 2016] 4327, 3943, 2421, 11327
[Fri Nov 11 23:01:45.070 2016] 4327, 3943, 2421, 11327
[Fri Nov 11 23:01:45.173 2016] 4327, 3943, 2421, 11328
[Fri Nov 11 23:01:45.275 2016] 4327, 3944, 2422, 11329
[Fri Nov 11 23:01:45.379 2016] 4327, 3944, 2422, 11329
[Fri Nov 11 23:01:45.486 2016] 4327, 3943, 2422, 11329
[Fri Nov 11 23:01:45.585 2016] 4328, 3944, 2422, 11332
[Fri Nov 11 23:01:45.690 2016] 4328, 3945, 2423, 11331
[Fri Nov 11 23:01:45.791 2016] 4326, 3942, 2421, 11325
[Fri Nov 11 23:01:45.894 2016] 4327, 3943, 2421, 11326
[Fri Nov 11 23:01:45.998 2016] 4327, 3944, 2422, 11328
[Fri Nov 11 23:01:46.103 2016] 4327, 3944, 2422, 11329
[Fri Nov 11 23:01:46.205 2016] 4327, 3943, 2422, 11327
[Fri Nov 11 23:01:46.310 2016] 4327, 3943, 2422, 11327
[Fri Nov 11 23:01:46.411 2016] 4327, 3943, 2421, 11327
[Fri Nov 11 23:01:46.515 2016] 4327, 3943, 2421, 11328
[Fri Nov 11 23:01:46.620 2016] 4327, 3943, 2421, 11327
[Fri Nov 11 23:01:46.723 2016] 4327, 3943, 2421, 11327
[Fri Nov 11 23:01:46.825 2016] 4327, 3943, 2422, 11328
[Fri Nov 11 23:01:46.930 2016] 4327, 3943, 2422, 11328
[Fri Nov 11 23:01:47.033 2016] 4327, 3943, 2422, 11328
[Fri Nov 11 23:01:47.136 2016] 4327, 3943, 2421, 11327
[Fri Nov 11 23:01:47.238 2016] 4328, 3944, 2422, 11331
[Fri Nov 11 23:01:47.341 2016] 4327, 3943, 2421, 11327
[Fri Nov 11 23:01:47.444 2016] 4327, 3943, 2421, 11327
[Fri Nov 11 23:01:47.550 2016] 4327, 3944, 2422, 11329
[Fri Nov 11 23:01:47.651 2016] 4328, 3944, 2422, 11331
[Fri Nov 11 23:01:47.756 2016] 4328, 3944, 2422, 11332
[Fri Nov 11 23:01:47.860 2016] 4328, 3944, 2422, 11330
[Fri Nov 11 23:01:47.963 2016] 4327, 3943, 2422, 11328
[Fri Nov 11 23:01:48.067 2016] 4327, 3943, 2422, 11328
[Fri Nov 11 23:01:48.170 2016] 4327, 3943, 2422, 11328
[Fri Nov 11 23:01:48.273 2016] 4328, 3944, 2422, 11330
[Fri Nov 11 23:01:48.377 2016] 4328, 3944, 2422, 11330
[Fri Nov 11 23:01:48.480 2016] 4328, 3944, 2422, 11330
[Fri Nov 11 23:01:48.581 2016] 4328, 3944, 2422, 11330
[Fri Nov 11 23:01:48.686 2016] 4327, 3944, 2422, 11330
[Fri Nov 11 23:01:48.788 2016] 4327, 3944, 2422, 11329
[Fri Nov 11 23:01:48.892 2016] 4327, 3943, 2421, 11329
[Fri Nov 11 23:01:48.995 2016] 4327, 3943, 2421, 11329
[Fri Nov 11 23:01:49.101 2016] 4327, 3944, 2422, 11330
[Fri Nov 11 23:01:49.202 2016] 4327, 3944, 2422, 11330
[Fri Nov 11 23:01:49.306 2016] 4327, 3943, 2422, 11329
[Fri Nov 11 23:01:49.410 2016] 4327, 3944, 2422, 11330
[Fri Nov 11 23:01:49.513 2016] 4328, 3944, 2422, 11330
[Fri Nov 11 23:01:49.615 2016] 4327, 3944, 2421, 11328
[Fri Nov 11 23:01:49.719 2016] 4328, 3944, 2422, 11329
[Fri Nov 11 23:01:49.823 2016] 4327, 3943, 2421, 11328
[Fri Nov 11 23:01:49.925 2016] 4328, 3944, 2422, 11331
[Fri Nov 11 23:01:50.030 2016] 4327, 3944, 2422, 11329
[Fri Nov 11 23:01:50.132 2016] 4327, 3943, 2421, 11328
[Fri Nov 11 23:01:50.235 2016] 4327, 3944, 2422, 11330
[Fri Nov 11 23:01:50.338 2016] 4327, 3944, 2422, 11329
[Fri Nov 11 23:01:50.442 2016] 4327, 3943, 2421, 11327
[Fri Nov 11 23:01:50.545 2016] 4328, 3944, 2422, 11330
[Fri Nov 11 23:01:50.650 2016] 4326, 3942, 2420, 11325
[Fri Nov 11 23:01:50.754 2016] 4328, 3945, 2422, 11332
[Fri Nov 11 23:01:50.857 2016] 4327, 3943, 2422, 11328
[Fri Nov 11 23:01:50.960 2016] 4327, 3943, 2421, 11327
[Fri Nov 11 23:01:51.064 2016] 4328, 3944, 2422, 11329
[Fri Nov 11 23:01:51.167 2016] 4327, 3943, 2421, 11328
[Fri Nov 11 23:01:51.271 2016] 4327, 3943, 2421, 11329
[Fri Nov 11 23:01:51.374 2016] 4329, 3945, 2422, 11333
[Fri Nov 11 23:01:51.476 2016] 4327, 3943, 2421, 11328
[Fri Nov 11 23:01:51.579 2016] 4327, 3944, 2422, 11328
[Fri Nov 11 23:01:51.684 2016] 4327, 3944, 2422, 11328
[Fri Nov 11 23:01:51.786 2016] 4327, 3944, 2422, 11328
[Fri Nov 11 23:01:51.888 2016] 4327, 3943, 2422, 11328
[Fri Nov 11 23:01:51.992 2016] 4327, 3943, 2422, 11328
[Fri Nov 11 23:01:52.097 2016] 4327, 3943, 2422, 11327
[Fri Nov 11 23:01:52.200 2016] 4327, 3943, 2422, 11328
[Fri Nov 11 23:01:52.304 2016] 4327, 3943, 2421, 11327
[Fri Nov 11 23:01:52.407 2016] 4327, 3943, 2422, 11328
[Fri Nov 11 23:01:52.510 2016] 4327, 3944, 2422, 11328
[Fri Nov 11 23:01:52.614 2016] 4327, 3943, 2422, 11327
[Fri Nov 11 23:01:52.718 2016] 4327, 3943, 2422, 11327
[Fri Nov 11 23:01:52.821 2016] 4327, 3944, 2422, 11329
[Fri Nov 11 23:01:52.925 2016] 4328, 3944, 2422, 11329
[Fri Nov 11 23:01:53.027 2016] 4327, 3944, 2422, 11328
[Fri Nov 11 23:01:53.129 2016] 4327, 3944, 2422, 11328
[Fri Nov 11 23:01:53.232 2016] 4327, 3944, 2422, 11329
[Fri Nov 11 23:01:53.336 2016] 4328, 3944, 2422, 11330
[Fri Nov 11 23:01:53.442 2016] 4328, 3944, 2422, 11330
[Fri Nov 11 23:01:53.545 2016] 4328, 3944, 2422, 11330
[Fri Nov 11 23:01:53.648 2016] 4328, 3944, 2422, 11331
[Fri Nov 11 23:01:53.751 2016] 4328, 3944, 2422, 11330
[Fri Nov 11 23:01:53.855 2016] 4327, 3944, 2422, 11329
[Fri Nov 11 23:01:53.957 2016] 4328, 3944, 2422, 11331
[Fri Nov 11 23:01:54.061 2016] 4328, 3945, 2422, 11331
[Fri Nov 11 23:01:54.164 2016] 4328, 3944, 2422, 11330
[Fri Nov 11 23:01:54.269 2016] 4328, 3944, 2422, 11330
[Fri Nov 11 23:01:54.371 2016] 4327, 3944, 2422, 11329
[Fri Nov 11 23:01:54.475 2016] 4328, 3944, 2422, 11330
[Fri Nov 11 23:01:54.576 2016] 4327, 3944, 2422, 11329
[Fri Nov 11 23:01:54.681 2016] 4328, 3944, 2422, 11330
[Fri Nov 11 23:01:54.782 2016] 4328, 3944, 2422, 11330
[Fri Nov 11 23:01:54.886 2016] 4328, 3944, 2422, 11330
[Fri Nov 11 23:01:54.992 2016] 4327, 3944, 2422, 11329
[Fri Nov 11 23:01:55.096 2016] 4328, 3944, 2422, 11331
[Fri Nov 11 23:01:55.198 2016] 4327, 3944, 2422, 11329
[Fri Nov 11 23:01:55.302 2016] 4327, 3943, 2422, 11328
[Fri Nov 11 23:01:55.405 2016] 4328, 3944, 2422, 11330
[Fri Nov 11 23:01:55.508 2016] 4327, 3943, 2421, 11328
[Fri Nov 11 23:01:55.609 2016] 4328, 3944, 2422, 11330
[Fri Nov 11 23:01:55.713 2016] 4328, 3944, 2422, 11331
[Fri Nov 11 23:01:55.818 2016] 4327, 3944, 2422, 11329
[Fri Nov 11 23:01:55.921 2016] 4327, 3944, 2422, 11329
[Fri Nov 11 23:01:56.025 2016] 4327, 3944, 2422, 11329
[Fri Nov 11 23:01:56.126 2016] 4328, 3944, 2422, 11331
[Fri Nov 11 23:01:56.230 2016] 4327, 3944, 2422, 11329
[Fri Nov 11 23:01:56.333 2016] 4328, 3944, 2422, 11329
[Fri Nov 11 23:01:56.435 2016] 4327, 3944, 2422, 11330
[Fri Nov 11 23:01:56.539 2016] 4327, 3944, 2422, 11329
[Fri Nov 11 23:01:56.645 2016] 4328, 3944, 2422, 11330
[Fri Nov 11 23:01:56.748 2016] 4327, 3944, 2422, 11329
[Fri Nov 11 23:01:56.851 2016] 4327, 3944, 2422, 11329
[Fri Nov 11 23:01:56.955 2016] 4328, 3944, 2422, 11331
[Fri Nov 11 23:01:57.058 2016] 4327, 3944, 2422, 11331
[Fri Nov 11 23:01:57.161 2016] 4327, 3944, 2422, 11329
[Fri Nov 11 23:01:57.264 2016] 4328, 3944, 2422, 11330
[Fri Nov 11 23:01:57.366 2016] 4327, 3944, 2422, 11330
[Fri Nov 11 23:01:57.471 2016] 4327, 3944, 2422, 11329
[Fri Nov 11 23:01:57.573 2016] 4327, 3943, 2422, 11328
[Fri Nov 11 23:01:57.678 2016] 4327, 3943, 2422, 11328
[Fri Nov 11 23:01:57.781 2016] 4328, 3944, 2422, 11329
[Fri Nov 11 23:01:57.883 2016] 4328, 3944, 2422, 11331
[Fri Nov 11 23:01:57.986 2016] 4328, 3944, 2422, 11329
[Fri Nov 11 23:01:58.090 2016] 4327, 3944, 2422, 11329
[Fri Nov 11 23:01:58.195 2016] 4328, 3944, 2422, 11330
[Fri Nov 11 23:01:58.298 2016] 4328, 3944, 2422, 11330
[Fri Nov 11 23:01:58.401 2016] 4328, 3944, 2422, 11331
[Fri Nov 11 23:01:58.505 2016] 4328, 3945, 2422, 11331
[Fri Nov 11 23:01:58.608 2016] 4328, 3944, 2422, 11331
[Fri Nov 11 23:01:58.711 2016] 4328, 3944, 2422, 11331
[Fri Nov 11 23:01:58.815 2016] 4329, 3945, 2423, 11332
[Fri Nov 11 23:01:58.919 2016] 4328, 3945, 2422, 11331
[Fri Nov 11 23:01:59.022 2016] 4328, 3944, 2422, 11331
[Fri Nov 11 23:01:59.124 2016] 4328, 3945, 2422, 11332
[Fri Nov 11 23:01:59.226 2016] 4329, 3945, 2423, 11333
[Fri Nov 11 23:01:59.329 2016] 4328, 3945, 2422, 11332
[Fri Nov 11 23:01:59.433 2016] 4329, 3945, 2423, 11333
[Fri Nov 11 23:01:59.543 2016] 4329, 3945, 2423, 11333
[Fri Nov 11 23:01:59.640 2016] 4328, 3945, 2422, 11331
[Fri Nov 11 23:01:59.745 2016] 4329, 3945, 2423, 11332
[Fri Nov 11 23:01:59.848 2016] 4329, 3945, 2423, 11333
[Fri Nov 11 23:01:59.951 2016] 4329, 3945, 2422, 11331
[Fri Nov 11 23:02:00.055 2016] 4328, 3944, 2422, 11329
[Fri Nov 11 23:02:00.157 2016] 4328, 3944, 2422, 11330
[Fri Nov 11 23:02:00.261 2016] 4328, 3944, 2422, 11329
[Fri Nov 11 23:02:00.365 2016] 4327, 3944, 2422, 11329
[Fri Nov 11 23:02:00.468 2016] 4328, 3944, 2422, 11329
[Fri Nov 11 23:02:00.572 2016] 4328, 3944, 2422, 11330
[Fri Nov 11 23:02:00.675 2016] 4328, 3944, 2422, 11330
[Fri Nov 11 23:02:00.777 2016] 4327, 3944, 2422, 11329
[Fri Nov 11 23:02:00.879 2016] 4328, 3944, 2422, 11330
[Fri Nov 11 23:02:00.984 2016] 4327, 3944, 2422, 11329
[Fri Nov 11 23:02:01.090 2016] 4328, 3944, 2422, 11330
[Fri Nov 11 23:02:01.192 2016] 4327, 3944, 2422, 11330
[Fri Nov 11 23:02:01.296 2016] 4327, 3944, 2422, 11329
[Fri Nov 11 23:02:01.400 2016] 4327, 3944, 2422, 11329
[Fri Nov 11 23:02:01.503 2016] 4327, 3944, 2422, 11330
[Fri Nov 11 23:02:01.605 2016] 4327, 3944, 2422, 11329
[Fri Nov 11 23:02:01.710 2016] 4327, 3943, 2422, 11329
[Fri Nov 11 23:02:01.813 2016] 4329, 3945, 2423, 11333
[Fri Nov 11 23:02:01.916 2016] 4328, 3944, 2422, 11331
[Fri Nov 11 23:02:02.056 2016] 4328, 3944, 2422, 11331
[Fri Nov 11 23:02:02.122 2016] 4328, 3944, 2422, 11329
[Fri Nov 11 23:02:02.225 2016] 4328, 3944, 2422, 11329
[Fri Nov 11 23:02:02.328 2016] 4328, 3945, 2423, 11331
[Fri Nov 11 23:02:02.432 2016] 4328, 3945, 2423, 11331
[Fri Nov 11 23:02:02.535 2016] 4327, 3943, 2421, 11328
[Fri Nov 11 23:02:02.643 2016] 4327, 3943, 2422, 11328
[Fri Nov 11 23:02:02.744 2016] 4326, 3943, 2421, 11326
[Fri Nov 11 23:02:02.846 2016] 4327, 3943, 2421, 11327
[Fri Nov 11 23:02:02.950 2016] 4327, 3943, 2422, 11327
[Fri Nov 11 23:02:03.053 2016] 4327, 3944, 2422, 11328
[Fri Nov 11 23:02:03.158 2016] 4327, 3944, 2422, 11328
[Fri Nov 11 23:02:03.259 2016] 4327, 3944, 2422, 11329
[Fri Nov 11 23:02:03.363 2016] 4327, 3944, 2422, 11329
[Fri Nov 11 23:02:03.466 2016] 4327, 3944, 2422, 11329
[Fri Nov 11 23:02:03.569 2016] 4327, 3943, 2421, 11327
[Fri Nov 11 23:02:03.672 2016] 4327, 3943, 2421, 11328
[Fri Nov 11 23:02:03.776 2016] 4327, 3943, 2422, 11329
[Fri Nov 11 23:02:03.879 2016] 4327, 3943, 2422, 11328
[Fri Nov 11 23:02:03.982 2016] 4327, 3943, 2421, 11328
[Fri Nov 11 23:02:04.086 2016] 4327, 3944, 2422, 11330
[Fri Nov 11 23:02:04.191 2016] 4328, 3944, 2422, 11331
[Fri Nov 11 23:02:04.296 2016] 4328, 3944, 2422, 11331
[Fri Nov 11 23:02:04.397 2016] 4328, 3944, 2422, 11331
[Fri Nov 11 23:02:04.500 2016] 4328, 3944, 2422, 11330
[Fri Nov 11 23:02:04.604 2016] 4328, 3944, 2422, 11330
[Fri Nov 11 23:02:04.707 2016] 4327, 3944, 2422, 11329
[Fri Nov 11 23:02:04.810 2016] 4327, 3944, 2422, 11329
[Fri Nov 11 23:02:04.912 2016] 4328, 3944, 2422, 11331
[Fri Nov 11 23:02:05.015 2016] 4328, 3944, 2422, 11330
[Fri Nov 11 23:02:05.119 2016] 4328, 3944, 2422, 11331
[Fri Nov 11 23:02:05.222 2016] 4328, 3944, 2422, 11330
[Fri Nov 11 23:02:05.326 2016] 4327, 3944, 2422, 11329
[Fri Nov 11 23:02:05.431 2016] 4327, 3944, 2422, 11329
[Fri Nov 11 23:02:05.535 2016] 4327, 3943, 2421, 11327
[Fri Nov 11 23:02:05.635 2016] 4330, 3947, 2424, 11337
[Fri Nov 11 23:02:05.741 2016] 4330, 3946, 2424, 11336
[Fri Nov 11 23:02:05.845 2016] 4332, 3949, 2426, 11342
[Fri Nov 11 23:02:05.948 2016] 4329, 3946, 2423, 11334
[Fri Nov 11 23:02:06.051 2016] 4330, 3947, 2424, 11337
[Fri Nov 11 23:02:06.153 2016] 4330, 3947, 2424, 11336
[Fri Nov 11 23:02:06.256 2016] 4330, 3947, 2424, 11336
[Fri Nov 11 23:02:06.360 2016] 4331, 3948, 2426, 11341
[Fri Nov 11 23:02:06.465 2016] 4327, 3943, 2421, 11326
[Fri Nov 11 23:02:06.568 2016] 4326, 3943, 2421, 11325
[Fri Nov 11 23:02:06.672 2016] 4328, 3945, 2423, 11332
[Fri Nov 11 23:02:06.772 2016] 4327, 3944, 2422, 11329
[Fri Nov 11 23:02:06.876 2016] 4329, 3946, 2423, 11333
[Fri Nov 11 23:02:06.979 2016] 4325, 3941, 2420, 11321
[Fri Nov 11 23:02:07.085 2016] 4327, 3943, 2422, 11327
[Fri Nov 11 23:02:07.188 2016] 4327, 3943, 2422, 11328
[Fri Nov 11 23:02:07.289 2016] 4327, 3943, 2421, 11328
[Fri Nov 11 23:02:07.393 2016] 4326, 3942, 2421, 11325
[Fri Nov 11 23:02:07.498 2016] 4326, 3942, 2421, 11324
[Fri Nov 11 23:02:07.600 2016] 4328, 3945, 2423, 11332
[Fri Nov 11 23:02:07.705 2016] 4326, 3943, 2421, 11325
[Fri Nov 11 23:02:07.810 2016] 4326, 3943, 2421, 11326
[Fri Nov 11 23:02:07.910 2016] 4327, 3943, 2421, 11327
[Fri Nov 11 23:02:08.013 2016] 4326, 3942, 2421, 11325
[Fri Nov 11 23:02:08.116 2016] 4328, 3944, 2422, 11330
[Fri Nov 11 23:02:08.231 2016] 4326, 3942, 2420, 11325
[Fri Nov 11 23:02:08.323 2016] 4328, 3944, 2422, 11330
[Fri Nov 11 23:02:08.426 2016] 4329, 3945, 2423, 11333
[Fri Nov 11 23:02:08.529 2016] 4329, 3945, 2423, 11332
[Fri Nov 11 23:02:08.633 2016] 4330, 3946, 2424, 11336
[Fri Nov 11 23:02:08.736 2016] 4329, 3946, 2423, 11335
[Fri Nov 11 23:02:08.840 2016] 4329, 3946, 2424, 11336
[Fri Nov 11 23:02:08.943 2016] 4330, 3946, 2424, 11336
[Fri Nov 11 23:02:09.046 2016] 4330, 3946, 2424, 11336
[Fri Nov 11 23:02:09.149 2016] 4329, 3946, 2424, 11335
[Fri Nov 11 23:02:09.253 2016] 4329, 3946, 2423, 11335
[Fri Nov 11 23:02:09.356 2016] 4329, 3946, 2423, 11335
[Fri Nov 11 23:02:09.459 2016] 4329, 3946, 2424, 11335
[Fri Nov 11 23:02:09.563 2016] 4330, 3946, 2424, 11335
[Fri Nov 11 23:02:09.666 2016] 4329, 3945, 2423, 11334
[Fri Nov 11 23:02:09.769 2016] 4331, 3948, 2425, 11339
[Fri Nov 11 23:02:09.872 2016] 4331, 3948, 2425, 11341
[Fri Nov 11 23:02:09.976 2016] 4331, 3948, 2425, 11341
[Fri Nov 11 23:02:10.079 2016] 4331, 3948, 2425, 11341
[Fri Nov 11 23:02:10.182 2016] 4331, 3948, 2426, 11341
[Fri Nov 11 23:02:10.286 2016] 4331, 3948, 2425, 11340
[Fri Nov 11 23:02:10.389 2016] 4331, 3948, 2425, 11340
[Fri Nov 11 23:02:10.493 2016] 4331, 3948, 2425, 11340
[Fri Nov 11 23:02:10.596 2016] 4328, 3944, 2422, 11330
[Fri Nov 11 23:02:10.700 2016] 4329, 3946, 2424, 11335
[Fri Nov 11 23:02:10.803 2016] 4328, 3944, 2423, 11331
[Fri Nov 11 23:02:10.906 2016] 4329, 3946, 2424, 11336
[Fri Nov 11 23:02:11.009 2016] 4325, 3941, 2420, 11321
[Fri Nov 11 23:02:11.113 2016] 4328, 3945, 2423, 11331
[Fri Nov 11 23:02:11.217 2016] 4325, 3941, 2420, 11322
[Fri Nov 11 23:02:11.320 2016] 4326, 3942, 2421, 11325
[Fri Nov 11 23:02:11.424 2016] 4326, 3942, 2421, 11325
[Fri Nov 11 23:02:11.527 2016] 4327, 3944, 2422, 11328
[Fri Nov 11 23:02:11.630 2016] 4327, 3944, 2422, 11328
[Fri Nov 11 23:02:11.733 2016] 4328, 3945, 2423, 11332
[Fri Nov 11 23:02:11.837 2016] 4328, 3945, 2423, 11332
[Fri Nov 11 23:02:11.940 2016] 4329, 3945, 2423, 11334
[Fri Nov 11 23:02:12.043 2016] 4329, 3945, 2423, 11334
[Fri Nov 11 23:02:12.146 2016] 4329, 3946, 2424, 11335
[Fri Nov 11 23:02:12.252 2016] 4329, 3946, 2424, 11335
[Fri Nov 11 23:02:12.353 2016] 4329, 3946, 2424, 11335
[Fri Nov 11 23:02:12.459 2016] 4329, 3946, 2424, 11334
[Fri Nov 11 23:02:12.560 2016] 4329, 3945, 2424, 11334
[Fri Nov 11 23:02:12.664 2016] 4329, 3945, 2423, 11334
[Fri Nov 11 23:02:12.770 2016] 4329, 3945, 2423, 11334
[Fri Nov 11 23:02:12.870 2016] 4329, 3945, 2423, 11334
[Fri Nov 11 23:02:12.973 2016] 4329, 3946, 2423, 11334
[Fri Nov 11 23:02:13.079 2016] 4329, 3946, 2424, 11334
[Fri Nov 11 23:02:13.183 2016] 4329, 3945, 2423, 11334
[Fri Nov 11 23:02:13.283 2016] 4329, 3946, 2424, 11335
[Fri Nov 11 23:02:13.388 2016] 4329, 3946, 2424, 11335
[Fri Nov 11 23:02:13.492 2016] 4329, 3946, 2424, 11335
[Fri Nov 11 23:02:13.593 2016] 4329, 3946, 2423, 11334
[Fri Nov 11 23:02:13.698 2016] 4329, 3945, 2423, 11334
[Fri Nov 11 23:02:13.801 2016] 4329, 3945, 2423, 11334
[Fri Nov 11 23:02:13.903 2016] 4329, 3946, 2424, 11335
[Fri Nov 11 23:02:14.007 2016] 4329, 3946, 2424, 11335
[Fri Nov 11 23:02:14.110 2016] 4329, 3945, 2423, 11333
[Fri Nov 11 23:02:14.213 2016] 4329, 3945, 2423, 11333
[Fri Nov 11 23:02:14.316 2016] 4329, 3946, 2424, 11334
[Fri Nov 11 23:02:14.420 2016] 4329, 3946, 2423, 11334
[Fri Nov 11 23:02:14.523 2016] 4329, 3946, 2424, 11335
[Fri Nov 11 23:02:14.626 2016] 4329, 3946, 2424, 11335
[Fri Nov 11 23:02:14.730 2016] 4329, 3945, 2423, 11334
[Fri Nov 11 23:02:14.834 2016] 4329, 3946, 2424, 11334
[Fri Nov 11 23:02:14.937 2016] 4329, 3946, 2424, 11335
[Fri Nov 11 23:02:15.039 2016] 4329, 3946, 2423, 11334
[Fri Nov 11 23:02:15.146 2016] 4330, 3946, 2424, 11336
[Fri Nov 11 23:02:15.247 2016] 4330, 3946, 2424, 11336
[Fri Nov 11 23:02:15.352 2016] 4330, 3946, 2424, 11336
[Fri Nov 11 23:02:15.454 2016] 4330, 3946, 2424, 11336
[Fri Nov 11 23:02:15.556 2016] 4330, 3946, 2424, 11336
[Fri Nov 11 23:02:15.662 2016] 4329, 3946, 2424, 11335
[Fri Nov 11 23:02:15.763 2016] 4329, 3946, 2424, 11334
[Fri Nov 11 23:02:15.866 2016] 4329, 3946, 2424, 11334
[Fri Nov 11 23:02:15.969 2016] 4329, 3946, 2424, 11334
[Fri Nov 11 23:02:16.075 2016] 4329, 3946, 2424, 11335
[Fri Nov 11 23:02:16.178 2016] 4329, 3946, 2424, 11334
[Fri Nov 11 23:02:16.280 2016] 4329, 3946, 2423, 11334
[Fri Nov 11 23:02:16.385 2016] 4330, 3946, 2424, 11336
[Fri Nov 11 23:02:16.486 2016] 4329, 3946, 2424, 11334
[Fri Nov 11 23:02:16.592 2016] 4329, 3946, 2424, 11334
[Fri Nov 11 23:02:16.694 2016] 4329, 3945, 2423, 11333
[Fri Nov 11 23:02:16.798 2016] 4329, 3946, 2424, 11334
[Fri Nov 11 23:02:16.901 2016] 4329, 3946, 2424, 11335
[Fri Nov 11 23:02:17.003 2016] 4329, 3945, 2423, 11334
[Fri Nov 11 23:02:17.106 2016] 4329, 3946, 2424, 11334
[Fri Nov 11 23:02:17.209 2016] 4329, 3946, 2424, 11335
[Fri Nov 11 23:02:17.317 2016] 4329, 3946, 2424, 11335
[Fri Nov 11 23:02:17.416 2016] 4329, 3946, 2424, 11335
[Fri Nov 11 23:02:17.519 2016] 4330, 3946, 2424, 11335
[Fri Nov 11 23:02:17.623 2016] 4330, 3946, 2424, 11335
[Fri Nov 11 23:02:17.726 2016] 4330, 3946, 2424, 11336
[Fri Nov 11 23:02:17.832 2016] 4330, 3947, 2424, 11336
[Fri Nov 11 23:02:17.933 2016] 4330, 3947, 2424, 11337
[Fri Nov 11 23:02:18.037 2016] 4330, 3946, 2424, 11336
[Fri Nov 11 23:02:18.139 2016] 4330, 3946, 2424, 11336
[Fri Nov 11 23:02:18.243 2016] 4329, 3946, 2424, 11335
[Fri Nov 11 23:02:18.348 2016] 4330, 3947, 2424, 11337
[Fri Nov 11 23:02:18.452 2016] 4330, 3946, 2424, 11337
[Fri Nov 11 23:02:18.554 2016] 4330, 3946, 2424, 11336
[Fri Nov 11 23:02:18.659 2016] 4330, 3946, 2424, 11337
[Fri Nov 11 23:02:18.763 2016] 4329, 3946, 2424, 11335
[Fri Nov 11 23:02:18.864 2016] 4330, 3946, 2424, 11335
[Fri Nov 11 23:02:18.967 2016] 4330, 3947, 2424, 11336
[Fri Nov 11 23:02:19.071 2016] 4329, 3946, 2423, 11334
[Fri Nov 11 23:02:19.174 2016] 4329, 3946, 2423, 11335
[Fri Nov 11 23:02:19.277 2016] 4329, 3946, 2424, 11335
[Fri Nov 11 23:02:19.380 2016] 4329, 3946, 2424, 11335
[Fri Nov 11 23:02:19.484 2016] 4329, 3946, 2423, 11335
[Fri Nov 11 23:02:19.587 2016] 4329, 3946, 2423, 11334
[Fri Nov 11 23:02:19.690 2016] 4329, 3946, 2424, 11335
[Fri Nov 11 23:02:19.794 2016] 4330, 3946, 2424, 11335
[Fri Nov 11 23:02:19.897 2016] 4329, 3946, 2424, 11335
[Fri Nov 11 23:02:20.001 2016] 4329, 3946, 2423, 11334
[Fri Nov 11 23:02:20.105 2016] 4329, 3946, 2424, 11336
[Fri Nov 11 23:02:20.210 2016] 4329, 3946, 2424, 11335
[Fri Nov 11 23:02:20.320 2016] 4329, 3946, 2424, 11335
[Fri Nov 11 23:02:20.418 2016] 4329, 3946, 2424, 11336
[Fri Nov 11 23:02:20.518 2016] 4329, 3946, 2424, 11336
[Fri Nov 11 23:02:20.621 2016] 4330, 3946, 2424, 11336
[Fri Nov 11 23:02:20.725 2016] 4329, 3946, 2424, 11335
[Fri Nov 11 23:02:20.828 2016] 4329, 3946, 2424, 11335
[Fri Nov 11 23:02:20.931 2016] 4329, 3946, 2424, 11336
[Fri Nov 11 23:02:21.034 2016] 4330, 3946, 2424, 11336
[Fri Nov 11 23:02:21.137 2016] 4329, 3946, 2424, 11335
[Fri Nov 11 23:02:21.240 2016] 4329, 3945, 2424, 11334
[Fri Nov 11 23:02:21.344 2016] 4329, 3946, 2424, 11335
[Fri Nov 11 23:02:21.448 2016] 4329, 3946, 2424, 11335
[Fri Nov 11 23:02:21.551 2016] 4329, 3946, 2424, 11335
[Fri Nov 11 23:02:21.654 2016] 4329, 3946, 2424, 11334
[Fri Nov 11 23:02:21.757 2016] 4329, 3945, 2423, 11334
[Fri Nov 11 23:02:21.860 2016] 4329, 3945, 2424, 11334
[Fri Nov 11 23:02:21.964 2016] 4329, 3945, 2424, 11334
[Fri Nov 11 23:02:22.067 2016] 4329, 3946, 2424, 11335
[Fri Nov 11 23:02:22.170 2016] 4329, 3946, 2424, 11335
[Fri Nov 11 23:02:22.274 2016] 4329, 3945, 2423, 11334
[Fri Nov 11 23:02:22.377 2016] 4329, 3945, 2423, 11334
[Fri Nov 11 23:02:22.481 2016] 4329, 3945, 2423, 11333
[Fri Nov 11 23:02:22.584 2016] 4329, 3945, 2423, 11333
[Fri Nov 11 23:02:22.687 2016] 4329, 3945, 2423, 11333
[Fri Nov 11 23:02:22.790 2016] 4329, 3945, 2423, 11334
[Fri Nov 11 23:02:22.894 2016] 4329, 3945, 2423, 11333
[Fri Nov 11 23:02:22.997 2016] 4329, 3945, 2423, 11333
[Fri Nov 11 23:02:23.101 2016] 4328, 3945, 2423, 11332
[Fri Nov 11 23:02:23.204 2016] 4328, 3945, 2423, 11332
[Fri Nov 11 23:02:23.307 2016] 4329, 3945, 2423, 11333
[Fri Nov 11 23:02:23.410 2016] 4329, 3945, 2423, 11333
[Fri Nov 11 23:02:23.515 2016] 4329, 3945, 2423, 11334
[Fri Nov 11 23:02:23.618 2016] 4329, 3945, 2423, 11333
[Fri Nov 11 23:02:23.721 2016] 4329, 3945, 2423, 11333
[Fri Nov 11 23:02:23.824 2016] 4329, 3945, 2423, 11334
[Fri Nov 11 23:02:23.928 2016] 4329, 3946, 2423, 11334
[Fri Nov 11 23:02:24.033 2016] 4329, 3946, 2423, 11334
[Fri Nov 11 23:02:24.134 2016] 4329, 3945, 2423, 11333
[Fri Nov 11 23:02:24.238 2016] 4329, 3945, 2423, 11333
[Fri Nov 11 23:02:24.341 2016] 4329, 3946, 2424, 11334
[Fri Nov 11 23:02:24.444 2016] 4329, 3945, 2423, 11333
[Fri Nov 11 23:02:24.548 2016] 4329, 3945, 2423, 11334
[Fri Nov 11 23:02:24.651 2016] 4329, 3945, 2423, 11333
[Fri Nov 11 23:02:24.754 2016] 4329, 3945, 2423, 11333
[Fri Nov 11 23:02:24.858 2016] 4329, 3945, 2423, 11334
[Fri Nov 11 23:02:24.961 2016] 4329, 3945, 2423, 11334
[Fri Nov 11 23:02:25.064 2016] 4329, 3946, 2423, 11334
[Fri Nov 11 23:02:25.167 2016] 4329, 3946, 2423, 11334
[Fri Nov 11 23:02:25.271 2016] 4329, 3946, 2424, 11335
[Fri Nov 11 23:02:25.375 2016] 4329, 3945, 2423, 11335
[Fri Nov 11 23:02:25.478 2016] 4329, 3945, 2423, 11334
[Fri Nov 11 23:02:25.581 2016] 4329, 3945, 2423, 11334
[Fri Nov 11 23:02:25.684 2016] 4329, 3945, 2423, 11334
[Fri Nov 11 23:02:25.788 2016] 4329, 3945, 2423, 11335
[Fri Nov 11 23:02:25.892 2016] 4329, 3945, 2423, 11334
[Fri Nov 11 23:02:25.995 2016] 4329, 3945, 2423, 11334
[Fri Nov 11 23:02:26.098 2016] 4328, 3945, 2423, 11332
[Fri Nov 11 23:02:26.202 2016] 4328, 3945, 2423, 11332
[Fri Nov 11 23:02:26.306 2016] 4328, 3945, 2423, 11332
[Fri Nov 11 23:02:26.409 2016] 4328, 3945, 2423, 11332
[Fri Nov 11 23:02:26.512 2016] 4328, 3945, 2423, 11332
[Fri Nov 11 23:02:26.615 2016] 4328, 3945, 2423, 11332
[Fri Nov 11 23:02:26.718 2016] 4328, 3945, 2423, 11333
[Fri Nov 11 23:02:26.822 2016] 4328, 3945, 2423, 11332
[Fri Nov 11 23:02:26.925 2016] 4328, 3945, 2423, 11333
[Fri Nov 11 23:02:27.029 2016] 4328, 3945, 2423, 11333
[Fri Nov 11 23:02:27.132 2016] 4329, 3945, 2423, 11333
[Fri Nov 11 23:02:27.237 2016] 4329, 3945, 2423, 11333
[Fri Nov 11 23:02:27.339 2016] 4329, 3945, 2423, 11333
[Fri Nov 11 23:02:27.442 2016] 4329, 3945, 2423, 11333
[Fri Nov 11 23:02:27.545 2016] 4329, 3945, 2423, 11333
[Fri Nov 11 23:02:27.649 2016] 4328, 3945, 2423, 11332
[Fri Nov 11 23:02:27.752 2016] 4328, 3945, 2423, 11332
[Fri Nov 11 23:02:27.855 2016] 4328, 3945, 2423, 11332
[Fri Nov 11 23:02:27.958 2016] 4328, 3945, 2423, 11332
[Fri Nov 11 23:02:28.062 2016] 4329, 3946, 2423, 11334
[Fri Nov 11 23:02:28.165 2016] 4329, 3945, 2423, 11334
[Fri Nov 11 23:02:28.268 2016] 4329, 3945, 2424, 11334
[Fri Nov 11 23:02:28.372 2016] 4329, 3945, 2423, 11333
[Fri Nov 11 23:02:28.475 2016] 4329, 3946, 2423, 11335
[Fri Nov 11 23:02:28.578 2016] 4329, 3946, 2424, 11335
[Fri Nov 11 23:02:28.682 2016] 4329, 3946, 2424, 11334
[Fri Nov 11 23:02:28.785 2016] 4329, 3946, 2424, 11334
[Fri Nov 11 23:02:28.888 2016] 4329, 3946, 2423, 11334
[Fri Nov 11 23:02:28.992 2016] 4329, 3946, 2423, 11334
[Fri Nov 11 23:02:29.095 2016] 4329, 3945, 2423, 11334
[Fri Nov 11 23:02:29.199 2016] 4329, 3945, 2423, 11333
[Fri Nov 11 23:02:29.302 2016] 4328, 3945, 2423, 11331
[Fri Nov 11 23:02:29.406 2016] 4329, 3945, 2423, 11333
[Fri Nov 11 23:02:29.509 2016] 4329, 3946, 2423, 11334
[Fri Nov 11 23:02:29.612 2016] 4329, 3945, 2423, 11334
[Fri Nov 11 23:02:29.716 2016] 4329, 3945, 2423, 11333
[Fri Nov 11 23:02:29.819 2016] 4329, 3945, 2423, 11333
[Fri Nov 11 23:02:29.922 2016] 4329, 3945, 2423, 11334
[Fri Nov 11 23:02:30.026 2016] 4329, 3945, 2423, 11333
[Fri Nov 11 23:02:30.129 2016] 4328, 3945, 2423, 11332
[Fri Nov 11 23:02:30.232 2016] 4329, 3945, 2423, 11334
[Fri Nov 11 23:02:30.335 2016] 4329, 3945, 2423, 11334
[Fri Nov 11 23:02:30.439 2016] 4329, 3945, 2423, 11334
[Fri Nov 11 23:02:30.542 2016] 4328, 3945, 2423, 11333
[Fri Nov 11 23:02:30.645 2016] 4328, 3945, 2423, 11333
[Fri Nov 11 23:02:30.749 2016] 4329, 3945, 2423, 11334
[Fri Nov 11 23:02:30.854 2016] 4328, 3945, 2423, 11332
[Fri Nov 11 23:02:30.956 2016] 4329, 3945, 2423, 11334
[Fri Nov 11 23:02:31.059 2016] 4329, 3945, 2423, 11334
[Fri Nov 11 23:02:31.162 2016] 4329, 3945, 2423, 11333
[Fri Nov 11 23:02:31.266 2016] 4329, 3945, 2423, 11333
[Fri Nov 11 23:02:31.369 2016] 4329, 3945, 2423, 11333
[Fri Nov 11 23:02:31.472 2016] 4328, 3945, 2423, 11332
[Fri Nov 11 23:02:31.575 2016] 4329, 3945, 2423, 11333
[Fri Nov 11 23:02:31.679 2016] 4329, 3945, 2423, 11334
[Fri Nov 11 23:02:31.782 2016] 4329, 3946, 2423, 11334
[Fri Nov 11 23:02:31.885 2016] 4329, 3945, 2423, 11333
[Fri Nov 11 23:02:31.989 2016] 4329, 3945, 2423, 11332
[Fri Nov 11 23:02:32.092 2016] 4329, 3945, 2423, 11334
[Fri Nov 11 23:02:32.196 2016] 4329, 3946, 2423, 11333
[Fri Nov 11 23:02:32.299 2016] 4329, 3945, 2423, 11332
[Fri Nov 11 23:02:32.402 2016] 4329, 3945, 2423, 11333
[Fri Nov 11 23:02:32.507 2016] 4329, 3945, 2423, 11333
[Fri Nov 11 23:02:32.609 2016] 4329, 3945, 2423, 11333
[Fri Nov 11 23:02:32.712 2016] 4329, 3945, 2423, 11334
[Fri Nov 11 23:02:32.816 2016] 4329, 3945, 2423, 11333
[Fri Nov 11 23:02:32.919 2016] 4329, 3946, 2423, 11334
[Fri Nov 11 23:02:33.022 2016] 4328, 3945, 2423, 11333
[Fri Nov 11 23:02:33.126 2016] 4329, 3946, 2424, 11336
[Fri Nov 11 23:02:33.229 2016] 4329, 3946, 2424, 11335
[Fri Nov 11 23:02:33.333 2016] 4329, 3946, 2424, 11336
[Fri Nov 11 23:02:33.436 2016] 4328, 3945, 2423, 11332
[Fri Nov 11 23:02:33.539 2016] 4329, 3946, 2424, 11334
[Fri Nov 11 23:02:33.643 2016] 4329, 3946, 2424, 11335
[Fri Nov 11 23:02:33.746 2016] 4329, 3946, 2424, 11336
[Fri Nov 11 23:02:33.849 2016] 4329, 3946, 2424, 11335
[Fri Nov 11 23:02:33.952 2016] 4329, 3946, 2424, 11335
