[Fri Nov 11 22:54:53.193 2016] 68, 36, 28, 110
[Fri Nov 11 22:54:53.199 2016] 68, 36, 28, 110
[Fri Nov 11 22:54:53.199 2016] 68, 36, 28, 110
[Fri Nov 11 22:54:53.199 2016] 68, 36, 28, 110
[Fri Nov 11 22:54:53.199 2016] 68, 36, 28, 110
[Fri Nov 11 22:54:53.199 2016] 68, 36, 28, 110
[Fri Nov 11 22:54:53.199 2016] 68, 36, 28, 110
[Fri Nov 11 22:54:53.199 2016] 68, 36, 28, 110
[Fri Nov 11 22:54:53.199 2016] 68, 36, 28, 110
[Fri Nov 11 22:54:53.199 2016] 68, 36, 28, 110
[Fri Nov 11 22:54:53.199 2016] 68, 36, 28, 110
[Fri Nov 11 22:54:53.199 2016] 68, 36, 28, 110
[Fri Nov 11 22:54:53.199 2016] 68, 36, 28, 110
[Fri Nov 11 22:54:53.199 2016] 68, 36, 28, 110
[Fri Nov 11 22:54:53.199 2016] 68, 36, 28, 110
[Fri Nov 11 22:54:53.199 2016] 68, 36, 28, 110
[Fri Nov 11 22:54:53.199 2016] 68, 36, 28, 110
[Fri Nov 11 22:54:53.199 2016] 68, 36, 28, 110
[Fri Nov 11 22:54:53.199 2016] 68, 36, 28, 109
[Fri Nov 11 22:54:53.199 2016] 68, 36, 28, 110
[Fri Nov 11 22:54:53.199 2016] 68, 36, 28, 110
[Fri Nov 11 22:54:53.199 2016] 68, 36, 28, 110
[Fri Nov 11 22:54:53.199 2016] 68, 36, 28, 110
[Fri Nov 11 22:54:53.199 2016] 68, 36, 28, 110
[Fri Nov 11 22:54:53.199 2016] 68, 36, 28, 110
[Fri Nov 11 22:54:53.199 2016] 68, 36, 28, 110
[Fri Nov 11 22:54:53.199 2016] 68, 36, 28, 110
[Fri Nov 11 22:54:53.199 2016] 68, 36, 28, 109
[Fri Nov 11 22:54:53.199 2016] 68, 36, 28, 110
[Fri Nov 11 22:54:53.199 2016] 68, 36, 28, 109
[Fri Nov 11 22:54:53.199 2016] 68, 36, 28, 110
[Fri Nov 11 22:54:53.199 2016] 68, 36, 28, 110
[Fri Nov 11 22:54:53.199 2016] 68, 36, 28, 110
[Fri Nov 11 22:54:53.199 2016] 68, 36, 28, 110
[Fri Nov 11 22:54:53.199 2016] 68, 36, 28, 110
[Fri Nov 11 22:54:53.199 2016] 68, 36, 28, 110
[Fri Nov 11 22:54:53.199 2016] 68, 36, 28, 109
[Fri Nov 11 22:54:53.199 2016] 68, 36, 28, 110
[Fri Nov 11 22:54:53.199 2016] 68, 36, 28, 109
[Fri Nov 11 22:54:53.199 2016] 68, 36, 28, 110
[Fri Nov 11 22:54:53.199 2016] 68, 36, 28, 110
[Fri Nov 11 22:54:53.199 2016] 68, 36, 28, 110
[Fri Nov 11 22:54:53.199 2016] 68, 36, 28, 110
[Fri Nov 11 22:54:53.199 2016] 68, 36, 28, 110
[Fri Nov 11 22:54:53.199 2016] 68, 36, 28, 110
[Fri Nov 11 22:54:53.199 2016] 68, 36, 28, 109
[Fri Nov 11 22:54:53.199 2016] 68, 36, 28, 110
[Fri Nov 11 22:54:53.199 2016] 68, 36, 28, 110
[Fri Nov 11 22:54:53.199 2016] 68, 36, 28, 110
[Fri Nov 11 22:54:53.199 2016] 68, 36, 28, 109
[Fri Nov 11 22:54:53.199 2016] 68, 36, 28, 110
[Fri Nov 11 22:54:53.199 2016] 68, 36, 28, 110
[Fri Nov 11 22:54:53.199 2016] 68, 36, 28, 110
[Fri Nov 11 22:54:53.199 2016] 68, 36, 28, 110
[Fri Nov 11 22:54:53.199 2016] 68, 36, 28, 110
[Fri Nov 11 22:54:53.199 2016] 68, 36, 28, 110
[Fri Nov 11 22:54:53.199 2016] 68, 36, 28, 110
[Fri Nov 11 22:54:53.199 2016] 68, 36, 28, 110
[Fri Nov 11 22:54:53.199 2016] 68, 36, 28, 110
[Fri Nov 11 22:54:53.199 2016] 68, 36, 28, 110
[Fri Nov 11 22:54:53.199 2016] 68, 36, 28, 110
[Fri Nov 11 22:54:53.199 2016] 68, 36, 28, 110
[Fri Nov 11 22:54:53.199 2016] 68, 36, 28, 110
[Fri Nov 11 22:54:53.199 2016] 68, 36, 28, 110
[Fri Nov 11 22:54:53.199 2016] 68, 36, 28, 110
[Fri Nov 11 22:54:53.204 2016] 68, 36, 28, 110
[Fri Nov 11 22:54:53.204 2016] 68, 36, 28, 109
[Fri Nov 11 22:54:53.204 2016] 68, 36, 28, 110
[Fri Nov 11 22:54:53.204 2016] 68, 36, 28, 109
[Fri Nov 11 22:54:53.204 2016] 68, 36, 28, 110
[Fri Nov 11 22:54:53.204 2016] 68, 36, 28, 110
[Fri Nov 11 22:54:53.204 2016] 68, 36, 28, 110
[Fri Nov 11 22:54:53.204 2016] 68, 36, 28, 110
[Fri Nov 11 22:54:53.204 2016] 68, 36, 28, 110
[Fri Nov 11 22:54:53.204 2016] 68, 36, 28, 110
[Fri Nov 11 22:54:53.204 2016] 68, 36, 28, 110
[Fri Nov 11 22:54:53.204 2016] 68, 36, 28, 110
[Fri Nov 11 22:54:53.204 2016] 68, 36, 28, 110
[Fri Nov 11 22:54:53.204 2016] 68, 36, 28, 110
[Fri Nov 11 22:54:53.204 2016] 68, 36, 28, 109
[Fri Nov 11 22:54:53.204 2016] 68, 36, 28, 110
[Fri Nov 11 22:54:53.204 2016] 68, 36, 28, 110
[Fri Nov 11 22:54:53.204 2016] 68, 36, 28, 110
[Fri Nov 11 22:54:53.204 2016] 68, 36, 28, 110
[Fri Nov 11 22:54:53.204 2016] 68, 36, 28, 109
[Fri Nov 11 22:54:53.204 2016] 68, 36, 28, 110
[Fri Nov 11 22:54:53.204 2016] 68, 36, 28, 109
[Fri Nov 11 22:54:53.204 2016] 68, 36, 28, 110
[Fri Nov 11 22:54:53.204 2016] 68, 36, 28, 109
[Fri Nov 11 22:54:53.204 2016] 68, 36, 28, 110
[Fri Nov 11 22:54:53.204 2016] 68, 36, 28, 109
[Fri Nov 11 22:54:53.204 2016] 68, 36, 28, 110
[Fri Nov 11 22:54:53.204 2016] 68, 36, 28, 110
[Fri Nov 11 22:54:53.204 2016] 68, 36, 28, 110
[Fri Nov 11 22:54:53.204 2016] 68, 36, 28, 110
[Fri Nov 11 22:54:53.204 2016] 68, 36, 28, 109
[Fri Nov 11 22:54:53.204 2016] 68, 36, 28, 110
[Fri Nov 11 22:54:53.204 2016] 68, 36, 28, 109
[Fri Nov 11 22:54:53.204 2016] 68, 36, 28, 110
[Fri Nov 11 22:54:53.204 2016] 68, 36, 28, 109
[Fri Nov 11 22:54:53.204 2016] 68, 36, 28, 110
[Fri Nov 11 22:54:53.204 2016] 68, 36, 28, 109
[Fri Nov 11 22:54:53.204 2016] 68, 36, 28, 109
[Fri Nov 11 22:54:53.204 2016] 68, 36, 28, 110
[Fri Nov 11 22:54:53.204 2016] 68, 36, 28, 110
[Fri Nov 11 22:54:53.204 2016] 68, 36, 28, 109
[Fri Nov 11 22:54:53.204 2016] 68, 36, 28, 110
[Fri Nov 11 22:54:53.285 2016] 68, 36, 28, 109
[Fri Nov 11 22:54:53.388 2016] 68, 36, 28, 110
[Fri Nov 11 22:54:53.491 2016] 68, 36, 28, 109
[Fri Nov 11 22:54:53.597 2016] 68, 36, 28, 110
[Fri Nov 11 22:54:53.701 2016] 68, 36, 28, 109
[Fri Nov 11 22:54:53.802 2016] 68, 36, 28, 110
[Fri Nov 11 22:54:53.907 2016] 68, 36, 28, 110
[Fri Nov 11 22:54:54.010 2016] 68, 36, 28, 109
[Fri Nov 11 22:54:54.113 2016] 68, 36, 28, 110
[Fri Nov 11 22:54:54.218 2016] 68, 36, 28, 109
[Fri Nov 11 22:54:54.320 2016] 68, 36, 28, 110
[Fri Nov 11 22:54:54.423 2016] 68, 36, 28, 109
[Fri Nov 11 22:54:54.527 2016] 68, 36, 28, 110
[Fri Nov 11 22:54:54.630 2016] 68, 36, 28, 109
[Fri Nov 11 22:54:54.733 2016] 68, 36, 28, 110
[Fri Nov 11 22:54:54.834 2016] 68, 36, 28, 110
[Fri Nov 11 22:54:54.938 2016] 68, 36, 28, 109
[Fri Nov 11 22:54:55.043 2016] 68, 36, 28, 110
[Fri Nov 11 22:54:55.146 2016] 68, 36, 28, 109
[Fri Nov 11 22:54:55.248 2016] 68, 36, 28, 110
[Fri Nov 11 22:54:55.353 2016] 68, 36, 28, 109
[Fri Nov 11 22:54:55.456 2016] 68, 36, 28, 110
[Fri Nov 11 22:54:55.560 2016] 68, 36, 28, 109
[Fri Nov 11 22:54:55.664 2016] 68, 36, 28, 110
[Fri Nov 11 22:54:55.766 2016] 68, 36, 28, 109
[Fri Nov 11 22:54:55.871 2016] 68, 36, 28, 110
[Fri Nov 11 22:54:55.972 2016] 68, 36, 28, 110
[Fri Nov 11 22:54:56.077 2016] 68, 36, 28, 109
[Fri Nov 11 22:54:56.178 2016] 68, 36, 28, 110
[Fri Nov 11 22:54:56.282 2016] 68, 36, 28, 109
[Fri Nov 11 22:54:56.385 2016] 68, 36, 28, 110
[Fri Nov 11 22:54:56.491 2016] 68, 36, 28, 109
[Fri Nov 11 22:54:56.594 2016] 68, 36, 28, 110
[Fri Nov 11 22:54:56.699 2016] 68, 36, 28, 109
[Fri Nov 11 22:54:56.800 2016] 68, 36, 28, 110
[Fri Nov 11 22:54:56.902 2016] 68, 36, 28, 110
[Fri Nov 11 22:54:57.007 2016] 68, 36, 28, 109
[Fri Nov 11 22:54:57.110 2016] 68, 36, 28, 110
[Fri Nov 11 22:54:57.214 2016] 68, 36, 28, 109
[Fri Nov 11 22:54:57.315 2016] 68, 36, 28, 110
[Fri Nov 11 22:54:57.418 2016] 68, 36, 28, 109
[Fri Nov 11 22:54:57.523 2016] 68, 36, 28, 110
[Fri Nov 11 22:54:57.626 2016] 68, 36, 28, 109
[Fri Nov 11 22:54:57.730 2016] 68, 36, 28, 110
[Fri Nov 11 22:54:57.831 2016] 68, 36, 28, 110
[Fri Nov 11 22:54:57.934 2016] 68, 36, 28, 109
[Fri Nov 11 22:54:58.040 2016] 68, 36, 28, 109
[Fri Nov 11 22:54:58.143 2016] 68, 36, 28, 110
[Fri Nov 11 22:54:58.247 2016] 68, 36, 28, 109
[Fri Nov 11 22:54:58.350 2016] 68, 36, 28, 110
[Fri Nov 11 22:54:58.453 2016] 68, 36, 28, 109
[Fri Nov 11 22:54:58.557 2016] 68, 36, 28, 110
[Fri Nov 11 22:54:58.659 2016] 68, 36, 28, 109
[Fri Nov 11 22:54:58.763 2016] 68, 36, 28, 110
[Fri Nov 11 22:54:58.866 2016] 68, 36, 28, 110
[Fri Nov 11 22:54:58.969 2016] 68, 36, 28, 110
[Fri Nov 11 22:54:59.072 2016] 68, 36, 28, 110
[Fri Nov 11 22:54:59.175 2016] 68, 36, 28, 109
[Fri Nov 11 22:54:59.277 2016] 68, 36, 28, 110
[Fri Nov 11 22:54:59.381 2016] 68, 36, 28, 109
[Fri Nov 11 22:54:59.489 2016] 68, 36, 28, 110
[Fri Nov 11 22:54:59.590 2016] 68, 36, 28, 109
[Fri Nov 11 22:54:59.693 2016] 68, 36, 28, 110
[Fri Nov 11 22:54:59.796 2016] 68, 36, 28, 110
[Fri Nov 11 22:54:59.899 2016] 68, 36, 28, 110
[Fri Nov 11 22:55:00.003 2016] 68, 36, 28, 110
[Fri Nov 11 22:55:00.106 2016] 68, 36, 28, 110
[Fri Nov 11 22:55:00.210 2016] 68, 36, 28, 110
[Fri Nov 11 22:55:00.314 2016] 68, 36, 28, 109
[Fri Nov 11 22:55:00.416 2016] 68, 36, 28, 110
[Fri Nov 11 22:55:00.522 2016] 68, 36, 28, 109
[Fri Nov 11 22:55:00.623 2016] 68, 36, 28, 110
[Fri Nov 11 22:55:00.727 2016] 68, 36, 28, 110
[Fri Nov 11 22:55:00.828 2016] 68, 36, 28, 110
[Fri Nov 11 22:55:00.931 2016] 68, 36, 28, 110
[Fri Nov 11 22:55:01.034 2016] 68, 36, 28, 110
[Fri Nov 11 22:55:01.139 2016] 68, 36, 28, 110
[Fri Nov 11 22:55:01.241 2016] 68, 36, 28, 109
[Fri Nov 11 22:55:01.348 2016] 68, 36, 28, 110
[Fri Nov 11 22:55:01.451 2016] 68, 36, 28, 109
[Fri Nov 11 22:55:01.554 2016] 68, 36, 28, 110
[Fri Nov 11 22:55:01.658 2016] 68, 36, 28, 110
[Fri Nov 11 22:55:01.761 2016] 68, 36, 28, 110
[Fri Nov 11 22:55:01.864 2016] 68, 36, 28, 110
[Fri Nov 11 22:55:01.968 2016] 68, 36, 28, 110
[Fri Nov 11 22:55:02.070 2016] 68, 36, 28, 110
[Fri Nov 11 22:55:02.172 2016] 68, 36, 28, 110
[Fri Nov 11 22:55:02.275 2016] 68, 36, 28, 110
[Fri Nov 11 22:55:02.379 2016] 68, 36, 28, 110
[Fri Nov 11 22:55:02.485 2016] 68, 36, 28, 110
[Fri Nov 11 22:55:02.588 2016] 68, 36, 28, 110
[Fri Nov 11 22:55:02.692 2016] 68, 36, 28, 110
[Fri Nov 11 22:55:02.795 2016] 68, 36, 28, 110
[Fri Nov 11 22:55:02.898 2016] 68, 36, 28, 110
[Fri Nov 11 22:55:03.001 2016] 68, 36, 28, 110
[Fri Nov 11 22:55:03.105 2016] 68, 36, 28, 110
[Fri Nov 11 22:55:03.208 2016] 68, 36, 28, 110
[Fri Nov 11 22:55:03.309 2016] 68, 36, 28, 110
[Fri Nov 11 22:55:03.414 2016] 68, 36, 28, 110
[Fri Nov 11 22:55:03.517 2016] 68, 36, 28, 110
[Fri Nov 11 22:55:03.621 2016] 68, 36, 28, 110
[Fri Nov 11 22:55:03.724 2016] 68, 36, 28, 110
[Fri Nov 11 22:55:03.825 2016] 68, 36, 28, 110
[Fri Nov 11 22:55:03.929 2016] 68, 36, 28, 110
[Fri Nov 11 22:55:04.034 2016] 68, 36, 28, 110
[Fri Nov 11 22:55:04.138 2016] 68, 36, 28, 110
[Fri Nov 11 22:55:04.241 2016] 68, 36, 28, 110
[Fri Nov 11 22:55:04.344 2016] 68, 36, 28, 110
[Fri Nov 11 22:55:04.448 2016] 68, 36, 28, 110
[Fri Nov 11 22:55:04.552 2016] 68, 36, 28, 110
[Fri Nov 11 22:55:04.654 2016] 68, 36, 28, 110
[Fri Nov 11 22:55:04.757 2016] 68, 36, 28, 110
[Fri Nov 11 22:55:04.861 2016] 68, 36, 28, 110
[Fri Nov 11 22:55:04.964 2016] 68, 36, 28, 110
[Fri Nov 11 22:55:05.067 2016] 68, 36, 28, 110
[Fri Nov 11 22:55:05.170 2016] 68, 36, 28, 110
[Fri Nov 11 22:55:05.272 2016] 68, 36, 28, 110
[Fri Nov 11 22:55:05.375 2016] 68, 36, 28, 110
[Fri Nov 11 22:55:05.479 2016] 68, 36, 28, 109
[Fri Nov 11 22:55:05.586 2016] 68, 36, 28, 110
[Fri Nov 11 22:55:05.690 2016] 68, 36, 28, 109
[Fri Nov 11 22:55:05.792 2016] 68, 36, 28, 110
[Fri Nov 11 22:55:05.894 2016] 68, 36, 28, 110
[Fri Nov 11 22:55:05.998 2016] 68, 36, 28, 110
[Fri Nov 11 22:55:06.101 2016] 68, 36, 28, 110
[Fri Nov 11 22:55:06.205 2016] 68, 36, 28, 110
[Fri Nov 11 22:55:06.309 2016] 68, 36, 28, 110
[Fri Nov 11 22:55:06.412 2016] 68, 36, 28, 110
[Fri Nov 11 22:55:06.515 2016] 68, 36, 28, 110
[Fri Nov 11 22:55:06.618 2016] 68, 36, 28, 109
[Fri Nov 11 22:55:06.723 2016] 68, 36, 28, 110
[Fri Nov 11 22:55:06.823 2016] 68, 36, 28, 110
[Fri Nov 11 22:55:06.926 2016] 68, 36, 28, 110
[Fri Nov 11 22:55:07.031 2016] 68, 36, 28, 110
[Fri Nov 11 22:55:07.135 2016] 68, 36, 28, 110
[Fri Nov 11 22:55:07.238 2016] 68, 36, 28, 110
[Fri Nov 11 22:55:07.339 2016] 68, 36, 28, 110
[Fri Nov 11 22:55:07.443 2016] 68, 36, 28, 110
[Fri Nov 11 22:55:07.547 2016] 68, 36, 28, 109
[Fri Nov 11 22:55:07.652 2016] 68, 36, 28, 110
[Fri Nov 11 22:55:07.755 2016] 68, 36, 28, 109
[Fri Nov 11 22:55:07.857 2016] 68, 36, 28, 109
[Fri Nov 11 22:55:07.960 2016] 68, 36, 28, 110
[Fri Nov 11 22:55:08.065 2016] 68, 36, 28, 109
[Fri Nov 11 22:55:08.166 2016] 68, 36, 28, 110
[Fri Nov 11 22:55:08.270 2016] 68, 36, 28, 109
[Fri Nov 11 22:55:08.373 2016] 68, 36, 28, 109
[Fri Nov 11 22:55:08.478 2016] 68, 36, 28, 110
[Fri Nov 11 22:55:08.580 2016] 68, 36, 28, 109
[Fri Nov 11 22:55:08.688 2016] 68, 36, 28, 110
[Fri Nov 11 22:55:08.788 2016] 68, 36, 28, 109
[Fri Nov 11 22:55:08.890 2016] 68, 36, 28, 110
[Fri Nov 11 22:55:08.995 2016] 68, 36, 28, 109
[Fri Nov 11 22:55:09.098 2016] 68, 36, 28, 110
[Fri Nov 11 22:55:09.201 2016] 68, 36, 28, 109
[Fri Nov 11 22:55:09.305 2016] 68, 36, 28, 109
[Fri Nov 11 22:55:09.411 2016] 68, 36, 28, 110
[Fri Nov 11 22:55:09.530 2016] 68, 36, 28, 109
[Fri Nov 11 22:55:09.617 2016] 68, 36, 28, 110
[Fri Nov 11 22:55:09.719 2016] 68, 36, 28, 109
[Fri Nov 11 22:55:09.821 2016] 68, 36, 28, 110
[Fri Nov 11 22:55:09.925 2016] 68, 36, 28, 109
[Fri Nov 11 22:55:10.028 2016] 68, 36, 28, 110
[Fri Nov 11 22:55:10.132 2016] 68, 36, 28, 110
[Fri Nov 11 22:55:10.235 2016] 68, 36, 28, 110
[Fri Nov 11 22:55:10.340 2016] 68, 36, 28, 110
[Fri Nov 11 22:55:10.442 2016] 68, 36, 28, 110
[Fri Nov 11 22:55:10.547 2016] 68, 36, 28, 110
[Fri Nov 11 22:55:10.652 2016] 68, 36, 28, 110
[Fri Nov 11 22:55:10.752 2016] 68, 36, 28, 110
[Fri Nov 11 22:55:10.854 2016] 68, 36, 28, 110
[Fri Nov 11 22:55:10.957 2016] 68, 36, 28, 110
[Fri Nov 11 22:55:11.062 2016] 68, 36, 28, 110
[Fri Nov 11 22:55:11.163 2016] 68, 36, 28, 110
[Fri Nov 11 22:55:11.267 2016] 68, 36, 28, 110
[Fri Nov 11 22:55:11.370 2016] 68, 36, 28, 110
[Fri Nov 11 22:55:11.476 2016] 68, 36, 28, 110
[Fri Nov 11 22:55:11.578 2016] 68, 36, 28, 110
[Fri Nov 11 22:55:11.682 2016] 68, 36, 28, 110
[Fri Nov 11 22:55:11.785 2016] 68, 36, 28, 110
[Fri Nov 11 22:55:11.888 2016] 68, 36, 28, 110
[Fri Nov 11 22:55:11.992 2016] 68, 36, 28, 110
[Fri Nov 11 22:55:12.095 2016] 68, 36, 28, 110
[Fri Nov 11 22:55:12.198 2016] 68, 36, 28, 110
[Fri Nov 11 22:55:12.302 2016] 68, 36, 28, 110
[Fri Nov 11 22:55:12.405 2016] 68, 36, 28, 110
[Fri Nov 11 22:55:12.508 2016] 68, 36, 28, 110
[Fri Nov 11 22:55:12.611 2016] 68, 36, 28, 110
[Fri Nov 11 22:55:12.715 2016] 68, 36, 28, 110
[Fri Nov 11 22:55:12.816 2016] 68, 36, 28, 110
[Fri Nov 11 22:55:12.919 2016] 68, 36, 28, 110
[Fri Nov 11 22:55:13.023 2016] 68, 36, 28, 109
[Fri Nov 11 22:55:13.128 2016] 68, 36, 28, 110
[Fri Nov 11 22:55:13.230 2016] 68, 36, 28, 110
[Fri Nov 11 22:55:13.335 2016] 68, 36, 28, 110
[Fri Nov 11 22:55:13.436 2016] 68, 36, 28, 110
[Fri Nov 11 22:55:13.543 2016] 68, 36, 28, 109
[Fri Nov 11 22:55:13.644 2016] 68, 36, 28, 110
[Fri Nov 11 22:55:13.748 2016] 68, 36, 28, 109
[Fri Nov 11 22:55:13.855 2016] 68, 36, 28, 110
[Fri Nov 11 22:55:13.959 2016] 68, 36, 28, 109
[Fri Nov 11 22:55:14.058 2016] 68, 36, 28, 110
[Fri Nov 11 22:55:14.160 2016] 68, 36, 28, 109
[Fri Nov 11 22:55:14.263 2016] 68, 36, 28, 110
[Fri Nov 11 22:55:14.367 2016] 68, 36, 28, 110
[Fri Nov 11 22:55:14.474 2016] 68, 36, 28, 109
[Fri Nov 11 22:55:14.577 2016] 68, 36, 28, 110
[Fri Nov 11 22:55:14.678 2016] 68, 36, 28, 109
[Fri Nov 11 22:55:14.782 2016] 68, 36, 28, 110
[Fri Nov 11 22:55:14.885 2016] 68, 36, 28, 109
[Fri Nov 11 22:55:14.988 2016] 68, 36, 28, 110
[Fri Nov 11 22:55:15.098 2016] 68, 36, 28, 110
[Fri Nov 11 22:55:15.195 2016] 68, 36, 28, 110
[Fri Nov 11 22:55:15.297 2016] 68, 36, 28, 110
[Fri Nov 11 22:55:15.402 2016] 68, 36, 28, 110
[Fri Nov 11 22:55:15.504 2016] 68, 36, 28, 110
[Fri Nov 11 22:55:15.607 2016] 68, 36, 28, 110
[Fri Nov 11 22:55:15.713 2016] 68, 36, 28, 110
[Fri Nov 11 22:55:15.813 2016] 68, 36, 28, 109
[Fri Nov 11 22:55:15.916 2016] 68, 36, 28, 110
[Fri Nov 11 22:55:16.020 2016] 68, 36, 28, 110
[Fri Nov 11 22:55:16.125 2016] 68, 36, 28, 110
[Fri Nov 11 22:55:16.228 2016] 68, 36, 28, 110
[Fri Nov 11 22:55:16.335 2016] 68, 36, 28, 110
[Fri Nov 11 22:55:16.433 2016] 68, 36, 28, 110
[Fri Nov 11 22:55:16.538 2016] 68, 36, 28, 109
[Fri Nov 11 22:55:16.642 2016] 68, 36, 28, 110
[Fri Nov 11 22:55:16.744 2016] 68, 36, 28, 109
[Fri Nov 11 22:55:16.848 2016] 68, 36, 28, 110
[Fri Nov 11 22:55:16.953 2016] 68, 36, 28, 110
[Fri Nov 11 22:55:17.055 2016] 68, 36, 28, 110
[Fri Nov 11 22:55:17.158 2016] 68, 36, 28, 110
[Fri Nov 11 22:55:17.259 2016] 68, 36, 28, 110
[Fri Nov 11 22:55:17.363 2016] 68, 36, 28, 110
[Fri Nov 11 22:55:17.468 2016] 68, 36, 28, 110
[Fri Nov 11 22:55:17.571 2016] 68, 36, 28, 110
[Fri Nov 11 22:55:17.675 2016] 68, 36, 28, 110
[Fri Nov 11 22:55:17.778 2016] 68, 36, 28, 110
[Fri Nov 11 22:55:17.881 2016] 68, 36, 28, 110
[Fri Nov 11 22:55:17.984 2016] 68, 36, 28, 110
[Fri Nov 11 22:55:18.088 2016] 68, 36, 28, 110
[Fri Nov 11 22:55:18.191 2016] 68, 36, 28, 110
[Fri Nov 11 22:55:18.295 2016] 68, 36, 28, 110
[Fri Nov 11 22:55:18.399 2016] 68, 36, 28, 110
[Fri Nov 11 22:55:18.501 2016] 68, 36, 28, 110
[Fri Nov 11 22:55:18.604 2016] 68, 36, 28, 110
[Fri Nov 11 22:55:18.708 2016] 68, 36, 28, 110
[Fri Nov 11 22:55:18.810 2016] 68, 36, 28, 110
[Fri Nov 11 22:55:18.913 2016] 68, 36, 28, 110
[Fri Nov 11 22:55:19.019 2016] 68, 36, 28, 110
[Fri Nov 11 22:55:19.121 2016] 68, 36, 28, 110
[Fri Nov 11 22:55:19.225 2016] 68, 36, 28, 110
[Fri Nov 11 22:55:19.329 2016] 68, 36, 28, 110
[Fri Nov 11 22:55:19.431 2016] 68, 36, 28, 110
[Fri Nov 11 22:55:19.538 2016] 68, 36, 28, 110
[Fri Nov 11 22:55:19.639 2016] 68, 36, 28, 110
[Fri Nov 11 22:55:19.742 2016] 68, 36, 28, 110
[Fri Nov 11 22:55:19.845 2016] 68, 36, 28, 110
[Fri Nov 11 22:55:19.949 2016] 68, 36, 28, 110
[Fri Nov 11 22:55:20.052 2016] 68, 36, 28, 110
[Fri Nov 11 22:55:20.154 2016] 68, 36, 28, 110
[Fri Nov 11 22:55:20.257 2016] 68, 36, 28, 110
[Fri Nov 11 22:55:20.360 2016] 68, 36, 28, 110
[Fri Nov 11 22:55:20.466 2016] 68, 36, 28, 110
[Fri Nov 11 22:55:20.569 2016] 68, 36, 28, 110
[Fri Nov 11 22:55:20.672 2016] 68, 36, 28, 110
[Fri Nov 11 22:55:20.776 2016] 68, 36, 28, 110
[Fri Nov 11 22:55:20.881 2016] 68, 36, 28, 110
[Fri Nov 11 22:55:20.981 2016] 68, 36, 28, 110
[Fri Nov 11 22:55:21.084 2016] 68, 36, 28, 110
[Fri Nov 11 22:55:21.189 2016] 68, 36, 28, 110
[Fri Nov 11 22:55:21.290 2016] 68, 36, 28, 110
[Fri Nov 11 22:55:21.397 2016] 68, 36, 28, 110
[Fri Nov 11 22:55:21.499 2016] 68, 36, 28, 110
[Fri Nov 11 22:55:21.602 2016] 68, 36, 28, 110
[Fri Nov 11 22:55:21.707 2016] 68, 36, 28, 110
[Fri Nov 11 22:55:21.807 2016] 68, 36, 28, 110
[Fri Nov 11 22:55:21.910 2016] 68, 36, 28, 110
[Fri Nov 11 22:55:22.015 2016] 68, 36, 28, 110
[Fri Nov 11 22:55:22.119 2016] 68, 36, 28, 110
[Fri Nov 11 22:55:22.220 2016] 68, 36, 28, 110
[Fri Nov 11 22:55:22.324 2016] 68, 36, 28, 110
[Fri Nov 11 22:55:22.429 2016] 68, 36, 28, 110
[Fri Nov 11 22:55:22.533 2016] 68, 36, 28, 110
[Fri Nov 11 22:55:22.636 2016] 68, 36, 28, 109
[Fri Nov 11 22:55:22.739 2016] 68, 36, 28, 110
[Fri Nov 11 22:55:22.843 2016] 68, 36, 28, 110
[Fri Nov 11 22:55:22.945 2016] 68, 36, 28, 110
[Fri Nov 11 22:55:23.049 2016] 68, 36, 28, 110
[Fri Nov 11 22:55:23.151 2016] 68, 36, 28, 110
[Fri Nov 11 22:55:23.254 2016] 68, 36, 28, 110
[Fri Nov 11 22:55:23.357 2016] 68, 36, 28, 110
[Fri Nov 11 22:55:23.461 2016] 68, 36, 28, 110
[Fri Nov 11 22:55:23.567 2016] 68, 36, 28, 110
[Fri Nov 11 22:55:23.669 2016] 68, 36, 28, 110
[Fri Nov 11 22:55:23.773 2016] 68, 36, 28, 110
[Fri Nov 11 22:55:23.876 2016] 68, 36, 28, 110
[Fri Nov 11 22:55:23.979 2016] 68, 36, 28, 110
[Fri Nov 11 22:55:24.082 2016] 68, 36, 28, 110
[Fri Nov 11 22:55:24.185 2016] 68, 36, 28, 110
[Fri Nov 11 22:55:24.289 2016] 68, 36, 28, 110
[Fri Nov 11 22:55:24.393 2016] 68, 36, 28, 110
[Fri Nov 11 22:55:24.496 2016] 68, 36, 28, 110
[Fri Nov 11 22:55:24.599 2016] 68, 36, 28, 110
[Fri Nov 11 22:55:24.702 2016] 68, 36, 28, 110
[Fri Nov 11 22:55:24.804 2016] 68, 36, 28, 110
[Fri Nov 11 22:55:24.906 2016] 68, 36, 28, 110
[Fri Nov 11 22:55:25.010 2016] 68, 36, 28, 110
[Fri Nov 11 22:55:25.115 2016] 68, 36, 28, 110
[Fri Nov 11 22:55:25.218 2016] 68, 36, 28, 110
[Fri Nov 11 22:55:25.322 2016] 68, 36, 28, 110
[Fri Nov 11 22:55:25.425 2016] 68, 36, 28, 110
[Fri Nov 11 22:55:25.528 2016] 68, 36, 28, 109
[Fri Nov 11 22:55:25.632 2016] 68, 36, 28, 110
[Fri Nov 11 22:55:25.735 2016] 68, 36, 28, 110
[Fri Nov 11 22:55:25.839 2016] 68, 36, 28, 110
[Fri Nov 11 22:55:25.942 2016] 68, 36, 28, 110
[Fri Nov 11 22:55:26.045 2016] 68, 36, 28, 110
[Fri Nov 11 22:55:26.147 2016] 68, 36, 28, 110
[Fri Nov 11 22:55:26.250 2016] 68, 36, 28, 109
[Fri Nov 11 22:55:26.353 2016] 68, 36, 28, 110
[Fri Nov 11 22:55:26.459 2016] 68, 36, 28, 109
[Fri Nov 11 22:55:26.562 2016] 68, 36, 28, 110
[Fri Nov 11 22:55:26.665 2016] 68, 36, 28, 109
[Fri Nov 11 22:55:26.769 2016] 68, 36, 28, 110
[Fri Nov 11 22:55:26.873 2016] 68, 36, 28, 110
[Fri Nov 11 22:55:26.976 2016] 68, 36, 28, 110
[Fri Nov 11 22:55:27.079 2016] 68, 36, 28, 110
[Fri Nov 11 22:55:27.182 2016] 68, 36, 28, 110
[Fri Nov 11 22:55:27.284 2016] 68, 36, 28, 110
[Fri Nov 11 22:55:27.389 2016] 68, 36, 28, 109
[Fri Nov 11 22:55:27.492 2016] 68, 36, 28, 110
[Fri Nov 11 22:55:27.596 2016] 68, 36, 28, 110
[Fri Nov 11 22:55:27.699 2016] 68, 36, 28, 110
[Fri Nov 11 22:55:27.800 2016] 68, 36, 28, 110
[Fri Nov 11 22:55:27.903 2016] 68, 36, 28, 110
[Fri Nov 11 22:55:28.007 2016] 68, 36, 28, 110
[Fri Nov 11 22:55:28.112 2016] 68, 36, 28, 110
[Fri Nov 11 22:55:28.215 2016] 68, 36, 28, 110
[Fri Nov 11 22:55:28.318 2016] 68, 36, 28, 110
[Fri Nov 11 22:55:28.422 2016] 68, 36, 28, 110
[Fri Nov 11 22:55:28.525 2016] 68, 36, 28, 110
[Fri Nov 11 22:55:28.628 2016] 68, 36, 28, 110
[Fri Nov 11 22:55:28.732 2016] 68, 36, 28, 110
[Fri Nov 11 22:55:28.835 2016] 68, 36, 28, 110
[Fri Nov 11 22:55:28.938 2016] 68, 36, 28, 110
[Fri Nov 11 22:55:29.042 2016] 68, 36, 28, 110
[Fri Nov 11 22:55:29.144 2016] 68, 36, 28, 110
[Fri Nov 11 22:55:29.247 2016] 68, 36, 28, 110
[Fri Nov 11 22:55:29.350 2016] 68, 36, 28, 110
[Fri Nov 11 22:55:29.454 2016] 68, 36, 28, 110
[Fri Nov 11 22:55:29.558 2016] 68, 36, 28, 110
[Fri Nov 11 22:55:29.660 2016] 68, 36, 28, 110
[Fri Nov 11 22:55:29.766 2016] 68, 36, 28, 110
[Fri Nov 11 22:55:29.869 2016] 68, 36, 28, 110
[Fri Nov 11 22:55:29.973 2016] 68, 36, 28, 110
[Fri Nov 11 22:55:30.076 2016] 68, 36, 28, 110
[Fri Nov 11 22:55:30.180 2016] 68, 36, 28, 110
[Fri Nov 11 22:55:30.282 2016] 68, 36, 28, 110
[Fri Nov 11 22:55:30.386 2016] 68, 36, 28, 110
[Fri Nov 11 22:55:30.489 2016] 68, 36, 28, 109
[Fri Nov 11 22:55:30.592 2016] 68, 36, 28, 110
[Fri Nov 11 22:55:30.695 2016] 68, 36, 28, 110
[Fri Nov 11 22:55:30.797 2016] 68, 36, 28, 110
[Fri Nov 11 22:55:30.900 2016] 68, 36, 28, 110
[Fri Nov 11 22:55:31.005 2016] 68, 36, 28, 110
[Fri Nov 11 22:55:31.109 2016] 68, 36, 28, 110
[Fri Nov 11 22:55:31.210 2016] 68, 36, 28, 110
[Fri Nov 11 22:55:31.316 2016] 68, 36, 28, 110
[Fri Nov 11 22:55:31.418 2016] 68, 36, 28, 110
[Fri Nov 11 22:55:31.521 2016] 68, 36, 28, 110
[Fri Nov 11 22:55:31.625 2016] 68, 36, 28, 110
[Fri Nov 11 22:55:31.729 2016] 68, 36, 28, 110
[Fri Nov 11 22:55:31.832 2016] 68, 36, 28, 110
[Fri Nov 11 22:55:31.935 2016] 68, 36, 28, 110
[Fri Nov 11 22:55:32.038 2016] 68, 36, 28, 110
[Fri Nov 11 22:55:32.140 2016] 68, 36, 28, 110
[Fri Nov 11 22:55:32.243 2016] 68, 36, 28, 110
[Fri Nov 11 22:55:32.346 2016] 68, 36, 28, 110
[Fri Nov 11 22:55:32.453 2016] 68, 36, 28, 110
[Fri Nov 11 22:55:32.554 2016] 68, 36, 28, 110
[Fri Nov 11 22:55:32.658 2016] 68, 36, 28, 110
[Fri Nov 11 22:55:32.761 2016] 68, 36, 28, 110
[Fri Nov 11 22:55:32.865 2016] 68, 36, 28, 110
[Fri Nov 11 22:55:32.968 2016] 68, 36, 28, 110
[Fri Nov 11 22:55:33.069 2016] 68, 36, 28, 110
[Fri Nov 11 22:55:33.172 2016] 68, 36, 28, 110
[Fri Nov 11 22:55:33.276 2016] 68, 36, 28, 110
[Fri Nov 11 22:55:33.381 2016] 68, 36, 28, 110
[Fri Nov 11 22:55:33.484 2016] 68, 36, 28, 110
[Fri Nov 11 22:55:33.587 2016] 68, 36, 28, 110
[Fri Nov 11 22:55:33.689 2016] 68, 36, 28, 110
[Fri Nov 11 22:55:33.792 2016] 68, 36, 28, 110
[Fri Nov 11 22:55:33.895 2016] 68, 36, 28, 110
[Fri Nov 11 22:55:34.002 2016] 68, 36, 28, 110
[Fri Nov 11 22:55:34.107 2016] 68, 36, 28, 110
[Fri Nov 11 22:55:34.207 2016] 68, 36, 28, 110
[Fri Nov 11 22:55:34.314 2016] 68, 36, 28, 110
[Fri Nov 11 22:55:34.415 2016] 68, 36, 28, 110
[Fri Nov 11 22:55:34.519 2016] 68, 36, 28, 110
[Fri Nov 11 22:55:34.622 2016] 68, 36, 28, 110
[Fri Nov 11 22:55:34.725 2016] 68, 36, 28, 110
[Fri Nov 11 22:55:34.828 2016] 68, 36, 28, 110
[Fri Nov 11 22:55:34.932 2016] 68, 36, 28, 110
[Fri Nov 11 22:55:35.035 2016] 68, 36, 28, 110
[Fri Nov 11 22:55:35.136 2016] 68, 36, 28, 110
[Fri Nov 11 22:55:35.240 2016] 68, 36, 28, 110
[Fri Nov 11 22:55:35.343 2016] 68, 36, 28, 110
[Fri Nov 11 22:55:35.447 2016] 68, 36, 28, 109
[Fri Nov 11 22:55:35.552 2016] 68, 36, 28, 110
[Fri Nov 11 22:55:35.654 2016] 68, 36, 28, 109
[Fri Nov 11 22:55:35.758 2016] 68, 36, 28, 110
[Fri Nov 11 22:55:35.861 2016] 68, 36, 28, 110
[Fri Nov 11 22:55:35.965 2016] 68, 36, 28, 110
[Fri Nov 11 22:55:36.069 2016] 68, 36, 28, 110
[Fri Nov 11 22:55:36.172 2016] 68, 36, 28, 110
[Fri Nov 11 22:55:36.274 2016] 68, 36, 28, 110
[Fri Nov 11 22:55:36.378 2016] 68, 36, 28, 109
[Fri Nov 11 22:55:36.483 2016] 68, 36, 28, 110
[Fri Nov 11 22:55:36.587 2016] 68, 36, 28, 110
[Fri Nov 11 22:55:36.690 2016] 68, 36, 28, 110
[Fri Nov 11 22:55:36.791 2016] 68, 36, 28, 110
[Fri Nov 11 22:55:36.894 2016] 68, 36, 28, 110
[Fri Nov 11 22:55:36.997 2016] 68, 36, 28, 110
[Fri Nov 11 22:55:37.104 2016] 68, 36, 28, 110
[Fri Nov 11 22:55:37.206 2016] 68, 36, 28, 110
[Fri Nov 11 22:55:37.309 2016] 68, 36, 28, 110
[Fri Nov 11 22:55:37.414 2016] 68, 36, 28, 110
[Fri Nov 11 22:55:37.516 2016] 68, 36, 28, 110
[Fri Nov 11 22:55:37.620 2016] 68, 36, 28, 110
[Fri Nov 11 22:55:37.723 2016] 68, 36, 28, 110
[Fri Nov 11 22:55:37.827 2016] 68, 36, 28, 110
[Fri Nov 11 22:55:37.930 2016] 68, 36, 28, 110
[Fri Nov 11 22:55:38.034 2016] 68, 36, 28, 110
[Fri Nov 11 22:55:38.136 2016] 68, 36, 28, 110
[Fri Nov 11 22:55:38.238 2016] 68, 36, 28, 110
[Fri Nov 11 22:55:38.342 2016] 68, 36, 28, 110
[Fri Nov 11 22:55:38.445 2016] 68, 36, 28, 110
[Fri Nov 11 22:55:38.549 2016] 68, 36, 28, 110
[Fri Nov 11 22:55:38.654 2016] 68, 36, 28, 110
[Fri Nov 11 22:55:38.757 2016] 68, 36, 28, 110
[Fri Nov 11 22:55:38.860 2016] 68, 36, 28, 110
[Fri Nov 11 22:55:38.964 2016] 68, 36, 28, 110
[Fri Nov 11 22:55:39.067 2016] 68, 36, 28, 110
[Fri Nov 11 22:55:39.171 2016] 68, 36, 28, 110
[Fri Nov 11 22:55:39.271 2016] 68, 36, 28, 110
[Fri Nov 11 22:55:39.377 2016] 68, 36, 28, 110
[Fri Nov 11 22:55:39.479 2016] 68, 36, 28, 110
[Fri Nov 11 22:55:39.584 2016] 68, 36, 28, 110
[Fri Nov 11 22:55:39.688 2016] 68, 36, 28, 110
[Fri Nov 11 22:55:39.790 2016] 68, 36, 28, 110
[Fri Nov 11 22:55:39.892 2016] 68, 36, 28, 110
[Fri Nov 11 22:55:39.995 2016] 68, 36, 28, 110
[Fri Nov 11 22:55:40.101 2016] 68, 36, 28, 110
[Fri Nov 11 22:55:40.205 2016] 68, 36, 28, 110
[Fri Nov 11 22:55:40.307 2016] 68, 36, 28, 110
[Fri Nov 11 22:55:40.411 2016] 68, 36, 28, 110
[Fri Nov 11 22:55:40.514 2016] 68, 36, 28, 110
[Fri Nov 11 22:55:40.618 2016] 68, 36, 28, 110
[Fri Nov 11 22:55:40.721 2016] 68, 36, 28, 110
[Fri Nov 11 22:55:40.825 2016] 68, 36, 28, 110
[Fri Nov 11 22:55:40.928 2016] 68, 36, 28, 110
[Fri Nov 11 22:55:41.031 2016] 68, 36, 28, 110
[Fri Nov 11 22:55:41.133 2016] 68, 36, 28, 110
[Fri Nov 11 22:55:41.236 2016] 68, 36, 28, 110
[Fri Nov 11 22:55:41.339 2016] 68, 36, 28, 109
[Fri Nov 11 22:55:41.443 2016] 68, 36, 28, 110
[Fri Nov 11 22:55:41.548 2016] 68, 36, 28, 109
[Fri Nov 11 22:55:41.652 2016] 68, 36, 28, 110
[Fri Nov 11 22:55:41.754 2016] 68, 36, 28, 109
[Fri Nov 11 22:55:41.858 2016] 68, 36, 28, 109
[Fri Nov 11 22:55:41.961 2016] 68, 36, 28, 110
[Fri Nov 11 22:55:42.064 2016] 68, 36, 28, 109
[Fri Nov 11 22:55:42.169 2016] 68, 36, 28, 110
[Fri Nov 11 22:55:42.271 2016] 68, 36, 28, 109
[Fri Nov 11 22:55:42.374 2016] 68, 36, 28, 110
[Fri Nov 11 22:55:42.478 2016] 68, 36, 28, 109
[Fri Nov 11 22:55:42.581 2016] 68, 36, 28, 110
[Fri Nov 11 22:55:42.684 2016] 68, 36, 28, 109
[Fri Nov 11 22:55:42.786 2016] 68, 36, 28, 110
[Fri Nov 11 22:55:42.889 2016] 68, 36, 28, 110
[Fri Nov 11 22:55:42.994 2016] 68, 36, 28, 110
[Fri Nov 11 22:55:43.097 2016] 68, 36, 28, 110
[Fri Nov 11 22:55:43.201 2016] 68, 36, 28, 110
[Fri Nov 11 22:55:43.302 2016] 67, 36, 28, 109
[Fri Nov 11 22:55:43.406 2016] 67, 36, 28, 109
[Fri Nov 11 22:55:43.509 2016] 67, 36, 28, 109
[Fri Nov 11 22:55:43.614 2016] 68, 36, 28, 110
[Fri Nov 11 22:55:43.717 2016] 67, 36, 28, 109
[Fri Nov 11 22:55:43.820 2016] 68, 36, 28, 109
[Fri Nov 11 22:55:43.923 2016] 67, 36, 28, 109
[Fri Nov 11 22:55:44.027 2016] 68, 36, 28, 109
[Fri Nov 11 22:55:44.129 2016] 68, 36, 28, 109
[Fri Nov 11 22:55:44.231 2016] 67, 36, 28, 109
[Fri Nov 11 22:55:44.335 2016] 68, 36, 28, 109
[Fri Nov 11 22:55:44.440 2016] 67, 36, 28, 109
[Fri Nov 11 22:55:44.543 2016] 68, 36, 28, 109
[Fri Nov 11 22:55:44.647 2016] 67, 36, 28, 109
[Fri Nov 11 22:55:44.750 2016] 68, 36, 28, 109
[Fri Nov 11 22:55:44.854 2016] 67, 36, 28, 109
[Fri Nov 11 22:55:44.957 2016] 67, 36, 28, 109
[Fri Nov 11 22:55:45.061 2016] 67, 36, 28, 109
[Fri Nov 11 22:55:45.164 2016] 67, 36, 28, 109
[Fri Nov 11 22:55:45.267 2016] 68, 36, 28, 109
[Fri Nov 11 22:55:45.370 2016] 68, 36, 28, 109
[Fri Nov 11 22:55:45.473 2016] 68, 36, 28, 110
[Fri Nov 11 22:55:45.577 2016] 68, 36, 28, 109
[Fri Nov 11 22:55:45.680 2016] 68, 36, 28, 110
[Fri Nov 11 22:55:45.781 2016] 68, 36, 28, 110
[Fri Nov 11 22:55:45.884 2016] 68, 36, 28, 110
[Fri Nov 11 22:55:45.989 2016] 68, 36, 28, 110
[Fri Nov 11 22:55:46.092 2016] 68, 36, 28, 110
[Fri Nov 11 22:55:46.198 2016] 68, 36, 28, 110
[Fri Nov 11 22:55:46.300 2016] 68, 36, 28, 109
[Fri Nov 11 22:55:46.402 2016] 68, 36, 28, 110
[Fri Nov 11 22:55:46.507 2016] 68, 36, 28, 109
[Fri Nov 11 22:55:46.610 2016] 68, 36, 28, 110
[Fri Nov 11 22:55:46.714 2016] 68, 36, 28, 109
[Fri Nov 11 22:55:46.815 2016] 68, 36, 28, 110
[Fri Nov 11 22:55:46.920 2016] 68, 36, 28, 109
[Fri Nov 11 22:55:47.024 2016] 68, 36, 28, 110
[Fri Nov 11 22:55:47.126 2016] 68, 36, 28, 110
[Fri Nov 11 22:55:47.229 2016] 68, 36, 28, 110
[Fri Nov 11 22:55:47.332 2016] 68, 36, 28, 110
[Fri Nov 11 22:55:47.436 2016] 68, 36, 28, 109
[Fri Nov 11 22:55:47.541 2016] 68, 36, 28, 110
[Fri Nov 11 22:55:47.644 2016] 68, 36, 28, 109
[Fri Nov 11 22:55:47.748 2016] 68, 36, 28, 110
[Fri Nov 11 22:55:47.850 2016] 67, 36, 28, 109
[Fri Nov 11 22:55:47.953 2016] 68, 36, 28, 109
[Fri Nov 11 22:55:48.057 2016] 68, 36, 28, 109
[Fri Nov 11 22:55:48.162 2016] 68, 36, 28, 109
[Fri Nov 11 22:55:48.264 2016] 68, 36, 28, 109
[Fri Nov 11 22:55:48.367 2016] 68, 36, 28, 109
[Fri Nov 11 22:55:48.471 2016] 67, 36, 28, 109
[Fri Nov 11 22:55:48.574 2016] 68, 36, 28, 109
[Fri Nov 11 22:55:48.678 2016] 67, 36, 28, 109
[Fri Nov 11 22:55:48.779 2016] 68, 36, 28, 109
[Fri Nov 11 22:55:48.882 2016] 67, 36, 28, 109
[Fri Nov 11 22:55:48.985 2016] 68, 36, 28, 109
[Fri Nov 11 22:55:49.091 2016] 67, 36, 28, 109
[Fri Nov 11 22:55:49.194 2016] 67, 36, 28, 109
[Fri Nov 11 22:55:49.298 2016] 68, 36, 28, 109
[Fri Nov 11 22:55:49.402 2016] 68, 36, 28, 109
[Fri Nov 11 22:55:49.504 2016] 68, 36, 28, 110
[Fri Nov 11 22:55:49.608 2016] 68, 36, 28, 109
[Fri Nov 11 22:55:49.711 2016] 68, 36, 28, 110
[Fri Nov 11 22:55:49.814 2016] 68, 36, 28, 110
[Fri Nov 11 22:55:49.918 2016] 68, 36, 28, 110
[Fri Nov 11 22:55:50.021 2016] 68, 36, 28, 110
[Fri Nov 11 22:55:50.125 2016] 68, 36, 28, 110
[Fri Nov 11 22:55:50.227 2016] 68, 36, 28, 110
[Fri Nov 11 22:55:50.329 2016] 68, 36, 28, 109
[Fri Nov 11 22:55:50.432 2016] 68, 36, 28, 110
[Fri Nov 11 22:55:50.538 2016] 68, 36, 28, 109
[Fri Nov 11 22:55:50.642 2016] 68, 36, 28, 110
[Fri Nov 11 22:55:50.744 2016] 68, 36, 28, 109
[Fri Nov 11 22:55:50.848 2016] 68, 36, 28, 110
[Fri Nov 11 22:55:50.951 2016] 68, 36, 28, 110
[Fri Nov 11 22:55:51.055 2016] 68, 36, 28, 110
[Fri Nov 11 22:55:51.157 2016] 68, 36, 28, 110
[Fri Nov 11 22:55:51.259 2016] 68, 36, 28, 109
[Fri Nov 11 22:55:51.365 2016] 68, 36, 28, 110
[Fri Nov 11 22:55:51.466 2016] 68, 36, 28, 109
[Fri Nov 11 22:55:51.571 2016] 68, 36, 28, 110
[Fri Nov 11 22:55:51.674 2016] 68, 36, 28, 109
[Fri Nov 11 22:55:51.776 2016] 68, 36, 28, 110
[Fri Nov 11 22:55:51.879 2016] 68, 36, 28, 109
[Fri Nov 11 22:55:51.982 2016] 68, 36, 28, 110
[Fri Nov 11 22:55:52.087 2016] 68, 36, 28, 109
[Fri Nov 11 22:55:52.191 2016] 68, 36, 28, 109
[Fri Nov 11 22:55:52.295 2016] 68, 36, 28, 110
[Fri Nov 11 22:55:52.397 2016] 68, 36, 28, 109
[Fri Nov 11 22:55:52.500 2016] 68, 36, 28, 110
[Fri Nov 11 22:55:52.604 2016] 68, 36, 28, 109
[Fri Nov 11 22:55:52.708 2016] 68, 36, 28, 110
[Fri Nov 11 22:55:52.811 2016] 68, 36, 28, 109
[Fri Nov 11 22:55:52.914 2016] 68, 36, 28, 110
[Fri Nov 11 22:55:53.017 2016] 68, 36, 28, 109
[Fri Nov 11 22:55:53.120 2016] 68, 36, 28, 110
[Fri Nov 11 22:55:53.222 2016] 68, 36, 28, 110
[Fri Nov 11 22:55:53.325 2016] 68, 36, 28, 110
[Fri Nov 11 22:55:53.429 2016] 68, 36, 28, 109
[Fri Nov 11 22:55:53.535 2016] 68, 36, 28, 110
[Fri Nov 11 22:55:53.640 2016] 68, 36, 28, 109
[Fri Nov 11 22:55:53.741 2016] 68, 36, 28, 110
[Fri Nov 11 22:55:53.846 2016] 68, 36, 28, 109
[Fri Nov 11 22:55:53.949 2016] 68, 36, 28, 110
[Fri Nov 11 22:55:54.052 2016] 68, 36, 28, 110
[Fri Nov 11 22:55:54.156 2016] 68, 36, 28, 110
[Fri Nov 11 22:55:54.259 2016] 68, 36, 28, 110
[Fri Nov 11 22:55:54.363 2016] 68, 36, 28, 109
[Fri Nov 11 22:55:54.466 2016] 68, 36, 28, 110
[Fri Nov 11 22:55:54.569 2016] 68, 36, 28, 109
[Fri Nov 11 22:55:54.672 2016] 68, 36, 28, 110
[Fri Nov 11 22:55:54.775 2016] 68, 36, 28, 109
[Fri Nov 11 22:55:54.877 2016] 68, 36, 28, 110
[Fri Nov 11 22:55:54.980 2016] 68, 36, 28, 109
[Fri Nov 11 22:55:55.085 2016] 68, 36, 28, 109
[Fri Nov 11 22:55:55.189 2016] 68, 36, 28, 109
[Fri Nov 11 22:55:55.290 2016] 68, 36, 28, 109
[Fri Nov 11 22:55:55.396 2016] 68, 36, 28, 110
[Fri Nov 11 22:55:55.500 2016] 68, 36, 28, 109
[Fri Nov 11 22:55:55.602 2016] 68, 36, 28, 110
[Fri Nov 11 22:55:55.707 2016] 68, 36, 28, 109
[Fri Nov 11 22:55:55.809 2016] 68, 36, 28, 110
[Fri Nov 11 22:55:55.916 2016] 68, 36, 28, 109
[Fri Nov 11 22:55:56.016 2016] 68, 36, 28, 110
[Fri Nov 11 22:55:56.120 2016] 68, 36, 28, 110
[Fri Nov 11 22:55:56.220 2016] 68, 36, 28, 110
[Fri Nov 11 22:55:56.324 2016] 68, 36, 28, 110
[Fri Nov 11 22:55:56.428 2016] 68, 36, 28, 109
[Fri Nov 11 22:55:56.531 2016] 68, 36, 28, 110
[Fri Nov 11 22:55:56.636 2016] 68, 36, 28, 109
[Fri Nov 11 22:55:56.739 2016] 68, 36, 28, 110
[Fri Nov 11 22:55:56.845 2016] 68, 36, 28, 110
[Fri Nov 11 22:55:56.946 2016] 68, 36, 28, 110
[Fri Nov 11 22:55:57.049 2016] 68, 36, 28, 110
[Fri Nov 11 22:55:57.152 2016] 68, 36, 28, 110
[Fri Nov 11 22:55:57.255 2016] 68, 36, 28, 110
[Fri Nov 11 22:55:57.359 2016] 68, 36, 28, 110
[Fri Nov 11 22:55:57.461 2016] 68, 36, 28, 110
[Fri Nov 11 22:55:57.566 2016] 68, 36, 28, 109
[Fri Nov 11 22:55:57.669 2016] 68, 36, 28, 110
[Fri Nov 11 22:55:57.772 2016] 68, 36, 28, 110
[Fri Nov 11 22:55:57.873 2016] 68, 36, 28, 110
[Fri Nov 11 22:55:57.977 2016] 68, 36, 28, 109
[Fri Nov 11 22:55:58.082 2016] 68, 36, 28, 110
[Fri Nov 11 22:55:58.186 2016] 68, 36, 28, 110
[Fri Nov 11 22:55:58.289 2016] 68, 36, 28, 110
[Fri Nov 11 22:55:58.392 2016] 68, 36, 28, 110
[Fri Nov 11 22:55:58.495 2016] 68, 36, 28, 110
[Fri Nov 11 22:55:58.599 2016] 68, 36, 28, 110
[Fri Nov 11 22:55:58.702 2016] 68, 36, 28, 110
[Fri Nov 11 22:55:58.806 2016] 68, 36, 28, 109
[Fri Nov 11 22:55:58.909 2016] 68, 36, 28, 110
[Fri Nov 11 22:55:59.012 2016] 68, 36, 28, 109
[Fri Nov 11 22:55:59.114 2016] 68, 36, 28, 110
[Fri Nov 11 22:55:59.217 2016] 68, 36, 28, 109
[Fri Nov 11 22:55:59.320 2016] 68, 36, 28, 110
[Fri Nov 11 22:55:59.424 2016] 68, 36, 28, 110
[Fri Nov 11 22:55:59.529 2016] 68, 36, 28, 109
[Fri Nov 11 22:55:59.633 2016] 68, 36, 28, 110
[Fri Nov 11 22:55:59.735 2016] 68, 36, 28, 109
[Fri Nov 11 22:55:59.840 2016] 68, 36, 28, 110
[Fri Nov 11 22:55:59.944 2016] 68, 36, 28, 109
[Fri Nov 11 22:56:00.045 2016] 68, 36, 28, 110
[Fri Nov 11 22:56:00.150 2016] 68, 36, 28, 110
[Fri Nov 11 22:56:00.254 2016] 68, 36, 28, 110
[Fri Nov 11 22:56:00.355 2016] 68, 36, 28, 110
[Fri Nov 11 22:56:00.458 2016] 68, 36, 28, 110
[Fri Nov 11 22:56:00.562 2016] 68, 36, 28, 110
[Fri Nov 11 22:56:00.666 2016] 68, 36, 28, 109
[Fri Nov 11 22:56:00.768 2016] 68, 36, 28, 110
[Fri Nov 11 22:56:00.871 2016] 68, 36, 28, 109
[Fri Nov 11 22:56:00.974 2016] 68, 36, 28, 110
[Fri Nov 11 22:56:01.079 2016] 68, 36, 28, 109
[Fri Nov 11 22:56:01.183 2016] 68, 36, 28, 110
[Fri Nov 11 22:56:01.284 2016] 68, 36, 28, 109
[Fri Nov 11 22:56:01.391 2016] 68, 36, 28, 109
[Fri Nov 11 22:56:01.493 2016] 68, 36, 28, 109
[Fri Nov 11 22:56:01.595 2016] 67, 36, 28, 109
[Fri Nov 11 22:56:01.699 2016] 67, 36, 28, 109
[Fri Nov 11 22:56:01.803 2016] 67, 36, 27, 109
[Fri Nov 11 22:56:01.906 2016] 67, 36, 28, 109
[Fri Nov 11 22:56:02.010 2016] 67, 36, 27, 109
[Fri Nov 11 22:56:02.112 2016] 67, 36, 28, 109
[Fri Nov 11 22:56:02.215 2016] 67, 36, 28, 109
[Fri Nov 11 22:56:02.319 2016] 67, 36, 28, 109
[Fri Nov 11 22:56:02.421 2016] 67, 36, 28, 109
[Fri Nov 11 22:56:02.528 2016] 67, 36, 28, 109
[Fri Nov 11 22:56:02.631 2016] 67, 36, 28, 109
[Fri Nov 11 22:56:02.734 2016] 67, 36, 28, 109
[Fri Nov 11 22:56:02.837 2016] 68, 36, 28, 109
[Fri Nov 11 22:56:02.940 2016] 67, 36, 28, 109
[Fri Nov 11 22:56:03.053 2016] 68, 36, 28, 109
[Fri Nov 11 22:56:03.151 2016] 67, 36, 28, 109
[Fri Nov 11 22:56:03.248 2016] 68, 36, 28, 109
[Fri Nov 11 22:56:03.352 2016] 68, 36, 28, 109
[Fri Nov 11 22:56:03.457 2016] 68, 36, 28, 109
[Fri Nov 11 22:56:03.561 2016] 68, 36, 28, 109
[Fri Nov 11 22:56:03.662 2016] 68, 36, 28, 109
[Fri Nov 11 22:56:03.766 2016] 68, 36, 28, 109
[Fri Nov 11 22:56:03.869 2016] 68, 36, 28, 109
[Fri Nov 11 22:56:03.971 2016] 68, 36, 28, 109
[Fri Nov 11 22:56:04.076 2016] 68, 36, 28, 109
[Fri Nov 11 22:56:04.179 2016] 68, 36, 28, 109
[Fri Nov 11 22:56:04.283 2016] 68, 36, 28, 109
[Fri Nov 11 22:56:04.384 2016] 68, 36, 28, 109
[Fri Nov 11 22:56:04.491 2016] 68, 36, 28, 109
[Fri Nov 11 22:56:04.594 2016] 68, 36, 28, 109
[Fri Nov 11 22:56:04.700 2016] 68, 36, 28, 109
[Fri Nov 11 22:56:04.798 2016] 68, 36, 28, 109
[Fri Nov 11 22:56:04.903 2016] 68, 36, 28, 109
[Fri Nov 11 22:56:05.006 2016] 68, 36, 28, 109
[Fri Nov 11 22:56:05.109 2016] 68, 36, 28, 109
[Fri Nov 11 22:56:05.210 2016] 68, 36, 28, 109
[Fri Nov 11 22:56:05.314 2016] 68, 36, 28, 109
[Fri Nov 11 22:56:05.417 2016] 68, 36, 28, 109
[Fri Nov 11 22:56:05.520 2016] 68, 36, 28, 109
[Fri Nov 11 22:56:05.624 2016] 68, 36, 28, 109
[Fri Nov 11 22:56:05.729 2016] 68, 36, 28, 109
[Fri Nov 11 22:56:05.832 2016] 68, 36, 28, 109
[Fri Nov 11 22:56:05.936 2016] 68, 36, 28, 110
[Fri Nov 11 22:56:06.040 2016] 68, 36, 28, 109
[Fri Nov 11 22:56:06.142 2016] 68, 36, 28, 110
[Fri Nov 11 22:56:06.246 2016] 68, 36, 28, 109
[Fri Nov 11 22:56:06.350 2016] 68, 36, 28, 110
[Fri Nov 11 22:56:06.453 2016] 68, 36, 28, 109
[Fri Nov 11 22:56:06.555 2016] 68, 36, 28, 109
[Fri Nov 11 22:56:06.660 2016] 68, 36, 28, 109
[Fri Nov 11 22:56:06.774 2016] 68, 36, 28, 109
[Fri Nov 11 22:56:06.864 2016] 68, 36, 28, 109
[Fri Nov 11 22:56:06.968 2016] 68, 36, 28, 109
[Fri Nov 11 22:56:07.074 2016] 68, 36, 28, 109
[Fri Nov 11 22:56:07.177 2016] 68, 36, 28, 109
[Fri Nov 11 22:56:07.278 2016] 68, 36, 28, 109
[Fri Nov 11 22:56:07.383 2016] 68, 36, 28, 109
[Fri Nov 11 22:56:07.485 2016] 68, 36, 28, 109
[Fri Nov 11 22:56:07.592 2016] 68, 36, 28, 109
[Fri Nov 11 22:56:07.695 2016] 68, 36, 28, 109
[Fri Nov 11 22:56:07.796 2016] 68, 36, 28, 109
[Fri Nov 11 22:56:07.900 2016] 68, 36, 28, 109
[Fri Nov 11 22:56:08.002 2016] 68, 36, 28, 109
[Fri Nov 11 22:56:08.106 2016] 68, 36, 28, 109
[Fri Nov 11 22:56:08.208 2016] 68, 36, 28, 109
[Fri Nov 11 22:56:08.311 2016] 68, 36, 28, 109
[Fri Nov 11 22:56:08.416 2016] 68, 36, 28, 109
[Fri Nov 11 22:56:08.518 2016] 68, 36, 28, 109
[Fri Nov 11 22:56:08.622 2016] 68, 36, 28, 109
[Fri Nov 11 22:56:08.725 2016] 68, 36, 28, 109
[Fri Nov 11 22:56:08.829 2016] 68, 36, 28, 109
[Fri Nov 11 22:56:08.933 2016] 68, 36, 28, 109
[Fri Nov 11 22:56:09.037 2016] 68, 36, 28, 110
[Fri Nov 11 22:56:09.140 2016] 68, 36, 28, 109
[Fri Nov 11 22:56:09.242 2016] 68, 36, 28, 110
[Fri Nov 11 22:56:09.346 2016] 68, 36, 28, 109
[Fri Nov 11 22:56:09.448 2016] 68, 36, 28, 110
[Fri Nov 11 22:56:09.552 2016] 68, 36, 28, 109
[Fri Nov 11 22:56:09.656 2016] 68, 36, 28, 110
[Fri Nov 11 22:56:09.758 2016] 68, 36, 28, 109
[Fri Nov 11 22:56:09.861 2016] 68, 36, 28, 110
[Fri Nov 11 22:56:09.964 2016] 68, 36, 28, 110
[Fri Nov 11 22:56:10.068 2016] 68, 36, 28, 109
[Fri Nov 11 22:56:10.172 2016] 68, 36, 28, 110
[Fri Nov 11 22:56:10.275 2016] 68, 36, 28, 109
[Fri Nov 11 22:56:10.380 2016] 68, 36, 28, 110
[Fri Nov 11 22:56:10.481 2016] 68, 36, 28, 109
[Fri Nov 11 22:56:10.585 2016] 68, 36, 28, 110
[Fri Nov 11 22:56:10.689 2016] 68, 36, 28, 109
[Fri Nov 11 22:56:10.792 2016] 68, 36, 28, 109
[Fri Nov 11 22:56:10.894 2016] 68, 36, 28, 109
[Fri Nov 11 22:56:10.999 2016] 68, 36, 28, 109
[Fri Nov 11 22:56:11.100 2016] 68, 36, 28, 110
[Fri Nov 11 22:56:11.210 2016] 68, 36, 28, 109
[Fri Nov 11 22:56:11.308 2016] 68, 36, 28, 109
[Fri Nov 11 22:56:11.411 2016] 67, 36, 28, 109
[Fri Nov 11 22:56:11.515 2016] 68, 36, 28, 109
[Fri Nov 11 22:56:11.618 2016] 67, 36, 28, 109
[Fri Nov 11 22:56:11.721 2016] 68, 36, 28, 109
[Fri Nov 11 22:56:11.825 2016] 68, 36, 28, 109
[Fri Nov 11 22:56:11.930 2016] 68, 36, 28, 109
[Fri Nov 11 22:56:12.035 2016] 68, 36, 28, 109
[Fri Nov 11 22:56:12.139 2016] 68, 36, 28, 109
[Fri Nov 11 22:56:12.242 2016] 68, 36, 28, 110
[Fri Nov 11 22:56:12.343 2016] 68, 36, 28, 109
[Fri Nov 11 22:56:12.447 2016] 68, 36, 28, 110
[Fri Nov 11 22:56:12.550 2016] 68, 36, 28, 109
[Fri Nov 11 22:56:12.653 2016] 68, 36, 28, 110
[Fri Nov 11 22:56:12.756 2016] 68, 36, 28, 109
